<?xml version="1.0" encoding="UTF-8"?>
<testsuite name="com.neeraj.tinyurl.controller.IDGenerationControllerTest" tests="1001" skipped="0" failures="0" errors="0" timestamp="2019-11-11T04:48:28" hostname="LAPTOP-TMHEIUI3" time="9.109">
  <properties/>
  <testcase name="getId()" classname="com.neeraj.tinyurl.controller.IDGenerationControllerTest" time="1.187"/>
  <testcase name="perform_a_recursive_test_to_get_unique_id()[1]" classname="com.neeraj.tinyurl.controller.IDGenerationControllerTest" time="0.021"/>
  <testcase name="perform_a_recursive_test_to_get_unique_id()[2]" classname="com.neeraj.tinyurl.controller.IDGenerationControllerTest" time="0.015"/>
  <testcase name="perform_a_recursive_test_to_get_unique_id()[3]" classname="com.neeraj.tinyurl.controller.IDGenerationControllerTest" time="0.01"/>
  <testcase name="perform_a_recursive_test_to_get_unique_id()[4]" classname="com.neeraj.tinyurl.controller.IDGenerationControllerTest" time="0.009"/>
  <testcase name="perform_a_recursive_test_to_get_unique_id()[5]" classname="com.neeraj.tinyurl.controller.IDGenerationControllerTest" time="0.009"/>
  <testcase name="perform_a_recursive_test_to_get_unique_id()[6]" classname="com.neeraj.tinyurl.controller.IDGenerationControllerTest" time="0.011"/>
  <testcase name="perform_a_recursive_test_to_get_unique_id()[7]" classname="com.neeraj.tinyurl.controller.IDGenerationControllerTest" time="0.014"/>
  <testcase name="perform_a_recursive_test_to_get_unique_id()[8]" classname="com.neeraj.tinyurl.controller.IDGenerationControllerTest" time="0.008"/>
  <testcase name="perform_a_recursive_test_to_get_unique_id()[9]" classname="com.neeraj.tinyurl.controller.IDGenerationControllerTest" time="0.009"/>
  <testcase name="perform_a_recursive_test_to_get_unique_id()[10]" classname="com.neeraj.tinyurl.controller.IDGenerationControllerTest" time="0.015"/>
  <testcase name="perform_a_recursive_test_to_get_unique_id()[11]" classname="com.neeraj.tinyurl.controller.IDGenerationControllerTest" time="0.012"/>
  <testcase name="perform_a_recursive_test_to_get_unique_id()[12]" classname="com.neeraj.tinyurl.controller.IDGenerationControllerTest" time="0.018"/>
  <testcase name="perform_a_recursive_test_to_get_unique_id()[13]" classname="com.neeraj.tinyurl.controller.IDGenerationControllerTest" time="0.014"/>
  <testcase name="perform_a_recursive_test_to_get_unique_id()[14]" classname="com.neeraj.tinyurl.controller.IDGenerationControllerTest" time="0.009"/>
  <testcase name="perform_a_recursive_test_to_get_unique_id()[15]" classname="com.neeraj.tinyurl.controller.IDGenerationControllerTest" time="0.026"/>
  <testcase name="perform_a_recursive_test_to_get_unique_id()[16]" classname="com.neeraj.tinyurl.controller.IDGenerationControllerTest" time="0.007"/>
  <testcase name="perform_a_recursive_test_to_get_unique_id()[17]" classname="com.neeraj.tinyurl.controller.IDGenerationControllerTest" time="0.008"/>
  <testcase name="perform_a_recursive_test_to_get_unique_id()[18]" classname="com.neeraj.tinyurl.controller.IDGenerationControllerTest" time="0.008"/>
  <testcase name="perform_a_recursive_test_to_get_unique_id()[19]" classname="com.neeraj.tinyurl.controller.IDGenerationControllerTest" time="0.016"/>
  <testcase name="perform_a_recursive_test_to_get_unique_id()[20]" classname="com.neeraj.tinyurl.controller.IDGenerationControllerTest" time="0.009"/>
  <testcase name="perform_a_recursive_test_to_get_unique_id()[21]" classname="com.neeraj.tinyurl.controller.IDGenerationControllerTest" time="0.015"/>
  <testcase name="perform_a_recursive_test_to_get_unique_id()[22]" classname="com.neeraj.tinyurl.controller.IDGenerationControllerTest" time="0.015"/>
  <testcase name="perform_a_recursive_test_to_get_unique_id()[23]" classname="com.neeraj.tinyurl.controller.IDGenerationControllerTest" time="0.023"/>
  <testcase name="perform_a_recursive_test_to_get_unique_id()[24]" classname="com.neeraj.tinyurl.controller.IDGenerationControllerTest" time="0.011"/>
  <testcase name="perform_a_recursive_test_to_get_unique_id()[25]" classname="com.neeraj.tinyurl.controller.IDGenerationControllerTest" time="0.01"/>
  <testcase name="perform_a_recursive_test_to_get_unique_id()[26]" classname="com.neeraj.tinyurl.controller.IDGenerationControllerTest" time="0.008"/>
  <testcase name="perform_a_recursive_test_to_get_unique_id()[27]" classname="com.neeraj.tinyurl.controller.IDGenerationControllerTest" time="0.008"/>
  <testcase name="perform_a_recursive_test_to_get_unique_id()[28]" classname="com.neeraj.tinyurl.controller.IDGenerationControllerTest" time="0.008"/>
  <testcase name="perform_a_recursive_test_to_get_unique_id()[29]" classname="com.neeraj.tinyurl.controller.IDGenerationControllerTest" time="0.011"/>
  <testcase name="perform_a_recursive_test_to_get_unique_id()[30]" classname="com.neeraj.tinyurl.controller.IDGenerationControllerTest" time="0.006"/>
  <testcase name="perform_a_recursive_test_to_get_unique_id()[31]" classname="com.neeraj.tinyurl.controller.IDGenerationControllerTest" time="0.006"/>
  <testcase name="perform_a_recursive_test_to_get_unique_id()[32]" classname="com.neeraj.tinyurl.controller.IDGenerationControllerTest" time="0.008"/>
  <testcase name="perform_a_recursive_test_to_get_unique_id()[33]" classname="com.neeraj.tinyurl.controller.IDGenerationControllerTest" time="0.016"/>
  <testcase name="perform_a_recursive_test_to_get_unique_id()[34]" classname="com.neeraj.tinyurl.controller.IDGenerationControllerTest" time="0.011"/>
  <testcase name="perform_a_recursive_test_to_get_unique_id()[35]" classname="com.neeraj.tinyurl.controller.IDGenerationControllerTest" time="0.009"/>
  <testcase name="perform_a_recursive_test_to_get_unique_id()[36]" classname="com.neeraj.tinyurl.controller.IDGenerationControllerTest" time="0.021"/>
  <testcase name="perform_a_recursive_test_to_get_unique_id()[37]" classname="com.neeraj.tinyurl.controller.IDGenerationControllerTest" time="0.01"/>
  <testcase name="perform_a_recursive_test_to_get_unique_id()[38]" classname="com.neeraj.tinyurl.controller.IDGenerationControllerTest" time="0.006"/>
  <testcase name="perform_a_recursive_test_to_get_unique_id()[39]" classname="com.neeraj.tinyurl.controller.IDGenerationControllerTest" time="0.01"/>
  <testcase name="perform_a_recursive_test_to_get_unique_id()[40]" classname="com.neeraj.tinyurl.controller.IDGenerationControllerTest" time="0.006"/>
  <testcase name="perform_a_recursive_test_to_get_unique_id()[41]" classname="com.neeraj.tinyurl.controller.IDGenerationControllerTest" time="0.021"/>
  <testcase name="perform_a_recursive_test_to_get_unique_id()[42]" classname="com.neeraj.tinyurl.controller.IDGenerationControllerTest" time="0.009"/>
  <testcase name="perform_a_recursive_test_to_get_unique_id()[43]" classname="com.neeraj.tinyurl.controller.IDGenerationControllerTest" time="0.011"/>
  <testcase name="perform_a_recursive_test_to_get_unique_id()[44]" classname="com.neeraj.tinyurl.controller.IDGenerationControllerTest" time="0.01"/>
  <testcase name="perform_a_recursive_test_to_get_unique_id()[45]" classname="com.neeraj.tinyurl.controller.IDGenerationControllerTest" time="0.013"/>
  <testcase name="perform_a_recursive_test_to_get_unique_id()[46]" classname="com.neeraj.tinyurl.controller.IDGenerationControllerTest" time="0.01"/>
  <testcase name="perform_a_recursive_test_to_get_unique_id()[47]" classname="com.neeraj.tinyurl.controller.IDGenerationControllerTest" time="0.007"/>
  <testcase name="perform_a_recursive_test_to_get_unique_id()[48]" classname="com.neeraj.tinyurl.controller.IDGenerationControllerTest" time="0.008"/>
  <testcase name="perform_a_recursive_test_to_get_unique_id()[49]" classname="com.neeraj.tinyurl.controller.IDGenerationControllerTest" time="0.007"/>
  <testcase name="perform_a_recursive_test_to_get_unique_id()[50]" classname="com.neeraj.tinyurl.controller.IDGenerationControllerTest" time="0.01"/>
  <testcase name="perform_a_recursive_test_to_get_unique_id()[51]" classname="com.neeraj.tinyurl.controller.IDGenerationControllerTest" time="0.006"/>
  <testcase name="perform_a_recursive_test_to_get_unique_id()[52]" classname="com.neeraj.tinyurl.controller.IDGenerationControllerTest" time="0.007"/>
  <testcase name="perform_a_recursive_test_to_get_unique_id()[53]" classname="com.neeraj.tinyurl.controller.IDGenerationControllerTest" time="0.006"/>
  <testcase name="perform_a_recursive_test_to_get_unique_id()[54]" classname="com.neeraj.tinyurl.controller.IDGenerationControllerTest" time="0.02"/>
  <testcase name="perform_a_recursive_test_to_get_unique_id()[55]" classname="com.neeraj.tinyurl.controller.IDGenerationControllerTest" time="0.007"/>
  <testcase name="perform_a_recursive_test_to_get_unique_id()[56]" classname="com.neeraj.tinyurl.controller.IDGenerationControllerTest" time="0.009"/>
  <testcase name="perform_a_recursive_test_to_get_unique_id()[57]" classname="com.neeraj.tinyurl.controller.IDGenerationControllerTest" time="0.005"/>
  <testcase name="perform_a_recursive_test_to_get_unique_id()[58]" classname="com.neeraj.tinyurl.controller.IDGenerationControllerTest" time="0.006"/>
  <testcase name="perform_a_recursive_test_to_get_unique_id()[59]" classname="com.neeraj.tinyurl.controller.IDGenerationControllerTest" time="0.015"/>
  <testcase name="perform_a_recursive_test_to_get_unique_id()[60]" classname="com.neeraj.tinyurl.controller.IDGenerationControllerTest" time="0.007"/>
  <testcase name="perform_a_recursive_test_to_get_unique_id()[61]" classname="com.neeraj.tinyurl.controller.IDGenerationControllerTest" time="0.006"/>
  <testcase name="perform_a_recursive_test_to_get_unique_id()[62]" classname="com.neeraj.tinyurl.controller.IDGenerationControllerTest" time="0.008"/>
  <testcase name="perform_a_recursive_test_to_get_unique_id()[63]" classname="com.neeraj.tinyurl.controller.IDGenerationControllerTest" time="0.006"/>
  <testcase name="perform_a_recursive_test_to_get_unique_id()[64]" classname="com.neeraj.tinyurl.controller.IDGenerationControllerTest" time="0.039"/>
  <testcase name="perform_a_recursive_test_to_get_unique_id()[65]" classname="com.neeraj.tinyurl.controller.IDGenerationControllerTest" time="0.006"/>
  <testcase name="perform_a_recursive_test_to_get_unique_id()[66]" classname="com.neeraj.tinyurl.controller.IDGenerationControllerTest" time="0.015"/>
  <testcase name="perform_a_recursive_test_to_get_unique_id()[67]" classname="com.neeraj.tinyurl.controller.IDGenerationControllerTest" time="0.011"/>
  <testcase name="perform_a_recursive_test_to_get_unique_id()[68]" classname="com.neeraj.tinyurl.controller.IDGenerationControllerTest" time="0.013"/>
  <testcase name="perform_a_recursive_test_to_get_unique_id()[69]" classname="com.neeraj.tinyurl.controller.IDGenerationControllerTest" time="0.007"/>
  <testcase name="perform_a_recursive_test_to_get_unique_id()[70]" classname="com.neeraj.tinyurl.controller.IDGenerationControllerTest" time="0.021"/>
  <testcase name="perform_a_recursive_test_to_get_unique_id()[71]" classname="com.neeraj.tinyurl.controller.IDGenerationControllerTest" time="0.008"/>
  <testcase name="perform_a_recursive_test_to_get_unique_id()[72]" classname="com.neeraj.tinyurl.controller.IDGenerationControllerTest" time="0.007"/>
  <testcase name="perform_a_recursive_test_to_get_unique_id()[73]" classname="com.neeraj.tinyurl.controller.IDGenerationControllerTest" time="0.014"/>
  <testcase name="perform_a_recursive_test_to_get_unique_id()[74]" classname="com.neeraj.tinyurl.controller.IDGenerationControllerTest" time="0.011"/>
  <testcase name="perform_a_recursive_test_to_get_unique_id()[75]" classname="com.neeraj.tinyurl.controller.IDGenerationControllerTest" time="0.011"/>
  <testcase name="perform_a_recursive_test_to_get_unique_id()[76]" classname="com.neeraj.tinyurl.controller.IDGenerationControllerTest" time="0.006"/>
  <testcase name="perform_a_recursive_test_to_get_unique_id()[77]" classname="com.neeraj.tinyurl.controller.IDGenerationControllerTest" time="0.006"/>
  <testcase name="perform_a_recursive_test_to_get_unique_id()[78]" classname="com.neeraj.tinyurl.controller.IDGenerationControllerTest" time="0.007"/>
  <testcase name="perform_a_recursive_test_to_get_unique_id()[79]" classname="com.neeraj.tinyurl.controller.IDGenerationControllerTest" time="0.006"/>
  <testcase name="perform_a_recursive_test_to_get_unique_id()[80]" classname="com.neeraj.tinyurl.controller.IDGenerationControllerTest" time="0.006"/>
  <testcase name="perform_a_recursive_test_to_get_unique_id()[81]" classname="com.neeraj.tinyurl.controller.IDGenerationControllerTest" time="0.006"/>
  <testcase name="perform_a_recursive_test_to_get_unique_id()[82]" classname="com.neeraj.tinyurl.controller.IDGenerationControllerTest" time="0.006"/>
  <testcase name="perform_a_recursive_test_to_get_unique_id()[83]" classname="com.neeraj.tinyurl.controller.IDGenerationControllerTest" time="0.006"/>
  <testcase name="perform_a_recursive_test_to_get_unique_id()[84]" classname="com.neeraj.tinyurl.controller.IDGenerationControllerTest" time="0.016"/>
  <testcase name="perform_a_recursive_test_to_get_unique_id()[85]" classname="com.neeraj.tinyurl.controller.IDGenerationControllerTest" time="0.008"/>
  <testcase name="perform_a_recursive_test_to_get_unique_id()[86]" classname="com.neeraj.tinyurl.controller.IDGenerationControllerTest" time="0.005"/>
  <testcase name="perform_a_recursive_test_to_get_unique_id()[87]" classname="com.neeraj.tinyurl.controller.IDGenerationControllerTest" time="0.006"/>
  <testcase name="perform_a_recursive_test_to_get_unique_id()[88]" classname="com.neeraj.tinyurl.controller.IDGenerationControllerTest" time="0.006"/>
  <testcase name="perform_a_recursive_test_to_get_unique_id()[89]" classname="com.neeraj.tinyurl.controller.IDGenerationControllerTest" time="0.005"/>
  <testcase name="perform_a_recursive_test_to_get_unique_id()[90]" classname="com.neeraj.tinyurl.controller.IDGenerationControllerTest" time="0.007"/>
  <testcase name="perform_a_recursive_test_to_get_unique_id()[91]" classname="com.neeraj.tinyurl.controller.IDGenerationControllerTest" time="0.01"/>
  <testcase name="perform_a_recursive_test_to_get_unique_id()[92]" classname="com.neeraj.tinyurl.controller.IDGenerationControllerTest" time="0.006"/>
  <testcase name="perform_a_recursive_test_to_get_unique_id()[93]" classname="com.neeraj.tinyurl.controller.IDGenerationControllerTest" time="0.006"/>
  <testcase name="perform_a_recursive_test_to_get_unique_id()[94]" classname="com.neeraj.tinyurl.controller.IDGenerationControllerTest" time="0.007"/>
  <testcase name="perform_a_recursive_test_to_get_unique_id()[95]" classname="com.neeraj.tinyurl.controller.IDGenerationControllerTest" time="0.007"/>
  <testcase name="perform_a_recursive_test_to_get_unique_id()[96]" classname="com.neeraj.tinyurl.controller.IDGenerationControllerTest" time="0.006"/>
  <testcase name="perform_a_recursive_test_to_get_unique_id()[97]" classname="com.neeraj.tinyurl.controller.IDGenerationControllerTest" time="0.008"/>
  <testcase name="perform_a_recursive_test_to_get_unique_id()[98]" classname="com.neeraj.tinyurl.controller.IDGenerationControllerTest" time="0.005"/>
  <testcase name="perform_a_recursive_test_to_get_unique_id()[99]" classname="com.neeraj.tinyurl.controller.IDGenerationControllerTest" time="0.022"/>
  <testcase name="perform_a_recursive_test_to_get_unique_id()[100]" classname="com.neeraj.tinyurl.controller.IDGenerationControllerTest" time="0.146"/>
  <testcase name="perform_a_recursive_test_to_get_unique_id()[101]" classname="com.neeraj.tinyurl.controller.IDGenerationControllerTest" time="0.005"/>
  <testcase name="perform_a_recursive_test_to_get_unique_id()[102]" classname="com.neeraj.tinyurl.controller.IDGenerationControllerTest" time="0.005"/>
  <testcase name="perform_a_recursive_test_to_get_unique_id()[103]" classname="com.neeraj.tinyurl.controller.IDGenerationControllerTest" time="0.005"/>
  <testcase name="perform_a_recursive_test_to_get_unique_id()[104]" classname="com.neeraj.tinyurl.controller.IDGenerationControllerTest" time="0.005"/>
  <testcase name="perform_a_recursive_test_to_get_unique_id()[105]" classname="com.neeraj.tinyurl.controller.IDGenerationControllerTest" time="0.005"/>
  <testcase name="perform_a_recursive_test_to_get_unique_id()[106]" classname="com.neeraj.tinyurl.controller.IDGenerationControllerTest" time="0.011"/>
  <testcase name="perform_a_recursive_test_to_get_unique_id()[107]" classname="com.neeraj.tinyurl.controller.IDGenerationControllerTest" time="0.01"/>
  <testcase name="perform_a_recursive_test_to_get_unique_id()[108]" classname="com.neeraj.tinyurl.controller.IDGenerationControllerTest" time="0.01"/>
  <testcase name="perform_a_recursive_test_to_get_unique_id()[109]" classname="com.neeraj.tinyurl.controller.IDGenerationControllerTest" time="0.006"/>
  <testcase name="perform_a_recursive_test_to_get_unique_id()[110]" classname="com.neeraj.tinyurl.controller.IDGenerationControllerTest" time="0.007"/>
  <testcase name="perform_a_recursive_test_to_get_unique_id()[111]" classname="com.neeraj.tinyurl.controller.IDGenerationControllerTest" time="0.007"/>
  <testcase name="perform_a_recursive_test_to_get_unique_id()[112]" classname="com.neeraj.tinyurl.controller.IDGenerationControllerTest" time="0.012"/>
  <testcase name="perform_a_recursive_test_to_get_unique_id()[113]" classname="com.neeraj.tinyurl.controller.IDGenerationControllerTest" time="0.007"/>
  <testcase name="perform_a_recursive_test_to_get_unique_id()[114]" classname="com.neeraj.tinyurl.controller.IDGenerationControllerTest" time="0.007"/>
  <testcase name="perform_a_recursive_test_to_get_unique_id()[115]" classname="com.neeraj.tinyurl.controller.IDGenerationControllerTest" time="0.007"/>
  <testcase name="perform_a_recursive_test_to_get_unique_id()[116]" classname="com.neeraj.tinyurl.controller.IDGenerationControllerTest" time="0.009"/>
  <testcase name="perform_a_recursive_test_to_get_unique_id()[117]" classname="com.neeraj.tinyurl.controller.IDGenerationControllerTest" time="0.011"/>
  <testcase name="perform_a_recursive_test_to_get_unique_id()[118]" classname="com.neeraj.tinyurl.controller.IDGenerationControllerTest" time="0.009"/>
  <testcase name="perform_a_recursive_test_to_get_unique_id()[119]" classname="com.neeraj.tinyurl.controller.IDGenerationControllerTest" time="0.007"/>
  <testcase name="perform_a_recursive_test_to_get_unique_id()[120]" classname="com.neeraj.tinyurl.controller.IDGenerationControllerTest" time="0.005"/>
  <testcase name="perform_a_recursive_test_to_get_unique_id()[121]" classname="com.neeraj.tinyurl.controller.IDGenerationControllerTest" time="0.006"/>
  <testcase name="perform_a_recursive_test_to_get_unique_id()[122]" classname="com.neeraj.tinyurl.controller.IDGenerationControllerTest" time="0.009"/>
  <testcase name="perform_a_recursive_test_to_get_unique_id()[123]" classname="com.neeraj.tinyurl.controller.IDGenerationControllerTest" time="0.008"/>
  <testcase name="perform_a_recursive_test_to_get_unique_id()[124]" classname="com.neeraj.tinyurl.controller.IDGenerationControllerTest" time="0.005"/>
  <testcase name="perform_a_recursive_test_to_get_unique_id()[125]" classname="com.neeraj.tinyurl.controller.IDGenerationControllerTest" time="0.007"/>
  <testcase name="perform_a_recursive_test_to_get_unique_id()[126]" classname="com.neeraj.tinyurl.controller.IDGenerationControllerTest" time="0.006"/>
  <testcase name="perform_a_recursive_test_to_get_unique_id()[127]" classname="com.neeraj.tinyurl.controller.IDGenerationControllerTest" time="0.008"/>
  <testcase name="perform_a_recursive_test_to_get_unique_id()[128]" classname="com.neeraj.tinyurl.controller.IDGenerationControllerTest" time="0.008"/>
  <testcase name="perform_a_recursive_test_to_get_unique_id()[129]" classname="com.neeraj.tinyurl.controller.IDGenerationControllerTest" time="0.006"/>
  <testcase name="perform_a_recursive_test_to_get_unique_id()[130]" classname="com.neeraj.tinyurl.controller.IDGenerationControllerTest" time="0.005"/>
  <testcase name="perform_a_recursive_test_to_get_unique_id()[131]" classname="com.neeraj.tinyurl.controller.IDGenerationControllerTest" time="0.006"/>
  <testcase name="perform_a_recursive_test_to_get_unique_id()[132]" classname="com.neeraj.tinyurl.controller.IDGenerationControllerTest" time="0.006"/>
  <testcase name="perform_a_recursive_test_to_get_unique_id()[133]" classname="com.neeraj.tinyurl.controller.IDGenerationControllerTest" time="0.007"/>
  <testcase name="perform_a_recursive_test_to_get_unique_id()[134]" classname="com.neeraj.tinyurl.controller.IDGenerationControllerTest" time="0.006"/>
  <testcase name="perform_a_recursive_test_to_get_unique_id()[135]" classname="com.neeraj.tinyurl.controller.IDGenerationControllerTest" time="0.012"/>
  <testcase name="perform_a_recursive_test_to_get_unique_id()[136]" classname="com.neeraj.tinyurl.controller.IDGenerationControllerTest" time="0.005"/>
  <testcase name="perform_a_recursive_test_to_get_unique_id()[137]" classname="com.neeraj.tinyurl.controller.IDGenerationControllerTest" time="0.006"/>
  <testcase name="perform_a_recursive_test_to_get_unique_id()[138]" classname="com.neeraj.tinyurl.controller.IDGenerationControllerTest" time="0.005"/>
  <testcase name="perform_a_recursive_test_to_get_unique_id()[139]" classname="com.neeraj.tinyurl.controller.IDGenerationControllerTest" time="0.006"/>
  <testcase name="perform_a_recursive_test_to_get_unique_id()[140]" classname="com.neeraj.tinyurl.controller.IDGenerationControllerTest" time="0.006"/>
  <testcase name="perform_a_recursive_test_to_get_unique_id()[141]" classname="com.neeraj.tinyurl.controller.IDGenerationControllerTest" time="0.006"/>
  <testcase name="perform_a_recursive_test_to_get_unique_id()[142]" classname="com.neeraj.tinyurl.controller.IDGenerationControllerTest" time="0.006"/>
  <testcase name="perform_a_recursive_test_to_get_unique_id()[143]" classname="com.neeraj.tinyurl.controller.IDGenerationControllerTest" time="0.005"/>
  <testcase name="perform_a_recursive_test_to_get_unique_id()[144]" classname="com.neeraj.tinyurl.controller.IDGenerationControllerTest" time="0.006"/>
  <testcase name="perform_a_recursive_test_to_get_unique_id()[145]" classname="com.neeraj.tinyurl.controller.IDGenerationControllerTest" time="0.006"/>
  <testcase name="perform_a_recursive_test_to_get_unique_id()[146]" classname="com.neeraj.tinyurl.controller.IDGenerationControllerTest" time="0.006"/>
  <testcase name="perform_a_recursive_test_to_get_unique_id()[147]" classname="com.neeraj.tinyurl.controller.IDGenerationControllerTest" time="0.005"/>
  <testcase name="perform_a_recursive_test_to_get_unique_id()[148]" classname="com.neeraj.tinyurl.controller.IDGenerationControllerTest" time="0.006"/>
  <testcase name="perform_a_recursive_test_to_get_unique_id()[149]" classname="com.neeraj.tinyurl.controller.IDGenerationControllerTest" time="0.01"/>
  <testcase name="perform_a_recursive_test_to_get_unique_id()[150]" classname="com.neeraj.tinyurl.controller.IDGenerationControllerTest" time="0.006"/>
  <testcase name="perform_a_recursive_test_to_get_unique_id()[151]" classname="com.neeraj.tinyurl.controller.IDGenerationControllerTest" time="0.008"/>
  <testcase name="perform_a_recursive_test_to_get_unique_id()[152]" classname="com.neeraj.tinyurl.controller.IDGenerationControllerTest" time="0.005"/>
  <testcase name="perform_a_recursive_test_to_get_unique_id()[153]" classname="com.neeraj.tinyurl.controller.IDGenerationControllerTest" time="0.006"/>
  <testcase name="perform_a_recursive_test_to_get_unique_id()[154]" classname="com.neeraj.tinyurl.controller.IDGenerationControllerTest" time="0.015"/>
  <testcase name="perform_a_recursive_test_to_get_unique_id()[155]" classname="com.neeraj.tinyurl.controller.IDGenerationControllerTest" time="0.017"/>
  <testcase name="perform_a_recursive_test_to_get_unique_id()[156]" classname="com.neeraj.tinyurl.controller.IDGenerationControllerTest" time="0.008"/>
  <testcase name="perform_a_recursive_test_to_get_unique_id()[157]" classname="com.neeraj.tinyurl.controller.IDGenerationControllerTest" time="0.005"/>
  <testcase name="perform_a_recursive_test_to_get_unique_id()[158]" classname="com.neeraj.tinyurl.controller.IDGenerationControllerTest" time="0.009"/>
  <testcase name="perform_a_recursive_test_to_get_unique_id()[159]" classname="com.neeraj.tinyurl.controller.IDGenerationControllerTest" time="0.009"/>
  <testcase name="perform_a_recursive_test_to_get_unique_id()[160]" classname="com.neeraj.tinyurl.controller.IDGenerationControllerTest" time="0.007"/>
  <testcase name="perform_a_recursive_test_to_get_unique_id()[161]" classname="com.neeraj.tinyurl.controller.IDGenerationControllerTest" time="0.007"/>
  <testcase name="perform_a_recursive_test_to_get_unique_id()[162]" classname="com.neeraj.tinyurl.controller.IDGenerationControllerTest" time="0.005"/>
  <testcase name="perform_a_recursive_test_to_get_unique_id()[163]" classname="com.neeraj.tinyurl.controller.IDGenerationControllerTest" time="0.005"/>
  <testcase name="perform_a_recursive_test_to_get_unique_id()[164]" classname="com.neeraj.tinyurl.controller.IDGenerationControllerTest" time="0.011"/>
  <testcase name="perform_a_recursive_test_to_get_unique_id()[165]" classname="com.neeraj.tinyurl.controller.IDGenerationControllerTest" time="0.005"/>
  <testcase name="perform_a_recursive_test_to_get_unique_id()[166]" classname="com.neeraj.tinyurl.controller.IDGenerationControllerTest" time="0.008"/>
  <testcase name="perform_a_recursive_test_to_get_unique_id()[167]" classname="com.neeraj.tinyurl.controller.IDGenerationControllerTest" time="0.05"/>
  <testcase name="perform_a_recursive_test_to_get_unique_id()[168]" classname="com.neeraj.tinyurl.controller.IDGenerationControllerTest" time="0.005"/>
  <testcase name="perform_a_recursive_test_to_get_unique_id()[169]" classname="com.neeraj.tinyurl.controller.IDGenerationControllerTest" time="0.008"/>
  <testcase name="perform_a_recursive_test_to_get_unique_id()[170]" classname="com.neeraj.tinyurl.controller.IDGenerationControllerTest" time="0.006"/>
  <testcase name="perform_a_recursive_test_to_get_unique_id()[171]" classname="com.neeraj.tinyurl.controller.IDGenerationControllerTest" time="0.008"/>
  <testcase name="perform_a_recursive_test_to_get_unique_id()[172]" classname="com.neeraj.tinyurl.controller.IDGenerationControllerTest" time="0.007"/>
  <testcase name="perform_a_recursive_test_to_get_unique_id()[173]" classname="com.neeraj.tinyurl.controller.IDGenerationControllerTest" time="0.006"/>
  <testcase name="perform_a_recursive_test_to_get_unique_id()[174]" classname="com.neeraj.tinyurl.controller.IDGenerationControllerTest" time="0.007"/>
  <testcase name="perform_a_recursive_test_to_get_unique_id()[175]" classname="com.neeraj.tinyurl.controller.IDGenerationControllerTest" time="0.008"/>
  <testcase name="perform_a_recursive_test_to_get_unique_id()[176]" classname="com.neeraj.tinyurl.controller.IDGenerationControllerTest" time="0.006"/>
  <testcase name="perform_a_recursive_test_to_get_unique_id()[177]" classname="com.neeraj.tinyurl.controller.IDGenerationControllerTest" time="0.006"/>
  <testcase name="perform_a_recursive_test_to_get_unique_id()[178]" classname="com.neeraj.tinyurl.controller.IDGenerationControllerTest" time="0.006"/>
  <testcase name="perform_a_recursive_test_to_get_unique_id()[179]" classname="com.neeraj.tinyurl.controller.IDGenerationControllerTest" time="0.007"/>
  <testcase name="perform_a_recursive_test_to_get_unique_id()[180]" classname="com.neeraj.tinyurl.controller.IDGenerationControllerTest" time="0.005"/>
  <testcase name="perform_a_recursive_test_to_get_unique_id()[181]" classname="com.neeraj.tinyurl.controller.IDGenerationControllerTest" time="0.017"/>
  <testcase name="perform_a_recursive_test_to_get_unique_id()[182]" classname="com.neeraj.tinyurl.controller.IDGenerationControllerTest" time="0.006"/>
  <testcase name="perform_a_recursive_test_to_get_unique_id()[183]" classname="com.neeraj.tinyurl.controller.IDGenerationControllerTest" time="0.011"/>
  <testcase name="perform_a_recursive_test_to_get_unique_id()[184]" classname="com.neeraj.tinyurl.controller.IDGenerationControllerTest" time="0.009"/>
  <testcase name="perform_a_recursive_test_to_get_unique_id()[185]" classname="com.neeraj.tinyurl.controller.IDGenerationControllerTest" time="0.02"/>
  <testcase name="perform_a_recursive_test_to_get_unique_id()[186]" classname="com.neeraj.tinyurl.controller.IDGenerationControllerTest" time="0.006"/>
  <testcase name="perform_a_recursive_test_to_get_unique_id()[187]" classname="com.neeraj.tinyurl.controller.IDGenerationControllerTest" time="0.004"/>
  <testcase name="perform_a_recursive_test_to_get_unique_id()[188]" classname="com.neeraj.tinyurl.controller.IDGenerationControllerTest" time="0.004"/>
  <testcase name="perform_a_recursive_test_to_get_unique_id()[189]" classname="com.neeraj.tinyurl.controller.IDGenerationControllerTest" time="0.006"/>
  <testcase name="perform_a_recursive_test_to_get_unique_id()[190]" classname="com.neeraj.tinyurl.controller.IDGenerationControllerTest" time="0.004"/>
  <testcase name="perform_a_recursive_test_to_get_unique_id()[191]" classname="com.neeraj.tinyurl.controller.IDGenerationControllerTest" time="0.022"/>
  <testcase name="perform_a_recursive_test_to_get_unique_id()[192]" classname="com.neeraj.tinyurl.controller.IDGenerationControllerTest" time="0.014"/>
  <testcase name="perform_a_recursive_test_to_get_unique_id()[193]" classname="com.neeraj.tinyurl.controller.IDGenerationControllerTest" time="0.007"/>
  <testcase name="perform_a_recursive_test_to_get_unique_id()[194]" classname="com.neeraj.tinyurl.controller.IDGenerationControllerTest" time="0.004"/>
  <testcase name="perform_a_recursive_test_to_get_unique_id()[195]" classname="com.neeraj.tinyurl.controller.IDGenerationControllerTest" time="0.005"/>
  <testcase name="perform_a_recursive_test_to_get_unique_id()[196]" classname="com.neeraj.tinyurl.controller.IDGenerationControllerTest" time="0.006"/>
  <testcase name="perform_a_recursive_test_to_get_unique_id()[197]" classname="com.neeraj.tinyurl.controller.IDGenerationControllerTest" time="0.055"/>
  <testcase name="perform_a_recursive_test_to_get_unique_id()[198]" classname="com.neeraj.tinyurl.controller.IDGenerationControllerTest" time="0.013"/>
  <testcase name="perform_a_recursive_test_to_get_unique_id()[199]" classname="com.neeraj.tinyurl.controller.IDGenerationControllerTest" time="0.022"/>
  <testcase name="perform_a_recursive_test_to_get_unique_id()[200]" classname="com.neeraj.tinyurl.controller.IDGenerationControllerTest" time="0.206"/>
  <testcase name="perform_a_recursive_test_to_get_unique_id()[201]" classname="com.neeraj.tinyurl.controller.IDGenerationControllerTest" time="0.006"/>
  <testcase name="perform_a_recursive_test_to_get_unique_id()[202]" classname="com.neeraj.tinyurl.controller.IDGenerationControllerTest" time="0.007"/>
  <testcase name="perform_a_recursive_test_to_get_unique_id()[203]" classname="com.neeraj.tinyurl.controller.IDGenerationControllerTest" time="0.012"/>
  <testcase name="perform_a_recursive_test_to_get_unique_id()[204]" classname="com.neeraj.tinyurl.controller.IDGenerationControllerTest" time="0.007"/>
  <testcase name="perform_a_recursive_test_to_get_unique_id()[205]" classname="com.neeraj.tinyurl.controller.IDGenerationControllerTest" time="0.015"/>
  <testcase name="perform_a_recursive_test_to_get_unique_id()[206]" classname="com.neeraj.tinyurl.controller.IDGenerationControllerTest" time="0.007"/>
  <testcase name="perform_a_recursive_test_to_get_unique_id()[207]" classname="com.neeraj.tinyurl.controller.IDGenerationControllerTest" time="0.017"/>
  <testcase name="perform_a_recursive_test_to_get_unique_id()[208]" classname="com.neeraj.tinyurl.controller.IDGenerationControllerTest" time="0.007"/>
  <testcase name="perform_a_recursive_test_to_get_unique_id()[209]" classname="com.neeraj.tinyurl.controller.IDGenerationControllerTest" time="0.02"/>
  <testcase name="perform_a_recursive_test_to_get_unique_id()[210]" classname="com.neeraj.tinyurl.controller.IDGenerationControllerTest" time="0.015"/>
  <testcase name="perform_a_recursive_test_to_get_unique_id()[211]" classname="com.neeraj.tinyurl.controller.IDGenerationControllerTest" time="0.05"/>
  <testcase name="perform_a_recursive_test_to_get_unique_id()[212]" classname="com.neeraj.tinyurl.controller.IDGenerationControllerTest" time="0.004"/>
  <testcase name="perform_a_recursive_test_to_get_unique_id()[213]" classname="com.neeraj.tinyurl.controller.IDGenerationControllerTest" time="0.018"/>
  <testcase name="perform_a_recursive_test_to_get_unique_id()[214]" classname="com.neeraj.tinyurl.controller.IDGenerationControllerTest" time="0.01"/>
  <testcase name="perform_a_recursive_test_to_get_unique_id()[215]" classname="com.neeraj.tinyurl.controller.IDGenerationControllerTest" time="0.011"/>
  <testcase name="perform_a_recursive_test_to_get_unique_id()[216]" classname="com.neeraj.tinyurl.controller.IDGenerationControllerTest" time="0.007"/>
  <testcase name="perform_a_recursive_test_to_get_unique_id()[217]" classname="com.neeraj.tinyurl.controller.IDGenerationControllerTest" time="0.007"/>
  <testcase name="perform_a_recursive_test_to_get_unique_id()[218]" classname="com.neeraj.tinyurl.controller.IDGenerationControllerTest" time="0.008"/>
  <testcase name="perform_a_recursive_test_to_get_unique_id()[219]" classname="com.neeraj.tinyurl.controller.IDGenerationControllerTest" time="0.013"/>
  <testcase name="perform_a_recursive_test_to_get_unique_id()[220]" classname="com.neeraj.tinyurl.controller.IDGenerationControllerTest" time="0.007"/>
  <testcase name="perform_a_recursive_test_to_get_unique_id()[221]" classname="com.neeraj.tinyurl.controller.IDGenerationControllerTest" time="0.006"/>
  <testcase name="perform_a_recursive_test_to_get_unique_id()[222]" classname="com.neeraj.tinyurl.controller.IDGenerationControllerTest" time="0.007"/>
  <testcase name="perform_a_recursive_test_to_get_unique_id()[223]" classname="com.neeraj.tinyurl.controller.IDGenerationControllerTest" time="0.009"/>
  <testcase name="perform_a_recursive_test_to_get_unique_id()[224]" classname="com.neeraj.tinyurl.controller.IDGenerationControllerTest" time="0.005"/>
  <testcase name="perform_a_recursive_test_to_get_unique_id()[225]" classname="com.neeraj.tinyurl.controller.IDGenerationControllerTest" time="0.006"/>
  <testcase name="perform_a_recursive_test_to_get_unique_id()[226]" classname="com.neeraj.tinyurl.controller.IDGenerationControllerTest" time="0.005"/>
  <testcase name="perform_a_recursive_test_to_get_unique_id()[227]" classname="com.neeraj.tinyurl.controller.IDGenerationControllerTest" time="0.049"/>
  <testcase name="perform_a_recursive_test_to_get_unique_id()[228]" classname="com.neeraj.tinyurl.controller.IDGenerationControllerTest" time="0.012"/>
  <testcase name="perform_a_recursive_test_to_get_unique_id()[229]" classname="com.neeraj.tinyurl.controller.IDGenerationControllerTest" time="0.009"/>
  <testcase name="perform_a_recursive_test_to_get_unique_id()[230]" classname="com.neeraj.tinyurl.controller.IDGenerationControllerTest" time="0.005"/>
  <testcase name="perform_a_recursive_test_to_get_unique_id()[231]" classname="com.neeraj.tinyurl.controller.IDGenerationControllerTest" time="0.004"/>
  <testcase name="perform_a_recursive_test_to_get_unique_id()[232]" classname="com.neeraj.tinyurl.controller.IDGenerationControllerTest" time="0.009"/>
  <testcase name="perform_a_recursive_test_to_get_unique_id()[233]" classname="com.neeraj.tinyurl.controller.IDGenerationControllerTest" time="0.007"/>
  <testcase name="perform_a_recursive_test_to_get_unique_id()[234]" classname="com.neeraj.tinyurl.controller.IDGenerationControllerTest" time="0.011"/>
  <testcase name="perform_a_recursive_test_to_get_unique_id()[235]" classname="com.neeraj.tinyurl.controller.IDGenerationControllerTest" time="0.005"/>
  <testcase name="perform_a_recursive_test_to_get_unique_id()[236]" classname="com.neeraj.tinyurl.controller.IDGenerationControllerTest" time="0.008"/>
  <testcase name="perform_a_recursive_test_to_get_unique_id()[237]" classname="com.neeraj.tinyurl.controller.IDGenerationControllerTest" time="0.007"/>
  <testcase name="perform_a_recursive_test_to_get_unique_id()[238]" classname="com.neeraj.tinyurl.controller.IDGenerationControllerTest" time="0.024"/>
  <testcase name="perform_a_recursive_test_to_get_unique_id()[239]" classname="com.neeraj.tinyurl.controller.IDGenerationControllerTest" time="0.051"/>
  <testcase name="perform_a_recursive_test_to_get_unique_id()[240]" classname="com.neeraj.tinyurl.controller.IDGenerationControllerTest" time="0.009"/>
  <testcase name="perform_a_recursive_test_to_get_unique_id()[241]" classname="com.neeraj.tinyurl.controller.IDGenerationControllerTest" time="0.004"/>
  <testcase name="perform_a_recursive_test_to_get_unique_id()[242]" classname="com.neeraj.tinyurl.controller.IDGenerationControllerTest" time="0.004"/>
  <testcase name="perform_a_recursive_test_to_get_unique_id()[243]" classname="com.neeraj.tinyurl.controller.IDGenerationControllerTest" time="0.009"/>
  <testcase name="perform_a_recursive_test_to_get_unique_id()[244]" classname="com.neeraj.tinyurl.controller.IDGenerationControllerTest" time="0.005"/>
  <testcase name="perform_a_recursive_test_to_get_unique_id()[245]" classname="com.neeraj.tinyurl.controller.IDGenerationControllerTest" time="0.008"/>
  <testcase name="perform_a_recursive_test_to_get_unique_id()[246]" classname="com.neeraj.tinyurl.controller.IDGenerationControllerTest" time="0.004"/>
  <testcase name="perform_a_recursive_test_to_get_unique_id()[247]" classname="com.neeraj.tinyurl.controller.IDGenerationControllerTest" time="0.008"/>
  <testcase name="perform_a_recursive_test_to_get_unique_id()[248]" classname="com.neeraj.tinyurl.controller.IDGenerationControllerTest" time="0.004"/>
  <testcase name="perform_a_recursive_test_to_get_unique_id()[249]" classname="com.neeraj.tinyurl.controller.IDGenerationControllerTest" time="0.004"/>
  <testcase name="perform_a_recursive_test_to_get_unique_id()[250]" classname="com.neeraj.tinyurl.controller.IDGenerationControllerTest" time="0.005"/>
  <testcase name="perform_a_recursive_test_to_get_unique_id()[251]" classname="com.neeraj.tinyurl.controller.IDGenerationControllerTest" time="0.006"/>
  <testcase name="perform_a_recursive_test_to_get_unique_id()[252]" classname="com.neeraj.tinyurl.controller.IDGenerationControllerTest" time="0.005"/>
  <testcase name="perform_a_recursive_test_to_get_unique_id()[253]" classname="com.neeraj.tinyurl.controller.IDGenerationControllerTest" time="0.011"/>
  <testcase name="perform_a_recursive_test_to_get_unique_id()[254]" classname="com.neeraj.tinyurl.controller.IDGenerationControllerTest" time="0.006"/>
  <testcase name="perform_a_recursive_test_to_get_unique_id()[255]" classname="com.neeraj.tinyurl.controller.IDGenerationControllerTest" time="0.008"/>
  <testcase name="perform_a_recursive_test_to_get_unique_id()[256]" classname="com.neeraj.tinyurl.controller.IDGenerationControllerTest" time="0.013"/>
  <testcase name="perform_a_recursive_test_to_get_unique_id()[257]" classname="com.neeraj.tinyurl.controller.IDGenerationControllerTest" time="0.006"/>
  <testcase name="perform_a_recursive_test_to_get_unique_id()[258]" classname="com.neeraj.tinyurl.controller.IDGenerationControllerTest" time="0.01"/>
  <testcase name="perform_a_recursive_test_to_get_unique_id()[259]" classname="com.neeraj.tinyurl.controller.IDGenerationControllerTest" time="0.005"/>
  <testcase name="perform_a_recursive_test_to_get_unique_id()[260]" classname="com.neeraj.tinyurl.controller.IDGenerationControllerTest" time="0.004"/>
  <testcase name="perform_a_recursive_test_to_get_unique_id()[261]" classname="com.neeraj.tinyurl.controller.IDGenerationControllerTest" time="0.005"/>
  <testcase name="perform_a_recursive_test_to_get_unique_id()[262]" classname="com.neeraj.tinyurl.controller.IDGenerationControllerTest" time="0.006"/>
  <testcase name="perform_a_recursive_test_to_get_unique_id()[263]" classname="com.neeraj.tinyurl.controller.IDGenerationControllerTest" time="0.004"/>
  <testcase name="perform_a_recursive_test_to_get_unique_id()[264]" classname="com.neeraj.tinyurl.controller.IDGenerationControllerTest" time="0.005"/>
  <testcase name="perform_a_recursive_test_to_get_unique_id()[265]" classname="com.neeraj.tinyurl.controller.IDGenerationControllerTest" time="0.005"/>
  <testcase name="perform_a_recursive_test_to_get_unique_id()[266]" classname="com.neeraj.tinyurl.controller.IDGenerationControllerTest" time="0.005"/>
  <testcase name="perform_a_recursive_test_to_get_unique_id()[267]" classname="com.neeraj.tinyurl.controller.IDGenerationControllerTest" time="0.004"/>
  <testcase name="perform_a_recursive_test_to_get_unique_id()[268]" classname="com.neeraj.tinyurl.controller.IDGenerationControllerTest" time="0.005"/>
  <testcase name="perform_a_recursive_test_to_get_unique_id()[269]" classname="com.neeraj.tinyurl.controller.IDGenerationControllerTest" time="0.004"/>
  <testcase name="perform_a_recursive_test_to_get_unique_id()[270]" classname="com.neeraj.tinyurl.controller.IDGenerationControllerTest" time="0.004"/>
  <testcase name="perform_a_recursive_test_to_get_unique_id()[271]" classname="com.neeraj.tinyurl.controller.IDGenerationControllerTest" time="0.006"/>
  <testcase name="perform_a_recursive_test_to_get_unique_id()[272]" classname="com.neeraj.tinyurl.controller.IDGenerationControllerTest" time="0.008"/>
  <testcase name="perform_a_recursive_test_to_get_unique_id()[273]" classname="com.neeraj.tinyurl.controller.IDGenerationControllerTest" time="0.005"/>
  <testcase name="perform_a_recursive_test_to_get_unique_id()[274]" classname="com.neeraj.tinyurl.controller.IDGenerationControllerTest" time="0.006"/>
  <testcase name="perform_a_recursive_test_to_get_unique_id()[275]" classname="com.neeraj.tinyurl.controller.IDGenerationControllerTest" time="0.005"/>
  <testcase name="perform_a_recursive_test_to_get_unique_id()[276]" classname="com.neeraj.tinyurl.controller.IDGenerationControllerTest" time="0.005"/>
  <testcase name="perform_a_recursive_test_to_get_unique_id()[277]" classname="com.neeraj.tinyurl.controller.IDGenerationControllerTest" time="0.005"/>
  <testcase name="perform_a_recursive_test_to_get_unique_id()[278]" classname="com.neeraj.tinyurl.controller.IDGenerationControllerTest" time="0.007"/>
  <testcase name="perform_a_recursive_test_to_get_unique_id()[279]" classname="com.neeraj.tinyurl.controller.IDGenerationControllerTest" time="0.005"/>
  <testcase name="perform_a_recursive_test_to_get_unique_id()[280]" classname="com.neeraj.tinyurl.controller.IDGenerationControllerTest" time="0.006"/>
  <testcase name="perform_a_recursive_test_to_get_unique_id()[281]" classname="com.neeraj.tinyurl.controller.IDGenerationControllerTest" time="0.005"/>
  <testcase name="perform_a_recursive_test_to_get_unique_id()[282]" classname="com.neeraj.tinyurl.controller.IDGenerationControllerTest" time="0.007"/>
  <testcase name="perform_a_recursive_test_to_get_unique_id()[283]" classname="com.neeraj.tinyurl.controller.IDGenerationControllerTest" time="0.006"/>
  <testcase name="perform_a_recursive_test_to_get_unique_id()[284]" classname="com.neeraj.tinyurl.controller.IDGenerationControllerTest" time="0.005"/>
  <testcase name="perform_a_recursive_test_to_get_unique_id()[285]" classname="com.neeraj.tinyurl.controller.IDGenerationControllerTest" time="0.004"/>
  <testcase name="perform_a_recursive_test_to_get_unique_id()[286]" classname="com.neeraj.tinyurl.controller.IDGenerationControllerTest" time="0.014"/>
  <testcase name="perform_a_recursive_test_to_get_unique_id()[287]" classname="com.neeraj.tinyurl.controller.IDGenerationControllerTest" time="0.006"/>
  <testcase name="perform_a_recursive_test_to_get_unique_id()[288]" classname="com.neeraj.tinyurl.controller.IDGenerationControllerTest" time="0.005"/>
  <testcase name="perform_a_recursive_test_to_get_unique_id()[289]" classname="com.neeraj.tinyurl.controller.IDGenerationControllerTest" time="0.005"/>
  <testcase name="perform_a_recursive_test_to_get_unique_id()[290]" classname="com.neeraj.tinyurl.controller.IDGenerationControllerTest" time="0.006"/>
  <testcase name="perform_a_recursive_test_to_get_unique_id()[291]" classname="com.neeraj.tinyurl.controller.IDGenerationControllerTest" time="0.005"/>
  <testcase name="perform_a_recursive_test_to_get_unique_id()[292]" classname="com.neeraj.tinyurl.controller.IDGenerationControllerTest" time="0.015"/>
  <testcase name="perform_a_recursive_test_to_get_unique_id()[293]" classname="com.neeraj.tinyurl.controller.IDGenerationControllerTest" time="0.005"/>
  <testcase name="perform_a_recursive_test_to_get_unique_id()[294]" classname="com.neeraj.tinyurl.controller.IDGenerationControllerTest" time="0.008"/>
  <testcase name="perform_a_recursive_test_to_get_unique_id()[295]" classname="com.neeraj.tinyurl.controller.IDGenerationControllerTest" time="0.004"/>
  <testcase name="perform_a_recursive_test_to_get_unique_id()[296]" classname="com.neeraj.tinyurl.controller.IDGenerationControllerTest" time="0.005"/>
  <testcase name="perform_a_recursive_test_to_get_unique_id()[297]" classname="com.neeraj.tinyurl.controller.IDGenerationControllerTest" time="0.005"/>
  <testcase name="perform_a_recursive_test_to_get_unique_id()[298]" classname="com.neeraj.tinyurl.controller.IDGenerationControllerTest" time="0.01"/>
  <testcase name="perform_a_recursive_test_to_get_unique_id()[299]" classname="com.neeraj.tinyurl.controller.IDGenerationControllerTest" time="0.006"/>
  <testcase name="perform_a_recursive_test_to_get_unique_id()[300]" classname="com.neeraj.tinyurl.controller.IDGenerationControllerTest" time="0.081"/>
  <testcase name="perform_a_recursive_test_to_get_unique_id()[301]" classname="com.neeraj.tinyurl.controller.IDGenerationControllerTest" time="0.005"/>
  <testcase name="perform_a_recursive_test_to_get_unique_id()[302]" classname="com.neeraj.tinyurl.controller.IDGenerationControllerTest" time="0.006"/>
  <testcase name="perform_a_recursive_test_to_get_unique_id()[303]" classname="com.neeraj.tinyurl.controller.IDGenerationControllerTest" time="0.006"/>
  <testcase name="perform_a_recursive_test_to_get_unique_id()[304]" classname="com.neeraj.tinyurl.controller.IDGenerationControllerTest" time="0.005"/>
  <testcase name="perform_a_recursive_test_to_get_unique_id()[305]" classname="com.neeraj.tinyurl.controller.IDGenerationControllerTest" time="0.005"/>
  <testcase name="perform_a_recursive_test_to_get_unique_id()[306]" classname="com.neeraj.tinyurl.controller.IDGenerationControllerTest" time="0.007"/>
  <testcase name="perform_a_recursive_test_to_get_unique_id()[307]" classname="com.neeraj.tinyurl.controller.IDGenerationControllerTest" time="0.004"/>
  <testcase name="perform_a_recursive_test_to_get_unique_id()[308]" classname="com.neeraj.tinyurl.controller.IDGenerationControllerTest" time="0.007"/>
  <testcase name="perform_a_recursive_test_to_get_unique_id()[309]" classname="com.neeraj.tinyurl.controller.IDGenerationControllerTest" time="0.005"/>
  <testcase name="perform_a_recursive_test_to_get_unique_id()[310]" classname="com.neeraj.tinyurl.controller.IDGenerationControllerTest" time="0.007"/>
  <testcase name="perform_a_recursive_test_to_get_unique_id()[311]" classname="com.neeraj.tinyurl.controller.IDGenerationControllerTest" time="0.005"/>
  <testcase name="perform_a_recursive_test_to_get_unique_id()[312]" classname="com.neeraj.tinyurl.controller.IDGenerationControllerTest" time="0.005"/>
  <testcase name="perform_a_recursive_test_to_get_unique_id()[313]" classname="com.neeraj.tinyurl.controller.IDGenerationControllerTest" time="0.006"/>
  <testcase name="perform_a_recursive_test_to_get_unique_id()[314]" classname="com.neeraj.tinyurl.controller.IDGenerationControllerTest" time="0.005"/>
  <testcase name="perform_a_recursive_test_to_get_unique_id()[315]" classname="com.neeraj.tinyurl.controller.IDGenerationControllerTest" time="0.009"/>
  <testcase name="perform_a_recursive_test_to_get_unique_id()[316]" classname="com.neeraj.tinyurl.controller.IDGenerationControllerTest" time="0.006"/>
  <testcase name="perform_a_recursive_test_to_get_unique_id()[317]" classname="com.neeraj.tinyurl.controller.IDGenerationControllerTest" time="0.006"/>
  <testcase name="perform_a_recursive_test_to_get_unique_id()[318]" classname="com.neeraj.tinyurl.controller.IDGenerationControllerTest" time="0.005"/>
  <testcase name="perform_a_recursive_test_to_get_unique_id()[319]" classname="com.neeraj.tinyurl.controller.IDGenerationControllerTest" time="0.004"/>
  <testcase name="perform_a_recursive_test_to_get_unique_id()[320]" classname="com.neeraj.tinyurl.controller.IDGenerationControllerTest" time="0.004"/>
  <testcase name="perform_a_recursive_test_to_get_unique_id()[321]" classname="com.neeraj.tinyurl.controller.IDGenerationControllerTest" time="0.004"/>
  <testcase name="perform_a_recursive_test_to_get_unique_id()[322]" classname="com.neeraj.tinyurl.controller.IDGenerationControllerTest" time="0.006"/>
  <testcase name="perform_a_recursive_test_to_get_unique_id()[323]" classname="com.neeraj.tinyurl.controller.IDGenerationControllerTest" time="0.005"/>
  <testcase name="perform_a_recursive_test_to_get_unique_id()[324]" classname="com.neeraj.tinyurl.controller.IDGenerationControllerTest" time="0.005"/>
  <testcase name="perform_a_recursive_test_to_get_unique_id()[325]" classname="com.neeraj.tinyurl.controller.IDGenerationControllerTest" time="0.005"/>
  <testcase name="perform_a_recursive_test_to_get_unique_id()[326]" classname="com.neeraj.tinyurl.controller.IDGenerationControllerTest" time="0.005"/>
  <testcase name="perform_a_recursive_test_to_get_unique_id()[327]" classname="com.neeraj.tinyurl.controller.IDGenerationControllerTest" time="0.004"/>
  <testcase name="perform_a_recursive_test_to_get_unique_id()[328]" classname="com.neeraj.tinyurl.controller.IDGenerationControllerTest" time="0.005"/>
  <testcase name="perform_a_recursive_test_to_get_unique_id()[329]" classname="com.neeraj.tinyurl.controller.IDGenerationControllerTest" time="0.004"/>
  <testcase name="perform_a_recursive_test_to_get_unique_id()[330]" classname="com.neeraj.tinyurl.controller.IDGenerationControllerTest" time="0.003"/>
  <testcase name="perform_a_recursive_test_to_get_unique_id()[331]" classname="com.neeraj.tinyurl.controller.IDGenerationControllerTest" time="0.003"/>
  <testcase name="perform_a_recursive_test_to_get_unique_id()[332]" classname="com.neeraj.tinyurl.controller.IDGenerationControllerTest" time="0.005"/>
  <testcase name="perform_a_recursive_test_to_get_unique_id()[333]" classname="com.neeraj.tinyurl.controller.IDGenerationControllerTest" time="0.004"/>
  <testcase name="perform_a_recursive_test_to_get_unique_id()[334]" classname="com.neeraj.tinyurl.controller.IDGenerationControllerTest" time="0.005"/>
  <testcase name="perform_a_recursive_test_to_get_unique_id()[335]" classname="com.neeraj.tinyurl.controller.IDGenerationControllerTest" time="0.004"/>
  <testcase name="perform_a_recursive_test_to_get_unique_id()[336]" classname="com.neeraj.tinyurl.controller.IDGenerationControllerTest" time="0.005"/>
  <testcase name="perform_a_recursive_test_to_get_unique_id()[337]" classname="com.neeraj.tinyurl.controller.IDGenerationControllerTest" time="0.004"/>
  <testcase name="perform_a_recursive_test_to_get_unique_id()[338]" classname="com.neeraj.tinyurl.controller.IDGenerationControllerTest" time="0.004"/>
  <testcase name="perform_a_recursive_test_to_get_unique_id()[339]" classname="com.neeraj.tinyurl.controller.IDGenerationControllerTest" time="0.003"/>
  <testcase name="perform_a_recursive_test_to_get_unique_id()[340]" classname="com.neeraj.tinyurl.controller.IDGenerationControllerTest" time="0.004"/>
  <testcase name="perform_a_recursive_test_to_get_unique_id()[341]" classname="com.neeraj.tinyurl.controller.IDGenerationControllerTest" time="0.005"/>
  <testcase name="perform_a_recursive_test_to_get_unique_id()[342]" classname="com.neeraj.tinyurl.controller.IDGenerationControllerTest" time="0.004"/>
  <testcase name="perform_a_recursive_test_to_get_unique_id()[343]" classname="com.neeraj.tinyurl.controller.IDGenerationControllerTest" time="0.005"/>
  <testcase name="perform_a_recursive_test_to_get_unique_id()[344]" classname="com.neeraj.tinyurl.controller.IDGenerationControllerTest" time="0.009"/>
  <testcase name="perform_a_recursive_test_to_get_unique_id()[345]" classname="com.neeraj.tinyurl.controller.IDGenerationControllerTest" time="0.007"/>
  <testcase name="perform_a_recursive_test_to_get_unique_id()[346]" classname="com.neeraj.tinyurl.controller.IDGenerationControllerTest" time="0.006"/>
  <testcase name="perform_a_recursive_test_to_get_unique_id()[347]" classname="com.neeraj.tinyurl.controller.IDGenerationControllerTest" time="0.004"/>
  <testcase name="perform_a_recursive_test_to_get_unique_id()[348]" classname="com.neeraj.tinyurl.controller.IDGenerationControllerTest" time="0.01"/>
  <testcase name="perform_a_recursive_test_to_get_unique_id()[349]" classname="com.neeraj.tinyurl.controller.IDGenerationControllerTest" time="0.005"/>
  <testcase name="perform_a_recursive_test_to_get_unique_id()[350]" classname="com.neeraj.tinyurl.controller.IDGenerationControllerTest" time="0.005"/>
  <testcase name="perform_a_recursive_test_to_get_unique_id()[351]" classname="com.neeraj.tinyurl.controller.IDGenerationControllerTest" time="0.005"/>
  <testcase name="perform_a_recursive_test_to_get_unique_id()[352]" classname="com.neeraj.tinyurl.controller.IDGenerationControllerTest" time="0.007"/>
  <testcase name="perform_a_recursive_test_to_get_unique_id()[353]" classname="com.neeraj.tinyurl.controller.IDGenerationControllerTest" time="0.007"/>
  <testcase name="perform_a_recursive_test_to_get_unique_id()[354]" classname="com.neeraj.tinyurl.controller.IDGenerationControllerTest" time="0.003"/>
  <testcase name="perform_a_recursive_test_to_get_unique_id()[355]" classname="com.neeraj.tinyurl.controller.IDGenerationControllerTest" time="0.01"/>
  <testcase name="perform_a_recursive_test_to_get_unique_id()[356]" classname="com.neeraj.tinyurl.controller.IDGenerationControllerTest" time="0.004"/>
  <testcase name="perform_a_recursive_test_to_get_unique_id()[357]" classname="com.neeraj.tinyurl.controller.IDGenerationControllerTest" time="0.004"/>
  <testcase name="perform_a_recursive_test_to_get_unique_id()[358]" classname="com.neeraj.tinyurl.controller.IDGenerationControllerTest" time="0.008"/>
  <testcase name="perform_a_recursive_test_to_get_unique_id()[359]" classname="com.neeraj.tinyurl.controller.IDGenerationControllerTest" time="0.016"/>
  <testcase name="perform_a_recursive_test_to_get_unique_id()[360]" classname="com.neeraj.tinyurl.controller.IDGenerationControllerTest" time="0.012"/>
  <testcase name="perform_a_recursive_test_to_get_unique_id()[361]" classname="com.neeraj.tinyurl.controller.IDGenerationControllerTest" time="0.005"/>
  <testcase name="perform_a_recursive_test_to_get_unique_id()[362]" classname="com.neeraj.tinyurl.controller.IDGenerationControllerTest" time="0.005"/>
  <testcase name="perform_a_recursive_test_to_get_unique_id()[363]" classname="com.neeraj.tinyurl.controller.IDGenerationControllerTest" time="0.004"/>
  <testcase name="perform_a_recursive_test_to_get_unique_id()[364]" classname="com.neeraj.tinyurl.controller.IDGenerationControllerTest" time="0.005"/>
  <testcase name="perform_a_recursive_test_to_get_unique_id()[365]" classname="com.neeraj.tinyurl.controller.IDGenerationControllerTest" time="0.006"/>
  <testcase name="perform_a_recursive_test_to_get_unique_id()[366]" classname="com.neeraj.tinyurl.controller.IDGenerationControllerTest" time="0.005"/>
  <testcase name="perform_a_recursive_test_to_get_unique_id()[367]" classname="com.neeraj.tinyurl.controller.IDGenerationControllerTest" time="0.009"/>
  <testcase name="perform_a_recursive_test_to_get_unique_id()[368]" classname="com.neeraj.tinyurl.controller.IDGenerationControllerTest" time="0.005"/>
  <testcase name="perform_a_recursive_test_to_get_unique_id()[369]" classname="com.neeraj.tinyurl.controller.IDGenerationControllerTest" time="0.004"/>
  <testcase name="perform_a_recursive_test_to_get_unique_id()[370]" classname="com.neeraj.tinyurl.controller.IDGenerationControllerTest" time="0.004"/>
  <testcase name="perform_a_recursive_test_to_get_unique_id()[371]" classname="com.neeraj.tinyurl.controller.IDGenerationControllerTest" time="0.008"/>
  <testcase name="perform_a_recursive_test_to_get_unique_id()[372]" classname="com.neeraj.tinyurl.controller.IDGenerationControllerTest" time="0.004"/>
  <testcase name="perform_a_recursive_test_to_get_unique_id()[373]" classname="com.neeraj.tinyurl.controller.IDGenerationControllerTest" time="0.058"/>
  <testcase name="perform_a_recursive_test_to_get_unique_id()[374]" classname="com.neeraj.tinyurl.controller.IDGenerationControllerTest" time="0.005"/>
  <testcase name="perform_a_recursive_test_to_get_unique_id()[375]" classname="com.neeraj.tinyurl.controller.IDGenerationControllerTest" time="0.005"/>
  <testcase name="perform_a_recursive_test_to_get_unique_id()[376]" classname="com.neeraj.tinyurl.controller.IDGenerationControllerTest" time="0.004"/>
  <testcase name="perform_a_recursive_test_to_get_unique_id()[377]" classname="com.neeraj.tinyurl.controller.IDGenerationControllerTest" time="0.014"/>
  <testcase name="perform_a_recursive_test_to_get_unique_id()[378]" classname="com.neeraj.tinyurl.controller.IDGenerationControllerTest" time="0.009"/>
  <testcase name="perform_a_recursive_test_to_get_unique_id()[379]" classname="com.neeraj.tinyurl.controller.IDGenerationControllerTest" time="0.069"/>
  <testcase name="perform_a_recursive_test_to_get_unique_id()[380]" classname="com.neeraj.tinyurl.controller.IDGenerationControllerTest" time="0.006"/>
  <testcase name="perform_a_recursive_test_to_get_unique_id()[381]" classname="com.neeraj.tinyurl.controller.IDGenerationControllerTest" time="0.008"/>
  <testcase name="perform_a_recursive_test_to_get_unique_id()[382]" classname="com.neeraj.tinyurl.controller.IDGenerationControllerTest" time="0.013"/>
  <testcase name="perform_a_recursive_test_to_get_unique_id()[383]" classname="com.neeraj.tinyurl.controller.IDGenerationControllerTest" time="0.005"/>
  <testcase name="perform_a_recursive_test_to_get_unique_id()[384]" classname="com.neeraj.tinyurl.controller.IDGenerationControllerTest" time="0.005"/>
  <testcase name="perform_a_recursive_test_to_get_unique_id()[385]" classname="com.neeraj.tinyurl.controller.IDGenerationControllerTest" time="0.026"/>
  <testcase name="perform_a_recursive_test_to_get_unique_id()[386]" classname="com.neeraj.tinyurl.controller.IDGenerationControllerTest" time="0.006"/>
  <testcase name="perform_a_recursive_test_to_get_unique_id()[387]" classname="com.neeraj.tinyurl.controller.IDGenerationControllerTest" time="0.007"/>
  <testcase name="perform_a_recursive_test_to_get_unique_id()[388]" classname="com.neeraj.tinyurl.controller.IDGenerationControllerTest" time="0.005"/>
  <testcase name="perform_a_recursive_test_to_get_unique_id()[389]" classname="com.neeraj.tinyurl.controller.IDGenerationControllerTest" time="0.004"/>
  <testcase name="perform_a_recursive_test_to_get_unique_id()[390]" classname="com.neeraj.tinyurl.controller.IDGenerationControllerTest" time="0.005"/>
  <testcase name="perform_a_recursive_test_to_get_unique_id()[391]" classname="com.neeraj.tinyurl.controller.IDGenerationControllerTest" time="0.004"/>
  <testcase name="perform_a_recursive_test_to_get_unique_id()[392]" classname="com.neeraj.tinyurl.controller.IDGenerationControllerTest" time="0.005"/>
  <testcase name="perform_a_recursive_test_to_get_unique_id()[393]" classname="com.neeraj.tinyurl.controller.IDGenerationControllerTest" time="0.004"/>
  <testcase name="perform_a_recursive_test_to_get_unique_id()[394]" classname="com.neeraj.tinyurl.controller.IDGenerationControllerTest" time="0.004"/>
  <testcase name="perform_a_recursive_test_to_get_unique_id()[395]" classname="com.neeraj.tinyurl.controller.IDGenerationControllerTest" time="0.004"/>
  <testcase name="perform_a_recursive_test_to_get_unique_id()[396]" classname="com.neeraj.tinyurl.controller.IDGenerationControllerTest" time="0.005"/>
  <testcase name="perform_a_recursive_test_to_get_unique_id()[397]" classname="com.neeraj.tinyurl.controller.IDGenerationControllerTest" time="0.003"/>
  <testcase name="perform_a_recursive_test_to_get_unique_id()[398]" classname="com.neeraj.tinyurl.controller.IDGenerationControllerTest" time="0.004"/>
  <testcase name="perform_a_recursive_test_to_get_unique_id()[399]" classname="com.neeraj.tinyurl.controller.IDGenerationControllerTest" time="0.004"/>
  <testcase name="perform_a_recursive_test_to_get_unique_id()[400]" classname="com.neeraj.tinyurl.controller.IDGenerationControllerTest" time="0.078"/>
  <testcase name="perform_a_recursive_test_to_get_unique_id()[401]" classname="com.neeraj.tinyurl.controller.IDGenerationControllerTest" time="0.008"/>
  <testcase name="perform_a_recursive_test_to_get_unique_id()[402]" classname="com.neeraj.tinyurl.controller.IDGenerationControllerTest" time="0.006"/>
  <testcase name="perform_a_recursive_test_to_get_unique_id()[403]" classname="com.neeraj.tinyurl.controller.IDGenerationControllerTest" time="0.01"/>
  <testcase name="perform_a_recursive_test_to_get_unique_id()[404]" classname="com.neeraj.tinyurl.controller.IDGenerationControllerTest" time="0.009"/>
  <testcase name="perform_a_recursive_test_to_get_unique_id()[405]" classname="com.neeraj.tinyurl.controller.IDGenerationControllerTest" time="0.014"/>
  <testcase name="perform_a_recursive_test_to_get_unique_id()[406]" classname="com.neeraj.tinyurl.controller.IDGenerationControllerTest" time="0.01"/>
  <testcase name="perform_a_recursive_test_to_get_unique_id()[407]" classname="com.neeraj.tinyurl.controller.IDGenerationControllerTest" time="0.011"/>
  <testcase name="perform_a_recursive_test_to_get_unique_id()[408]" classname="com.neeraj.tinyurl.controller.IDGenerationControllerTest" time="0.005"/>
  <testcase name="perform_a_recursive_test_to_get_unique_id()[409]" classname="com.neeraj.tinyurl.controller.IDGenerationControllerTest" time="0.003"/>
  <testcase name="perform_a_recursive_test_to_get_unique_id()[410]" classname="com.neeraj.tinyurl.controller.IDGenerationControllerTest" time="0.004"/>
  <testcase name="perform_a_recursive_test_to_get_unique_id()[411]" classname="com.neeraj.tinyurl.controller.IDGenerationControllerTest" time="0.004"/>
  <testcase name="perform_a_recursive_test_to_get_unique_id()[412]" classname="com.neeraj.tinyurl.controller.IDGenerationControllerTest" time="0.013"/>
  <testcase name="perform_a_recursive_test_to_get_unique_id()[413]" classname="com.neeraj.tinyurl.controller.IDGenerationControllerTest" time="0.009"/>
  <testcase name="perform_a_recursive_test_to_get_unique_id()[414]" classname="com.neeraj.tinyurl.controller.IDGenerationControllerTest" time="0.004"/>
  <testcase name="perform_a_recursive_test_to_get_unique_id()[415]" classname="com.neeraj.tinyurl.controller.IDGenerationControllerTest" time="0.003"/>
  <testcase name="perform_a_recursive_test_to_get_unique_id()[416]" classname="com.neeraj.tinyurl.controller.IDGenerationControllerTest" time="0.004"/>
  <testcase name="perform_a_recursive_test_to_get_unique_id()[417]" classname="com.neeraj.tinyurl.controller.IDGenerationControllerTest" time="0.003"/>
  <testcase name="perform_a_recursive_test_to_get_unique_id()[418]" classname="com.neeraj.tinyurl.controller.IDGenerationControllerTest" time="0.003"/>
  <testcase name="perform_a_recursive_test_to_get_unique_id()[419]" classname="com.neeraj.tinyurl.controller.IDGenerationControllerTest" time="0.01"/>
  <testcase name="perform_a_recursive_test_to_get_unique_id()[420]" classname="com.neeraj.tinyurl.controller.IDGenerationControllerTest" time="0.005"/>
  <testcase name="perform_a_recursive_test_to_get_unique_id()[421]" classname="com.neeraj.tinyurl.controller.IDGenerationControllerTest" time="0.004"/>
  <testcase name="perform_a_recursive_test_to_get_unique_id()[422]" classname="com.neeraj.tinyurl.controller.IDGenerationControllerTest" time="0.004"/>
  <testcase name="perform_a_recursive_test_to_get_unique_id()[423]" classname="com.neeraj.tinyurl.controller.IDGenerationControllerTest" time="0.005"/>
  <testcase name="perform_a_recursive_test_to_get_unique_id()[424]" classname="com.neeraj.tinyurl.controller.IDGenerationControllerTest" time="0.005"/>
  <testcase name="perform_a_recursive_test_to_get_unique_id()[425]" classname="com.neeraj.tinyurl.controller.IDGenerationControllerTest" time="0.004"/>
  <testcase name="perform_a_recursive_test_to_get_unique_id()[426]" classname="com.neeraj.tinyurl.controller.IDGenerationControllerTest" time="0.004"/>
  <testcase name="perform_a_recursive_test_to_get_unique_id()[427]" classname="com.neeraj.tinyurl.controller.IDGenerationControllerTest" time="0.018"/>
  <testcase name="perform_a_recursive_test_to_get_unique_id()[428]" classname="com.neeraj.tinyurl.controller.IDGenerationControllerTest" time="0.006"/>
  <testcase name="perform_a_recursive_test_to_get_unique_id()[429]" classname="com.neeraj.tinyurl.controller.IDGenerationControllerTest" time="0.006"/>
  <testcase name="perform_a_recursive_test_to_get_unique_id()[430]" classname="com.neeraj.tinyurl.controller.IDGenerationControllerTest" time="0.004"/>
  <testcase name="perform_a_recursive_test_to_get_unique_id()[431]" classname="com.neeraj.tinyurl.controller.IDGenerationControllerTest" time="0.005"/>
  <testcase name="perform_a_recursive_test_to_get_unique_id()[432]" classname="com.neeraj.tinyurl.controller.IDGenerationControllerTest" time="0.005"/>
  <testcase name="perform_a_recursive_test_to_get_unique_id()[433]" classname="com.neeraj.tinyurl.controller.IDGenerationControllerTest" time="0.003"/>
  <testcase name="perform_a_recursive_test_to_get_unique_id()[434]" classname="com.neeraj.tinyurl.controller.IDGenerationControllerTest" time="0.004"/>
  <testcase name="perform_a_recursive_test_to_get_unique_id()[435]" classname="com.neeraj.tinyurl.controller.IDGenerationControllerTest" time="0.004"/>
  <testcase name="perform_a_recursive_test_to_get_unique_id()[436]" classname="com.neeraj.tinyurl.controller.IDGenerationControllerTest" time="0.003"/>
  <testcase name="perform_a_recursive_test_to_get_unique_id()[437]" classname="com.neeraj.tinyurl.controller.IDGenerationControllerTest" time="0.004"/>
  <testcase name="perform_a_recursive_test_to_get_unique_id()[438]" classname="com.neeraj.tinyurl.controller.IDGenerationControllerTest" time="0.007"/>
  <testcase name="perform_a_recursive_test_to_get_unique_id()[439]" classname="com.neeraj.tinyurl.controller.IDGenerationControllerTest" time="0.006"/>
  <testcase name="perform_a_recursive_test_to_get_unique_id()[440]" classname="com.neeraj.tinyurl.controller.IDGenerationControllerTest" time="0.005"/>
  <testcase name="perform_a_recursive_test_to_get_unique_id()[441]" classname="com.neeraj.tinyurl.controller.IDGenerationControllerTest" time="0.004"/>
  <testcase name="perform_a_recursive_test_to_get_unique_id()[442]" classname="com.neeraj.tinyurl.controller.IDGenerationControllerTest" time="0.005"/>
  <testcase name="perform_a_recursive_test_to_get_unique_id()[443]" classname="com.neeraj.tinyurl.controller.IDGenerationControllerTest" time="0.004"/>
  <testcase name="perform_a_recursive_test_to_get_unique_id()[444]" classname="com.neeraj.tinyurl.controller.IDGenerationControllerTest" time="0.005"/>
  <testcase name="perform_a_recursive_test_to_get_unique_id()[445]" classname="com.neeraj.tinyurl.controller.IDGenerationControllerTest" time="0.004"/>
  <testcase name="perform_a_recursive_test_to_get_unique_id()[446]" classname="com.neeraj.tinyurl.controller.IDGenerationControllerTest" time="0.005"/>
  <testcase name="perform_a_recursive_test_to_get_unique_id()[447]" classname="com.neeraj.tinyurl.controller.IDGenerationControllerTest" time="0.004"/>
  <testcase name="perform_a_recursive_test_to_get_unique_id()[448]" classname="com.neeraj.tinyurl.controller.IDGenerationControllerTest" time="0.006"/>
  <testcase name="perform_a_recursive_test_to_get_unique_id()[449]" classname="com.neeraj.tinyurl.controller.IDGenerationControllerTest" time="0.009"/>
  <testcase name="perform_a_recursive_test_to_get_unique_id()[450]" classname="com.neeraj.tinyurl.controller.IDGenerationControllerTest" time="0.004"/>
  <testcase name="perform_a_recursive_test_to_get_unique_id()[451]" classname="com.neeraj.tinyurl.controller.IDGenerationControllerTest" time="0.003"/>
  <testcase name="perform_a_recursive_test_to_get_unique_id()[452]" classname="com.neeraj.tinyurl.controller.IDGenerationControllerTest" time="0.004"/>
  <testcase name="perform_a_recursive_test_to_get_unique_id()[453]" classname="com.neeraj.tinyurl.controller.IDGenerationControllerTest" time="0.003"/>
  <testcase name="perform_a_recursive_test_to_get_unique_id()[454]" classname="com.neeraj.tinyurl.controller.IDGenerationControllerTest" time="0.005"/>
  <testcase name="perform_a_recursive_test_to_get_unique_id()[455]" classname="com.neeraj.tinyurl.controller.IDGenerationControllerTest" time="0.004"/>
  <testcase name="perform_a_recursive_test_to_get_unique_id()[456]" classname="com.neeraj.tinyurl.controller.IDGenerationControllerTest" time="0.009"/>
  <testcase name="perform_a_recursive_test_to_get_unique_id()[457]" classname="com.neeraj.tinyurl.controller.IDGenerationControllerTest" time="0.005"/>
  <testcase name="perform_a_recursive_test_to_get_unique_id()[458]" classname="com.neeraj.tinyurl.controller.IDGenerationControllerTest" time="0.004"/>
  <testcase name="perform_a_recursive_test_to_get_unique_id()[459]" classname="com.neeraj.tinyurl.controller.IDGenerationControllerTest" time="0.004"/>
  <testcase name="perform_a_recursive_test_to_get_unique_id()[460]" classname="com.neeraj.tinyurl.controller.IDGenerationControllerTest" time="0.004"/>
  <testcase name="perform_a_recursive_test_to_get_unique_id()[461]" classname="com.neeraj.tinyurl.controller.IDGenerationControllerTest" time="0.003"/>
  <testcase name="perform_a_recursive_test_to_get_unique_id()[462]" classname="com.neeraj.tinyurl.controller.IDGenerationControllerTest" time="0.003"/>
  <testcase name="perform_a_recursive_test_to_get_unique_id()[463]" classname="com.neeraj.tinyurl.controller.IDGenerationControllerTest" time="0.003"/>
  <testcase name="perform_a_recursive_test_to_get_unique_id()[464]" classname="com.neeraj.tinyurl.controller.IDGenerationControllerTest" time="0.003"/>
  <testcase name="perform_a_recursive_test_to_get_unique_id()[465]" classname="com.neeraj.tinyurl.controller.IDGenerationControllerTest" time="0.003"/>
  <testcase name="perform_a_recursive_test_to_get_unique_id()[466]" classname="com.neeraj.tinyurl.controller.IDGenerationControllerTest" time="0.003"/>
  <testcase name="perform_a_recursive_test_to_get_unique_id()[467]" classname="com.neeraj.tinyurl.controller.IDGenerationControllerTest" time="0.003"/>
  <testcase name="perform_a_recursive_test_to_get_unique_id()[468]" classname="com.neeraj.tinyurl.controller.IDGenerationControllerTest" time="0.005"/>
  <testcase name="perform_a_recursive_test_to_get_unique_id()[469]" classname="com.neeraj.tinyurl.controller.IDGenerationControllerTest" time="0.004"/>
  <testcase name="perform_a_recursive_test_to_get_unique_id()[470]" classname="com.neeraj.tinyurl.controller.IDGenerationControllerTest" time="0.004"/>
  <testcase name="perform_a_recursive_test_to_get_unique_id()[471]" classname="com.neeraj.tinyurl.controller.IDGenerationControllerTest" time="0.003"/>
  <testcase name="perform_a_recursive_test_to_get_unique_id()[472]" classname="com.neeraj.tinyurl.controller.IDGenerationControllerTest" time="0.003"/>
  <testcase name="perform_a_recursive_test_to_get_unique_id()[473]" classname="com.neeraj.tinyurl.controller.IDGenerationControllerTest" time="0.003"/>
  <testcase name="perform_a_recursive_test_to_get_unique_id()[474]" classname="com.neeraj.tinyurl.controller.IDGenerationControllerTest" time="0.005"/>
  <testcase name="perform_a_recursive_test_to_get_unique_id()[475]" classname="com.neeraj.tinyurl.controller.IDGenerationControllerTest" time="0.004"/>
  <testcase name="perform_a_recursive_test_to_get_unique_id()[476]" classname="com.neeraj.tinyurl.controller.IDGenerationControllerTest" time="0.004"/>
  <testcase name="perform_a_recursive_test_to_get_unique_id()[477]" classname="com.neeraj.tinyurl.controller.IDGenerationControllerTest" time="0.003"/>
  <testcase name="perform_a_recursive_test_to_get_unique_id()[478]" classname="com.neeraj.tinyurl.controller.IDGenerationControllerTest" time="0.005"/>
  <testcase name="perform_a_recursive_test_to_get_unique_id()[479]" classname="com.neeraj.tinyurl.controller.IDGenerationControllerTest" time="0.004"/>
  <testcase name="perform_a_recursive_test_to_get_unique_id()[480]" classname="com.neeraj.tinyurl.controller.IDGenerationControllerTest" time="0.003"/>
  <testcase name="perform_a_recursive_test_to_get_unique_id()[481]" classname="com.neeraj.tinyurl.controller.IDGenerationControllerTest" time="0.003"/>
  <testcase name="perform_a_recursive_test_to_get_unique_id()[482]" classname="com.neeraj.tinyurl.controller.IDGenerationControllerTest" time="0.003"/>
  <testcase name="perform_a_recursive_test_to_get_unique_id()[483]" classname="com.neeraj.tinyurl.controller.IDGenerationControllerTest" time="0.003"/>
  <testcase name="perform_a_recursive_test_to_get_unique_id()[484]" classname="com.neeraj.tinyurl.controller.IDGenerationControllerTest" time="0.004"/>
  <testcase name="perform_a_recursive_test_to_get_unique_id()[485]" classname="com.neeraj.tinyurl.controller.IDGenerationControllerTest" time="0.005"/>
  <testcase name="perform_a_recursive_test_to_get_unique_id()[486]" classname="com.neeraj.tinyurl.controller.IDGenerationControllerTest" time="0.004"/>
  <testcase name="perform_a_recursive_test_to_get_unique_id()[487]" classname="com.neeraj.tinyurl.controller.IDGenerationControllerTest" time="0.005"/>
  <testcase name="perform_a_recursive_test_to_get_unique_id()[488]" classname="com.neeraj.tinyurl.controller.IDGenerationControllerTest" time="0.005"/>
  <testcase name="perform_a_recursive_test_to_get_unique_id()[489]" classname="com.neeraj.tinyurl.controller.IDGenerationControllerTest" time="0.006"/>
  <testcase name="perform_a_recursive_test_to_get_unique_id()[490]" classname="com.neeraj.tinyurl.controller.IDGenerationControllerTest" time="0.004"/>
  <testcase name="perform_a_recursive_test_to_get_unique_id()[491]" classname="com.neeraj.tinyurl.controller.IDGenerationControllerTest" time="0.004"/>
  <testcase name="perform_a_recursive_test_to_get_unique_id()[492]" classname="com.neeraj.tinyurl.controller.IDGenerationControllerTest" time="0.004"/>
  <testcase name="perform_a_recursive_test_to_get_unique_id()[493]" classname="com.neeraj.tinyurl.controller.IDGenerationControllerTest" time="0.003"/>
  <testcase name="perform_a_recursive_test_to_get_unique_id()[494]" classname="com.neeraj.tinyurl.controller.IDGenerationControllerTest" time="0.009"/>
  <testcase name="perform_a_recursive_test_to_get_unique_id()[495]" classname="com.neeraj.tinyurl.controller.IDGenerationControllerTest" time="0.005"/>
  <testcase name="perform_a_recursive_test_to_get_unique_id()[496]" classname="com.neeraj.tinyurl.controller.IDGenerationControllerTest" time="0.004"/>
  <testcase name="perform_a_recursive_test_to_get_unique_id()[497]" classname="com.neeraj.tinyurl.controller.IDGenerationControllerTest" time="0.008"/>
  <testcase name="perform_a_recursive_test_to_get_unique_id()[498]" classname="com.neeraj.tinyurl.controller.IDGenerationControllerTest" time="0.012"/>
  <testcase name="perform_a_recursive_test_to_get_unique_id()[499]" classname="com.neeraj.tinyurl.controller.IDGenerationControllerTest" time="0.009"/>
  <testcase name="perform_a_recursive_test_to_get_unique_id()[500]" classname="com.neeraj.tinyurl.controller.IDGenerationControllerTest" time="0.043"/>
  <testcase name="perform_a_recursive_test_to_get_unique_id()[501]" classname="com.neeraj.tinyurl.controller.IDGenerationControllerTest" time="0.017"/>
  <testcase name="perform_a_recursive_test_to_get_unique_id()[502]" classname="com.neeraj.tinyurl.controller.IDGenerationControllerTest" time="0.005"/>
  <testcase name="perform_a_recursive_test_to_get_unique_id()[503]" classname="com.neeraj.tinyurl.controller.IDGenerationControllerTest" time="0.011"/>
  <testcase name="perform_a_recursive_test_to_get_unique_id()[504]" classname="com.neeraj.tinyurl.controller.IDGenerationControllerTest" time="0.012"/>
  <testcase name="perform_a_recursive_test_to_get_unique_id()[505]" classname="com.neeraj.tinyurl.controller.IDGenerationControllerTest" time="0.021"/>
  <testcase name="perform_a_recursive_test_to_get_unique_id()[506]" classname="com.neeraj.tinyurl.controller.IDGenerationControllerTest" time="0.007"/>
  <testcase name="perform_a_recursive_test_to_get_unique_id()[507]" classname="com.neeraj.tinyurl.controller.IDGenerationControllerTest" time="0.008"/>
  <testcase name="perform_a_recursive_test_to_get_unique_id()[508]" classname="com.neeraj.tinyurl.controller.IDGenerationControllerTest" time="0.005"/>
  <testcase name="perform_a_recursive_test_to_get_unique_id()[509]" classname="com.neeraj.tinyurl.controller.IDGenerationControllerTest" time="0.005"/>
  <testcase name="perform_a_recursive_test_to_get_unique_id()[510]" classname="com.neeraj.tinyurl.controller.IDGenerationControllerTest" time="0.003"/>
  <testcase name="perform_a_recursive_test_to_get_unique_id()[511]" classname="com.neeraj.tinyurl.controller.IDGenerationControllerTest" time="0.01"/>
  <testcase name="perform_a_recursive_test_to_get_unique_id()[512]" classname="com.neeraj.tinyurl.controller.IDGenerationControllerTest" time="0.018"/>
  <testcase name="perform_a_recursive_test_to_get_unique_id()[513]" classname="com.neeraj.tinyurl.controller.IDGenerationControllerTest" time="0.004"/>
  <testcase name="perform_a_recursive_test_to_get_unique_id()[514]" classname="com.neeraj.tinyurl.controller.IDGenerationControllerTest" time="0.005"/>
  <testcase name="perform_a_recursive_test_to_get_unique_id()[515]" classname="com.neeraj.tinyurl.controller.IDGenerationControllerTest" time="0.004"/>
  <testcase name="perform_a_recursive_test_to_get_unique_id()[516]" classname="com.neeraj.tinyurl.controller.IDGenerationControllerTest" time="0.004"/>
  <testcase name="perform_a_recursive_test_to_get_unique_id()[517]" classname="com.neeraj.tinyurl.controller.IDGenerationControllerTest" time="0.004"/>
  <testcase name="perform_a_recursive_test_to_get_unique_id()[518]" classname="com.neeraj.tinyurl.controller.IDGenerationControllerTest" time="0.004"/>
  <testcase name="perform_a_recursive_test_to_get_unique_id()[519]" classname="com.neeraj.tinyurl.controller.IDGenerationControllerTest" time="0.004"/>
  <testcase name="perform_a_recursive_test_to_get_unique_id()[520]" classname="com.neeraj.tinyurl.controller.IDGenerationControllerTest" time="0.004"/>
  <testcase name="perform_a_recursive_test_to_get_unique_id()[521]" classname="com.neeraj.tinyurl.controller.IDGenerationControllerTest" time="0.003"/>
  <testcase name="perform_a_recursive_test_to_get_unique_id()[522]" classname="com.neeraj.tinyurl.controller.IDGenerationControllerTest" time="0.003"/>
  <testcase name="perform_a_recursive_test_to_get_unique_id()[523]" classname="com.neeraj.tinyurl.controller.IDGenerationControllerTest" time="0.003"/>
  <testcase name="perform_a_recursive_test_to_get_unique_id()[524]" classname="com.neeraj.tinyurl.controller.IDGenerationControllerTest" time="0.003"/>
  <testcase name="perform_a_recursive_test_to_get_unique_id()[525]" classname="com.neeraj.tinyurl.controller.IDGenerationControllerTest" time="0.002"/>
  <testcase name="perform_a_recursive_test_to_get_unique_id()[526]" classname="com.neeraj.tinyurl.controller.IDGenerationControllerTest" time="0.003"/>
  <testcase name="perform_a_recursive_test_to_get_unique_id()[527]" classname="com.neeraj.tinyurl.controller.IDGenerationControllerTest" time="0.005"/>
  <testcase name="perform_a_recursive_test_to_get_unique_id()[528]" classname="com.neeraj.tinyurl.controller.IDGenerationControllerTest" time="0.006"/>
  <testcase name="perform_a_recursive_test_to_get_unique_id()[529]" classname="com.neeraj.tinyurl.controller.IDGenerationControllerTest" time="0.004"/>
  <testcase name="perform_a_recursive_test_to_get_unique_id()[530]" classname="com.neeraj.tinyurl.controller.IDGenerationControllerTest" time="0.004"/>
  <testcase name="perform_a_recursive_test_to_get_unique_id()[531]" classname="com.neeraj.tinyurl.controller.IDGenerationControllerTest" time="0.004"/>
  <testcase name="perform_a_recursive_test_to_get_unique_id()[532]" classname="com.neeraj.tinyurl.controller.IDGenerationControllerTest" time="0.004"/>
  <testcase name="perform_a_recursive_test_to_get_unique_id()[533]" classname="com.neeraj.tinyurl.controller.IDGenerationControllerTest" time="0.005"/>
  <testcase name="perform_a_recursive_test_to_get_unique_id()[534]" classname="com.neeraj.tinyurl.controller.IDGenerationControllerTest" time="0.005"/>
  <testcase name="perform_a_recursive_test_to_get_unique_id()[535]" classname="com.neeraj.tinyurl.controller.IDGenerationControllerTest" time="0.004"/>
  <testcase name="perform_a_recursive_test_to_get_unique_id()[536]" classname="com.neeraj.tinyurl.controller.IDGenerationControllerTest" time="0.004"/>
  <testcase name="perform_a_recursive_test_to_get_unique_id()[537]" classname="com.neeraj.tinyurl.controller.IDGenerationControllerTest" time="0.008"/>
  <testcase name="perform_a_recursive_test_to_get_unique_id()[538]" classname="com.neeraj.tinyurl.controller.IDGenerationControllerTest" time="0.005"/>
  <testcase name="perform_a_recursive_test_to_get_unique_id()[539]" classname="com.neeraj.tinyurl.controller.IDGenerationControllerTest" time="0.006"/>
  <testcase name="perform_a_recursive_test_to_get_unique_id()[540]" classname="com.neeraj.tinyurl.controller.IDGenerationControllerTest" time="0.004"/>
  <testcase name="perform_a_recursive_test_to_get_unique_id()[541]" classname="com.neeraj.tinyurl.controller.IDGenerationControllerTest" time="0.005"/>
  <testcase name="perform_a_recursive_test_to_get_unique_id()[542]" classname="com.neeraj.tinyurl.controller.IDGenerationControllerTest" time="0.005"/>
  <testcase name="perform_a_recursive_test_to_get_unique_id()[543]" classname="com.neeraj.tinyurl.controller.IDGenerationControllerTest" time="0.006"/>
  <testcase name="perform_a_recursive_test_to_get_unique_id()[544]" classname="com.neeraj.tinyurl.controller.IDGenerationControllerTest" time="0.004"/>
  <testcase name="perform_a_recursive_test_to_get_unique_id()[545]" classname="com.neeraj.tinyurl.controller.IDGenerationControllerTest" time="0.006"/>
  <testcase name="perform_a_recursive_test_to_get_unique_id()[546]" classname="com.neeraj.tinyurl.controller.IDGenerationControllerTest" time="0.011"/>
  <testcase name="perform_a_recursive_test_to_get_unique_id()[547]" classname="com.neeraj.tinyurl.controller.IDGenerationControllerTest" time="0.004"/>
  <testcase name="perform_a_recursive_test_to_get_unique_id()[548]" classname="com.neeraj.tinyurl.controller.IDGenerationControllerTest" time="0.003"/>
  <testcase name="perform_a_recursive_test_to_get_unique_id()[549]" classname="com.neeraj.tinyurl.controller.IDGenerationControllerTest" time="0.004"/>
  <testcase name="perform_a_recursive_test_to_get_unique_id()[550]" classname="com.neeraj.tinyurl.controller.IDGenerationControllerTest" time="0.003"/>
  <testcase name="perform_a_recursive_test_to_get_unique_id()[551]" classname="com.neeraj.tinyurl.controller.IDGenerationControllerTest" time="0.006"/>
  <testcase name="perform_a_recursive_test_to_get_unique_id()[552]" classname="com.neeraj.tinyurl.controller.IDGenerationControllerTest" time="0.005"/>
  <testcase name="perform_a_recursive_test_to_get_unique_id()[553]" classname="com.neeraj.tinyurl.controller.IDGenerationControllerTest" time="0.005"/>
  <testcase name="perform_a_recursive_test_to_get_unique_id()[554]" classname="com.neeraj.tinyurl.controller.IDGenerationControllerTest" time="0.006"/>
  <testcase name="perform_a_recursive_test_to_get_unique_id()[555]" classname="com.neeraj.tinyurl.controller.IDGenerationControllerTest" time="0.004"/>
  <testcase name="perform_a_recursive_test_to_get_unique_id()[556]" classname="com.neeraj.tinyurl.controller.IDGenerationControllerTest" time="0.005"/>
  <testcase name="perform_a_recursive_test_to_get_unique_id()[557]" classname="com.neeraj.tinyurl.controller.IDGenerationControllerTest" time="0.009"/>
  <testcase name="perform_a_recursive_test_to_get_unique_id()[558]" classname="com.neeraj.tinyurl.controller.IDGenerationControllerTest" time="0.009"/>
  <testcase name="perform_a_recursive_test_to_get_unique_id()[559]" classname="com.neeraj.tinyurl.controller.IDGenerationControllerTest" time="0.005"/>
  <testcase name="perform_a_recursive_test_to_get_unique_id()[560]" classname="com.neeraj.tinyurl.controller.IDGenerationControllerTest" time="0.007"/>
  <testcase name="perform_a_recursive_test_to_get_unique_id()[561]" classname="com.neeraj.tinyurl.controller.IDGenerationControllerTest" time="0.005"/>
  <testcase name="perform_a_recursive_test_to_get_unique_id()[562]" classname="com.neeraj.tinyurl.controller.IDGenerationControllerTest" time="0.003"/>
  <testcase name="perform_a_recursive_test_to_get_unique_id()[563]" classname="com.neeraj.tinyurl.controller.IDGenerationControllerTest" time="0.004"/>
  <testcase name="perform_a_recursive_test_to_get_unique_id()[564]" classname="com.neeraj.tinyurl.controller.IDGenerationControllerTest" time="0.004"/>
  <testcase name="perform_a_recursive_test_to_get_unique_id()[565]" classname="com.neeraj.tinyurl.controller.IDGenerationControllerTest" time="0.003"/>
  <testcase name="perform_a_recursive_test_to_get_unique_id()[566]" classname="com.neeraj.tinyurl.controller.IDGenerationControllerTest" time="0.003"/>
  <testcase name="perform_a_recursive_test_to_get_unique_id()[567]" classname="com.neeraj.tinyurl.controller.IDGenerationControllerTest" time="0.008"/>
  <testcase name="perform_a_recursive_test_to_get_unique_id()[568]" classname="com.neeraj.tinyurl.controller.IDGenerationControllerTest" time="0.005"/>
  <testcase name="perform_a_recursive_test_to_get_unique_id()[569]" classname="com.neeraj.tinyurl.controller.IDGenerationControllerTest" time="0.003"/>
  <testcase name="perform_a_recursive_test_to_get_unique_id()[570]" classname="com.neeraj.tinyurl.controller.IDGenerationControllerTest" time="0.004"/>
  <testcase name="perform_a_recursive_test_to_get_unique_id()[571]" classname="com.neeraj.tinyurl.controller.IDGenerationControllerTest" time="0.005"/>
  <testcase name="perform_a_recursive_test_to_get_unique_id()[572]" classname="com.neeraj.tinyurl.controller.IDGenerationControllerTest" time="0.003"/>
  <testcase name="perform_a_recursive_test_to_get_unique_id()[573]" classname="com.neeraj.tinyurl.controller.IDGenerationControllerTest" time="0.002"/>
  <testcase name="perform_a_recursive_test_to_get_unique_id()[574]" classname="com.neeraj.tinyurl.controller.IDGenerationControllerTest" time="0.002"/>
  <testcase name="perform_a_recursive_test_to_get_unique_id()[575]" classname="com.neeraj.tinyurl.controller.IDGenerationControllerTest" time="0.003"/>
  <testcase name="perform_a_recursive_test_to_get_unique_id()[576]" classname="com.neeraj.tinyurl.controller.IDGenerationControllerTest" time="0.004"/>
  <testcase name="perform_a_recursive_test_to_get_unique_id()[577]" classname="com.neeraj.tinyurl.controller.IDGenerationControllerTest" time="0.006"/>
  <testcase name="perform_a_recursive_test_to_get_unique_id()[578]" classname="com.neeraj.tinyurl.controller.IDGenerationControllerTest" time="0.004"/>
  <testcase name="perform_a_recursive_test_to_get_unique_id()[579]" classname="com.neeraj.tinyurl.controller.IDGenerationControllerTest" time="0.007"/>
  <testcase name="perform_a_recursive_test_to_get_unique_id()[580]" classname="com.neeraj.tinyurl.controller.IDGenerationControllerTest" time="0.003"/>
  <testcase name="perform_a_recursive_test_to_get_unique_id()[581]" classname="com.neeraj.tinyurl.controller.IDGenerationControllerTest" time="0.006"/>
  <testcase name="perform_a_recursive_test_to_get_unique_id()[582]" classname="com.neeraj.tinyurl.controller.IDGenerationControllerTest" time="0.004"/>
  <testcase name="perform_a_recursive_test_to_get_unique_id()[583]" classname="com.neeraj.tinyurl.controller.IDGenerationControllerTest" time="0.003"/>
  <testcase name="perform_a_recursive_test_to_get_unique_id()[584]" classname="com.neeraj.tinyurl.controller.IDGenerationControllerTest" time="0.005"/>
  <testcase name="perform_a_recursive_test_to_get_unique_id()[585]" classname="com.neeraj.tinyurl.controller.IDGenerationControllerTest" time="0.007"/>
  <testcase name="perform_a_recursive_test_to_get_unique_id()[586]" classname="com.neeraj.tinyurl.controller.IDGenerationControllerTest" time="0.006"/>
  <testcase name="perform_a_recursive_test_to_get_unique_id()[587]" classname="com.neeraj.tinyurl.controller.IDGenerationControllerTest" time="0.009"/>
  <testcase name="perform_a_recursive_test_to_get_unique_id()[588]" classname="com.neeraj.tinyurl.controller.IDGenerationControllerTest" time="0.006"/>
  <testcase name="perform_a_recursive_test_to_get_unique_id()[589]" classname="com.neeraj.tinyurl.controller.IDGenerationControllerTest" time="0.008"/>
  <testcase name="perform_a_recursive_test_to_get_unique_id()[590]" classname="com.neeraj.tinyurl.controller.IDGenerationControllerTest" time="0.005"/>
  <testcase name="perform_a_recursive_test_to_get_unique_id()[591]" classname="com.neeraj.tinyurl.controller.IDGenerationControllerTest" time="0.004"/>
  <testcase name="perform_a_recursive_test_to_get_unique_id()[592]" classname="com.neeraj.tinyurl.controller.IDGenerationControllerTest" time="0.009"/>
  <testcase name="perform_a_recursive_test_to_get_unique_id()[593]" classname="com.neeraj.tinyurl.controller.IDGenerationControllerTest" time="0.007"/>
  <testcase name="perform_a_recursive_test_to_get_unique_id()[594]" classname="com.neeraj.tinyurl.controller.IDGenerationControllerTest" time="0.005"/>
  <testcase name="perform_a_recursive_test_to_get_unique_id()[595]" classname="com.neeraj.tinyurl.controller.IDGenerationControllerTest" time="0.004"/>
  <testcase name="perform_a_recursive_test_to_get_unique_id()[596]" classname="com.neeraj.tinyurl.controller.IDGenerationControllerTest" time="0.005"/>
  <testcase name="perform_a_recursive_test_to_get_unique_id()[597]" classname="com.neeraj.tinyurl.controller.IDGenerationControllerTest" time="0.003"/>
  <testcase name="perform_a_recursive_test_to_get_unique_id()[598]" classname="com.neeraj.tinyurl.controller.IDGenerationControllerTest" time="0.006"/>
  <testcase name="perform_a_recursive_test_to_get_unique_id()[599]" classname="com.neeraj.tinyurl.controller.IDGenerationControllerTest" time="0.006"/>
  <testcase name="perform_a_recursive_test_to_get_unique_id()[600]" classname="com.neeraj.tinyurl.controller.IDGenerationControllerTest" time="0.06"/>
  <testcase name="perform_a_recursive_test_to_get_unique_id()[601]" classname="com.neeraj.tinyurl.controller.IDGenerationControllerTest" time="0.004"/>
  <testcase name="perform_a_recursive_test_to_get_unique_id()[602]" classname="com.neeraj.tinyurl.controller.IDGenerationControllerTest" time="0.003"/>
  <testcase name="perform_a_recursive_test_to_get_unique_id()[603]" classname="com.neeraj.tinyurl.controller.IDGenerationControllerTest" time="0.003"/>
  <testcase name="perform_a_recursive_test_to_get_unique_id()[604]" classname="com.neeraj.tinyurl.controller.IDGenerationControllerTest" time="0.003"/>
  <testcase name="perform_a_recursive_test_to_get_unique_id()[605]" classname="com.neeraj.tinyurl.controller.IDGenerationControllerTest" time="0.004"/>
  <testcase name="perform_a_recursive_test_to_get_unique_id()[606]" classname="com.neeraj.tinyurl.controller.IDGenerationControllerTest" time="0.01"/>
  <testcase name="perform_a_recursive_test_to_get_unique_id()[607]" classname="com.neeraj.tinyurl.controller.IDGenerationControllerTest" time="0.004"/>
  <testcase name="perform_a_recursive_test_to_get_unique_id()[608]" classname="com.neeraj.tinyurl.controller.IDGenerationControllerTest" time="0.005"/>
  <testcase name="perform_a_recursive_test_to_get_unique_id()[609]" classname="com.neeraj.tinyurl.controller.IDGenerationControllerTest" time="0.003"/>
  <testcase name="perform_a_recursive_test_to_get_unique_id()[610]" classname="com.neeraj.tinyurl.controller.IDGenerationControllerTest" time="0.003"/>
  <testcase name="perform_a_recursive_test_to_get_unique_id()[611]" classname="com.neeraj.tinyurl.controller.IDGenerationControllerTest" time="0.002"/>
  <testcase name="perform_a_recursive_test_to_get_unique_id()[612]" classname="com.neeraj.tinyurl.controller.IDGenerationControllerTest" time="0.003"/>
  <testcase name="perform_a_recursive_test_to_get_unique_id()[613]" classname="com.neeraj.tinyurl.controller.IDGenerationControllerTest" time="0.003"/>
  <testcase name="perform_a_recursive_test_to_get_unique_id()[614]" classname="com.neeraj.tinyurl.controller.IDGenerationControllerTest" time="0.004"/>
  <testcase name="perform_a_recursive_test_to_get_unique_id()[615]" classname="com.neeraj.tinyurl.controller.IDGenerationControllerTest" time="0.003"/>
  <testcase name="perform_a_recursive_test_to_get_unique_id()[616]" classname="com.neeraj.tinyurl.controller.IDGenerationControllerTest" time="0.003"/>
  <testcase name="perform_a_recursive_test_to_get_unique_id()[617]" classname="com.neeraj.tinyurl.controller.IDGenerationControllerTest" time="0.003"/>
  <testcase name="perform_a_recursive_test_to_get_unique_id()[618]" classname="com.neeraj.tinyurl.controller.IDGenerationControllerTest" time="0.003"/>
  <testcase name="perform_a_recursive_test_to_get_unique_id()[619]" classname="com.neeraj.tinyurl.controller.IDGenerationControllerTest" time="0.003"/>
  <testcase name="perform_a_recursive_test_to_get_unique_id()[620]" classname="com.neeraj.tinyurl.controller.IDGenerationControllerTest" time="0.003"/>
  <testcase name="perform_a_recursive_test_to_get_unique_id()[621]" classname="com.neeraj.tinyurl.controller.IDGenerationControllerTest" time="0.003"/>
  <testcase name="perform_a_recursive_test_to_get_unique_id()[622]" classname="com.neeraj.tinyurl.controller.IDGenerationControllerTest" time="0.003"/>
  <testcase name="perform_a_recursive_test_to_get_unique_id()[623]" classname="com.neeraj.tinyurl.controller.IDGenerationControllerTest" time="0.003"/>
  <testcase name="perform_a_recursive_test_to_get_unique_id()[624]" classname="com.neeraj.tinyurl.controller.IDGenerationControllerTest" time="0.003"/>
  <testcase name="perform_a_recursive_test_to_get_unique_id()[625]" classname="com.neeraj.tinyurl.controller.IDGenerationControllerTest" time="0.003"/>
  <testcase name="perform_a_recursive_test_to_get_unique_id()[626]" classname="com.neeraj.tinyurl.controller.IDGenerationControllerTest" time="0.004"/>
  <testcase name="perform_a_recursive_test_to_get_unique_id()[627]" classname="com.neeraj.tinyurl.controller.IDGenerationControllerTest" time="0.003"/>
  <testcase name="perform_a_recursive_test_to_get_unique_id()[628]" classname="com.neeraj.tinyurl.controller.IDGenerationControllerTest" time="0.003"/>
  <testcase name="perform_a_recursive_test_to_get_unique_id()[629]" classname="com.neeraj.tinyurl.controller.IDGenerationControllerTest" time="0.003"/>
  <testcase name="perform_a_recursive_test_to_get_unique_id()[630]" classname="com.neeraj.tinyurl.controller.IDGenerationControllerTest" time="0.005"/>
  <testcase name="perform_a_recursive_test_to_get_unique_id()[631]" classname="com.neeraj.tinyurl.controller.IDGenerationControllerTest" time="0.011"/>
  <testcase name="perform_a_recursive_test_to_get_unique_id()[632]" classname="com.neeraj.tinyurl.controller.IDGenerationControllerTest" time="0.006"/>
  <testcase name="perform_a_recursive_test_to_get_unique_id()[633]" classname="com.neeraj.tinyurl.controller.IDGenerationControllerTest" time="0.004"/>
  <testcase name="perform_a_recursive_test_to_get_unique_id()[634]" classname="com.neeraj.tinyurl.controller.IDGenerationControllerTest" time="0.009"/>
  <testcase name="perform_a_recursive_test_to_get_unique_id()[635]" classname="com.neeraj.tinyurl.controller.IDGenerationControllerTest" time="0.009"/>
  <testcase name="perform_a_recursive_test_to_get_unique_id()[636]" classname="com.neeraj.tinyurl.controller.IDGenerationControllerTest" time="0.004"/>
  <testcase name="perform_a_recursive_test_to_get_unique_id()[637]" classname="com.neeraj.tinyurl.controller.IDGenerationControllerTest" time="0.008"/>
  <testcase name="perform_a_recursive_test_to_get_unique_id()[638]" classname="com.neeraj.tinyurl.controller.IDGenerationControllerTest" time="0.003"/>
  <testcase name="perform_a_recursive_test_to_get_unique_id()[639]" classname="com.neeraj.tinyurl.controller.IDGenerationControllerTest" time="0.005"/>
  <testcase name="perform_a_recursive_test_to_get_unique_id()[640]" classname="com.neeraj.tinyurl.controller.IDGenerationControllerTest" time="0.005"/>
  <testcase name="perform_a_recursive_test_to_get_unique_id()[641]" classname="com.neeraj.tinyurl.controller.IDGenerationControllerTest" time="0.009"/>
  <testcase name="perform_a_recursive_test_to_get_unique_id()[642]" classname="com.neeraj.tinyurl.controller.IDGenerationControllerTest" time="0.003"/>
  <testcase name="perform_a_recursive_test_to_get_unique_id()[643]" classname="com.neeraj.tinyurl.controller.IDGenerationControllerTest" time="0.004"/>
  <testcase name="perform_a_recursive_test_to_get_unique_id()[644]" classname="com.neeraj.tinyurl.controller.IDGenerationControllerTest" time="0.003"/>
  <testcase name="perform_a_recursive_test_to_get_unique_id()[645]" classname="com.neeraj.tinyurl.controller.IDGenerationControllerTest" time="0.004"/>
  <testcase name="perform_a_recursive_test_to_get_unique_id()[646]" classname="com.neeraj.tinyurl.controller.IDGenerationControllerTest" time="0.006"/>
  <testcase name="perform_a_recursive_test_to_get_unique_id()[647]" classname="com.neeraj.tinyurl.controller.IDGenerationControllerTest" time="0.004"/>
  <testcase name="perform_a_recursive_test_to_get_unique_id()[648]" classname="com.neeraj.tinyurl.controller.IDGenerationControllerTest" time="0.005"/>
  <testcase name="perform_a_recursive_test_to_get_unique_id()[649]" classname="com.neeraj.tinyurl.controller.IDGenerationControllerTest" time="0.018"/>
  <testcase name="perform_a_recursive_test_to_get_unique_id()[650]" classname="com.neeraj.tinyurl.controller.IDGenerationControllerTest" time="0.004"/>
  <testcase name="perform_a_recursive_test_to_get_unique_id()[651]" classname="com.neeraj.tinyurl.controller.IDGenerationControllerTest" time="0.003"/>
  <testcase name="perform_a_recursive_test_to_get_unique_id()[652]" classname="com.neeraj.tinyurl.controller.IDGenerationControllerTest" time="0.004"/>
  <testcase name="perform_a_recursive_test_to_get_unique_id()[653]" classname="com.neeraj.tinyurl.controller.IDGenerationControllerTest" time="0.004"/>
  <testcase name="perform_a_recursive_test_to_get_unique_id()[654]" classname="com.neeraj.tinyurl.controller.IDGenerationControllerTest" time="0.006"/>
  <testcase name="perform_a_recursive_test_to_get_unique_id()[655]" classname="com.neeraj.tinyurl.controller.IDGenerationControllerTest" time="0.006"/>
  <testcase name="perform_a_recursive_test_to_get_unique_id()[656]" classname="com.neeraj.tinyurl.controller.IDGenerationControllerTest" time="0.004"/>
  <testcase name="perform_a_recursive_test_to_get_unique_id()[657]" classname="com.neeraj.tinyurl.controller.IDGenerationControllerTest" time="0.003"/>
  <testcase name="perform_a_recursive_test_to_get_unique_id()[658]" classname="com.neeraj.tinyurl.controller.IDGenerationControllerTest" time="0.004"/>
  <testcase name="perform_a_recursive_test_to_get_unique_id()[659]" classname="com.neeraj.tinyurl.controller.IDGenerationControllerTest" time="0.003"/>
  <testcase name="perform_a_recursive_test_to_get_unique_id()[660]" classname="com.neeraj.tinyurl.controller.IDGenerationControllerTest" time="0.003"/>
  <testcase name="perform_a_recursive_test_to_get_unique_id()[661]" classname="com.neeraj.tinyurl.controller.IDGenerationControllerTest" time="0.004"/>
  <testcase name="perform_a_recursive_test_to_get_unique_id()[662]" classname="com.neeraj.tinyurl.controller.IDGenerationControllerTest" time="0.004"/>
  <testcase name="perform_a_recursive_test_to_get_unique_id()[663]" classname="com.neeraj.tinyurl.controller.IDGenerationControllerTest" time="0.004"/>
  <testcase name="perform_a_recursive_test_to_get_unique_id()[664]" classname="com.neeraj.tinyurl.controller.IDGenerationControllerTest" time="0.012"/>
  <testcase name="perform_a_recursive_test_to_get_unique_id()[665]" classname="com.neeraj.tinyurl.controller.IDGenerationControllerTest" time="0.003"/>
  <testcase name="perform_a_recursive_test_to_get_unique_id()[666]" classname="com.neeraj.tinyurl.controller.IDGenerationControllerTest" time="0.003"/>
  <testcase name="perform_a_recursive_test_to_get_unique_id()[667]" classname="com.neeraj.tinyurl.controller.IDGenerationControllerTest" time="0.003"/>
  <testcase name="perform_a_recursive_test_to_get_unique_id()[668]" classname="com.neeraj.tinyurl.controller.IDGenerationControllerTest" time="0.005"/>
  <testcase name="perform_a_recursive_test_to_get_unique_id()[669]" classname="com.neeraj.tinyurl.controller.IDGenerationControllerTest" time="0.003"/>
  <testcase name="perform_a_recursive_test_to_get_unique_id()[670]" classname="com.neeraj.tinyurl.controller.IDGenerationControllerTest" time="0.003"/>
  <testcase name="perform_a_recursive_test_to_get_unique_id()[671]" classname="com.neeraj.tinyurl.controller.IDGenerationControllerTest" time="0.002"/>
  <testcase name="perform_a_recursive_test_to_get_unique_id()[672]" classname="com.neeraj.tinyurl.controller.IDGenerationControllerTest" time="0.004"/>
  <testcase name="perform_a_recursive_test_to_get_unique_id()[673]" classname="com.neeraj.tinyurl.controller.IDGenerationControllerTest" time="0.006"/>
  <testcase name="perform_a_recursive_test_to_get_unique_id()[674]" classname="com.neeraj.tinyurl.controller.IDGenerationControllerTest" time="0.004"/>
  <testcase name="perform_a_recursive_test_to_get_unique_id()[675]" classname="com.neeraj.tinyurl.controller.IDGenerationControllerTest" time="0.004"/>
  <testcase name="perform_a_recursive_test_to_get_unique_id()[676]" classname="com.neeraj.tinyurl.controller.IDGenerationControllerTest" time="0.003"/>
  <testcase name="perform_a_recursive_test_to_get_unique_id()[677]" classname="com.neeraj.tinyurl.controller.IDGenerationControllerTest" time="0.004"/>
  <testcase name="perform_a_recursive_test_to_get_unique_id()[678]" classname="com.neeraj.tinyurl.controller.IDGenerationControllerTest" time="0.003"/>
  <testcase name="perform_a_recursive_test_to_get_unique_id()[679]" classname="com.neeraj.tinyurl.controller.IDGenerationControllerTest" time="0.003"/>
  <testcase name="perform_a_recursive_test_to_get_unique_id()[680]" classname="com.neeraj.tinyurl.controller.IDGenerationControllerTest" time="0.004"/>
  <testcase name="perform_a_recursive_test_to_get_unique_id()[681]" classname="com.neeraj.tinyurl.controller.IDGenerationControllerTest" time="0.003"/>
  <testcase name="perform_a_recursive_test_to_get_unique_id()[682]" classname="com.neeraj.tinyurl.controller.IDGenerationControllerTest" time="0.004"/>
  <testcase name="perform_a_recursive_test_to_get_unique_id()[683]" classname="com.neeraj.tinyurl.controller.IDGenerationControllerTest" time="0.003"/>
  <testcase name="perform_a_recursive_test_to_get_unique_id()[684]" classname="com.neeraj.tinyurl.controller.IDGenerationControllerTest" time="0.003"/>
  <testcase name="perform_a_recursive_test_to_get_unique_id()[685]" classname="com.neeraj.tinyurl.controller.IDGenerationControllerTest" time="0.003"/>
  <testcase name="perform_a_recursive_test_to_get_unique_id()[686]" classname="com.neeraj.tinyurl.controller.IDGenerationControllerTest" time="0.003"/>
  <testcase name="perform_a_recursive_test_to_get_unique_id()[687]" classname="com.neeraj.tinyurl.controller.IDGenerationControllerTest" time="0.006"/>
  <testcase name="perform_a_recursive_test_to_get_unique_id()[688]" classname="com.neeraj.tinyurl.controller.IDGenerationControllerTest" time="0.004"/>
  <testcase name="perform_a_recursive_test_to_get_unique_id()[689]" classname="com.neeraj.tinyurl.controller.IDGenerationControllerTest" time="0.004"/>
  <testcase name="perform_a_recursive_test_to_get_unique_id()[690]" classname="com.neeraj.tinyurl.controller.IDGenerationControllerTest" time="0.004"/>
  <testcase name="perform_a_recursive_test_to_get_unique_id()[691]" classname="com.neeraj.tinyurl.controller.IDGenerationControllerTest" time="0.003"/>
  <testcase name="perform_a_recursive_test_to_get_unique_id()[692]" classname="com.neeraj.tinyurl.controller.IDGenerationControllerTest" time="0.003"/>
  <testcase name="perform_a_recursive_test_to_get_unique_id()[693]" classname="com.neeraj.tinyurl.controller.IDGenerationControllerTest" time="0.006"/>
  <testcase name="perform_a_recursive_test_to_get_unique_id()[694]" classname="com.neeraj.tinyurl.controller.IDGenerationControllerTest" time="0.003"/>
  <testcase name="perform_a_recursive_test_to_get_unique_id()[695]" classname="com.neeraj.tinyurl.controller.IDGenerationControllerTest" time="0.003"/>
  <testcase name="perform_a_recursive_test_to_get_unique_id()[696]" classname="com.neeraj.tinyurl.controller.IDGenerationControllerTest" time="0.005"/>
  <testcase name="perform_a_recursive_test_to_get_unique_id()[697]" classname="com.neeraj.tinyurl.controller.IDGenerationControllerTest" time="0.005"/>
  <testcase name="perform_a_recursive_test_to_get_unique_id()[698]" classname="com.neeraj.tinyurl.controller.IDGenerationControllerTest" time="0.005"/>
  <testcase name="perform_a_recursive_test_to_get_unique_id()[699]" classname="com.neeraj.tinyurl.controller.IDGenerationControllerTest" time="0.003"/>
  <testcase name="perform_a_recursive_test_to_get_unique_id()[700]" classname="com.neeraj.tinyurl.controller.IDGenerationControllerTest" time="0.049"/>
  <testcase name="perform_a_recursive_test_to_get_unique_id()[701]" classname="com.neeraj.tinyurl.controller.IDGenerationControllerTest" time="0.004"/>
  <testcase name="perform_a_recursive_test_to_get_unique_id()[702]" classname="com.neeraj.tinyurl.controller.IDGenerationControllerTest" time="0.003"/>
  <testcase name="perform_a_recursive_test_to_get_unique_id()[703]" classname="com.neeraj.tinyurl.controller.IDGenerationControllerTest" time="0.003"/>
  <testcase name="perform_a_recursive_test_to_get_unique_id()[704]" classname="com.neeraj.tinyurl.controller.IDGenerationControllerTest" time="0.003"/>
  <testcase name="perform_a_recursive_test_to_get_unique_id()[705]" classname="com.neeraj.tinyurl.controller.IDGenerationControllerTest" time="0.006"/>
  <testcase name="perform_a_recursive_test_to_get_unique_id()[706]" classname="com.neeraj.tinyurl.controller.IDGenerationControllerTest" time="0.004"/>
  <testcase name="perform_a_recursive_test_to_get_unique_id()[707]" classname="com.neeraj.tinyurl.controller.IDGenerationControllerTest" time="0.003"/>
  <testcase name="perform_a_recursive_test_to_get_unique_id()[708]" classname="com.neeraj.tinyurl.controller.IDGenerationControllerTest" time="0.003"/>
  <testcase name="perform_a_recursive_test_to_get_unique_id()[709]" classname="com.neeraj.tinyurl.controller.IDGenerationControllerTest" time="0.004"/>
  <testcase name="perform_a_recursive_test_to_get_unique_id()[710]" classname="com.neeraj.tinyurl.controller.IDGenerationControllerTest" time="0.003"/>
  <testcase name="perform_a_recursive_test_to_get_unique_id()[711]" classname="com.neeraj.tinyurl.controller.IDGenerationControllerTest" time="0.003"/>
  <testcase name="perform_a_recursive_test_to_get_unique_id()[712]" classname="com.neeraj.tinyurl.controller.IDGenerationControllerTest" time="0.002"/>
  <testcase name="perform_a_recursive_test_to_get_unique_id()[713]" classname="com.neeraj.tinyurl.controller.IDGenerationControllerTest" time="0.003"/>
  <testcase name="perform_a_recursive_test_to_get_unique_id()[714]" classname="com.neeraj.tinyurl.controller.IDGenerationControllerTest" time="0.003"/>
  <testcase name="perform_a_recursive_test_to_get_unique_id()[715]" classname="com.neeraj.tinyurl.controller.IDGenerationControllerTest" time="0.003"/>
  <testcase name="perform_a_recursive_test_to_get_unique_id()[716]" classname="com.neeraj.tinyurl.controller.IDGenerationControllerTest" time="0.003"/>
  <testcase name="perform_a_recursive_test_to_get_unique_id()[717]" classname="com.neeraj.tinyurl.controller.IDGenerationControllerTest" time="0.003"/>
  <testcase name="perform_a_recursive_test_to_get_unique_id()[718]" classname="com.neeraj.tinyurl.controller.IDGenerationControllerTest" time="0.003"/>
  <testcase name="perform_a_recursive_test_to_get_unique_id()[719]" classname="com.neeraj.tinyurl.controller.IDGenerationControllerTest" time="0.002"/>
  <testcase name="perform_a_recursive_test_to_get_unique_id()[720]" classname="com.neeraj.tinyurl.controller.IDGenerationControllerTest" time="0.004"/>
  <testcase name="perform_a_recursive_test_to_get_unique_id()[721]" classname="com.neeraj.tinyurl.controller.IDGenerationControllerTest" time="0.005"/>
  <testcase name="perform_a_recursive_test_to_get_unique_id()[722]" classname="com.neeraj.tinyurl.controller.IDGenerationControllerTest" time="0.004"/>
  <testcase name="perform_a_recursive_test_to_get_unique_id()[723]" classname="com.neeraj.tinyurl.controller.IDGenerationControllerTest" time="0.007"/>
  <testcase name="perform_a_recursive_test_to_get_unique_id()[724]" classname="com.neeraj.tinyurl.controller.IDGenerationControllerTest" time="0.002"/>
  <testcase name="perform_a_recursive_test_to_get_unique_id()[725]" classname="com.neeraj.tinyurl.controller.IDGenerationControllerTest" time="0.002"/>
  <testcase name="perform_a_recursive_test_to_get_unique_id()[726]" classname="com.neeraj.tinyurl.controller.IDGenerationControllerTest" time="0.004"/>
  <testcase name="perform_a_recursive_test_to_get_unique_id()[727]" classname="com.neeraj.tinyurl.controller.IDGenerationControllerTest" time="0.003"/>
  <testcase name="perform_a_recursive_test_to_get_unique_id()[728]" classname="com.neeraj.tinyurl.controller.IDGenerationControllerTest" time="0.003"/>
  <testcase name="perform_a_recursive_test_to_get_unique_id()[729]" classname="com.neeraj.tinyurl.controller.IDGenerationControllerTest" time="0.004"/>
  <testcase name="perform_a_recursive_test_to_get_unique_id()[730]" classname="com.neeraj.tinyurl.controller.IDGenerationControllerTest" time="0.003"/>
  <testcase name="perform_a_recursive_test_to_get_unique_id()[731]" classname="com.neeraj.tinyurl.controller.IDGenerationControllerTest" time="0.004"/>
  <testcase name="perform_a_recursive_test_to_get_unique_id()[732]" classname="com.neeraj.tinyurl.controller.IDGenerationControllerTest" time="0.004"/>
  <testcase name="perform_a_recursive_test_to_get_unique_id()[733]" classname="com.neeraj.tinyurl.controller.IDGenerationControllerTest" time="0.005"/>
  <testcase name="perform_a_recursive_test_to_get_unique_id()[734]" classname="com.neeraj.tinyurl.controller.IDGenerationControllerTest" time="0.004"/>
  <testcase name="perform_a_recursive_test_to_get_unique_id()[735]" classname="com.neeraj.tinyurl.controller.IDGenerationControllerTest" time="0.005"/>
  <testcase name="perform_a_recursive_test_to_get_unique_id()[736]" classname="com.neeraj.tinyurl.controller.IDGenerationControllerTest" time="0.005"/>
  <testcase name="perform_a_recursive_test_to_get_unique_id()[737]" classname="com.neeraj.tinyurl.controller.IDGenerationControllerTest" time="0.003"/>
  <testcase name="perform_a_recursive_test_to_get_unique_id()[738]" classname="com.neeraj.tinyurl.controller.IDGenerationControllerTest" time="0.003"/>
  <testcase name="perform_a_recursive_test_to_get_unique_id()[739]" classname="com.neeraj.tinyurl.controller.IDGenerationControllerTest" time="0.003"/>
  <testcase name="perform_a_recursive_test_to_get_unique_id()[740]" classname="com.neeraj.tinyurl.controller.IDGenerationControllerTest" time="0.003"/>
  <testcase name="perform_a_recursive_test_to_get_unique_id()[741]" classname="com.neeraj.tinyurl.controller.IDGenerationControllerTest" time="0.004"/>
  <testcase name="perform_a_recursive_test_to_get_unique_id()[742]" classname="com.neeraj.tinyurl.controller.IDGenerationControllerTest" time="0.003"/>
  <testcase name="perform_a_recursive_test_to_get_unique_id()[743]" classname="com.neeraj.tinyurl.controller.IDGenerationControllerTest" time="0.004"/>
  <testcase name="perform_a_recursive_test_to_get_unique_id()[744]" classname="com.neeraj.tinyurl.controller.IDGenerationControllerTest" time="0.003"/>
  <testcase name="perform_a_recursive_test_to_get_unique_id()[745]" classname="com.neeraj.tinyurl.controller.IDGenerationControllerTest" time="0.004"/>
  <testcase name="perform_a_recursive_test_to_get_unique_id()[746]" classname="com.neeraj.tinyurl.controller.IDGenerationControllerTest" time="0.004"/>
  <testcase name="perform_a_recursive_test_to_get_unique_id()[747]" classname="com.neeraj.tinyurl.controller.IDGenerationControllerTest" time="0.004"/>
  <testcase name="perform_a_recursive_test_to_get_unique_id()[748]" classname="com.neeraj.tinyurl.controller.IDGenerationControllerTest" time="0.004"/>
  <testcase name="perform_a_recursive_test_to_get_unique_id()[749]" classname="com.neeraj.tinyurl.controller.IDGenerationControllerTest" time="0.004"/>
  <testcase name="perform_a_recursive_test_to_get_unique_id()[750]" classname="com.neeraj.tinyurl.controller.IDGenerationControllerTest" time="0.004"/>
  <testcase name="perform_a_recursive_test_to_get_unique_id()[751]" classname="com.neeraj.tinyurl.controller.IDGenerationControllerTest" time="0.004"/>
  <testcase name="perform_a_recursive_test_to_get_unique_id()[752]" classname="com.neeraj.tinyurl.controller.IDGenerationControllerTest" time="0.005"/>
  <testcase name="perform_a_recursive_test_to_get_unique_id()[753]" classname="com.neeraj.tinyurl.controller.IDGenerationControllerTest" time="0.004"/>
  <testcase name="perform_a_recursive_test_to_get_unique_id()[754]" classname="com.neeraj.tinyurl.controller.IDGenerationControllerTest" time="0.004"/>
  <testcase name="perform_a_recursive_test_to_get_unique_id()[755]" classname="com.neeraj.tinyurl.controller.IDGenerationControllerTest" time="0.004"/>
  <testcase name="perform_a_recursive_test_to_get_unique_id()[756]" classname="com.neeraj.tinyurl.controller.IDGenerationControllerTest" time="0.005"/>
  <testcase name="perform_a_recursive_test_to_get_unique_id()[757]" classname="com.neeraj.tinyurl.controller.IDGenerationControllerTest" time="0.009"/>
  <testcase name="perform_a_recursive_test_to_get_unique_id()[758]" classname="com.neeraj.tinyurl.controller.IDGenerationControllerTest" time="0.004"/>
  <testcase name="perform_a_recursive_test_to_get_unique_id()[759]" classname="com.neeraj.tinyurl.controller.IDGenerationControllerTest" time="0.008"/>
  <testcase name="perform_a_recursive_test_to_get_unique_id()[760]" classname="com.neeraj.tinyurl.controller.IDGenerationControllerTest" time="0.005"/>
  <testcase name="perform_a_recursive_test_to_get_unique_id()[761]" classname="com.neeraj.tinyurl.controller.IDGenerationControllerTest" time="0.007"/>
  <testcase name="perform_a_recursive_test_to_get_unique_id()[762]" classname="com.neeraj.tinyurl.controller.IDGenerationControllerTest" time="0.009"/>
  <testcase name="perform_a_recursive_test_to_get_unique_id()[763]" classname="com.neeraj.tinyurl.controller.IDGenerationControllerTest" time="0.007"/>
  <testcase name="perform_a_recursive_test_to_get_unique_id()[764]" classname="com.neeraj.tinyurl.controller.IDGenerationControllerTest" time="0.005"/>
  <testcase name="perform_a_recursive_test_to_get_unique_id()[765]" classname="com.neeraj.tinyurl.controller.IDGenerationControllerTest" time="0.005"/>
  <testcase name="perform_a_recursive_test_to_get_unique_id()[766]" classname="com.neeraj.tinyurl.controller.IDGenerationControllerTest" time="0.007"/>
  <testcase name="perform_a_recursive_test_to_get_unique_id()[767]" classname="com.neeraj.tinyurl.controller.IDGenerationControllerTest" time="0.009"/>
  <testcase name="perform_a_recursive_test_to_get_unique_id()[768]" classname="com.neeraj.tinyurl.controller.IDGenerationControllerTest" time="0.014"/>
  <testcase name="perform_a_recursive_test_to_get_unique_id()[769]" classname="com.neeraj.tinyurl.controller.IDGenerationControllerTest" time="0.004"/>
  <testcase name="perform_a_recursive_test_to_get_unique_id()[770]" classname="com.neeraj.tinyurl.controller.IDGenerationControllerTest" time="0.004"/>
  <testcase name="perform_a_recursive_test_to_get_unique_id()[771]" classname="com.neeraj.tinyurl.controller.IDGenerationControllerTest" time="0.004"/>
  <testcase name="perform_a_recursive_test_to_get_unique_id()[772]" classname="com.neeraj.tinyurl.controller.IDGenerationControllerTest" time="0.005"/>
  <testcase name="perform_a_recursive_test_to_get_unique_id()[773]" classname="com.neeraj.tinyurl.controller.IDGenerationControllerTest" time="0.004"/>
  <testcase name="perform_a_recursive_test_to_get_unique_id()[774]" classname="com.neeraj.tinyurl.controller.IDGenerationControllerTest" time="0.006"/>
  <testcase name="perform_a_recursive_test_to_get_unique_id()[775]" classname="com.neeraj.tinyurl.controller.IDGenerationControllerTest" time="0.005"/>
  <testcase name="perform_a_recursive_test_to_get_unique_id()[776]" classname="com.neeraj.tinyurl.controller.IDGenerationControllerTest" time="0.004"/>
  <testcase name="perform_a_recursive_test_to_get_unique_id()[777]" classname="com.neeraj.tinyurl.controller.IDGenerationControllerTest" time="0.003"/>
  <testcase name="perform_a_recursive_test_to_get_unique_id()[778]" classname="com.neeraj.tinyurl.controller.IDGenerationControllerTest" time="0.004"/>
  <testcase name="perform_a_recursive_test_to_get_unique_id()[779]" classname="com.neeraj.tinyurl.controller.IDGenerationControllerTest" time="0.005"/>
  <testcase name="perform_a_recursive_test_to_get_unique_id()[780]" classname="com.neeraj.tinyurl.controller.IDGenerationControllerTest" time="0.003"/>
  <testcase name="perform_a_recursive_test_to_get_unique_id()[781]" classname="com.neeraj.tinyurl.controller.IDGenerationControllerTest" time="0.003"/>
  <testcase name="perform_a_recursive_test_to_get_unique_id()[782]" classname="com.neeraj.tinyurl.controller.IDGenerationControllerTest" time="0.003"/>
  <testcase name="perform_a_recursive_test_to_get_unique_id()[783]" classname="com.neeraj.tinyurl.controller.IDGenerationControllerTest" time="0.003"/>
  <testcase name="perform_a_recursive_test_to_get_unique_id()[784]" classname="com.neeraj.tinyurl.controller.IDGenerationControllerTest" time="0.004"/>
  <testcase name="perform_a_recursive_test_to_get_unique_id()[785]" classname="com.neeraj.tinyurl.controller.IDGenerationControllerTest" time="0.004"/>
  <testcase name="perform_a_recursive_test_to_get_unique_id()[786]" classname="com.neeraj.tinyurl.controller.IDGenerationControllerTest" time="0.004"/>
  <testcase name="perform_a_recursive_test_to_get_unique_id()[787]" classname="com.neeraj.tinyurl.controller.IDGenerationControllerTest" time="0.005"/>
  <testcase name="perform_a_recursive_test_to_get_unique_id()[788]" classname="com.neeraj.tinyurl.controller.IDGenerationControllerTest" time="0.005"/>
  <testcase name="perform_a_recursive_test_to_get_unique_id()[789]" classname="com.neeraj.tinyurl.controller.IDGenerationControllerTest" time="0.005"/>
  <testcase name="perform_a_recursive_test_to_get_unique_id()[790]" classname="com.neeraj.tinyurl.controller.IDGenerationControllerTest" time="0.015"/>
  <testcase name="perform_a_recursive_test_to_get_unique_id()[791]" classname="com.neeraj.tinyurl.controller.IDGenerationControllerTest" time="0.017"/>
  <testcase name="perform_a_recursive_test_to_get_unique_id()[792]" classname="com.neeraj.tinyurl.controller.IDGenerationControllerTest" time="0.004"/>
  <testcase name="perform_a_recursive_test_to_get_unique_id()[793]" classname="com.neeraj.tinyurl.controller.IDGenerationControllerTest" time="0.005"/>
  <testcase name="perform_a_recursive_test_to_get_unique_id()[794]" classname="com.neeraj.tinyurl.controller.IDGenerationControllerTest" time="0.003"/>
  <testcase name="perform_a_recursive_test_to_get_unique_id()[795]" classname="com.neeraj.tinyurl.controller.IDGenerationControllerTest" time="0.003"/>
  <testcase name="perform_a_recursive_test_to_get_unique_id()[796]" classname="com.neeraj.tinyurl.controller.IDGenerationControllerTest" time="0.003"/>
  <testcase name="perform_a_recursive_test_to_get_unique_id()[797]" classname="com.neeraj.tinyurl.controller.IDGenerationControllerTest" time="0.003"/>
  <testcase name="perform_a_recursive_test_to_get_unique_id()[798]" classname="com.neeraj.tinyurl.controller.IDGenerationControllerTest" time="0.003"/>
  <testcase name="perform_a_recursive_test_to_get_unique_id()[799]" classname="com.neeraj.tinyurl.controller.IDGenerationControllerTest" time="0.003"/>
  <testcase name="perform_a_recursive_test_to_get_unique_id()[800]" classname="com.neeraj.tinyurl.controller.IDGenerationControllerTest" time="0.039"/>
  <testcase name="perform_a_recursive_test_to_get_unique_id()[801]" classname="com.neeraj.tinyurl.controller.IDGenerationControllerTest" time="0.003"/>
  <testcase name="perform_a_recursive_test_to_get_unique_id()[802]" classname="com.neeraj.tinyurl.controller.IDGenerationControllerTest" time="0.005"/>
  <testcase name="perform_a_recursive_test_to_get_unique_id()[803]" classname="com.neeraj.tinyurl.controller.IDGenerationControllerTest" time="0.003"/>
  <testcase name="perform_a_recursive_test_to_get_unique_id()[804]" classname="com.neeraj.tinyurl.controller.IDGenerationControllerTest" time="0.003"/>
  <testcase name="perform_a_recursive_test_to_get_unique_id()[805]" classname="com.neeraj.tinyurl.controller.IDGenerationControllerTest" time="0.005"/>
  <testcase name="perform_a_recursive_test_to_get_unique_id()[806]" classname="com.neeraj.tinyurl.controller.IDGenerationControllerTest" time="0.007"/>
  <testcase name="perform_a_recursive_test_to_get_unique_id()[807]" classname="com.neeraj.tinyurl.controller.IDGenerationControllerTest" time="0.004"/>
  <testcase name="perform_a_recursive_test_to_get_unique_id()[808]" classname="com.neeraj.tinyurl.controller.IDGenerationControllerTest" time="0.003"/>
  <testcase name="perform_a_recursive_test_to_get_unique_id()[809]" classname="com.neeraj.tinyurl.controller.IDGenerationControllerTest" time="0.009"/>
  <testcase name="perform_a_recursive_test_to_get_unique_id()[810]" classname="com.neeraj.tinyurl.controller.IDGenerationControllerTest" time="0.004"/>
  <testcase name="perform_a_recursive_test_to_get_unique_id()[811]" classname="com.neeraj.tinyurl.controller.IDGenerationControllerTest" time="0.004"/>
  <testcase name="perform_a_recursive_test_to_get_unique_id()[812]" classname="com.neeraj.tinyurl.controller.IDGenerationControllerTest" time="0.003"/>
  <testcase name="perform_a_recursive_test_to_get_unique_id()[813]" classname="com.neeraj.tinyurl.controller.IDGenerationControllerTest" time="0.005"/>
  <testcase name="perform_a_recursive_test_to_get_unique_id()[814]" classname="com.neeraj.tinyurl.controller.IDGenerationControllerTest" time="0.004"/>
  <testcase name="perform_a_recursive_test_to_get_unique_id()[815]" classname="com.neeraj.tinyurl.controller.IDGenerationControllerTest" time="0.004"/>
  <testcase name="perform_a_recursive_test_to_get_unique_id()[816]" classname="com.neeraj.tinyurl.controller.IDGenerationControllerTest" time="0.004"/>
  <testcase name="perform_a_recursive_test_to_get_unique_id()[817]" classname="com.neeraj.tinyurl.controller.IDGenerationControllerTest" time="0.003"/>
  <testcase name="perform_a_recursive_test_to_get_unique_id()[818]" classname="com.neeraj.tinyurl.controller.IDGenerationControllerTest" time="0.006"/>
  <testcase name="perform_a_recursive_test_to_get_unique_id()[819]" classname="com.neeraj.tinyurl.controller.IDGenerationControllerTest" time="0.004"/>
  <testcase name="perform_a_recursive_test_to_get_unique_id()[820]" classname="com.neeraj.tinyurl.controller.IDGenerationControllerTest" time="0.003"/>
  <testcase name="perform_a_recursive_test_to_get_unique_id()[821]" classname="com.neeraj.tinyurl.controller.IDGenerationControllerTest" time="0.009"/>
  <testcase name="perform_a_recursive_test_to_get_unique_id()[822]" classname="com.neeraj.tinyurl.controller.IDGenerationControllerTest" time="0.004"/>
  <testcase name="perform_a_recursive_test_to_get_unique_id()[823]" classname="com.neeraj.tinyurl.controller.IDGenerationControllerTest" time="0.003"/>
  <testcase name="perform_a_recursive_test_to_get_unique_id()[824]" classname="com.neeraj.tinyurl.controller.IDGenerationControllerTest" time="0.004"/>
  <testcase name="perform_a_recursive_test_to_get_unique_id()[825]" classname="com.neeraj.tinyurl.controller.IDGenerationControllerTest" time="0.004"/>
  <testcase name="perform_a_recursive_test_to_get_unique_id()[826]" classname="com.neeraj.tinyurl.controller.IDGenerationControllerTest" time="0.003"/>
  <testcase name="perform_a_recursive_test_to_get_unique_id()[827]" classname="com.neeraj.tinyurl.controller.IDGenerationControllerTest" time="0.004"/>
  <testcase name="perform_a_recursive_test_to_get_unique_id()[828]" classname="com.neeraj.tinyurl.controller.IDGenerationControllerTest" time="0.003"/>
  <testcase name="perform_a_recursive_test_to_get_unique_id()[829]" classname="com.neeraj.tinyurl.controller.IDGenerationControllerTest" time="0.002"/>
  <testcase name="perform_a_recursive_test_to_get_unique_id()[830]" classname="com.neeraj.tinyurl.controller.IDGenerationControllerTest" time="0.003"/>
  <testcase name="perform_a_recursive_test_to_get_unique_id()[831]" classname="com.neeraj.tinyurl.controller.IDGenerationControllerTest" time="0.002"/>
  <testcase name="perform_a_recursive_test_to_get_unique_id()[832]" classname="com.neeraj.tinyurl.controller.IDGenerationControllerTest" time="0.003"/>
  <testcase name="perform_a_recursive_test_to_get_unique_id()[833]" classname="com.neeraj.tinyurl.controller.IDGenerationControllerTest" time="0.003"/>
  <testcase name="perform_a_recursive_test_to_get_unique_id()[834]" classname="com.neeraj.tinyurl.controller.IDGenerationControllerTest" time="0.003"/>
  <testcase name="perform_a_recursive_test_to_get_unique_id()[835]" classname="com.neeraj.tinyurl.controller.IDGenerationControllerTest" time="0.005"/>
  <testcase name="perform_a_recursive_test_to_get_unique_id()[836]" classname="com.neeraj.tinyurl.controller.IDGenerationControllerTest" time="0.005"/>
  <testcase name="perform_a_recursive_test_to_get_unique_id()[837]" classname="com.neeraj.tinyurl.controller.IDGenerationControllerTest" time="0.005"/>
  <testcase name="perform_a_recursive_test_to_get_unique_id()[838]" classname="com.neeraj.tinyurl.controller.IDGenerationControllerTest" time="0.003"/>
  <testcase name="perform_a_recursive_test_to_get_unique_id()[839]" classname="com.neeraj.tinyurl.controller.IDGenerationControllerTest" time="0.056"/>
  <testcase name="perform_a_recursive_test_to_get_unique_id()[840]" classname="com.neeraj.tinyurl.controller.IDGenerationControllerTest" time="0.005"/>
  <testcase name="perform_a_recursive_test_to_get_unique_id()[841]" classname="com.neeraj.tinyurl.controller.IDGenerationControllerTest" time="0.003"/>
  <testcase name="perform_a_recursive_test_to_get_unique_id()[842]" classname="com.neeraj.tinyurl.controller.IDGenerationControllerTest" time="0.005"/>
  <testcase name="perform_a_recursive_test_to_get_unique_id()[843]" classname="com.neeraj.tinyurl.controller.IDGenerationControllerTest" time="0.006"/>
  <testcase name="perform_a_recursive_test_to_get_unique_id()[844]" classname="com.neeraj.tinyurl.controller.IDGenerationControllerTest" time="0.004"/>
  <testcase name="perform_a_recursive_test_to_get_unique_id()[845]" classname="com.neeraj.tinyurl.controller.IDGenerationControllerTest" time="0.004"/>
  <testcase name="perform_a_recursive_test_to_get_unique_id()[846]" classname="com.neeraj.tinyurl.controller.IDGenerationControllerTest" time="0.004"/>
  <testcase name="perform_a_recursive_test_to_get_unique_id()[847]" classname="com.neeraj.tinyurl.controller.IDGenerationControllerTest" time="0.004"/>
  <testcase name="perform_a_recursive_test_to_get_unique_id()[848]" classname="com.neeraj.tinyurl.controller.IDGenerationControllerTest" time="0.004"/>
  <testcase name="perform_a_recursive_test_to_get_unique_id()[849]" classname="com.neeraj.tinyurl.controller.IDGenerationControllerTest" time="0.004"/>
  <testcase name="perform_a_recursive_test_to_get_unique_id()[850]" classname="com.neeraj.tinyurl.controller.IDGenerationControllerTest" time="0.004"/>
  <testcase name="perform_a_recursive_test_to_get_unique_id()[851]" classname="com.neeraj.tinyurl.controller.IDGenerationControllerTest" time="0.012"/>
  <testcase name="perform_a_recursive_test_to_get_unique_id()[852]" classname="com.neeraj.tinyurl.controller.IDGenerationControllerTest" time="0.004"/>
  <testcase name="perform_a_recursive_test_to_get_unique_id()[853]" classname="com.neeraj.tinyurl.controller.IDGenerationControllerTest" time="0.004"/>
  <testcase name="perform_a_recursive_test_to_get_unique_id()[854]" classname="com.neeraj.tinyurl.controller.IDGenerationControllerTest" time="0.005"/>
  <testcase name="perform_a_recursive_test_to_get_unique_id()[855]" classname="com.neeraj.tinyurl.controller.IDGenerationControllerTest" time="0.006"/>
  <testcase name="perform_a_recursive_test_to_get_unique_id()[856]" classname="com.neeraj.tinyurl.controller.IDGenerationControllerTest" time="0.003"/>
  <testcase name="perform_a_recursive_test_to_get_unique_id()[857]" classname="com.neeraj.tinyurl.controller.IDGenerationControllerTest" time="0.005"/>
  <testcase name="perform_a_recursive_test_to_get_unique_id()[858]" classname="com.neeraj.tinyurl.controller.IDGenerationControllerTest" time="0.005"/>
  <testcase name="perform_a_recursive_test_to_get_unique_id()[859]" classname="com.neeraj.tinyurl.controller.IDGenerationControllerTest" time="0.005"/>
  <testcase name="perform_a_recursive_test_to_get_unique_id()[860]" classname="com.neeraj.tinyurl.controller.IDGenerationControllerTest" time="0.003"/>
  <testcase name="perform_a_recursive_test_to_get_unique_id()[861]" classname="com.neeraj.tinyurl.controller.IDGenerationControllerTest" time="0.004"/>
  <testcase name="perform_a_recursive_test_to_get_unique_id()[862]" classname="com.neeraj.tinyurl.controller.IDGenerationControllerTest" time="0.003"/>
  <testcase name="perform_a_recursive_test_to_get_unique_id()[863]" classname="com.neeraj.tinyurl.controller.IDGenerationControllerTest" time="0.005"/>
  <testcase name="perform_a_recursive_test_to_get_unique_id()[864]" classname="com.neeraj.tinyurl.controller.IDGenerationControllerTest" time="0.004"/>
  <testcase name="perform_a_recursive_test_to_get_unique_id()[865]" classname="com.neeraj.tinyurl.controller.IDGenerationControllerTest" time="0.003"/>
  <testcase name="perform_a_recursive_test_to_get_unique_id()[866]" classname="com.neeraj.tinyurl.controller.IDGenerationControllerTest" time="0.002"/>
  <testcase name="perform_a_recursive_test_to_get_unique_id()[867]" classname="com.neeraj.tinyurl.controller.IDGenerationControllerTest" time="0.006"/>
  <testcase name="perform_a_recursive_test_to_get_unique_id()[868]" classname="com.neeraj.tinyurl.controller.IDGenerationControllerTest" time="0.004"/>
  <testcase name="perform_a_recursive_test_to_get_unique_id()[869]" classname="com.neeraj.tinyurl.controller.IDGenerationControllerTest" time="0.003"/>
  <testcase name="perform_a_recursive_test_to_get_unique_id()[870]" classname="com.neeraj.tinyurl.controller.IDGenerationControllerTest" time="0.003"/>
  <testcase name="perform_a_recursive_test_to_get_unique_id()[871]" classname="com.neeraj.tinyurl.controller.IDGenerationControllerTest" time="0.003"/>
  <testcase name="perform_a_recursive_test_to_get_unique_id()[872]" classname="com.neeraj.tinyurl.controller.IDGenerationControllerTest" time="0.003"/>
  <testcase name="perform_a_recursive_test_to_get_unique_id()[873]" classname="com.neeraj.tinyurl.controller.IDGenerationControllerTest" time="0.003"/>
  <testcase name="perform_a_recursive_test_to_get_unique_id()[874]" classname="com.neeraj.tinyurl.controller.IDGenerationControllerTest" time="0.004"/>
  <testcase name="perform_a_recursive_test_to_get_unique_id()[875]" classname="com.neeraj.tinyurl.controller.IDGenerationControllerTest" time="0.003"/>
  <testcase name="perform_a_recursive_test_to_get_unique_id()[876]" classname="com.neeraj.tinyurl.controller.IDGenerationControllerTest" time="0.004"/>
  <testcase name="perform_a_recursive_test_to_get_unique_id()[877]" classname="com.neeraj.tinyurl.controller.IDGenerationControllerTest" time="0.003"/>
  <testcase name="perform_a_recursive_test_to_get_unique_id()[878]" classname="com.neeraj.tinyurl.controller.IDGenerationControllerTest" time="0.003"/>
  <testcase name="perform_a_recursive_test_to_get_unique_id()[879]" classname="com.neeraj.tinyurl.controller.IDGenerationControllerTest" time="0.004"/>
  <testcase name="perform_a_recursive_test_to_get_unique_id()[880]" classname="com.neeraj.tinyurl.controller.IDGenerationControllerTest" time="0.004"/>
  <testcase name="perform_a_recursive_test_to_get_unique_id()[881]" classname="com.neeraj.tinyurl.controller.IDGenerationControllerTest" time="0.004"/>
  <testcase name="perform_a_recursive_test_to_get_unique_id()[882]" classname="com.neeraj.tinyurl.controller.IDGenerationControllerTest" time="0.003"/>
  <testcase name="perform_a_recursive_test_to_get_unique_id()[883]" classname="com.neeraj.tinyurl.controller.IDGenerationControllerTest" time="0.004"/>
  <testcase name="perform_a_recursive_test_to_get_unique_id()[884]" classname="com.neeraj.tinyurl.controller.IDGenerationControllerTest" time="0.005"/>
  <testcase name="perform_a_recursive_test_to_get_unique_id()[885]" classname="com.neeraj.tinyurl.controller.IDGenerationControllerTest" time="0.005"/>
  <testcase name="perform_a_recursive_test_to_get_unique_id()[886]" classname="com.neeraj.tinyurl.controller.IDGenerationControllerTest" time="0.005"/>
  <testcase name="perform_a_recursive_test_to_get_unique_id()[887]" classname="com.neeraj.tinyurl.controller.IDGenerationControllerTest" time="0.004"/>
  <testcase name="perform_a_recursive_test_to_get_unique_id()[888]" classname="com.neeraj.tinyurl.controller.IDGenerationControllerTest" time="0.005"/>
  <testcase name="perform_a_recursive_test_to_get_unique_id()[889]" classname="com.neeraj.tinyurl.controller.IDGenerationControllerTest" time="0.016"/>
  <testcase name="perform_a_recursive_test_to_get_unique_id()[890]" classname="com.neeraj.tinyurl.controller.IDGenerationControllerTest" time="0.005"/>
  <testcase name="perform_a_recursive_test_to_get_unique_id()[891]" classname="com.neeraj.tinyurl.controller.IDGenerationControllerTest" time="0.004"/>
  <testcase name="perform_a_recursive_test_to_get_unique_id()[892]" classname="com.neeraj.tinyurl.controller.IDGenerationControllerTest" time="0.009"/>
  <testcase name="perform_a_recursive_test_to_get_unique_id()[893]" classname="com.neeraj.tinyurl.controller.IDGenerationControllerTest" time="0.011"/>
  <testcase name="perform_a_recursive_test_to_get_unique_id()[894]" classname="com.neeraj.tinyurl.controller.IDGenerationControllerTest" time="0.006"/>
  <testcase name="perform_a_recursive_test_to_get_unique_id()[895]" classname="com.neeraj.tinyurl.controller.IDGenerationControllerTest" time="0.007"/>
  <testcase name="perform_a_recursive_test_to_get_unique_id()[896]" classname="com.neeraj.tinyurl.controller.IDGenerationControllerTest" time="0.004"/>
  <testcase name="perform_a_recursive_test_to_get_unique_id()[897]" classname="com.neeraj.tinyurl.controller.IDGenerationControllerTest" time="0.004"/>
  <testcase name="perform_a_recursive_test_to_get_unique_id()[898]" classname="com.neeraj.tinyurl.controller.IDGenerationControllerTest" time="0.004"/>
  <testcase name="perform_a_recursive_test_to_get_unique_id()[899]" classname="com.neeraj.tinyurl.controller.IDGenerationControllerTest" time="0.003"/>
  <testcase name="perform_a_recursive_test_to_get_unique_id()[900]" classname="com.neeraj.tinyurl.controller.IDGenerationControllerTest" time="0.053"/>
  <testcase name="perform_a_recursive_test_to_get_unique_id()[901]" classname="com.neeraj.tinyurl.controller.IDGenerationControllerTest" time="0.006"/>
  <testcase name="perform_a_recursive_test_to_get_unique_id()[902]" classname="com.neeraj.tinyurl.controller.IDGenerationControllerTest" time="0.004"/>
  <testcase name="perform_a_recursive_test_to_get_unique_id()[903]" classname="com.neeraj.tinyurl.controller.IDGenerationControllerTest" time="0.004"/>
  <testcase name="perform_a_recursive_test_to_get_unique_id()[904]" classname="com.neeraj.tinyurl.controller.IDGenerationControllerTest" time="0.003"/>
  <testcase name="perform_a_recursive_test_to_get_unique_id()[905]" classname="com.neeraj.tinyurl.controller.IDGenerationControllerTest" time="0.004"/>
  <testcase name="perform_a_recursive_test_to_get_unique_id()[906]" classname="com.neeraj.tinyurl.controller.IDGenerationControllerTest" time="0.004"/>
  <testcase name="perform_a_recursive_test_to_get_unique_id()[907]" classname="com.neeraj.tinyurl.controller.IDGenerationControllerTest" time="0.003"/>
  <testcase name="perform_a_recursive_test_to_get_unique_id()[908]" classname="com.neeraj.tinyurl.controller.IDGenerationControllerTest" time="0.003"/>
  <testcase name="perform_a_recursive_test_to_get_unique_id()[909]" classname="com.neeraj.tinyurl.controller.IDGenerationControllerTest" time="0.004"/>
  <testcase name="perform_a_recursive_test_to_get_unique_id()[910]" classname="com.neeraj.tinyurl.controller.IDGenerationControllerTest" time="0.004"/>
  <testcase name="perform_a_recursive_test_to_get_unique_id()[911]" classname="com.neeraj.tinyurl.controller.IDGenerationControllerTest" time="0.004"/>
  <testcase name="perform_a_recursive_test_to_get_unique_id()[912]" classname="com.neeraj.tinyurl.controller.IDGenerationControllerTest" time="0.003"/>
  <testcase name="perform_a_recursive_test_to_get_unique_id()[913]" classname="com.neeraj.tinyurl.controller.IDGenerationControllerTest" time="0.004"/>
  <testcase name="perform_a_recursive_test_to_get_unique_id()[914]" classname="com.neeraj.tinyurl.controller.IDGenerationControllerTest" time="0.005"/>
  <testcase name="perform_a_recursive_test_to_get_unique_id()[915]" classname="com.neeraj.tinyurl.controller.IDGenerationControllerTest" time="0.003"/>
  <testcase name="perform_a_recursive_test_to_get_unique_id()[916]" classname="com.neeraj.tinyurl.controller.IDGenerationControllerTest" time="0.003"/>
  <testcase name="perform_a_recursive_test_to_get_unique_id()[917]" classname="com.neeraj.tinyurl.controller.IDGenerationControllerTest" time="0.004"/>
  <testcase name="perform_a_recursive_test_to_get_unique_id()[918]" classname="com.neeraj.tinyurl.controller.IDGenerationControllerTest" time="0.003"/>
  <testcase name="perform_a_recursive_test_to_get_unique_id()[919]" classname="com.neeraj.tinyurl.controller.IDGenerationControllerTest" time="0.003"/>
  <testcase name="perform_a_recursive_test_to_get_unique_id()[920]" classname="com.neeraj.tinyurl.controller.IDGenerationControllerTest" time="0.003"/>
  <testcase name="perform_a_recursive_test_to_get_unique_id()[921]" classname="com.neeraj.tinyurl.controller.IDGenerationControllerTest" time="0.003"/>
  <testcase name="perform_a_recursive_test_to_get_unique_id()[922]" classname="com.neeraj.tinyurl.controller.IDGenerationControllerTest" time="0.003"/>
  <testcase name="perform_a_recursive_test_to_get_unique_id()[923]" classname="com.neeraj.tinyurl.controller.IDGenerationControllerTest" time="0.003"/>
  <testcase name="perform_a_recursive_test_to_get_unique_id()[924]" classname="com.neeraj.tinyurl.controller.IDGenerationControllerTest" time="0.004"/>
  <testcase name="perform_a_recursive_test_to_get_unique_id()[925]" classname="com.neeraj.tinyurl.controller.IDGenerationControllerTest" time="0.003"/>
  <testcase name="perform_a_recursive_test_to_get_unique_id()[926]" classname="com.neeraj.tinyurl.controller.IDGenerationControllerTest" time="0.003"/>
  <testcase name="perform_a_recursive_test_to_get_unique_id()[927]" classname="com.neeraj.tinyurl.controller.IDGenerationControllerTest" time="0.003"/>
  <testcase name="perform_a_recursive_test_to_get_unique_id()[928]" classname="com.neeraj.tinyurl.controller.IDGenerationControllerTest" time="0.003"/>
  <testcase name="perform_a_recursive_test_to_get_unique_id()[929]" classname="com.neeraj.tinyurl.controller.IDGenerationControllerTest" time="0.004"/>
  <testcase name="perform_a_recursive_test_to_get_unique_id()[930]" classname="com.neeraj.tinyurl.controller.IDGenerationControllerTest" time="0.003"/>
  <testcase name="perform_a_recursive_test_to_get_unique_id()[931]" classname="com.neeraj.tinyurl.controller.IDGenerationControllerTest" time="0.003"/>
  <testcase name="perform_a_recursive_test_to_get_unique_id()[932]" classname="com.neeraj.tinyurl.controller.IDGenerationControllerTest" time="0.003"/>
  <testcase name="perform_a_recursive_test_to_get_unique_id()[933]" classname="com.neeraj.tinyurl.controller.IDGenerationControllerTest" time="0.003"/>
  <testcase name="perform_a_recursive_test_to_get_unique_id()[934]" classname="com.neeraj.tinyurl.controller.IDGenerationControllerTest" time="0.003"/>
  <testcase name="perform_a_recursive_test_to_get_unique_id()[935]" classname="com.neeraj.tinyurl.controller.IDGenerationControllerTest" time="0.003"/>
  <testcase name="perform_a_recursive_test_to_get_unique_id()[936]" classname="com.neeraj.tinyurl.controller.IDGenerationControllerTest" time="0.004"/>
  <testcase name="perform_a_recursive_test_to_get_unique_id()[937]" classname="com.neeraj.tinyurl.controller.IDGenerationControllerTest" time="0.003"/>
  <testcase name="perform_a_recursive_test_to_get_unique_id()[938]" classname="com.neeraj.tinyurl.controller.IDGenerationControllerTest" time="0.003"/>
  <testcase name="perform_a_recursive_test_to_get_unique_id()[939]" classname="com.neeraj.tinyurl.controller.IDGenerationControllerTest" time="0.004"/>
  <testcase name="perform_a_recursive_test_to_get_unique_id()[940]" classname="com.neeraj.tinyurl.controller.IDGenerationControllerTest" time="0.003"/>
  <testcase name="perform_a_recursive_test_to_get_unique_id()[941]" classname="com.neeraj.tinyurl.controller.IDGenerationControllerTest" time="0.002"/>
  <testcase name="perform_a_recursive_test_to_get_unique_id()[942]" classname="com.neeraj.tinyurl.controller.IDGenerationControllerTest" time="0.005"/>
  <testcase name="perform_a_recursive_test_to_get_unique_id()[943]" classname="com.neeraj.tinyurl.controller.IDGenerationControllerTest" time="0.005"/>
  <testcase name="perform_a_recursive_test_to_get_unique_id()[944]" classname="com.neeraj.tinyurl.controller.IDGenerationControllerTest" time="0.003"/>
  <testcase name="perform_a_recursive_test_to_get_unique_id()[945]" classname="com.neeraj.tinyurl.controller.IDGenerationControllerTest" time="0.022"/>
  <testcase name="perform_a_recursive_test_to_get_unique_id()[946]" classname="com.neeraj.tinyurl.controller.IDGenerationControllerTest" time="0.011"/>
  <testcase name="perform_a_recursive_test_to_get_unique_id()[947]" classname="com.neeraj.tinyurl.controller.IDGenerationControllerTest" time="0.011"/>
  <testcase name="perform_a_recursive_test_to_get_unique_id()[948]" classname="com.neeraj.tinyurl.controller.IDGenerationControllerTest" time="0.004"/>
  <testcase name="perform_a_recursive_test_to_get_unique_id()[949]" classname="com.neeraj.tinyurl.controller.IDGenerationControllerTest" time="0.023"/>
  <testcase name="perform_a_recursive_test_to_get_unique_id()[950]" classname="com.neeraj.tinyurl.controller.IDGenerationControllerTest" time="0.006"/>
  <testcase name="perform_a_recursive_test_to_get_unique_id()[951]" classname="com.neeraj.tinyurl.controller.IDGenerationControllerTest" time="0.003"/>
  <testcase name="perform_a_recursive_test_to_get_unique_id()[952]" classname="com.neeraj.tinyurl.controller.IDGenerationControllerTest" time="0.006"/>
  <testcase name="perform_a_recursive_test_to_get_unique_id()[953]" classname="com.neeraj.tinyurl.controller.IDGenerationControllerTest" time="0.003"/>
  <testcase name="perform_a_recursive_test_to_get_unique_id()[954]" classname="com.neeraj.tinyurl.controller.IDGenerationControllerTest" time="0.004"/>
  <testcase name="perform_a_recursive_test_to_get_unique_id()[955]" classname="com.neeraj.tinyurl.controller.IDGenerationControllerTest" time="0.003"/>
  <testcase name="perform_a_recursive_test_to_get_unique_id()[956]" classname="com.neeraj.tinyurl.controller.IDGenerationControllerTest" time="0.004"/>
  <testcase name="perform_a_recursive_test_to_get_unique_id()[957]" classname="com.neeraj.tinyurl.controller.IDGenerationControllerTest" time="0.003"/>
  <testcase name="perform_a_recursive_test_to_get_unique_id()[958]" classname="com.neeraj.tinyurl.controller.IDGenerationControllerTest" time="0.003"/>
  <testcase name="perform_a_recursive_test_to_get_unique_id()[959]" classname="com.neeraj.tinyurl.controller.IDGenerationControllerTest" time="0.004"/>
  <testcase name="perform_a_recursive_test_to_get_unique_id()[960]" classname="com.neeraj.tinyurl.controller.IDGenerationControllerTest" time="0.003"/>
  <testcase name="perform_a_recursive_test_to_get_unique_id()[961]" classname="com.neeraj.tinyurl.controller.IDGenerationControllerTest" time="0.003"/>
  <testcase name="perform_a_recursive_test_to_get_unique_id()[962]" classname="com.neeraj.tinyurl.controller.IDGenerationControllerTest" time="0.003"/>
  <testcase name="perform_a_recursive_test_to_get_unique_id()[963]" classname="com.neeraj.tinyurl.controller.IDGenerationControllerTest" time="0.003"/>
  <testcase name="perform_a_recursive_test_to_get_unique_id()[964]" classname="com.neeraj.tinyurl.controller.IDGenerationControllerTest" time="0.005"/>
  <testcase name="perform_a_recursive_test_to_get_unique_id()[965]" classname="com.neeraj.tinyurl.controller.IDGenerationControllerTest" time="0.003"/>
  <testcase name="perform_a_recursive_test_to_get_unique_id()[966]" classname="com.neeraj.tinyurl.controller.IDGenerationControllerTest" time="0.004"/>
  <testcase name="perform_a_recursive_test_to_get_unique_id()[967]" classname="com.neeraj.tinyurl.controller.IDGenerationControllerTest" time="0.004"/>
  <testcase name="perform_a_recursive_test_to_get_unique_id()[968]" classname="com.neeraj.tinyurl.controller.IDGenerationControllerTest" time="0.004"/>
  <testcase name="perform_a_recursive_test_to_get_unique_id()[969]" classname="com.neeraj.tinyurl.controller.IDGenerationControllerTest" time="0.004"/>
  <testcase name="perform_a_recursive_test_to_get_unique_id()[970]" classname="com.neeraj.tinyurl.controller.IDGenerationControllerTest" time="0.004"/>
  <testcase name="perform_a_recursive_test_to_get_unique_id()[971]" classname="com.neeraj.tinyurl.controller.IDGenerationControllerTest" time="0.003"/>
  <testcase name="perform_a_recursive_test_to_get_unique_id()[972]" classname="com.neeraj.tinyurl.controller.IDGenerationControllerTest" time="0.003"/>
  <testcase name="perform_a_recursive_test_to_get_unique_id()[973]" classname="com.neeraj.tinyurl.controller.IDGenerationControllerTest" time="0.003"/>
  <testcase name="perform_a_recursive_test_to_get_unique_id()[974]" classname="com.neeraj.tinyurl.controller.IDGenerationControllerTest" time="0.003"/>
  <testcase name="perform_a_recursive_test_to_get_unique_id()[975]" classname="com.neeraj.tinyurl.controller.IDGenerationControllerTest" time="0.003"/>
  <testcase name="perform_a_recursive_test_to_get_unique_id()[976]" classname="com.neeraj.tinyurl.controller.IDGenerationControllerTest" time="0.004"/>
  <testcase name="perform_a_recursive_test_to_get_unique_id()[977]" classname="com.neeraj.tinyurl.controller.IDGenerationControllerTest" time="0.004"/>
  <testcase name="perform_a_recursive_test_to_get_unique_id()[978]" classname="com.neeraj.tinyurl.controller.IDGenerationControllerTest" time="0.003"/>
  <testcase name="perform_a_recursive_test_to_get_unique_id()[979]" classname="com.neeraj.tinyurl.controller.IDGenerationControllerTest" time="0.004"/>
  <testcase name="perform_a_recursive_test_to_get_unique_id()[980]" classname="com.neeraj.tinyurl.controller.IDGenerationControllerTest" time="0.003"/>
  <testcase name="perform_a_recursive_test_to_get_unique_id()[981]" classname="com.neeraj.tinyurl.controller.IDGenerationControllerTest" time="0.004"/>
  <testcase name="perform_a_recursive_test_to_get_unique_id()[982]" classname="com.neeraj.tinyurl.controller.IDGenerationControllerTest" time="0.002"/>
  <testcase name="perform_a_recursive_test_to_get_unique_id()[983]" classname="com.neeraj.tinyurl.controller.IDGenerationControllerTest" time="0.003"/>
  <testcase name="perform_a_recursive_test_to_get_unique_id()[984]" classname="com.neeraj.tinyurl.controller.IDGenerationControllerTest" time="0.003"/>
  <testcase name="perform_a_recursive_test_to_get_unique_id()[985]" classname="com.neeraj.tinyurl.controller.IDGenerationControllerTest" time="0.003"/>
  <testcase name="perform_a_recursive_test_to_get_unique_id()[986]" classname="com.neeraj.tinyurl.controller.IDGenerationControllerTest" time="0.004"/>
  <testcase name="perform_a_recursive_test_to_get_unique_id()[987]" classname="com.neeraj.tinyurl.controller.IDGenerationControllerTest" time="0.004"/>
  <testcase name="perform_a_recursive_test_to_get_unique_id()[988]" classname="com.neeraj.tinyurl.controller.IDGenerationControllerTest" time="0.005"/>
  <testcase name="perform_a_recursive_test_to_get_unique_id()[989]" classname="com.neeraj.tinyurl.controller.IDGenerationControllerTest" time="0.005"/>
  <testcase name="perform_a_recursive_test_to_get_unique_id()[990]" classname="com.neeraj.tinyurl.controller.IDGenerationControllerTest" time="0.004"/>
  <testcase name="perform_a_recursive_test_to_get_unique_id()[991]" classname="com.neeraj.tinyurl.controller.IDGenerationControllerTest" time="0.005"/>
  <testcase name="perform_a_recursive_test_to_get_unique_id()[992]" classname="com.neeraj.tinyurl.controller.IDGenerationControllerTest" time="0.005"/>
  <testcase name="perform_a_recursive_test_to_get_unique_id()[993]" classname="com.neeraj.tinyurl.controller.IDGenerationControllerTest" time="0.004"/>
  <testcase name="perform_a_recursive_test_to_get_unique_id()[994]" classname="com.neeraj.tinyurl.controller.IDGenerationControllerTest" time="0.004"/>
  <testcase name="perform_a_recursive_test_to_get_unique_id()[995]" classname="com.neeraj.tinyurl.controller.IDGenerationControllerTest" time="0.005"/>
  <testcase name="perform_a_recursive_test_to_get_unique_id()[996]" classname="com.neeraj.tinyurl.controller.IDGenerationControllerTest" time="0.005"/>
  <testcase name="perform_a_recursive_test_to_get_unique_id()[997]" classname="com.neeraj.tinyurl.controller.IDGenerationControllerTest" time="0.011"/>
  <testcase name="perform_a_recursive_test_to_get_unique_id()[998]" classname="com.neeraj.tinyurl.controller.IDGenerationControllerTest" time="0.025"/>
  <testcase name="perform_a_recursive_test_to_get_unique_id()[999]" classname="com.neeraj.tinyurl.controller.IDGenerationControllerTest" time="0.004"/>
  <testcase name="perform_a_recursive_test_to_get_unique_id()[1000]" classname="com.neeraj.tinyurl.controller.IDGenerationControllerTest" time="0.139"/>
  <system-out><![CDATA[23:48:13.894 [Test worker] DEBUG org.springframework.test.context.BootstrapUtils - Instantiating CacheAwareContextLoaderDelegate from class [org.springframework.test.context.cache.DefaultCacheAwareContextLoaderDelegate]
23:48:13.961 [Test worker] DEBUG org.springframework.test.context.BootstrapUtils - Instantiating BootstrapContext using constructor [public org.springframework.test.context.support.DefaultBootstrapContext(java.lang.Class,org.springframework.test.context.CacheAwareContextLoaderDelegate)]
23:48:14.040 [Test worker] DEBUG org.springframework.test.context.BootstrapUtils - Instantiating TestContextBootstrapper for test class [com.neeraj.tinyurl.controller.IDGenerationControllerTest] from class [org.springframework.boot.test.context.SpringBootTestContextBootstrapper]
23:48:14.076 [Test worker] INFO org.springframework.boot.test.context.SpringBootTestContextBootstrapper - Neither @ContextConfiguration nor @ContextHierarchy found for test class [com.neeraj.tinyurl.controller.IDGenerationControllerTest], using SpringBootContextLoader
23:48:14.084 [Test worker] DEBUG org.springframework.test.context.support.AbstractContextLoader - Did not detect default resource location for test class [com.neeraj.tinyurl.controller.IDGenerationControllerTest]: class path resource [com/neeraj/tinyurl/controller/IDGenerationControllerTest-context.xml] does not exist
23:48:14.085 [Test worker] DEBUG org.springframework.test.context.support.AbstractContextLoader - Did not detect default resource location for test class [com.neeraj.tinyurl.controller.IDGenerationControllerTest]: class path resource [com/neeraj/tinyurl/controller/IDGenerationControllerTestContext.groovy] does not exist
23:48:14.086 [Test worker] INFO org.springframework.test.context.support.AbstractContextLoader - Could not detect default resource locations for test class [com.neeraj.tinyurl.controller.IDGenerationControllerTest]: no resource found for suffixes {-context.xml, Context.groovy}.
23:48:14.087 [Test worker] INFO org.springframework.test.context.support.AnnotationConfigContextLoaderUtils - Could not detect default configuration classes for test class [com.neeraj.tinyurl.controller.IDGenerationControllerTest]: IDGenerationControllerTest does not declare any static, non-private, non-final, nested classes annotated with @Configuration.
23:48:14.202 [Test worker] DEBUG org.springframework.test.context.support.ActiveProfilesUtils - Could not find an 'annotation declaring class' for annotation type [org.springframework.test.context.ActiveProfiles] and class [com.neeraj.tinyurl.controller.IDGenerationControllerTest]
23:48:14.398 [Test worker] DEBUG org.springframework.context.annotation.ClassPathScanningCandidateComponentProvider - Identified candidate component class: file [D:\JavaProject\FAANG\SystemDesign\Neeraj\tiny-url\id-generation\build\classes\java\main\com\neeraj\tinyurl\TinyURLIdGenerationApplication.class]
23:48:14.399 [Test worker] INFO org.springframework.boot.test.context.SpringBootTestContextBootstrapper - Found @SpringBootConfiguration com.neeraj.tinyurl.TinyURLIdGenerationApplication for test class com.neeraj.tinyurl.controller.IDGenerationControllerTest
23:48:14.665 [Test worker] DEBUG org.springframework.boot.test.context.SpringBootTestContextBootstrapper - @TestExecutionListeners is not present for class [com.neeraj.tinyurl.controller.IDGenerationControllerTest]: using defaults.
23:48:14.668 [Test worker] INFO org.springframework.boot.test.context.SpringBootTestContextBootstrapper - Loaded default TestExecutionListener class names from location [META-INF/spring.factories]: [org.springframework.boot.test.autoconfigure.restdocs.RestDocsTestExecutionListener, org.springframework.boot.test.autoconfigure.web.client.MockRestServiceServerResetTestExecutionListener, org.springframework.boot.test.autoconfigure.web.servlet.MockMvcPrintOnlyOnFailureTestExecutionListener, org.springframework.boot.test.autoconfigure.web.servlet.WebDriverTestExecutionListener, org.springframework.boot.test.mock.mockito.MockitoTestExecutionListener, org.springframework.boot.test.mock.mockito.ResetMocksTestExecutionListener, org.springframework.test.context.web.ServletTestExecutionListener, org.springframework.test.context.support.DirtiesContextBeforeModesTestExecutionListener, org.springframework.test.context.support.DependencyInjectionTestExecutionListener, org.springframework.test.context.support.DirtiesContextTestExecutionListener, org.springframework.test.context.transaction.TransactionalTestExecutionListener, org.springframework.test.context.jdbc.SqlScriptsTestExecutionListener, org.springframework.test.context.event.EventPublishingTestExecutionListener]
23:48:14.711 [Test worker] INFO org.springframework.boot.test.context.SpringBootTestContextBootstrapper - Using TestExecutionListeners: [org.springframework.test.context.web.ServletTestExecutionListener@2182dff2, org.springframework.test.context.support.DirtiesContextBeforeModesTestExecutionListener@41994b6f, org.springframework.boot.test.mock.mockito.MockitoTestExecutionListener@2d706c5f, org.springframework.boot.test.autoconfigure.SpringBootDependencyInjectionTestExecutionListener@737ef347, org.springframework.test.context.support.DirtiesContextTestExecutionListener@44b4cf95, org.springframework.test.context.transaction.TransactionalTestExecutionListener@4ffd265f, org.springframework.test.context.jdbc.SqlScriptsTestExecutionListener@6141a96b, org.springframework.test.context.event.EventPublishingTestExecutionListener@65219acf, org.springframework.boot.test.autoconfigure.restdocs.RestDocsTestExecutionListener@78b3999, org.springframework.boot.test.autoconfigure.web.client.MockRestServiceServerResetTestExecutionListener@21e228e9, org.springframework.boot.test.autoconfigure.web.servlet.MockMvcPrintOnlyOnFailureTestExecutionListener@4d04c74f, org.springframework.boot.test.autoconfigure.web.servlet.WebDriverTestExecutionListener@249adbc2, org.springframework.boot.test.mock.mockito.ResetMocksTestExecutionListener@7a836939]
23:48:14.722 [Test worker] DEBUG org.springframework.test.context.support.AbstractDirtiesContextTestExecutionListener - Before test class: context [DefaultTestContext@baf1655 testClass = IDGenerationControllerTest, testInstance = [null], testMethod = [null], testException = [null], mergedContextConfiguration = [WebMergedContextConfiguration@24de1c34 testClass = IDGenerationControllerTest, locations = '{}', classes = '{class com.neeraj.tinyurl.TinyURLIdGenerationApplication}', contextInitializerClasses = '[]', activeProfiles = '{}', propertySourceLocations = '{}', propertySourceProperties = '{org.springframework.boot.test.context.SpringBootTestContextBootstrapper=true}', contextCustomizers = set[org.springframework.boot.test.autoconfigure.properties.PropertyMappingContextCustomizer@4b3fa0b3, org.springframework.boot.test.autoconfigure.web.servlet.WebDriverContextCustomizerFactory$Customizer@25c59894, [ImportsContextCustomizer@21f6bd2 key = [org.springframework.boot.test.autoconfigure.web.servlet.MockMvcAutoConfiguration, org.springframework.boot.test.autoconfigure.web.servlet.MockMvcWebClientAutoConfiguration, org.springframework.boot.test.autoconfigure.web.servlet.MockMvcWebDriverAutoConfiguration, org.springframework.boot.autoconfigure.security.servlet.SecurityAutoConfiguration, org.springframework.boot.autoconfigure.security.servlet.UserDetailsServiceAutoConfiguration, org.springframework.boot.test.autoconfigure.web.servlet.MockMvcSecurityConfiguration]], org.springframework.boot.test.context.filter.ExcludeFilterContextCustomizer@539f17e2, org.springframework.boot.test.json.DuplicateJsonObjectContextCustomizerFactory$DuplicateJsonObjectContextCustomizer@4e99558a, org.springframework.boot.test.mock.mockito.MockitoContextCustomizer@0, org.springframework.boot.test.web.client.TestRestTemplateContextCustomizer@5a81889d], resourceBasePath = 'src/main/webapp', contextLoader = 'org.springframework.boot.test.context.SpringBootContextLoader', parent = [null]], attributes = map['org.springframework.test.context.web.ServletTestExecutionListener.activateListener' -> true]], class annotated with @DirtiesContext [false] with mode [null].
23:48:14.803 [Test worker] DEBUG org.springframework.test.context.support.TestPropertySourceUtils - Adding inlined properties to environment: {spring.jmx.enabled=false, org.springframework.boot.test.context.SpringBootTestContextBootstrapper=true, server.port=-1}

  .   ____          _            __ _ _
 /\\ / ___'_ __ _ _(_)_ __  __ _ \ \ \ \
( ( )\___ | '_ | '_| | '_ \/ _` | \ \ \ \
 \\/  ___)| |_)| | | | | || (_| |  ) ) ) )
  '  |____| .__|_| |_|_| |_\__, | / / / /
 =========|_|==============|___/=/_/_/_/
 :: Spring Boot ::        (v2.2.0.RELEASE)

2019-11-10 23:48:15.670  INFO 24672 --- [    Test worker] c.n.t.c.IDGenerationControllerTest       : Starting IDGenerationControllerTest on LAPTOP-TMHEIUI3 with PID 24672 (started by bnira in D:\JavaProject\FAANG\SystemDesign\Neeraj\tiny-url\id-generation)
2019-11-10 23:48:15.675  INFO 24672 --- [    Test worker] c.n.t.c.IDGenerationControllerTest       : No active profile set, falling back to default profiles: default
2019-11-10 23:48:18.596  INFO 24672 --- [    Test worker] .s.d.r.c.RepositoryConfigurationDelegate : Bootstrapping Spring Data repositories in DEFAULT mode.
2019-11-10 23:48:18.758  INFO 24672 --- [    Test worker] .s.d.r.c.RepositoryConfigurationDelegate : Finished Spring Data repository scanning in 140ms. Found 1 repository interfaces.
2019-11-10 23:48:19.590  INFO 24672 --- [    Test worker] trationDelegate$BeanPostProcessorChecker : Bean 'org.springframework.transaction.annotation.ProxyTransactionManagementConfiguration' of type [org.springframework.transaction.annotation.ProxyTransactionManagementConfiguration] is not eligible for getting processed by all BeanPostProcessors (for example: not eligible for auto-proxying)
2019-11-10 23:48:20.139  INFO 24672 --- [    Test worker] com.zaxxer.hikari.HikariDataSource       : HikariPool-1 - Starting...
2019-11-10 23:48:20.559  INFO 24672 --- [    Test worker] com.zaxxer.hikari.HikariDataSource       : HikariPool-1 - Start completed.
2019-11-10 23:48:20.767  INFO 24672 --- [    Test worker] o.hibernate.jpa.internal.util.LogHelper  : HHH000204: Processing PersistenceUnitInfo [name: default]
2019-11-10 23:48:20.975  INFO 24672 --- [    Test worker] org.hibernate.Version                    : HHH000412: Hibernate Core {5.4.6.Final}
2019-11-10 23:48:21.484  INFO 24672 --- [    Test worker] o.hibernate.annotations.common.Version   : HCANN000001: Hibernate Commons Annotations {5.1.0.Final}
2019-11-10 23:48:21.768  INFO 24672 --- [    Test worker] org.hibernate.dialect.Dialect            : HHH000400: Using dialect: org.hibernate.dialect.H2Dialect
Hibernate: drop table id_entity if exists
Hibernate: drop sequence if exists hibernate_sequence
Hibernate: create sequence hibernate_sequence start with 1 increment by 1
Hibernate: create table id_entity (id bigint not null, creation_date timestamp, created timestamp, taken timestamp, unique_id varchar(255) not null, primary key (id))
Hibernate: alter table id_entity add constraint UK_lxl41teu3n1gn8u5dt8t2u9v6 unique (unique_id)
2019-11-10 23:48:22.956  INFO 24672 --- [    Test worker] o.h.e.t.j.p.i.JtaPlatformInitiator       : HHH000490: Using JtaPlatform implementation: [org.hibernate.engine.transaction.jta.platform.internal.NoJtaPlatform]
2019-11-10 23:48:22.968  INFO 24672 --- [    Test worker] j.LocalContainerEntityManagerFactoryBean : Initialized JPA EntityManagerFactory for persistence unit 'default'
2019-11-10 23:48:24.926  WARN 24672 --- [    Test worker] JpaBaseConfiguration$JpaWebConfiguration : spring.jpa.open-in-view is enabled by default. Therefore, database queries may be performed during view rendering. Explicitly configure spring.jpa.open-in-view to disable this warning
2019-11-10 23:48:25.619  INFO 24672 --- [    Test worker] pertySourcedRequestMappingHandlerMapping : Mapped URL path [/v2/api-docs] onto method [springfox.documentation.swagger2.web.Swagger2Controller#getDocumentation(String, HttpServletRequest)]
2019-11-10 23:48:26.901  INFO 24672 --- [    Test worker] o.s.s.concurrent.ThreadPoolTaskExecutor  : Initializing ExecutorService 'applicationTaskExecutor'
2019-11-10 23:48:27.508  INFO 24672 --- [    Test worker] o.s.b.a.h2.H2ConsoleAutoConfiguration    : H2 console available at '/h2-console'. Database available at 'jdbc:h2:mem:testdb8002'
2019-11-10 23:48:27.719  INFO 24672 --- [    Test worker] o.s.b.t.m.w.SpringBootMockServletContext : Initializing Spring TestDispatcherServlet ''
2019-11-10 23:48:27.719  INFO 24672 --- [    Test worker] o.s.t.web.servlet.TestDispatcherServlet  : Initializing Servlet ''
2019-11-10 23:48:27.762  INFO 24672 --- [    Test worker] o.s.t.web.servlet.TestDispatcherServlet  : Completed initialization in 40 ms
2019-11-10 23:48:27.799  INFO 24672 --- [    Test worker] d.s.w.p.DocumentationPluginsBootstrapper : Context refreshed
2019-11-10 23:48:27.850  INFO 24672 --- [    Test worker] d.s.w.p.DocumentationPluginsBootstrapper : Found 1 custom documentation plugin(s)
2019-11-10 23:48:27.918  INFO 24672 --- [    Test worker] s.d.s.w.s.ApiListingReferenceScanner     : Scanning for api listing references
2019-11-10 23:48:28.331  INFO 24672 --- [    Test worker] c.n.t.c.IDGenerationControllerTest       : Started IDGenerationControllerTest in 13.498 seconds (JVM running for 17.306)
Hibernate: select identity0_.id as id1_0_, identity0_.creation_date as creation2_0_, identity0_.created as created3_0_, identity0_.taken as taken4_0_, identity0_.unique_id as unique_i5_0_ from id_entity identity0_ where identity0_.taken is null limit ?
Hibernate: select count(*) as col_0_0_ from id_entity identity0_
Hibernate: call next value for hibernate_sequence
Hibernate: call next value for hibernate_sequence
Hibernate: call next value for hibernate_sequence
Hibernate: call next value for hibernate_sequence
Hibernate: call next value for hibernate_sequence
Hibernate: call next value for hibernate_sequence
Hibernate: call next value for hibernate_sequence
Hibernate: call next value for hibernate_sequence
Hibernate: call next value for hibernate_sequence
Hibernate: call next value for hibernate_sequence
Hibernate: call next value for hibernate_sequence
Hibernate: call next value for hibernate_sequence
Hibernate: call next value for hibernate_sequence
Hibernate: call next value for hibernate_sequence
Hibernate: call next value for hibernate_sequence
Hibernate: call next value for hibernate_sequence
Hibernate: call next value for hibernate_sequence
Hibernate: call next value for hibernate_sequence
Hibernate: call next value for hibernate_sequence
Hibernate: call next value for hibernate_sequence
Hibernate: call next value for hibernate_sequence
Hibernate: call next value for hibernate_sequence
Hibernate: call next value for hibernate_sequence
Hibernate: call next value for hibernate_sequence
Hibernate: call next value for hibernate_sequence
Hibernate: call next value for hibernate_sequence
Hibernate: call next value for hibernate_sequence
Hibernate: call next value for hibernate_sequence
Hibernate: call next value for hibernate_sequence
Hibernate: call next value for hibernate_sequence
Hibernate: call next value for hibernate_sequence
Hibernate: call next value for hibernate_sequence
Hibernate: call next value for hibernate_sequence
Hibernate: call next value for hibernate_sequence
Hibernate: call next value for hibernate_sequence
Hibernate: call next value for hibernate_sequence
Hibernate: call next value for hibernate_sequence
Hibernate: call next value for hibernate_sequence
Hibernate: call next value for hibernate_sequence
Hibernate: call next value for hibernate_sequence
Hibernate: call next value for hibernate_sequence
Hibernate: call next value for hibernate_sequence
Hibernate: call next value for hibernate_sequence
Hibernate: call next value for hibernate_sequence
Hibernate: call next value for hibernate_sequence
Hibernate: call next value for hibernate_sequence
Hibernate: call next value for hibernate_sequence
Hibernate: call next value for hibernate_sequence
Hibernate: call next value for hibernate_sequence
Hibernate: call next value for hibernate_sequence
Hibernate: call next value for hibernate_sequence
Hibernate: call next value for hibernate_sequence
Hibernate: call next value for hibernate_sequence
Hibernate: call next value for hibernate_sequence
Hibernate: call next value for hibernate_sequence
Hibernate: call next value for hibernate_sequence
Hibernate: call next value for hibernate_sequence
Hibernate: call next value for hibernate_sequence
Hibernate: call next value for hibernate_sequence
Hibernate: call next value for hibernate_sequence
Hibernate: call next value for hibernate_sequence
Hibernate: call next value for hibernate_sequence
Hibernate: call next value for hibernate_sequence
Hibernate: call next value for hibernate_sequence
Hibernate: call next value for hibernate_sequence
Hibernate: call next value for hibernate_sequence
Hibernate: call next value for hibernate_sequence
Hibernate: call next value for hibernate_sequence
Hibernate: call next value for hibernate_sequence
Hibernate: call next value for hibernate_sequence
Hibernate: call next value for hibernate_sequence
Hibernate: call next value for hibernate_sequence
Hibernate: call next value for hibernate_sequence
Hibernate: call next value for hibernate_sequence
Hibernate: call next value for hibernate_sequence
Hibernate: call next value for hibernate_sequence
Hibernate: call next value for hibernate_sequence
Hibernate: call next value for hibernate_sequence
Hibernate: call next value for hibernate_sequence
Hibernate: call next value for hibernate_sequence
Hibernate: call next value for hibernate_sequence
Hibernate: call next value for hibernate_sequence
Hibernate: call next value for hibernate_sequence
Hibernate: call next value for hibernate_sequence
Hibernate: call next value for hibernate_sequence
Hibernate: call next value for hibernate_sequence
Hibernate: call next value for hibernate_sequence
Hibernate: call next value for hibernate_sequence
Hibernate: call next value for hibernate_sequence
Hibernate: call next value for hibernate_sequence
Hibernate: call next value for hibernate_sequence
Hibernate: call next value for hibernate_sequence
Hibernate: call next value for hibernate_sequence
Hibernate: call next value for hibernate_sequence
Hibernate: call next value for hibernate_sequence
Hibernate: call next value for hibernate_sequence
Hibernate: call next value for hibernate_sequence
Hibernate: call next value for hibernate_sequence
Hibernate: call next value for hibernate_sequence
Hibernate: call next value for hibernate_sequence
Hibernate: insert into id_entity (creation_date, created, taken, unique_id, id) values (?, ?, ?, ?, ?)
Hibernate: insert into id_entity (creation_date, created, taken, unique_id, id) values (?, ?, ?, ?, ?)
Hibernate: insert into id_entity (creation_date, created, taken, unique_id, id) values (?, ?, ?, ?, ?)
Hibernate: insert into id_entity (creation_date, created, taken, unique_id, id) values (?, ?, ?, ?, ?)
Hibernate: insert into id_entity (creation_date, created, taken, unique_id, id) values (?, ?, ?, ?, ?)
Hibernate: insert into id_entity (creation_date, created, taken, unique_id, id) values (?, ?, ?, ?, ?)
Hibernate: insert into id_entity (creation_date, created, taken, unique_id, id) values (?, ?, ?, ?, ?)
Hibernate: insert into id_entity (creation_date, created, taken, unique_id, id) values (?, ?, ?, ?, ?)
Hibernate: insert into id_entity (creation_date, created, taken, unique_id, id) values (?, ?, ?, ?, ?)
Hibernate: insert into id_entity (creation_date, created, taken, unique_id, id) values (?, ?, ?, ?, ?)
Hibernate: insert into id_entity (creation_date, created, taken, unique_id, id) values (?, ?, ?, ?, ?)
Hibernate: insert into id_entity (creation_date, created, taken, unique_id, id) values (?, ?, ?, ?, ?)
Hibernate: insert into id_entity (creation_date, created, taken, unique_id, id) values (?, ?, ?, ?, ?)
Hibernate: insert into id_entity (creation_date, created, taken, unique_id, id) values (?, ?, ?, ?, ?)
Hibernate: insert into id_entity (creation_date, created, taken, unique_id, id) values (?, ?, ?, ?, ?)
Hibernate: insert into id_entity (creation_date, created, taken, unique_id, id) values (?, ?, ?, ?, ?)
Hibernate: insert into id_entity (creation_date, created, taken, unique_id, id) values (?, ?, ?, ?, ?)
Hibernate: insert into id_entity (creation_date, created, taken, unique_id, id) values (?, ?, ?, ?, ?)
Hibernate: insert into id_entity (creation_date, created, taken, unique_id, id) values (?, ?, ?, ?, ?)
Hibernate: insert into id_entity (creation_date, created, taken, unique_id, id) values (?, ?, ?, ?, ?)
Hibernate: insert into id_entity (creation_date, created, taken, unique_id, id) values (?, ?, ?, ?, ?)
Hibernate: insert into id_entity (creation_date, created, taken, unique_id, id) values (?, ?, ?, ?, ?)
Hibernate: insert into id_entity (creation_date, created, taken, unique_id, id) values (?, ?, ?, ?, ?)
Hibernate: insert into id_entity (creation_date, created, taken, unique_id, id) values (?, ?, ?, ?, ?)
Hibernate: insert into id_entity (creation_date, created, taken, unique_id, id) values (?, ?, ?, ?, ?)
Hibernate: insert into id_entity (creation_date, created, taken, unique_id, id) values (?, ?, ?, ?, ?)
Hibernate: insert into id_entity (creation_date, created, taken, unique_id, id) values (?, ?, ?, ?, ?)
Hibernate: insert into id_entity (creation_date, created, taken, unique_id, id) values (?, ?, ?, ?, ?)
Hibernate: insert into id_entity (creation_date, created, taken, unique_id, id) values (?, ?, ?, ?, ?)
Hibernate: insert into id_entity (creation_date, created, taken, unique_id, id) values (?, ?, ?, ?, ?)
Hibernate: insert into id_entity (creation_date, created, taken, unique_id, id) values (?, ?, ?, ?, ?)
Hibernate: insert into id_entity (creation_date, created, taken, unique_id, id) values (?, ?, ?, ?, ?)
Hibernate: insert into id_entity (creation_date, created, taken, unique_id, id) values (?, ?, ?, ?, ?)
Hibernate: insert into id_entity (creation_date, created, taken, unique_id, id) values (?, ?, ?, ?, ?)
Hibernate: insert into id_entity (creation_date, created, taken, unique_id, id) values (?, ?, ?, ?, ?)
Hibernate: insert into id_entity (creation_date, created, taken, unique_id, id) values (?, ?, ?, ?, ?)
Hibernate: insert into id_entity (creation_date, created, taken, unique_id, id) values (?, ?, ?, ?, ?)
Hibernate: insert into id_entity (creation_date, created, taken, unique_id, id) values (?, ?, ?, ?, ?)
Hibernate: insert into id_entity (creation_date, created, taken, unique_id, id) values (?, ?, ?, ?, ?)
Hibernate: insert into id_entity (creation_date, created, taken, unique_id, id) values (?, ?, ?, ?, ?)
Hibernate: insert into id_entity (creation_date, created, taken, unique_id, id) values (?, ?, ?, ?, ?)
Hibernate: insert into id_entity (creation_date, created, taken, unique_id, id) values (?, ?, ?, ?, ?)
Hibernate: insert into id_entity (creation_date, created, taken, unique_id, id) values (?, ?, ?, ?, ?)
Hibernate: insert into id_entity (creation_date, created, taken, unique_id, id) values (?, ?, ?, ?, ?)
Hibernate: insert into id_entity (creation_date, created, taken, unique_id, id) values (?, ?, ?, ?, ?)
Hibernate: insert into id_entity (creation_date, created, taken, unique_id, id) values (?, ?, ?, ?, ?)
Hibernate: insert into id_entity (creation_date, created, taken, unique_id, id) values (?, ?, ?, ?, ?)
Hibernate: insert into id_entity (creation_date, created, taken, unique_id, id) values (?, ?, ?, ?, ?)
Hibernate: insert into id_entity (creation_date, created, taken, unique_id, id) values (?, ?, ?, ?, ?)
Hibernate: insert into id_entity (creation_date, created, taken, unique_id, id) values (?, ?, ?, ?, ?)
Hibernate: insert into id_entity (creation_date, created, taken, unique_id, id) values (?, ?, ?, ?, ?)
Hibernate: insert into id_entity (creation_date, created, taken, unique_id, id) values (?, ?, ?, ?, ?)
Hibernate: insert into id_entity (creation_date, created, taken, unique_id, id) values (?, ?, ?, ?, ?)
Hibernate: insert into id_entity (creation_date, created, taken, unique_id, id) values (?, ?, ?, ?, ?)
Hibernate: insert into id_entity (creation_date, created, taken, unique_id, id) values (?, ?, ?, ?, ?)
Hibernate: insert into id_entity (creation_date, created, taken, unique_id, id) values (?, ?, ?, ?, ?)
Hibernate: insert into id_entity (creation_date, created, taken, unique_id, id) values (?, ?, ?, ?, ?)
Hibernate: insert into id_entity (creation_date, created, taken, unique_id, id) values (?, ?, ?, ?, ?)
Hibernate: insert into id_entity (creation_date, created, taken, unique_id, id) values (?, ?, ?, ?, ?)
Hibernate: insert into id_entity (creation_date, created, taken, unique_id, id) values (?, ?, ?, ?, ?)
Hibernate: insert into id_entity (creation_date, created, taken, unique_id, id) values (?, ?, ?, ?, ?)
Hibernate: insert into id_entity (creation_date, created, taken, unique_id, id) values (?, ?, ?, ?, ?)
Hibernate: insert into id_entity (creation_date, created, taken, unique_id, id) values (?, ?, ?, ?, ?)
Hibernate: insert into id_entity (creation_date, created, taken, unique_id, id) values (?, ?, ?, ?, ?)
Hibernate: insert into id_entity (creation_date, created, taken, unique_id, id) values (?, ?, ?, ?, ?)
Hibernate: insert into id_entity (creation_date, created, taken, unique_id, id) values (?, ?, ?, ?, ?)
Hibernate: insert into id_entity (creation_date, created, taken, unique_id, id) values (?, ?, ?, ?, ?)
Hibernate: insert into id_entity (creation_date, created, taken, unique_id, id) values (?, ?, ?, ?, ?)
Hibernate: insert into id_entity (creation_date, created, taken, unique_id, id) values (?, ?, ?, ?, ?)
Hibernate: insert into id_entity (creation_date, created, taken, unique_id, id) values (?, ?, ?, ?, ?)
Hibernate: insert into id_entity (creation_date, created, taken, unique_id, id) values (?, ?, ?, ?, ?)
Hibernate: insert into id_entity (creation_date, created, taken, unique_id, id) values (?, ?, ?, ?, ?)
Hibernate: insert into id_entity (creation_date, created, taken, unique_id, id) values (?, ?, ?, ?, ?)
Hibernate: insert into id_entity (creation_date, created, taken, unique_id, id) values (?, ?, ?, ?, ?)
Hibernate: insert into id_entity (creation_date, created, taken, unique_id, id) values (?, ?, ?, ?, ?)
Hibernate: insert into id_entity (creation_date, created, taken, unique_id, id) values (?, ?, ?, ?, ?)
Hibernate: insert into id_entity (creation_date, created, taken, unique_id, id) values (?, ?, ?, ?, ?)
Hibernate: insert into id_entity (creation_date, created, taken, unique_id, id) values (?, ?, ?, ?, ?)
Hibernate: insert into id_entity (creation_date, created, taken, unique_id, id) values (?, ?, ?, ?, ?)
Hibernate: insert into id_entity (creation_date, created, taken, unique_id, id) values (?, ?, ?, ?, ?)
Hibernate: insert into id_entity (creation_date, created, taken, unique_id, id) values (?, ?, ?, ?, ?)
Hibernate: insert into id_entity (creation_date, created, taken, unique_id, id) values (?, ?, ?, ?, ?)
Hibernate: insert into id_entity (creation_date, created, taken, unique_id, id) values (?, ?, ?, ?, ?)
Hibernate: insert into id_entity (creation_date, created, taken, unique_id, id) values (?, ?, ?, ?, ?)
Hibernate: insert into id_entity (creation_date, created, taken, unique_id, id) values (?, ?, ?, ?, ?)
Hibernate: insert into id_entity (creation_date, created, taken, unique_id, id) values (?, ?, ?, ?, ?)
Hibernate: insert into id_entity (creation_date, created, taken, unique_id, id) values (?, ?, ?, ?, ?)
Hibernate: insert into id_entity (creation_date, created, taken, unique_id, id) values (?, ?, ?, ?, ?)
Hibernate: insert into id_entity (creation_date, created, taken, unique_id, id) values (?, ?, ?, ?, ?)
Hibernate: insert into id_entity (creation_date, created, taken, unique_id, id) values (?, ?, ?, ?, ?)
Hibernate: insert into id_entity (creation_date, created, taken, unique_id, id) values (?, ?, ?, ?, ?)
Hibernate: insert into id_entity (creation_date, created, taken, unique_id, id) values (?, ?, ?, ?, ?)
Hibernate: insert into id_entity (creation_date, created, taken, unique_id, id) values (?, ?, ?, ?, ?)
Hibernate: insert into id_entity (creation_date, created, taken, unique_id, id) values (?, ?, ?, ?, ?)
Hibernate: insert into id_entity (creation_date, created, taken, unique_id, id) values (?, ?, ?, ?, ?)
Hibernate: insert into id_entity (creation_date, created, taken, unique_id, id) values (?, ?, ?, ?, ?)
Hibernate: insert into id_entity (creation_date, created, taken, unique_id, id) values (?, ?, ?, ?, ?)
Hibernate: insert into id_entity (creation_date, created, taken, unique_id, id) values (?, ?, ?, ?, ?)
Hibernate: insert into id_entity (creation_date, created, taken, unique_id, id) values (?, ?, ?, ?, ?)
Hibernate: insert into id_entity (creation_date, created, taken, unique_id, id) values (?, ?, ?, ?, ?)
Hibernate: update id_entity set creation_date=?, created=?, taken=?, unique_id=? where id=?
Hibernate: select identity0_.id as id1_0_, identity0_.creation_date as creation2_0_, identity0_.created as created3_0_, identity0_.taken as taken4_0_, identity0_.unique_id as unique_i5_0_ from id_entity identity0_ where identity0_.taken is null limit ?
Hibernate: update id_entity set creation_date=?, created=?, taken=?, unique_id=? where id=?
Hibernate: select identity0_.id as id1_0_, identity0_.creation_date as creation2_0_, identity0_.created as created3_0_, identity0_.taken as taken4_0_, identity0_.unique_id as unique_i5_0_ from id_entity identity0_ where identity0_.taken is null limit ?
Hibernate: update id_entity set creation_date=?, created=?, taken=?, unique_id=? where id=?
Hibernate: select identity0_.id as id1_0_, identity0_.creation_date as creation2_0_, identity0_.created as created3_0_, identity0_.taken as taken4_0_, identity0_.unique_id as unique_i5_0_ from id_entity identity0_ where identity0_.taken is null limit ?
Hibernate: update id_entity set creation_date=?, created=?, taken=?, unique_id=? where id=?
Hibernate: select identity0_.id as id1_0_, identity0_.creation_date as creation2_0_, identity0_.created as created3_0_, identity0_.taken as taken4_0_, identity0_.unique_id as unique_i5_0_ from id_entity identity0_ where identity0_.taken is null limit ?
Hibernate: update id_entity set creation_date=?, created=?, taken=?, unique_id=? where id=?
Hibernate: select identity0_.id as id1_0_, identity0_.creation_date as creation2_0_, identity0_.created as created3_0_, identity0_.taken as taken4_0_, identity0_.unique_id as unique_i5_0_ from id_entity identity0_ where identity0_.taken is null limit ?
Hibernate: update id_entity set creation_date=?, created=?, taken=?, unique_id=? where id=?
Hibernate: select identity0_.id as id1_0_, identity0_.creation_date as creation2_0_, identity0_.created as created3_0_, identity0_.taken as taken4_0_, identity0_.unique_id as unique_i5_0_ from id_entity identity0_ where identity0_.taken is null limit ?
Hibernate: update id_entity set creation_date=?, created=?, taken=?, unique_id=? where id=?
Hibernate: select identity0_.id as id1_0_, identity0_.creation_date as creation2_0_, identity0_.created as created3_0_, identity0_.taken as taken4_0_, identity0_.unique_id as unique_i5_0_ from id_entity identity0_ where identity0_.taken is null limit ?
Hibernate: update id_entity set creation_date=?, created=?, taken=?, unique_id=? where id=?
Hibernate: select identity0_.id as id1_0_, identity0_.creation_date as creation2_0_, identity0_.created as created3_0_, identity0_.taken as taken4_0_, identity0_.unique_id as unique_i5_0_ from id_entity identity0_ where identity0_.taken is null limit ?
Hibernate: update id_entity set creation_date=?, created=?, taken=?, unique_id=? where id=?
Hibernate: select identity0_.id as id1_0_, identity0_.creation_date as creation2_0_, identity0_.created as created3_0_, identity0_.taken as taken4_0_, identity0_.unique_id as unique_i5_0_ from id_entity identity0_ where identity0_.taken is null limit ?
Hibernate: update id_entity set creation_date=?, created=?, taken=?, unique_id=? where id=?
Hibernate: select identity0_.id as id1_0_, identity0_.creation_date as creation2_0_, identity0_.created as created3_0_, identity0_.taken as taken4_0_, identity0_.unique_id as unique_i5_0_ from id_entity identity0_ where identity0_.taken is null limit ?
Hibernate: update id_entity set creation_date=?, created=?, taken=?, unique_id=? where id=?
Hibernate: select identity0_.id as id1_0_, identity0_.creation_date as creation2_0_, identity0_.created as created3_0_, identity0_.taken as taken4_0_, identity0_.unique_id as unique_i5_0_ from id_entity identity0_ where identity0_.taken is null limit ?
Hibernate: update id_entity set creation_date=?, created=?, taken=?, unique_id=? where id=?
Hibernate: select identity0_.id as id1_0_, identity0_.creation_date as creation2_0_, identity0_.created as created3_0_, identity0_.taken as taken4_0_, identity0_.unique_id as unique_i5_0_ from id_entity identity0_ where identity0_.taken is null limit ?
Hibernate: update id_entity set creation_date=?, created=?, taken=?, unique_id=? where id=?
Hibernate: select identity0_.id as id1_0_, identity0_.creation_date as creation2_0_, identity0_.created as created3_0_, identity0_.taken as taken4_0_, identity0_.unique_id as unique_i5_0_ from id_entity identity0_ where identity0_.taken is null limit ?
Hibernate: update id_entity set creation_date=?, created=?, taken=?, unique_id=? where id=?
Hibernate: select identity0_.id as id1_0_, identity0_.creation_date as creation2_0_, identity0_.created as created3_0_, identity0_.taken as taken4_0_, identity0_.unique_id as unique_i5_0_ from id_entity identity0_ where identity0_.taken is null limit ?
Hibernate: update id_entity set creation_date=?, created=?, taken=?, unique_id=? where id=?
Hibernate: select identity0_.id as id1_0_, identity0_.creation_date as creation2_0_, identity0_.created as created3_0_, identity0_.taken as taken4_0_, identity0_.unique_id as unique_i5_0_ from id_entity identity0_ where identity0_.taken is null limit ?
Hibernate: update id_entity set creation_date=?, created=?, taken=?, unique_id=? where id=?
Hibernate: select identity0_.id as id1_0_, identity0_.creation_date as creation2_0_, identity0_.created as created3_0_, identity0_.taken as taken4_0_, identity0_.unique_id as unique_i5_0_ from id_entity identity0_ where identity0_.taken is null limit ?
Hibernate: update id_entity set creation_date=?, created=?, taken=?, unique_id=? where id=?
Hibernate: select identity0_.id as id1_0_, identity0_.creation_date as creation2_0_, identity0_.created as created3_0_, identity0_.taken as taken4_0_, identity0_.unique_id as unique_i5_0_ from id_entity identity0_ where identity0_.taken is null limit ?
Hibernate: update id_entity set creation_date=?, created=?, taken=?, unique_id=? where id=?
Hibernate: select identity0_.id as id1_0_, identity0_.creation_date as creation2_0_, identity0_.created as created3_0_, identity0_.taken as taken4_0_, identity0_.unique_id as unique_i5_0_ from id_entity identity0_ where identity0_.taken is null limit ?
Hibernate: update id_entity set creation_date=?, created=?, taken=?, unique_id=? where id=?
Hibernate: select identity0_.id as id1_0_, identity0_.creation_date as creation2_0_, identity0_.created as created3_0_, identity0_.taken as taken4_0_, identity0_.unique_id as unique_i5_0_ from id_entity identity0_ where identity0_.taken is null limit ?
Hibernate: update id_entity set creation_date=?, created=?, taken=?, unique_id=? where id=?
Hibernate: select identity0_.id as id1_0_, identity0_.creation_date as creation2_0_, identity0_.created as created3_0_, identity0_.taken as taken4_0_, identity0_.unique_id as unique_i5_0_ from id_entity identity0_ where identity0_.taken is null limit ?
Hibernate: update id_entity set creation_date=?, created=?, taken=?, unique_id=? where id=?
Hibernate: select identity0_.id as id1_0_, identity0_.creation_date as creation2_0_, identity0_.created as created3_0_, identity0_.taken as taken4_0_, identity0_.unique_id as unique_i5_0_ from id_entity identity0_ where identity0_.taken is null limit ?
Hibernate: update id_entity set creation_date=?, created=?, taken=?, unique_id=? where id=?
Hibernate: select identity0_.id as id1_0_, identity0_.creation_date as creation2_0_, identity0_.created as created3_0_, identity0_.taken as taken4_0_, identity0_.unique_id as unique_i5_0_ from id_entity identity0_ where identity0_.taken is null limit ?
Hibernate: update id_entity set creation_date=?, created=?, taken=?, unique_id=? where id=?
Hibernate: select identity0_.id as id1_0_, identity0_.creation_date as creation2_0_, identity0_.created as created3_0_, identity0_.taken as taken4_0_, identity0_.unique_id as unique_i5_0_ from id_entity identity0_ where identity0_.taken is null limit ?
Hibernate: update id_entity set creation_date=?, created=?, taken=?, unique_id=? where id=?
Hibernate: select identity0_.id as id1_0_, identity0_.creation_date as creation2_0_, identity0_.created as created3_0_, identity0_.taken as taken4_0_, identity0_.unique_id as unique_i5_0_ from id_entity identity0_ where identity0_.taken is null limit ?
Hibernate: update id_entity set creation_date=?, created=?, taken=?, unique_id=? where id=?
Hibernate: select identity0_.id as id1_0_, identity0_.creation_date as creation2_0_, identity0_.created as created3_0_, identity0_.taken as taken4_0_, identity0_.unique_id as unique_i5_0_ from id_entity identity0_ where identity0_.taken is null limit ?
Hibernate: update id_entity set creation_date=?, created=?, taken=?, unique_id=? where id=?
Hibernate: select identity0_.id as id1_0_, identity0_.creation_date as creation2_0_, identity0_.created as created3_0_, identity0_.taken as taken4_0_, identity0_.unique_id as unique_i5_0_ from id_entity identity0_ where identity0_.taken is null limit ?
Hibernate: update id_entity set creation_date=?, created=?, taken=?, unique_id=? where id=?
Hibernate: select identity0_.id as id1_0_, identity0_.creation_date as creation2_0_, identity0_.created as created3_0_, identity0_.taken as taken4_0_, identity0_.unique_id as unique_i5_0_ from id_entity identity0_ where identity0_.taken is null limit ?
Hibernate: update id_entity set creation_date=?, created=?, taken=?, unique_id=? where id=?
Hibernate: select identity0_.id as id1_0_, identity0_.creation_date as creation2_0_, identity0_.created as created3_0_, identity0_.taken as taken4_0_, identity0_.unique_id as unique_i5_0_ from id_entity identity0_ where identity0_.taken is null limit ?
Hibernate: update id_entity set creation_date=?, created=?, taken=?, unique_id=? where id=?
Hibernate: select identity0_.id as id1_0_, identity0_.creation_date as creation2_0_, identity0_.created as created3_0_, identity0_.taken as taken4_0_, identity0_.unique_id as unique_i5_0_ from id_entity identity0_ where identity0_.taken is null limit ?
Hibernate: update id_entity set creation_date=?, created=?, taken=?, unique_id=? where id=?
Hibernate: select identity0_.id as id1_0_, identity0_.creation_date as creation2_0_, identity0_.created as created3_0_, identity0_.taken as taken4_0_, identity0_.unique_id as unique_i5_0_ from id_entity identity0_ where identity0_.taken is null limit ?
Hibernate: update id_entity set creation_date=?, created=?, taken=?, unique_id=? where id=?
Hibernate: select identity0_.id as id1_0_, identity0_.creation_date as creation2_0_, identity0_.created as created3_0_, identity0_.taken as taken4_0_, identity0_.unique_id as unique_i5_0_ from id_entity identity0_ where identity0_.taken is null limit ?
Hibernate: update id_entity set creation_date=?, created=?, taken=?, unique_id=? where id=?
Hibernate: select identity0_.id as id1_0_, identity0_.creation_date as creation2_0_, identity0_.created as created3_0_, identity0_.taken as taken4_0_, identity0_.unique_id as unique_i5_0_ from id_entity identity0_ where identity0_.taken is null limit ?
Hibernate: update id_entity set creation_date=?, created=?, taken=?, unique_id=? where id=?
Hibernate: select identity0_.id as id1_0_, identity0_.creation_date as creation2_0_, identity0_.created as created3_0_, identity0_.taken as taken4_0_, identity0_.unique_id as unique_i5_0_ from id_entity identity0_ where identity0_.taken is null limit ?
Hibernate: update id_entity set creation_date=?, created=?, taken=?, unique_id=? where id=?
Hibernate: select identity0_.id as id1_0_, identity0_.creation_date as creation2_0_, identity0_.created as created3_0_, identity0_.taken as taken4_0_, identity0_.unique_id as unique_i5_0_ from id_entity identity0_ where identity0_.taken is null limit ?
Hibernate: update id_entity set creation_date=?, created=?, taken=?, unique_id=? where id=?
Hibernate: select identity0_.id as id1_0_, identity0_.creation_date as creation2_0_, identity0_.created as created3_0_, identity0_.taken as taken4_0_, identity0_.unique_id as unique_i5_0_ from id_entity identity0_ where identity0_.taken is null limit ?
Hibernate: update id_entity set creation_date=?, created=?, taken=?, unique_id=? where id=?
Hibernate: select identity0_.id as id1_0_, identity0_.creation_date as creation2_0_, identity0_.created as created3_0_, identity0_.taken as taken4_0_, identity0_.unique_id as unique_i5_0_ from id_entity identity0_ where identity0_.taken is null limit ?
Hibernate: update id_entity set creation_date=?, created=?, taken=?, unique_id=? where id=?
Hibernate: select identity0_.id as id1_0_, identity0_.creation_date as creation2_0_, identity0_.created as created3_0_, identity0_.taken as taken4_0_, identity0_.unique_id as unique_i5_0_ from id_entity identity0_ where identity0_.taken is null limit ?
Hibernate: update id_entity set creation_date=?, created=?, taken=?, unique_id=? where id=?
Hibernate: select identity0_.id as id1_0_, identity0_.creation_date as creation2_0_, identity0_.created as created3_0_, identity0_.taken as taken4_0_, identity0_.unique_id as unique_i5_0_ from id_entity identity0_ where identity0_.taken is null limit ?
Hibernate: update id_entity set creation_date=?, created=?, taken=?, unique_id=? where id=?
Hibernate: select identity0_.id as id1_0_, identity0_.creation_date as creation2_0_, identity0_.created as created3_0_, identity0_.taken as taken4_0_, identity0_.unique_id as unique_i5_0_ from id_entity identity0_ where identity0_.taken is null limit ?
Hibernate: update id_entity set creation_date=?, created=?, taken=?, unique_id=? where id=?
Hibernate: select identity0_.id as id1_0_, identity0_.creation_date as creation2_0_, identity0_.created as created3_0_, identity0_.taken as taken4_0_, identity0_.unique_id as unique_i5_0_ from id_entity identity0_ where identity0_.taken is null limit ?
Hibernate: update id_entity set creation_date=?, created=?, taken=?, unique_id=? where id=?
Hibernate: select identity0_.id as id1_0_, identity0_.creation_date as creation2_0_, identity0_.created as created3_0_, identity0_.taken as taken4_0_, identity0_.unique_id as unique_i5_0_ from id_entity identity0_ where identity0_.taken is null limit ?
Hibernate: update id_entity set creation_date=?, created=?, taken=?, unique_id=? where id=?
Hibernate: select identity0_.id as id1_0_, identity0_.creation_date as creation2_0_, identity0_.created as created3_0_, identity0_.taken as taken4_0_, identity0_.unique_id as unique_i5_0_ from id_entity identity0_ where identity0_.taken is null limit ?
Hibernate: update id_entity set creation_date=?, created=?, taken=?, unique_id=? where id=?
Hibernate: select identity0_.id as id1_0_, identity0_.creation_date as creation2_0_, identity0_.created as created3_0_, identity0_.taken as taken4_0_, identity0_.unique_id as unique_i5_0_ from id_entity identity0_ where identity0_.taken is null limit ?
Hibernate: update id_entity set creation_date=?, created=?, taken=?, unique_id=? where id=?
Hibernate: select identity0_.id as id1_0_, identity0_.creation_date as creation2_0_, identity0_.created as created3_0_, identity0_.taken as taken4_0_, identity0_.unique_id as unique_i5_0_ from id_entity identity0_ where identity0_.taken is null limit ?
Hibernate: update id_entity set creation_date=?, created=?, taken=?, unique_id=? where id=?
Hibernate: select identity0_.id as id1_0_, identity0_.creation_date as creation2_0_, identity0_.created as created3_0_, identity0_.taken as taken4_0_, identity0_.unique_id as unique_i5_0_ from id_entity identity0_ where identity0_.taken is null limit ?
Hibernate: update id_entity set creation_date=?, created=?, taken=?, unique_id=? where id=?
Hibernate: select identity0_.id as id1_0_, identity0_.creation_date as creation2_0_, identity0_.created as created3_0_, identity0_.taken as taken4_0_, identity0_.unique_id as unique_i5_0_ from id_entity identity0_ where identity0_.taken is null limit ?
Hibernate: update id_entity set creation_date=?, created=?, taken=?, unique_id=? where id=?
Hibernate: select identity0_.id as id1_0_, identity0_.creation_date as creation2_0_, identity0_.created as created3_0_, identity0_.taken as taken4_0_, identity0_.unique_id as unique_i5_0_ from id_entity identity0_ where identity0_.taken is null limit ?
Hibernate: update id_entity set creation_date=?, created=?, taken=?, unique_id=? where id=?
Hibernate: select identity0_.id as id1_0_, identity0_.creation_date as creation2_0_, identity0_.created as created3_0_, identity0_.taken as taken4_0_, identity0_.unique_id as unique_i5_0_ from id_entity identity0_ where identity0_.taken is null limit ?
Hibernate: update id_entity set creation_date=?, created=?, taken=?, unique_id=? where id=?
Hibernate: select identity0_.id as id1_0_, identity0_.creation_date as creation2_0_, identity0_.created as created3_0_, identity0_.taken as taken4_0_, identity0_.unique_id as unique_i5_0_ from id_entity identity0_ where identity0_.taken is null limit ?
Hibernate: update id_entity set creation_date=?, created=?, taken=?, unique_id=? where id=?
Hibernate: select identity0_.id as id1_0_, identity0_.creation_date as creation2_0_, identity0_.created as created3_0_, identity0_.taken as taken4_0_, identity0_.unique_id as unique_i5_0_ from id_entity identity0_ where identity0_.taken is null limit ?
Hibernate: update id_entity set creation_date=?, created=?, taken=?, unique_id=? where id=?
Hibernate: select identity0_.id as id1_0_, identity0_.creation_date as creation2_0_, identity0_.created as created3_0_, identity0_.taken as taken4_0_, identity0_.unique_id as unique_i5_0_ from id_entity identity0_ where identity0_.taken is null limit ?
Hibernate: update id_entity set creation_date=?, created=?, taken=?, unique_id=? where id=?
Hibernate: select identity0_.id as id1_0_, identity0_.creation_date as creation2_0_, identity0_.created as created3_0_, identity0_.taken as taken4_0_, identity0_.unique_id as unique_i5_0_ from id_entity identity0_ where identity0_.taken is null limit ?
Hibernate: update id_entity set creation_date=?, created=?, taken=?, unique_id=? where id=?
Hibernate: select identity0_.id as id1_0_, identity0_.creation_date as creation2_0_, identity0_.created as created3_0_, identity0_.taken as taken4_0_, identity0_.unique_id as unique_i5_0_ from id_entity identity0_ where identity0_.taken is null limit ?
Hibernate: update id_entity set creation_date=?, created=?, taken=?, unique_id=? where id=?
Hibernate: select identity0_.id as id1_0_, identity0_.creation_date as creation2_0_, identity0_.created as created3_0_, identity0_.taken as taken4_0_, identity0_.unique_id as unique_i5_0_ from id_entity identity0_ where identity0_.taken is null limit ?
Hibernate: update id_entity set creation_date=?, created=?, taken=?, unique_id=? where id=?
Hibernate: select identity0_.id as id1_0_, identity0_.creation_date as creation2_0_, identity0_.created as created3_0_, identity0_.taken as taken4_0_, identity0_.unique_id as unique_i5_0_ from id_entity identity0_ where identity0_.taken is null limit ?
Hibernate: update id_entity set creation_date=?, created=?, taken=?, unique_id=? where id=?
Hibernate: select identity0_.id as id1_0_, identity0_.creation_date as creation2_0_, identity0_.created as created3_0_, identity0_.taken as taken4_0_, identity0_.unique_id as unique_i5_0_ from id_entity identity0_ where identity0_.taken is null limit ?
Hibernate: update id_entity set creation_date=?, created=?, taken=?, unique_id=? where id=?
Hibernate: select identity0_.id as id1_0_, identity0_.creation_date as creation2_0_, identity0_.created as created3_0_, identity0_.taken as taken4_0_, identity0_.unique_id as unique_i5_0_ from id_entity identity0_ where identity0_.taken is null limit ?
Hibernate: update id_entity set creation_date=?, created=?, taken=?, unique_id=? where id=?
Hibernate: select identity0_.id as id1_0_, identity0_.creation_date as creation2_0_, identity0_.created as created3_0_, identity0_.taken as taken4_0_, identity0_.unique_id as unique_i5_0_ from id_entity identity0_ where identity0_.taken is null limit ?
Hibernate: update id_entity set creation_date=?, created=?, taken=?, unique_id=? where id=?
Hibernate: select identity0_.id as id1_0_, identity0_.creation_date as creation2_0_, identity0_.created as created3_0_, identity0_.taken as taken4_0_, identity0_.unique_id as unique_i5_0_ from id_entity identity0_ where identity0_.taken is null limit ?
Hibernate: update id_entity set creation_date=?, created=?, taken=?, unique_id=? where id=?
Hibernate: select identity0_.id as id1_0_, identity0_.creation_date as creation2_0_, identity0_.created as created3_0_, identity0_.taken as taken4_0_, identity0_.unique_id as unique_i5_0_ from id_entity identity0_ where identity0_.taken is null limit ?
Hibernate: update id_entity set creation_date=?, created=?, taken=?, unique_id=? where id=?
Hibernate: select identity0_.id as id1_0_, identity0_.creation_date as creation2_0_, identity0_.created as created3_0_, identity0_.taken as taken4_0_, identity0_.unique_id as unique_i5_0_ from id_entity identity0_ where identity0_.taken is null limit ?
Hibernate: update id_entity set creation_date=?, created=?, taken=?, unique_id=? where id=?
Hibernate: select identity0_.id as id1_0_, identity0_.creation_date as creation2_0_, identity0_.created as created3_0_, identity0_.taken as taken4_0_, identity0_.unique_id as unique_i5_0_ from id_entity identity0_ where identity0_.taken is null limit ?
Hibernate: update id_entity set creation_date=?, created=?, taken=?, unique_id=? where id=?
Hibernate: select identity0_.id as id1_0_, identity0_.creation_date as creation2_0_, identity0_.created as created3_0_, identity0_.taken as taken4_0_, identity0_.unique_id as unique_i5_0_ from id_entity identity0_ where identity0_.taken is null limit ?
Hibernate: update id_entity set creation_date=?, created=?, taken=?, unique_id=? where id=?
Hibernate: select identity0_.id as id1_0_, identity0_.creation_date as creation2_0_, identity0_.created as created3_0_, identity0_.taken as taken4_0_, identity0_.unique_id as unique_i5_0_ from id_entity identity0_ where identity0_.taken is null limit ?
Hibernate: update id_entity set creation_date=?, created=?, taken=?, unique_id=? where id=?
Hibernate: select identity0_.id as id1_0_, identity0_.creation_date as creation2_0_, identity0_.created as created3_0_, identity0_.taken as taken4_0_, identity0_.unique_id as unique_i5_0_ from id_entity identity0_ where identity0_.taken is null limit ?
Hibernate: update id_entity set creation_date=?, created=?, taken=?, unique_id=? where id=?
Hibernate: select identity0_.id as id1_0_, identity0_.creation_date as creation2_0_, identity0_.created as created3_0_, identity0_.taken as taken4_0_, identity0_.unique_id as unique_i5_0_ from id_entity identity0_ where identity0_.taken is null limit ?
Hibernate: update id_entity set creation_date=?, created=?, taken=?, unique_id=? where id=?
Hibernate: select identity0_.id as id1_0_, identity0_.creation_date as creation2_0_, identity0_.created as created3_0_, identity0_.taken as taken4_0_, identity0_.unique_id as unique_i5_0_ from id_entity identity0_ where identity0_.taken is null limit ?
Hibernate: update id_entity set creation_date=?, created=?, taken=?, unique_id=? where id=?
Hibernate: select identity0_.id as id1_0_, identity0_.creation_date as creation2_0_, identity0_.created as created3_0_, identity0_.taken as taken4_0_, identity0_.unique_id as unique_i5_0_ from id_entity identity0_ where identity0_.taken is null limit ?
Hibernate: update id_entity set creation_date=?, created=?, taken=?, unique_id=? where id=?
Hibernate: select identity0_.id as id1_0_, identity0_.creation_date as creation2_0_, identity0_.created as created3_0_, identity0_.taken as taken4_0_, identity0_.unique_id as unique_i5_0_ from id_entity identity0_ where identity0_.taken is null limit ?
Hibernate: update id_entity set creation_date=?, created=?, taken=?, unique_id=? where id=?
Hibernate: select identity0_.id as id1_0_, identity0_.creation_date as creation2_0_, identity0_.created as created3_0_, identity0_.taken as taken4_0_, identity0_.unique_id as unique_i5_0_ from id_entity identity0_ where identity0_.taken is null limit ?
Hibernate: update id_entity set creation_date=?, created=?, taken=?, unique_id=? where id=?
Hibernate: select identity0_.id as id1_0_, identity0_.creation_date as creation2_0_, identity0_.created as created3_0_, identity0_.taken as taken4_0_, identity0_.unique_id as unique_i5_0_ from id_entity identity0_ where identity0_.taken is null limit ?
Hibernate: update id_entity set creation_date=?, created=?, taken=?, unique_id=? where id=?
Hibernate: select identity0_.id as id1_0_, identity0_.creation_date as creation2_0_, identity0_.created as created3_0_, identity0_.taken as taken4_0_, identity0_.unique_id as unique_i5_0_ from id_entity identity0_ where identity0_.taken is null limit ?
Hibernate: update id_entity set creation_date=?, created=?, taken=?, unique_id=? where id=?
Hibernate: select identity0_.id as id1_0_, identity0_.creation_date as creation2_0_, identity0_.created as created3_0_, identity0_.taken as taken4_0_, identity0_.unique_id as unique_i5_0_ from id_entity identity0_ where identity0_.taken is null limit ?
Hibernate: update id_entity set creation_date=?, created=?, taken=?, unique_id=? where id=?
Hibernate: select identity0_.id as id1_0_, identity0_.creation_date as creation2_0_, identity0_.created as created3_0_, identity0_.taken as taken4_0_, identity0_.unique_id as unique_i5_0_ from id_entity identity0_ where identity0_.taken is null limit ?
Hibernate: update id_entity set creation_date=?, created=?, taken=?, unique_id=? where id=?
Hibernate: select identity0_.id as id1_0_, identity0_.creation_date as creation2_0_, identity0_.created as created3_0_, identity0_.taken as taken4_0_, identity0_.unique_id as unique_i5_0_ from id_entity identity0_ where identity0_.taken is null limit ?
Hibernate: update id_entity set creation_date=?, created=?, taken=?, unique_id=? where id=?
Hibernate: select identity0_.id as id1_0_, identity0_.creation_date as creation2_0_, identity0_.created as created3_0_, identity0_.taken as taken4_0_, identity0_.unique_id as unique_i5_0_ from id_entity identity0_ where identity0_.taken is null limit ?
Hibernate: update id_entity set creation_date=?, created=?, taken=?, unique_id=? where id=?
Hibernate: select identity0_.id as id1_0_, identity0_.creation_date as creation2_0_, identity0_.created as created3_0_, identity0_.taken as taken4_0_, identity0_.unique_id as unique_i5_0_ from id_entity identity0_ where identity0_.taken is null limit ?
Hibernate: update id_entity set creation_date=?, created=?, taken=?, unique_id=? where id=?
Hibernate: select identity0_.id as id1_0_, identity0_.creation_date as creation2_0_, identity0_.created as created3_0_, identity0_.taken as taken4_0_, identity0_.unique_id as unique_i5_0_ from id_entity identity0_ where identity0_.taken is null limit ?
Hibernate: update id_entity set creation_date=?, created=?, taken=?, unique_id=? where id=?
Hibernate: select identity0_.id as id1_0_, identity0_.creation_date as creation2_0_, identity0_.created as created3_0_, identity0_.taken as taken4_0_, identity0_.unique_id as unique_i5_0_ from id_entity identity0_ where identity0_.taken is null limit ?
Hibernate: update id_entity set creation_date=?, created=?, taken=?, unique_id=? where id=?
Hibernate: select identity0_.id as id1_0_, identity0_.creation_date as creation2_0_, identity0_.created as created3_0_, identity0_.taken as taken4_0_, identity0_.unique_id as unique_i5_0_ from id_entity identity0_ where identity0_.taken is null limit ?
Hibernate: update id_entity set creation_date=?, created=?, taken=?, unique_id=? where id=?
Hibernate: select identity0_.id as id1_0_, identity0_.creation_date as creation2_0_, identity0_.created as created3_0_, identity0_.taken as taken4_0_, identity0_.unique_id as unique_i5_0_ from id_entity identity0_ where identity0_.taken is null limit ?
Hibernate: update id_entity set creation_date=?, created=?, taken=?, unique_id=? where id=?
Hibernate: select identity0_.id as id1_0_, identity0_.creation_date as creation2_0_, identity0_.created as created3_0_, identity0_.taken as taken4_0_, identity0_.unique_id as unique_i5_0_ from id_entity identity0_ where identity0_.taken is null limit ?
Hibernate: update id_entity set creation_date=?, created=?, taken=?, unique_id=? where id=?
Hibernate: select identity0_.id as id1_0_, identity0_.creation_date as creation2_0_, identity0_.created as created3_0_, identity0_.taken as taken4_0_, identity0_.unique_id as unique_i5_0_ from id_entity identity0_ where identity0_.taken is null limit ?
Hibernate: update id_entity set creation_date=?, created=?, taken=?, unique_id=? where id=?
Hibernate: select identity0_.id as id1_0_, identity0_.creation_date as creation2_0_, identity0_.created as created3_0_, identity0_.taken as taken4_0_, identity0_.unique_id as unique_i5_0_ from id_entity identity0_ where identity0_.taken is null limit ?
Hibernate: update id_entity set creation_date=?, created=?, taken=?, unique_id=? where id=?
Hibernate: select identity0_.id as id1_0_, identity0_.creation_date as creation2_0_, identity0_.created as created3_0_, identity0_.taken as taken4_0_, identity0_.unique_id as unique_i5_0_ from id_entity identity0_ where identity0_.taken is null limit ?
Hibernate: update id_entity set creation_date=?, created=?, taken=?, unique_id=? where id=?
Hibernate: select identity0_.id as id1_0_, identity0_.creation_date as creation2_0_, identity0_.created as created3_0_, identity0_.taken as taken4_0_, identity0_.unique_id as unique_i5_0_ from id_entity identity0_ where identity0_.taken is null limit ?
Hibernate: update id_entity set creation_date=?, created=?, taken=?, unique_id=? where id=?
Hibernate: select identity0_.id as id1_0_, identity0_.creation_date as creation2_0_, identity0_.created as created3_0_, identity0_.taken as taken4_0_, identity0_.unique_id as unique_i5_0_ from id_entity identity0_ where identity0_.taken is null limit ?
Hibernate: update id_entity set creation_date=?, created=?, taken=?, unique_id=? where id=?
Hibernate: select identity0_.id as id1_0_, identity0_.creation_date as creation2_0_, identity0_.created as created3_0_, identity0_.taken as taken4_0_, identity0_.unique_id as unique_i5_0_ from id_entity identity0_ where identity0_.taken is null limit ?
Hibernate: update id_entity set creation_date=?, created=?, taken=?, unique_id=? where id=?
Hibernate: select identity0_.id as id1_0_, identity0_.creation_date as creation2_0_, identity0_.created as created3_0_, identity0_.taken as taken4_0_, identity0_.unique_id as unique_i5_0_ from id_entity identity0_ where identity0_.taken is null limit ?
Hibernate: update id_entity set creation_date=?, created=?, taken=?, unique_id=? where id=?
Hibernate: select identity0_.id as id1_0_, identity0_.creation_date as creation2_0_, identity0_.created as created3_0_, identity0_.taken as taken4_0_, identity0_.unique_id as unique_i5_0_ from id_entity identity0_ where identity0_.taken is null limit ?
Hibernate: update id_entity set creation_date=?, created=?, taken=?, unique_id=? where id=?
Hibernate: select identity0_.id as id1_0_, identity0_.creation_date as creation2_0_, identity0_.created as created3_0_, identity0_.taken as taken4_0_, identity0_.unique_id as unique_i5_0_ from id_entity identity0_ where identity0_.taken is null limit ?
Hibernate: update id_entity set creation_date=?, created=?, taken=?, unique_id=? where id=?
Hibernate: select identity0_.id as id1_0_, identity0_.creation_date as creation2_0_, identity0_.created as created3_0_, identity0_.taken as taken4_0_, identity0_.unique_id as unique_i5_0_ from id_entity identity0_ where identity0_.taken is null limit ?
Hibernate: update id_entity set creation_date=?, created=?, taken=?, unique_id=? where id=?
Hibernate: select identity0_.id as id1_0_, identity0_.creation_date as creation2_0_, identity0_.created as created3_0_, identity0_.taken as taken4_0_, identity0_.unique_id as unique_i5_0_ from id_entity identity0_ where identity0_.taken is null limit ?
Hibernate: update id_entity set creation_date=?, created=?, taken=?, unique_id=? where id=?
Hibernate: select identity0_.id as id1_0_, identity0_.creation_date as creation2_0_, identity0_.created as created3_0_, identity0_.taken as taken4_0_, identity0_.unique_id as unique_i5_0_ from id_entity identity0_ where identity0_.taken is null limit ?
Hibernate: update id_entity set creation_date=?, created=?, taken=?, unique_id=? where id=?
Hibernate: select identity0_.id as id1_0_, identity0_.creation_date as creation2_0_, identity0_.created as created3_0_, identity0_.taken as taken4_0_, identity0_.unique_id as unique_i5_0_ from id_entity identity0_ where identity0_.taken is null limit ?
Hibernate: update id_entity set creation_date=?, created=?, taken=?, unique_id=? where id=?
Hibernate: select identity0_.id as id1_0_, identity0_.creation_date as creation2_0_, identity0_.created as created3_0_, identity0_.taken as taken4_0_, identity0_.unique_id as unique_i5_0_ from id_entity identity0_ where identity0_.taken is null limit ?
Hibernate: update id_entity set creation_date=?, created=?, taken=?, unique_id=? where id=?
Hibernate: select identity0_.id as id1_0_, identity0_.creation_date as creation2_0_, identity0_.created as created3_0_, identity0_.taken as taken4_0_, identity0_.unique_id as unique_i5_0_ from id_entity identity0_ where identity0_.taken is null limit ?
Hibernate: update id_entity set creation_date=?, created=?, taken=?, unique_id=? where id=?
Hibernate: select identity0_.id as id1_0_, identity0_.creation_date as creation2_0_, identity0_.created as created3_0_, identity0_.taken as taken4_0_, identity0_.unique_id as unique_i5_0_ from id_entity identity0_ where identity0_.taken is null limit ?
Hibernate: update id_entity set creation_date=?, created=?, taken=?, unique_id=? where id=?
Hibernate: select identity0_.id as id1_0_, identity0_.creation_date as creation2_0_, identity0_.created as created3_0_, identity0_.taken as taken4_0_, identity0_.unique_id as unique_i5_0_ from id_entity identity0_ where identity0_.taken is null limit ?
Hibernate: update id_entity set creation_date=?, created=?, taken=?, unique_id=? where id=?
Hibernate: select identity0_.id as id1_0_, identity0_.creation_date as creation2_0_, identity0_.created as created3_0_, identity0_.taken as taken4_0_, identity0_.unique_id as unique_i5_0_ from id_entity identity0_ where identity0_.taken is null limit ?
Hibernate: select count(*) as col_0_0_ from id_entity identity0_
Hibernate: call next value for hibernate_sequence
Hibernate: call next value for hibernate_sequence
Hibernate: call next value for hibernate_sequence
Hibernate: call next value for hibernate_sequence
Hibernate: call next value for hibernate_sequence
Hibernate: call next value for hibernate_sequence
Hibernate: call next value for hibernate_sequence
Hibernate: call next value for hibernate_sequence
Hibernate: call next value for hibernate_sequence
Hibernate: call next value for hibernate_sequence
Hibernate: call next value for hibernate_sequence
Hibernate: call next value for hibernate_sequence
Hibernate: call next value for hibernate_sequence
Hibernate: call next value for hibernate_sequence
Hibernate: call next value for hibernate_sequence
Hibernate: call next value for hibernate_sequence
Hibernate: call next value for hibernate_sequence
Hibernate: call next value for hibernate_sequence
Hibernate: call next value for hibernate_sequence
Hibernate: call next value for hibernate_sequence
Hibernate: call next value for hibernate_sequence
Hibernate: call next value for hibernate_sequence
Hibernate: call next value for hibernate_sequence
Hibernate: call next value for hibernate_sequence
Hibernate: call next value for hibernate_sequence
Hibernate: call next value for hibernate_sequence
Hibernate: call next value for hibernate_sequence
Hibernate: call next value for hibernate_sequence
Hibernate: call next value for hibernate_sequence
Hibernate: call next value for hibernate_sequence
Hibernate: call next value for hibernate_sequence
Hibernate: call next value for hibernate_sequence
Hibernate: call next value for hibernate_sequence
Hibernate: call next value for hibernate_sequence
Hibernate: call next value for hibernate_sequence
Hibernate: call next value for hibernate_sequence
Hibernate: call next value for hibernate_sequence
Hibernate: call next value for hibernate_sequence
Hibernate: call next value for hibernate_sequence
Hibernate: call next value for hibernate_sequence
Hibernate: call next value for hibernate_sequence
Hibernate: call next value for hibernate_sequence
Hibernate: call next value for hibernate_sequence
Hibernate: call next value for hibernate_sequence
Hibernate: call next value for hibernate_sequence
Hibernate: call next value for hibernate_sequence
Hibernate: call next value for hibernate_sequence
Hibernate: call next value for hibernate_sequence
Hibernate: call next value for hibernate_sequence
Hibernate: call next value for hibernate_sequence
Hibernate: call next value for hibernate_sequence
Hibernate: call next value for hibernate_sequence
Hibernate: call next value for hibernate_sequence
Hibernate: call next value for hibernate_sequence
Hibernate: call next value for hibernate_sequence
Hibernate: call next value for hibernate_sequence
Hibernate: call next value for hibernate_sequence
Hibernate: call next value for hibernate_sequence
Hibernate: call next value for hibernate_sequence
Hibernate: call next value for hibernate_sequence
Hibernate: call next value for hibernate_sequence
Hibernate: call next value for hibernate_sequence
Hibernate: call next value for hibernate_sequence
Hibernate: call next value for hibernate_sequence
Hibernate: call next value for hibernate_sequence
Hibernate: call next value for hibernate_sequence
Hibernate: call next value for hibernate_sequence
Hibernate: call next value for hibernate_sequence
Hibernate: call next value for hibernate_sequence
Hibernate: call next value for hibernate_sequence
Hibernate: call next value for hibernate_sequence
Hibernate: call next value for hibernate_sequence
Hibernate: call next value for hibernate_sequence
Hibernate: call next value for hibernate_sequence
Hibernate: call next value for hibernate_sequence
Hibernate: call next value for hibernate_sequence
Hibernate: call next value for hibernate_sequence
Hibernate: call next value for hibernate_sequence
Hibernate: call next value for hibernate_sequence
Hibernate: call next value for hibernate_sequence
Hibernate: call next value for hibernate_sequence
Hibernate: call next value for hibernate_sequence
Hibernate: call next value for hibernate_sequence
Hibernate: call next value for hibernate_sequence
Hibernate: call next value for hibernate_sequence
Hibernate: call next value for hibernate_sequence
Hibernate: call next value for hibernate_sequence
Hibernate: call next value for hibernate_sequence
Hibernate: call next value for hibernate_sequence
Hibernate: call next value for hibernate_sequence
Hibernate: call next value for hibernate_sequence
Hibernate: call next value for hibernate_sequence
Hibernate: call next value for hibernate_sequence
Hibernate: call next value for hibernate_sequence
Hibernate: call next value for hibernate_sequence
Hibernate: call next value for hibernate_sequence
Hibernate: call next value for hibernate_sequence
Hibernate: call next value for hibernate_sequence
Hibernate: call next value for hibernate_sequence
Hibernate: call next value for hibernate_sequence
Hibernate: insert into id_entity (creation_date, created, taken, unique_id, id) values (?, ?, ?, ?, ?)
Hibernate: insert into id_entity (creation_date, created, taken, unique_id, id) values (?, ?, ?, ?, ?)
Hibernate: insert into id_entity (creation_date, created, taken, unique_id, id) values (?, ?, ?, ?, ?)
Hibernate: insert into id_entity (creation_date, created, taken, unique_id, id) values (?, ?, ?, ?, ?)
Hibernate: insert into id_entity (creation_date, created, taken, unique_id, id) values (?, ?, ?, ?, ?)
Hibernate: insert into id_entity (creation_date, created, taken, unique_id, id) values (?, ?, ?, ?, ?)
Hibernate: insert into id_entity (creation_date, created, taken, unique_id, id) values (?, ?, ?, ?, ?)
Hibernate: insert into id_entity (creation_date, created, taken, unique_id, id) values (?, ?, ?, ?, ?)
Hibernate: insert into id_entity (creation_date, created, taken, unique_id, id) values (?, ?, ?, ?, ?)
Hibernate: insert into id_entity (creation_date, created, taken, unique_id, id) values (?, ?, ?, ?, ?)
Hibernate: insert into id_entity (creation_date, created, taken, unique_id, id) values (?, ?, ?, ?, ?)
Hibernate: insert into id_entity (creation_date, created, taken, unique_id, id) values (?, ?, ?, ?, ?)
Hibernate: insert into id_entity (creation_date, created, taken, unique_id, id) values (?, ?, ?, ?, ?)
Hibernate: insert into id_entity (creation_date, created, taken, unique_id, id) values (?, ?, ?, ?, ?)
Hibernate: insert into id_entity (creation_date, created, taken, unique_id, id) values (?, ?, ?, ?, ?)
Hibernate: insert into id_entity (creation_date, created, taken, unique_id, id) values (?, ?, ?, ?, ?)
Hibernate: insert into id_entity (creation_date, created, taken, unique_id, id) values (?, ?, ?, ?, ?)
Hibernate: insert into id_entity (creation_date, created, taken, unique_id, id) values (?, ?, ?, ?, ?)
Hibernate: insert into id_entity (creation_date, created, taken, unique_id, id) values (?, ?, ?, ?, ?)
Hibernate: insert into id_entity (creation_date, created, taken, unique_id, id) values (?, ?, ?, ?, ?)
Hibernate: insert into id_entity (creation_date, created, taken, unique_id, id) values (?, ?, ?, ?, ?)
Hibernate: insert into id_entity (creation_date, created, taken, unique_id, id) values (?, ?, ?, ?, ?)
Hibernate: insert into id_entity (creation_date, created, taken, unique_id, id) values (?, ?, ?, ?, ?)
Hibernate: insert into id_entity (creation_date, created, taken, unique_id, id) values (?, ?, ?, ?, ?)
Hibernate: insert into id_entity (creation_date, created, taken, unique_id, id) values (?, ?, ?, ?, ?)
Hibernate: insert into id_entity (creation_date, created, taken, unique_id, id) values (?, ?, ?, ?, ?)
Hibernate: insert into id_entity (creation_date, created, taken, unique_id, id) values (?, ?, ?, ?, ?)
Hibernate: insert into id_entity (creation_date, created, taken, unique_id, id) values (?, ?, ?, ?, ?)
Hibernate: insert into id_entity (creation_date, created, taken, unique_id, id) values (?, ?, ?, ?, ?)
Hibernate: insert into id_entity (creation_date, created, taken, unique_id, id) values (?, ?, ?, ?, ?)
Hibernate: insert into id_entity (creation_date, created, taken, unique_id, id) values (?, ?, ?, ?, ?)
Hibernate: insert into id_entity (creation_date, created, taken, unique_id, id) values (?, ?, ?, ?, ?)
Hibernate: insert into id_entity (creation_date, created, taken, unique_id, id) values (?, ?, ?, ?, ?)
Hibernate: insert into id_entity (creation_date, created, taken, unique_id, id) values (?, ?, ?, ?, ?)
Hibernate: insert into id_entity (creation_date, created, taken, unique_id, id) values (?, ?, ?, ?, ?)
Hibernate: insert into id_entity (creation_date, created, taken, unique_id, id) values (?, ?, ?, ?, ?)
Hibernate: insert into id_entity (creation_date, created, taken, unique_id, id) values (?, ?, ?, ?, ?)
Hibernate: insert into id_entity (creation_date, created, taken, unique_id, id) values (?, ?, ?, ?, ?)
Hibernate: insert into id_entity (creation_date, created, taken, unique_id, id) values (?, ?, ?, ?, ?)
Hibernate: insert into id_entity (creation_date, created, taken, unique_id, id) values (?, ?, ?, ?, ?)
Hibernate: insert into id_entity (creation_date, created, taken, unique_id, id) values (?, ?, ?, ?, ?)
Hibernate: insert into id_entity (creation_date, created, taken, unique_id, id) values (?, ?, ?, ?, ?)
Hibernate: insert into id_entity (creation_date, created, taken, unique_id, id) values (?, ?, ?, ?, ?)
Hibernate: insert into id_entity (creation_date, created, taken, unique_id, id) values (?, ?, ?, ?, ?)
Hibernate: insert into id_entity (creation_date, created, taken, unique_id, id) values (?, ?, ?, ?, ?)
Hibernate: insert into id_entity (creation_date, created, taken, unique_id, id) values (?, ?, ?, ?, ?)
Hibernate: insert into id_entity (creation_date, created, taken, unique_id, id) values (?, ?, ?, ?, ?)
Hibernate: insert into id_entity (creation_date, created, taken, unique_id, id) values (?, ?, ?, ?, ?)
Hibernate: insert into id_entity (creation_date, created, taken, unique_id, id) values (?, ?, ?, ?, ?)
Hibernate: insert into id_entity (creation_date, created, taken, unique_id, id) values (?, ?, ?, ?, ?)
Hibernate: insert into id_entity (creation_date, created, taken, unique_id, id) values (?, ?, ?, ?, ?)
Hibernate: insert into id_entity (creation_date, created, taken, unique_id, id) values (?, ?, ?, ?, ?)
Hibernate: insert into id_entity (creation_date, created, taken, unique_id, id) values (?, ?, ?, ?, ?)
Hibernate: insert into id_entity (creation_date, created, taken, unique_id, id) values (?, ?, ?, ?, ?)
Hibernate: insert into id_entity (creation_date, created, taken, unique_id, id) values (?, ?, ?, ?, ?)
Hibernate: insert into id_entity (creation_date, created, taken, unique_id, id) values (?, ?, ?, ?, ?)
Hibernate: insert into id_entity (creation_date, created, taken, unique_id, id) values (?, ?, ?, ?, ?)
Hibernate: insert into id_entity (creation_date, created, taken, unique_id, id) values (?, ?, ?, ?, ?)
Hibernate: insert into id_entity (creation_date, created, taken, unique_id, id) values (?, ?, ?, ?, ?)
Hibernate: insert into id_entity (creation_date, created, taken, unique_id, id) values (?, ?, ?, ?, ?)
Hibernate: insert into id_entity (creation_date, created, taken, unique_id, id) values (?, ?, ?, ?, ?)
Hibernate: insert into id_entity (creation_date, created, taken, unique_id, id) values (?, ?, ?, ?, ?)
Hibernate: insert into id_entity (creation_date, created, taken, unique_id, id) values (?, ?, ?, ?, ?)
Hibernate: insert into id_entity (creation_date, created, taken, unique_id, id) values (?, ?, ?, ?, ?)
Hibernate: insert into id_entity (creation_date, created, taken, unique_id, id) values (?, ?, ?, ?, ?)
Hibernate: insert into id_entity (creation_date, created, taken, unique_id, id) values (?, ?, ?, ?, ?)
Hibernate: insert into id_entity (creation_date, created, taken, unique_id, id) values (?, ?, ?, ?, ?)
Hibernate: insert into id_entity (creation_date, created, taken, unique_id, id) values (?, ?, ?, ?, ?)
Hibernate: insert into id_entity (creation_date, created, taken, unique_id, id) values (?, ?, ?, ?, ?)
Hibernate: insert into id_entity (creation_date, created, taken, unique_id, id) values (?, ?, ?, ?, ?)
Hibernate: insert into id_entity (creation_date, created, taken, unique_id, id) values (?, ?, ?, ?, ?)
Hibernate: insert into id_entity (creation_date, created, taken, unique_id, id) values (?, ?, ?, ?, ?)
Hibernate: insert into id_entity (creation_date, created, taken, unique_id, id) values (?, ?, ?, ?, ?)
Hibernate: insert into id_entity (creation_date, created, taken, unique_id, id) values (?, ?, ?, ?, ?)
Hibernate: insert into id_entity (creation_date, created, taken, unique_id, id) values (?, ?, ?, ?, ?)
Hibernate: insert into id_entity (creation_date, created, taken, unique_id, id) values (?, ?, ?, ?, ?)
Hibernate: insert into id_entity (creation_date, created, taken, unique_id, id) values (?, ?, ?, ?, ?)
Hibernate: insert into id_entity (creation_date, created, taken, unique_id, id) values (?, ?, ?, ?, ?)
Hibernate: insert into id_entity (creation_date, created, taken, unique_id, id) values (?, ?, ?, ?, ?)
Hibernate: insert into id_entity (creation_date, created, taken, unique_id, id) values (?, ?, ?, ?, ?)
Hibernate: insert into id_entity (creation_date, created, taken, unique_id, id) values (?, ?, ?, ?, ?)
Hibernate: insert into id_entity (creation_date, created, taken, unique_id, id) values (?, ?, ?, ?, ?)
Hibernate: insert into id_entity (creation_date, created, taken, unique_id, id) values (?, ?, ?, ?, ?)
Hibernate: insert into id_entity (creation_date, created, taken, unique_id, id) values (?, ?, ?, ?, ?)
Hibernate: insert into id_entity (creation_date, created, taken, unique_id, id) values (?, ?, ?, ?, ?)
Hibernate: insert into id_entity (creation_date, created, taken, unique_id, id) values (?, ?, ?, ?, ?)
Hibernate: insert into id_entity (creation_date, created, taken, unique_id, id) values (?, ?, ?, ?, ?)
Hibernate: insert into id_entity (creation_date, created, taken, unique_id, id) values (?, ?, ?, ?, ?)
Hibernate: insert into id_entity (creation_date, created, taken, unique_id, id) values (?, ?, ?, ?, ?)
Hibernate: insert into id_entity (creation_date, created, taken, unique_id, id) values (?, ?, ?, ?, ?)
Hibernate: insert into id_entity (creation_date, created, taken, unique_id, id) values (?, ?, ?, ?, ?)
Hibernate: insert into id_entity (creation_date, created, taken, unique_id, id) values (?, ?, ?, ?, ?)
Hibernate: insert into id_entity (creation_date, created, taken, unique_id, id) values (?, ?, ?, ?, ?)
Hibernate: insert into id_entity (creation_date, created, taken, unique_id, id) values (?, ?, ?, ?, ?)
Hibernate: insert into id_entity (creation_date, created, taken, unique_id, id) values (?, ?, ?, ?, ?)
Hibernate: insert into id_entity (creation_date, created, taken, unique_id, id) values (?, ?, ?, ?, ?)
Hibernate: insert into id_entity (creation_date, created, taken, unique_id, id) values (?, ?, ?, ?, ?)
Hibernate: insert into id_entity (creation_date, created, taken, unique_id, id) values (?, ?, ?, ?, ?)
Hibernate: insert into id_entity (creation_date, created, taken, unique_id, id) values (?, ?, ?, ?, ?)
Hibernate: insert into id_entity (creation_date, created, taken, unique_id, id) values (?, ?, ?, ?, ?)
Hibernate: update id_entity set creation_date=?, created=?, taken=?, unique_id=? where id=?
Hibernate: select identity0_.id as id1_0_, identity0_.creation_date as creation2_0_, identity0_.created as created3_0_, identity0_.taken as taken4_0_, identity0_.unique_id as unique_i5_0_ from id_entity identity0_ where identity0_.taken is null limit ?
Hibernate: update id_entity set creation_date=?, created=?, taken=?, unique_id=? where id=?
Hibernate: select identity0_.id as id1_0_, identity0_.creation_date as creation2_0_, identity0_.created as created3_0_, identity0_.taken as taken4_0_, identity0_.unique_id as unique_i5_0_ from id_entity identity0_ where identity0_.taken is null limit ?
Hibernate: update id_entity set creation_date=?, created=?, taken=?, unique_id=? where id=?
Hibernate: select identity0_.id as id1_0_, identity0_.creation_date as creation2_0_, identity0_.created as created3_0_, identity0_.taken as taken4_0_, identity0_.unique_id as unique_i5_0_ from id_entity identity0_ where identity0_.taken is null limit ?
Hibernate: update id_entity set creation_date=?, created=?, taken=?, unique_id=? where id=?
Hibernate: select identity0_.id as id1_0_, identity0_.creation_date as creation2_0_, identity0_.created as created3_0_, identity0_.taken as taken4_0_, identity0_.unique_id as unique_i5_0_ from id_entity identity0_ where identity0_.taken is null limit ?
Hibernate: update id_entity set creation_date=?, created=?, taken=?, unique_id=? where id=?
Hibernate: select identity0_.id as id1_0_, identity0_.creation_date as creation2_0_, identity0_.created as created3_0_, identity0_.taken as taken4_0_, identity0_.unique_id as unique_i5_0_ from id_entity identity0_ where identity0_.taken is null limit ?
Hibernate: update id_entity set creation_date=?, created=?, taken=?, unique_id=? where id=?
Hibernate: select identity0_.id as id1_0_, identity0_.creation_date as creation2_0_, identity0_.created as created3_0_, identity0_.taken as taken4_0_, identity0_.unique_id as unique_i5_0_ from id_entity identity0_ where identity0_.taken is null limit ?
Hibernate: update id_entity set creation_date=?, created=?, taken=?, unique_id=? where id=?
Hibernate: select identity0_.id as id1_0_, identity0_.creation_date as creation2_0_, identity0_.created as created3_0_, identity0_.taken as taken4_0_, identity0_.unique_id as unique_i5_0_ from id_entity identity0_ where identity0_.taken is null limit ?
Hibernate: update id_entity set creation_date=?, created=?, taken=?, unique_id=? where id=?
Hibernate: select identity0_.id as id1_0_, identity0_.creation_date as creation2_0_, identity0_.created as created3_0_, identity0_.taken as taken4_0_, identity0_.unique_id as unique_i5_0_ from id_entity identity0_ where identity0_.taken is null limit ?
Hibernate: update id_entity set creation_date=?, created=?, taken=?, unique_id=? where id=?
Hibernate: select identity0_.id as id1_0_, identity0_.creation_date as creation2_0_, identity0_.created as created3_0_, identity0_.taken as taken4_0_, identity0_.unique_id as unique_i5_0_ from id_entity identity0_ where identity0_.taken is null limit ?
Hibernate: update id_entity set creation_date=?, created=?, taken=?, unique_id=? where id=?
Hibernate: select identity0_.id as id1_0_, identity0_.creation_date as creation2_0_, identity0_.created as created3_0_, identity0_.taken as taken4_0_, identity0_.unique_id as unique_i5_0_ from id_entity identity0_ where identity0_.taken is null limit ?
Hibernate: update id_entity set creation_date=?, created=?, taken=?, unique_id=? where id=?
Hibernate: select identity0_.id as id1_0_, identity0_.creation_date as creation2_0_, identity0_.created as created3_0_, identity0_.taken as taken4_0_, identity0_.unique_id as unique_i5_0_ from id_entity identity0_ where identity0_.taken is null limit ?
Hibernate: update id_entity set creation_date=?, created=?, taken=?, unique_id=? where id=?
Hibernate: select identity0_.id as id1_0_, identity0_.creation_date as creation2_0_, identity0_.created as created3_0_, identity0_.taken as taken4_0_, identity0_.unique_id as unique_i5_0_ from id_entity identity0_ where identity0_.taken is null limit ?
Hibernate: update id_entity set creation_date=?, created=?, taken=?, unique_id=? where id=?
Hibernate: select identity0_.id as id1_0_, identity0_.creation_date as creation2_0_, identity0_.created as created3_0_, identity0_.taken as taken4_0_, identity0_.unique_id as unique_i5_0_ from id_entity identity0_ where identity0_.taken is null limit ?
Hibernate: update id_entity set creation_date=?, created=?, taken=?, unique_id=? where id=?
Hibernate: select identity0_.id as id1_0_, identity0_.creation_date as creation2_0_, identity0_.created as created3_0_, identity0_.taken as taken4_0_, identity0_.unique_id as unique_i5_0_ from id_entity identity0_ where identity0_.taken is null limit ?
Hibernate: update id_entity set creation_date=?, created=?, taken=?, unique_id=? where id=?
Hibernate: select identity0_.id as id1_0_, identity0_.creation_date as creation2_0_, identity0_.created as created3_0_, identity0_.taken as taken4_0_, identity0_.unique_id as unique_i5_0_ from id_entity identity0_ where identity0_.taken is null limit ?
Hibernate: update id_entity set creation_date=?, created=?, taken=?, unique_id=? where id=?
Hibernate: select identity0_.id as id1_0_, identity0_.creation_date as creation2_0_, identity0_.created as created3_0_, identity0_.taken as taken4_0_, identity0_.unique_id as unique_i5_0_ from id_entity identity0_ where identity0_.taken is null limit ?
Hibernate: update id_entity set creation_date=?, created=?, taken=?, unique_id=? where id=?
Hibernate: select identity0_.id as id1_0_, identity0_.creation_date as creation2_0_, identity0_.created as created3_0_, identity0_.taken as taken4_0_, identity0_.unique_id as unique_i5_0_ from id_entity identity0_ where identity0_.taken is null limit ?
Hibernate: update id_entity set creation_date=?, created=?, taken=?, unique_id=? where id=?
Hibernate: select identity0_.id as id1_0_, identity0_.creation_date as creation2_0_, identity0_.created as created3_0_, identity0_.taken as taken4_0_, identity0_.unique_id as unique_i5_0_ from id_entity identity0_ where identity0_.taken is null limit ?
Hibernate: update id_entity set creation_date=?, created=?, taken=?, unique_id=? where id=?
Hibernate: select identity0_.id as id1_0_, identity0_.creation_date as creation2_0_, identity0_.created as created3_0_, identity0_.taken as taken4_0_, identity0_.unique_id as unique_i5_0_ from id_entity identity0_ where identity0_.taken is null limit ?
Hibernate: update id_entity set creation_date=?, created=?, taken=?, unique_id=? where id=?
Hibernate: select identity0_.id as id1_0_, identity0_.creation_date as creation2_0_, identity0_.created as created3_0_, identity0_.taken as taken4_0_, identity0_.unique_id as unique_i5_0_ from id_entity identity0_ where identity0_.taken is null limit ?
Hibernate: update id_entity set creation_date=?, created=?, taken=?, unique_id=? where id=?
Hibernate: select identity0_.id as id1_0_, identity0_.creation_date as creation2_0_, identity0_.created as created3_0_, identity0_.taken as taken4_0_, identity0_.unique_id as unique_i5_0_ from id_entity identity0_ where identity0_.taken is null limit ?
Hibernate: update id_entity set creation_date=?, created=?, taken=?, unique_id=? where id=?
Hibernate: select identity0_.id as id1_0_, identity0_.creation_date as creation2_0_, identity0_.created as created3_0_, identity0_.taken as taken4_0_, identity0_.unique_id as unique_i5_0_ from id_entity identity0_ where identity0_.taken is null limit ?
Hibernate: update id_entity set creation_date=?, created=?, taken=?, unique_id=? where id=?
Hibernate: select identity0_.id as id1_0_, identity0_.creation_date as creation2_0_, identity0_.created as created3_0_, identity0_.taken as taken4_0_, identity0_.unique_id as unique_i5_0_ from id_entity identity0_ where identity0_.taken is null limit ?
Hibernate: update id_entity set creation_date=?, created=?, taken=?, unique_id=? where id=?
Hibernate: select identity0_.id as id1_0_, identity0_.creation_date as creation2_0_, identity0_.created as created3_0_, identity0_.taken as taken4_0_, identity0_.unique_id as unique_i5_0_ from id_entity identity0_ where identity0_.taken is null limit ?
Hibernate: update id_entity set creation_date=?, created=?, taken=?, unique_id=? where id=?
Hibernate: select identity0_.id as id1_0_, identity0_.creation_date as creation2_0_, identity0_.created as created3_0_, identity0_.taken as taken4_0_, identity0_.unique_id as unique_i5_0_ from id_entity identity0_ where identity0_.taken is null limit ?
Hibernate: update id_entity set creation_date=?, created=?, taken=?, unique_id=? where id=?
Hibernate: select identity0_.id as id1_0_, identity0_.creation_date as creation2_0_, identity0_.created as created3_0_, identity0_.taken as taken4_0_, identity0_.unique_id as unique_i5_0_ from id_entity identity0_ where identity0_.taken is null limit ?
Hibernate: update id_entity set creation_date=?, created=?, taken=?, unique_id=? where id=?
Hibernate: select identity0_.id as id1_0_, identity0_.creation_date as creation2_0_, identity0_.created as created3_0_, identity0_.taken as taken4_0_, identity0_.unique_id as unique_i5_0_ from id_entity identity0_ where identity0_.taken is null limit ?
Hibernate: update id_entity set creation_date=?, created=?, taken=?, unique_id=? where id=?
Hibernate: select identity0_.id as id1_0_, identity0_.creation_date as creation2_0_, identity0_.created as created3_0_, identity0_.taken as taken4_0_, identity0_.unique_id as unique_i5_0_ from id_entity identity0_ where identity0_.taken is null limit ?
Hibernate: update id_entity set creation_date=?, created=?, taken=?, unique_id=? where id=?
Hibernate: select identity0_.id as id1_0_, identity0_.creation_date as creation2_0_, identity0_.created as created3_0_, identity0_.taken as taken4_0_, identity0_.unique_id as unique_i5_0_ from id_entity identity0_ where identity0_.taken is null limit ?
Hibernate: update id_entity set creation_date=?, created=?, taken=?, unique_id=? where id=?
Hibernate: select identity0_.id as id1_0_, identity0_.creation_date as creation2_0_, identity0_.created as created3_0_, identity0_.taken as taken4_0_, identity0_.unique_id as unique_i5_0_ from id_entity identity0_ where identity0_.taken is null limit ?
Hibernate: update id_entity set creation_date=?, created=?, taken=?, unique_id=? where id=?
Hibernate: select identity0_.id as id1_0_, identity0_.creation_date as creation2_0_, identity0_.created as created3_0_, identity0_.taken as taken4_0_, identity0_.unique_id as unique_i5_0_ from id_entity identity0_ where identity0_.taken is null limit ?
Hibernate: update id_entity set creation_date=?, created=?, taken=?, unique_id=? where id=?
Hibernate: select identity0_.id as id1_0_, identity0_.creation_date as creation2_0_, identity0_.created as created3_0_, identity0_.taken as taken4_0_, identity0_.unique_id as unique_i5_0_ from id_entity identity0_ where identity0_.taken is null limit ?
Hibernate: update id_entity set creation_date=?, created=?, taken=?, unique_id=? where id=?
Hibernate: select identity0_.id as id1_0_, identity0_.creation_date as creation2_0_, identity0_.created as created3_0_, identity0_.taken as taken4_0_, identity0_.unique_id as unique_i5_0_ from id_entity identity0_ where identity0_.taken is null limit ?
Hibernate: update id_entity set creation_date=?, created=?, taken=?, unique_id=? where id=?
Hibernate: select identity0_.id as id1_0_, identity0_.creation_date as creation2_0_, identity0_.created as created3_0_, identity0_.taken as taken4_0_, identity0_.unique_id as unique_i5_0_ from id_entity identity0_ where identity0_.taken is null limit ?
Hibernate: update id_entity set creation_date=?, created=?, taken=?, unique_id=? where id=?
Hibernate: select identity0_.id as id1_0_, identity0_.creation_date as creation2_0_, identity0_.created as created3_0_, identity0_.taken as taken4_0_, identity0_.unique_id as unique_i5_0_ from id_entity identity0_ where identity0_.taken is null limit ?
Hibernate: update id_entity set creation_date=?, created=?, taken=?, unique_id=? where id=?
Hibernate: select identity0_.id as id1_0_, identity0_.creation_date as creation2_0_, identity0_.created as created3_0_, identity0_.taken as taken4_0_, identity0_.unique_id as unique_i5_0_ from id_entity identity0_ where identity0_.taken is null limit ?
Hibernate: update id_entity set creation_date=?, created=?, taken=?, unique_id=? where id=?
Hibernate: select identity0_.id as id1_0_, identity0_.creation_date as creation2_0_, identity0_.created as created3_0_, identity0_.taken as taken4_0_, identity0_.unique_id as unique_i5_0_ from id_entity identity0_ where identity0_.taken is null limit ?
Hibernate: update id_entity set creation_date=?, created=?, taken=?, unique_id=? where id=?
Hibernate: select identity0_.id as id1_0_, identity0_.creation_date as creation2_0_, identity0_.created as created3_0_, identity0_.taken as taken4_0_, identity0_.unique_id as unique_i5_0_ from id_entity identity0_ where identity0_.taken is null limit ?
Hibernate: update id_entity set creation_date=?, created=?, taken=?, unique_id=? where id=?
Hibernate: select identity0_.id as id1_0_, identity0_.creation_date as creation2_0_, identity0_.created as created3_0_, identity0_.taken as taken4_0_, identity0_.unique_id as unique_i5_0_ from id_entity identity0_ where identity0_.taken is null limit ?
Hibernate: update id_entity set creation_date=?, created=?, taken=?, unique_id=? where id=?
Hibernate: select identity0_.id as id1_0_, identity0_.creation_date as creation2_0_, identity0_.created as created3_0_, identity0_.taken as taken4_0_, identity0_.unique_id as unique_i5_0_ from id_entity identity0_ where identity0_.taken is null limit ?
Hibernate: update id_entity set creation_date=?, created=?, taken=?, unique_id=? where id=?
Hibernate: select identity0_.id as id1_0_, identity0_.creation_date as creation2_0_, identity0_.created as created3_0_, identity0_.taken as taken4_0_, identity0_.unique_id as unique_i5_0_ from id_entity identity0_ where identity0_.taken is null limit ?
Hibernate: update id_entity set creation_date=?, created=?, taken=?, unique_id=? where id=?
Hibernate: select identity0_.id as id1_0_, identity0_.creation_date as creation2_0_, identity0_.created as created3_0_, identity0_.taken as taken4_0_, identity0_.unique_id as unique_i5_0_ from id_entity identity0_ where identity0_.taken is null limit ?
Hibernate: update id_entity set creation_date=?, created=?, taken=?, unique_id=? where id=?
Hibernate: select identity0_.id as id1_0_, identity0_.creation_date as creation2_0_, identity0_.created as created3_0_, identity0_.taken as taken4_0_, identity0_.unique_id as unique_i5_0_ from id_entity identity0_ where identity0_.taken is null limit ?
Hibernate: update id_entity set creation_date=?, created=?, taken=?, unique_id=? where id=?
Hibernate: select identity0_.id as id1_0_, identity0_.creation_date as creation2_0_, identity0_.created as created3_0_, identity0_.taken as taken4_0_, identity0_.unique_id as unique_i5_0_ from id_entity identity0_ where identity0_.taken is null limit ?
Hibernate: update id_entity set creation_date=?, created=?, taken=?, unique_id=? where id=?
Hibernate: select identity0_.id as id1_0_, identity0_.creation_date as creation2_0_, identity0_.created as created3_0_, identity0_.taken as taken4_0_, identity0_.unique_id as unique_i5_0_ from id_entity identity0_ where identity0_.taken is null limit ?
Hibernate: update id_entity set creation_date=?, created=?, taken=?, unique_id=? where id=?
Hibernate: select identity0_.id as id1_0_, identity0_.creation_date as creation2_0_, identity0_.created as created3_0_, identity0_.taken as taken4_0_, identity0_.unique_id as unique_i5_0_ from id_entity identity0_ where identity0_.taken is null limit ?
Hibernate: update id_entity set creation_date=?, created=?, taken=?, unique_id=? where id=?
Hibernate: select identity0_.id as id1_0_, identity0_.creation_date as creation2_0_, identity0_.created as created3_0_, identity0_.taken as taken4_0_, identity0_.unique_id as unique_i5_0_ from id_entity identity0_ where identity0_.taken is null limit ?
Hibernate: update id_entity set creation_date=?, created=?, taken=?, unique_id=? where id=?
Hibernate: select identity0_.id as id1_0_, identity0_.creation_date as creation2_0_, identity0_.created as created3_0_, identity0_.taken as taken4_0_, identity0_.unique_id as unique_i5_0_ from id_entity identity0_ where identity0_.taken is null limit ?
Hibernate: update id_entity set creation_date=?, created=?, taken=?, unique_id=? where id=?
Hibernate: select identity0_.id as id1_0_, identity0_.creation_date as creation2_0_, identity0_.created as created3_0_, identity0_.taken as taken4_0_, identity0_.unique_id as unique_i5_0_ from id_entity identity0_ where identity0_.taken is null limit ?
Hibernate: update id_entity set creation_date=?, created=?, taken=?, unique_id=? where id=?
Hibernate: select identity0_.id as id1_0_, identity0_.creation_date as creation2_0_, identity0_.created as created3_0_, identity0_.taken as taken4_0_, identity0_.unique_id as unique_i5_0_ from id_entity identity0_ where identity0_.taken is null limit ?
Hibernate: update id_entity set creation_date=?, created=?, taken=?, unique_id=? where id=?
Hibernate: select identity0_.id as id1_0_, identity0_.creation_date as creation2_0_, identity0_.created as created3_0_, identity0_.taken as taken4_0_, identity0_.unique_id as unique_i5_0_ from id_entity identity0_ where identity0_.taken is null limit ?
Hibernate: update id_entity set creation_date=?, created=?, taken=?, unique_id=? where id=?
Hibernate: select identity0_.id as id1_0_, identity0_.creation_date as creation2_0_, identity0_.created as created3_0_, identity0_.taken as taken4_0_, identity0_.unique_id as unique_i5_0_ from id_entity identity0_ where identity0_.taken is null limit ?
Hibernate: update id_entity set creation_date=?, created=?, taken=?, unique_id=? where id=?
Hibernate: select identity0_.id as id1_0_, identity0_.creation_date as creation2_0_, identity0_.created as created3_0_, identity0_.taken as taken4_0_, identity0_.unique_id as unique_i5_0_ from id_entity identity0_ where identity0_.taken is null limit ?
Hibernate: update id_entity set creation_date=?, created=?, taken=?, unique_id=? where id=?
Hibernate: select identity0_.id as id1_0_, identity0_.creation_date as creation2_0_, identity0_.created as created3_0_, identity0_.taken as taken4_0_, identity0_.unique_id as unique_i5_0_ from id_entity identity0_ where identity0_.taken is null limit ?
Hibernate: update id_entity set creation_date=?, created=?, taken=?, unique_id=? where id=?
Hibernate: select identity0_.id as id1_0_, identity0_.creation_date as creation2_0_, identity0_.created as created3_0_, identity0_.taken as taken4_0_, identity0_.unique_id as unique_i5_0_ from id_entity identity0_ where identity0_.taken is null limit ?
Hibernate: update id_entity set creation_date=?, created=?, taken=?, unique_id=? where id=?
Hibernate: select identity0_.id as id1_0_, identity0_.creation_date as creation2_0_, identity0_.created as created3_0_, identity0_.taken as taken4_0_, identity0_.unique_id as unique_i5_0_ from id_entity identity0_ where identity0_.taken is null limit ?
Hibernate: update id_entity set creation_date=?, created=?, taken=?, unique_id=? where id=?
Hibernate: select identity0_.id as id1_0_, identity0_.creation_date as creation2_0_, identity0_.created as created3_0_, identity0_.taken as taken4_0_, identity0_.unique_id as unique_i5_0_ from id_entity identity0_ where identity0_.taken is null limit ?
Hibernate: update id_entity set creation_date=?, created=?, taken=?, unique_id=? where id=?
Hibernate: select identity0_.id as id1_0_, identity0_.creation_date as creation2_0_, identity0_.created as created3_0_, identity0_.taken as taken4_0_, identity0_.unique_id as unique_i5_0_ from id_entity identity0_ where identity0_.taken is null limit ?
Hibernate: update id_entity set creation_date=?, created=?, taken=?, unique_id=? where id=?
Hibernate: select identity0_.id as id1_0_, identity0_.creation_date as creation2_0_, identity0_.created as created3_0_, identity0_.taken as taken4_0_, identity0_.unique_id as unique_i5_0_ from id_entity identity0_ where identity0_.taken is null limit ?
Hibernate: update id_entity set creation_date=?, created=?, taken=?, unique_id=? where id=?
Hibernate: select identity0_.id as id1_0_, identity0_.creation_date as creation2_0_, identity0_.created as created3_0_, identity0_.taken as taken4_0_, identity0_.unique_id as unique_i5_0_ from id_entity identity0_ where identity0_.taken is null limit ?
Hibernate: update id_entity set creation_date=?, created=?, taken=?, unique_id=? where id=?
Hibernate: select identity0_.id as id1_0_, identity0_.creation_date as creation2_0_, identity0_.created as created3_0_, identity0_.taken as taken4_0_, identity0_.unique_id as unique_i5_0_ from id_entity identity0_ where identity0_.taken is null limit ?
Hibernate: update id_entity set creation_date=?, created=?, taken=?, unique_id=? where id=?
Hibernate: select identity0_.id as id1_0_, identity0_.creation_date as creation2_0_, identity0_.created as created3_0_, identity0_.taken as taken4_0_, identity0_.unique_id as unique_i5_0_ from id_entity identity0_ where identity0_.taken is null limit ?
Hibernate: update id_entity set creation_date=?, created=?, taken=?, unique_id=? where id=?
Hibernate: select identity0_.id as id1_0_, identity0_.creation_date as creation2_0_, identity0_.created as created3_0_, identity0_.taken as taken4_0_, identity0_.unique_id as unique_i5_0_ from id_entity identity0_ where identity0_.taken is null limit ?
Hibernate: update id_entity set creation_date=?, created=?, taken=?, unique_id=? where id=?
Hibernate: select identity0_.id as id1_0_, identity0_.creation_date as creation2_0_, identity0_.created as created3_0_, identity0_.taken as taken4_0_, identity0_.unique_id as unique_i5_0_ from id_entity identity0_ where identity0_.taken is null limit ?
Hibernate: update id_entity set creation_date=?, created=?, taken=?, unique_id=? where id=?
Hibernate: select identity0_.id as id1_0_, identity0_.creation_date as creation2_0_, identity0_.created as created3_0_, identity0_.taken as taken4_0_, identity0_.unique_id as unique_i5_0_ from id_entity identity0_ where identity0_.taken is null limit ?
Hibernate: update id_entity set creation_date=?, created=?, taken=?, unique_id=? where id=?
Hibernate: select identity0_.id as id1_0_, identity0_.creation_date as creation2_0_, identity0_.created as created3_0_, identity0_.taken as taken4_0_, identity0_.unique_id as unique_i5_0_ from id_entity identity0_ where identity0_.taken is null limit ?
Hibernate: update id_entity set creation_date=?, created=?, taken=?, unique_id=? where id=?
Hibernate: select identity0_.id as id1_0_, identity0_.creation_date as creation2_0_, identity0_.created as created3_0_, identity0_.taken as taken4_0_, identity0_.unique_id as unique_i5_0_ from id_entity identity0_ where identity0_.taken is null limit ?
Hibernate: update id_entity set creation_date=?, created=?, taken=?, unique_id=? where id=?
Hibernate: select identity0_.id as id1_0_, identity0_.creation_date as creation2_0_, identity0_.created as created3_0_, identity0_.taken as taken4_0_, identity0_.unique_id as unique_i5_0_ from id_entity identity0_ where identity0_.taken is null limit ?
Hibernate: update id_entity set creation_date=?, created=?, taken=?, unique_id=? where id=?
Hibernate: select identity0_.id as id1_0_, identity0_.creation_date as creation2_0_, identity0_.created as created3_0_, identity0_.taken as taken4_0_, identity0_.unique_id as unique_i5_0_ from id_entity identity0_ where identity0_.taken is null limit ?
Hibernate: update id_entity set creation_date=?, created=?, taken=?, unique_id=? where id=?
Hibernate: select identity0_.id as id1_0_, identity0_.creation_date as creation2_0_, identity0_.created as created3_0_, identity0_.taken as taken4_0_, identity0_.unique_id as unique_i5_0_ from id_entity identity0_ where identity0_.taken is null limit ?
Hibernate: update id_entity set creation_date=?, created=?, taken=?, unique_id=? where id=?
Hibernate: select identity0_.id as id1_0_, identity0_.creation_date as creation2_0_, identity0_.created as created3_0_, identity0_.taken as taken4_0_, identity0_.unique_id as unique_i5_0_ from id_entity identity0_ where identity0_.taken is null limit ?
Hibernate: update id_entity set creation_date=?, created=?, taken=?, unique_id=? where id=?
Hibernate: select identity0_.id as id1_0_, identity0_.creation_date as creation2_0_, identity0_.created as created3_0_, identity0_.taken as taken4_0_, identity0_.unique_id as unique_i5_0_ from id_entity identity0_ where identity0_.taken is null limit ?
Hibernate: update id_entity set creation_date=?, created=?, taken=?, unique_id=? where id=?
Hibernate: select identity0_.id as id1_0_, identity0_.creation_date as creation2_0_, identity0_.created as created3_0_, identity0_.taken as taken4_0_, identity0_.unique_id as unique_i5_0_ from id_entity identity0_ where identity0_.taken is null limit ?
Hibernate: update id_entity set creation_date=?, created=?, taken=?, unique_id=? where id=?
Hibernate: select identity0_.id as id1_0_, identity0_.creation_date as creation2_0_, identity0_.created as created3_0_, identity0_.taken as taken4_0_, identity0_.unique_id as unique_i5_0_ from id_entity identity0_ where identity0_.taken is null limit ?
Hibernate: update id_entity set creation_date=?, created=?, taken=?, unique_id=? where id=?
Hibernate: select identity0_.id as id1_0_, identity0_.creation_date as creation2_0_, identity0_.created as created3_0_, identity0_.taken as taken4_0_, identity0_.unique_id as unique_i5_0_ from id_entity identity0_ where identity0_.taken is null limit ?
Hibernate: update id_entity set creation_date=?, created=?, taken=?, unique_id=? where id=?
Hibernate: select identity0_.id as id1_0_, identity0_.creation_date as creation2_0_, identity0_.created as created3_0_, identity0_.taken as taken4_0_, identity0_.unique_id as unique_i5_0_ from id_entity identity0_ where identity0_.taken is null limit ?
Hibernate: update id_entity set creation_date=?, created=?, taken=?, unique_id=? where id=?
Hibernate: select identity0_.id as id1_0_, identity0_.creation_date as creation2_0_, identity0_.created as created3_0_, identity0_.taken as taken4_0_, identity0_.unique_id as unique_i5_0_ from id_entity identity0_ where identity0_.taken is null limit ?
Hibernate: update id_entity set creation_date=?, created=?, taken=?, unique_id=? where id=?
Hibernate: select identity0_.id as id1_0_, identity0_.creation_date as creation2_0_, identity0_.created as created3_0_, identity0_.taken as taken4_0_, identity0_.unique_id as unique_i5_0_ from id_entity identity0_ where identity0_.taken is null limit ?
Hibernate: update id_entity set creation_date=?, created=?, taken=?, unique_id=? where id=?
Hibernate: select identity0_.id as id1_0_, identity0_.creation_date as creation2_0_, identity0_.created as created3_0_, identity0_.taken as taken4_0_, identity0_.unique_id as unique_i5_0_ from id_entity identity0_ where identity0_.taken is null limit ?
Hibernate: update id_entity set creation_date=?, created=?, taken=?, unique_id=? where id=?
Hibernate: select identity0_.id as id1_0_, identity0_.creation_date as creation2_0_, identity0_.created as created3_0_, identity0_.taken as taken4_0_, identity0_.unique_id as unique_i5_0_ from id_entity identity0_ where identity0_.taken is null limit ?
Hibernate: update id_entity set creation_date=?, created=?, taken=?, unique_id=? where id=?
Hibernate: select identity0_.id as id1_0_, identity0_.creation_date as creation2_0_, identity0_.created as created3_0_, identity0_.taken as taken4_0_, identity0_.unique_id as unique_i5_0_ from id_entity identity0_ where identity0_.taken is null limit ?
Hibernate: update id_entity set creation_date=?, created=?, taken=?, unique_id=? where id=?
Hibernate: select identity0_.id as id1_0_, identity0_.creation_date as creation2_0_, identity0_.created as created3_0_, identity0_.taken as taken4_0_, identity0_.unique_id as unique_i5_0_ from id_entity identity0_ where identity0_.taken is null limit ?
Hibernate: update id_entity set creation_date=?, created=?, taken=?, unique_id=? where id=?
Hibernate: select identity0_.id as id1_0_, identity0_.creation_date as creation2_0_, identity0_.created as created3_0_, identity0_.taken as taken4_0_, identity0_.unique_id as unique_i5_0_ from id_entity identity0_ where identity0_.taken is null limit ?
Hibernate: update id_entity set creation_date=?, created=?, taken=?, unique_id=? where id=?
Hibernate: select identity0_.id as id1_0_, identity0_.creation_date as creation2_0_, identity0_.created as created3_0_, identity0_.taken as taken4_0_, identity0_.unique_id as unique_i5_0_ from id_entity identity0_ where identity0_.taken is null limit ?
Hibernate: update id_entity set creation_date=?, created=?, taken=?, unique_id=? where id=?
Hibernate: select identity0_.id as id1_0_, identity0_.creation_date as creation2_0_, identity0_.created as created3_0_, identity0_.taken as taken4_0_, identity0_.unique_id as unique_i5_0_ from id_entity identity0_ where identity0_.taken is null limit ?
Hibernate: update id_entity set creation_date=?, created=?, taken=?, unique_id=? where id=?
Hibernate: select identity0_.id as id1_0_, identity0_.creation_date as creation2_0_, identity0_.created as created3_0_, identity0_.taken as taken4_0_, identity0_.unique_id as unique_i5_0_ from id_entity identity0_ where identity0_.taken is null limit ?
Hibernate: update id_entity set creation_date=?, created=?, taken=?, unique_id=? where id=?
Hibernate: select identity0_.id as id1_0_, identity0_.creation_date as creation2_0_, identity0_.created as created3_0_, identity0_.taken as taken4_0_, identity0_.unique_id as unique_i5_0_ from id_entity identity0_ where identity0_.taken is null limit ?
Hibernate: update id_entity set creation_date=?, created=?, taken=?, unique_id=? where id=?
Hibernate: select identity0_.id as id1_0_, identity0_.creation_date as creation2_0_, identity0_.created as created3_0_, identity0_.taken as taken4_0_, identity0_.unique_id as unique_i5_0_ from id_entity identity0_ where identity0_.taken is null limit ?
Hibernate: update id_entity set creation_date=?, created=?, taken=?, unique_id=? where id=?
Hibernate: select identity0_.id as id1_0_, identity0_.creation_date as creation2_0_, identity0_.created as created3_0_, identity0_.taken as taken4_0_, identity0_.unique_id as unique_i5_0_ from id_entity identity0_ where identity0_.taken is null limit ?
Hibernate: update id_entity set creation_date=?, created=?, taken=?, unique_id=? where id=?
Hibernate: select identity0_.id as id1_0_, identity0_.creation_date as creation2_0_, identity0_.created as created3_0_, identity0_.taken as taken4_0_, identity0_.unique_id as unique_i5_0_ from id_entity identity0_ where identity0_.taken is null limit ?
Hibernate: update id_entity set creation_date=?, created=?, taken=?, unique_id=? where id=?
Hibernate: select identity0_.id as id1_0_, identity0_.creation_date as creation2_0_, identity0_.created as created3_0_, identity0_.taken as taken4_0_, identity0_.unique_id as unique_i5_0_ from id_entity identity0_ where identity0_.taken is null limit ?
Hibernate: update id_entity set creation_date=?, created=?, taken=?, unique_id=? where id=?
Hibernate: select identity0_.id as id1_0_, identity0_.creation_date as creation2_0_, identity0_.created as created3_0_, identity0_.taken as taken4_0_, identity0_.unique_id as unique_i5_0_ from id_entity identity0_ where identity0_.taken is null limit ?
Hibernate: update id_entity set creation_date=?, created=?, taken=?, unique_id=? where id=?
Hibernate: select identity0_.id as id1_0_, identity0_.creation_date as creation2_0_, identity0_.created as created3_0_, identity0_.taken as taken4_0_, identity0_.unique_id as unique_i5_0_ from id_entity identity0_ where identity0_.taken is null limit ?
Hibernate: update id_entity set creation_date=?, created=?, taken=?, unique_id=? where id=?
Hibernate: select identity0_.id as id1_0_, identity0_.creation_date as creation2_0_, identity0_.created as created3_0_, identity0_.taken as taken4_0_, identity0_.unique_id as unique_i5_0_ from id_entity identity0_ where identity0_.taken is null limit ?
Hibernate: update id_entity set creation_date=?, created=?, taken=?, unique_id=? where id=?
Hibernate: select identity0_.id as id1_0_, identity0_.creation_date as creation2_0_, identity0_.created as created3_0_, identity0_.taken as taken4_0_, identity0_.unique_id as unique_i5_0_ from id_entity identity0_ where identity0_.taken is null limit ?
Hibernate: update id_entity set creation_date=?, created=?, taken=?, unique_id=? where id=?
Hibernate: select identity0_.id as id1_0_, identity0_.creation_date as creation2_0_, identity0_.created as created3_0_, identity0_.taken as taken4_0_, identity0_.unique_id as unique_i5_0_ from id_entity identity0_ where identity0_.taken is null limit ?
Hibernate: update id_entity set creation_date=?, created=?, taken=?, unique_id=? where id=?
Hibernate: select identity0_.id as id1_0_, identity0_.creation_date as creation2_0_, identity0_.created as created3_0_, identity0_.taken as taken4_0_, identity0_.unique_id as unique_i5_0_ from id_entity identity0_ where identity0_.taken is null limit ?
Hibernate: update id_entity set creation_date=?, created=?, taken=?, unique_id=? where id=?
Hibernate: select identity0_.id as id1_0_, identity0_.creation_date as creation2_0_, identity0_.created as created3_0_, identity0_.taken as taken4_0_, identity0_.unique_id as unique_i5_0_ from id_entity identity0_ where identity0_.taken is null limit ?
Hibernate: update id_entity set creation_date=?, created=?, taken=?, unique_id=? where id=?
Hibernate: select identity0_.id as id1_0_, identity0_.creation_date as creation2_0_, identity0_.created as created3_0_, identity0_.taken as taken4_0_, identity0_.unique_id as unique_i5_0_ from id_entity identity0_ where identity0_.taken is null limit ?
Hibernate: update id_entity set creation_date=?, created=?, taken=?, unique_id=? where id=?
Hibernate: select identity0_.id as id1_0_, identity0_.creation_date as creation2_0_, identity0_.created as created3_0_, identity0_.taken as taken4_0_, identity0_.unique_id as unique_i5_0_ from id_entity identity0_ where identity0_.taken is null limit ?
Hibernate: select count(*) as col_0_0_ from id_entity identity0_
Hibernate: call next value for hibernate_sequence
Hibernate: call next value for hibernate_sequence
Hibernate: call next value for hibernate_sequence
Hibernate: call next value for hibernate_sequence
Hibernate: call next value for hibernate_sequence
Hibernate: call next value for hibernate_sequence
Hibernate: call next value for hibernate_sequence
Hibernate: call next value for hibernate_sequence
Hibernate: call next value for hibernate_sequence
Hibernate: call next value for hibernate_sequence
Hibernate: call next value for hibernate_sequence
Hibernate: call next value for hibernate_sequence
Hibernate: call next value for hibernate_sequence
Hibernate: call next value for hibernate_sequence
Hibernate: call next value for hibernate_sequence
Hibernate: call next value for hibernate_sequence
Hibernate: call next value for hibernate_sequence
Hibernate: call next value for hibernate_sequence
Hibernate: call next value for hibernate_sequence
Hibernate: call next value for hibernate_sequence
Hibernate: call next value for hibernate_sequence
Hibernate: call next value for hibernate_sequence
Hibernate: call next value for hibernate_sequence
Hibernate: call next value for hibernate_sequence
Hibernate: call next value for hibernate_sequence
Hibernate: call next value for hibernate_sequence
Hibernate: call next value for hibernate_sequence
Hibernate: call next value for hibernate_sequence
Hibernate: call next value for hibernate_sequence
Hibernate: call next value for hibernate_sequence
Hibernate: call next value for hibernate_sequence
Hibernate: call next value for hibernate_sequence
Hibernate: call next value for hibernate_sequence
Hibernate: call next value for hibernate_sequence
Hibernate: call next value for hibernate_sequence
Hibernate: call next value for hibernate_sequence
Hibernate: call next value for hibernate_sequence
Hibernate: call next value for hibernate_sequence
Hibernate: call next value for hibernate_sequence
Hibernate: call next value for hibernate_sequence
Hibernate: call next value for hibernate_sequence
Hibernate: call next value for hibernate_sequence
Hibernate: call next value for hibernate_sequence
Hibernate: call next value for hibernate_sequence
Hibernate: call next value for hibernate_sequence
Hibernate: call next value for hibernate_sequence
Hibernate: call next value for hibernate_sequence
Hibernate: call next value for hibernate_sequence
Hibernate: call next value for hibernate_sequence
Hibernate: call next value for hibernate_sequence
Hibernate: call next value for hibernate_sequence
Hibernate: call next value for hibernate_sequence
Hibernate: call next value for hibernate_sequence
Hibernate: call next value for hibernate_sequence
Hibernate: call next value for hibernate_sequence
Hibernate: call next value for hibernate_sequence
Hibernate: call next value for hibernate_sequence
Hibernate: call next value for hibernate_sequence
Hibernate: call next value for hibernate_sequence
Hibernate: call next value for hibernate_sequence
Hibernate: call next value for hibernate_sequence
Hibernate: call next value for hibernate_sequence
Hibernate: call next value for hibernate_sequence
Hibernate: call next value for hibernate_sequence
Hibernate: call next value for hibernate_sequence
Hibernate: call next value for hibernate_sequence
Hibernate: call next value for hibernate_sequence
Hibernate: call next value for hibernate_sequence
Hibernate: call next value for hibernate_sequence
Hibernate: call next value for hibernate_sequence
Hibernate: call next value for hibernate_sequence
Hibernate: call next value for hibernate_sequence
Hibernate: call next value for hibernate_sequence
Hibernate: call next value for hibernate_sequence
Hibernate: call next value for hibernate_sequence
Hibernate: call next value for hibernate_sequence
Hibernate: call next value for hibernate_sequence
Hibernate: call next value for hibernate_sequence
Hibernate: call next value for hibernate_sequence
Hibernate: call next value for hibernate_sequence
Hibernate: call next value for hibernate_sequence
Hibernate: call next value for hibernate_sequence
Hibernate: call next value for hibernate_sequence
Hibernate: call next value for hibernate_sequence
Hibernate: call next value for hibernate_sequence
Hibernate: call next value for hibernate_sequence
Hibernate: call next value for hibernate_sequence
Hibernate: call next value for hibernate_sequence
Hibernate: call next value for hibernate_sequence
Hibernate: call next value for hibernate_sequence
Hibernate: call next value for hibernate_sequence
Hibernate: call next value for hibernate_sequence
Hibernate: call next value for hibernate_sequence
Hibernate: call next value for hibernate_sequence
Hibernate: call next value for hibernate_sequence
Hibernate: call next value for hibernate_sequence
Hibernate: call next value for hibernate_sequence
Hibernate: call next value for hibernate_sequence
Hibernate: call next value for hibernate_sequence
Hibernate: call next value for hibernate_sequence
Hibernate: insert into id_entity (creation_date, created, taken, unique_id, id) values (?, ?, ?, ?, ?)
Hibernate: insert into id_entity (creation_date, created, taken, unique_id, id) values (?, ?, ?, ?, ?)
Hibernate: insert into id_entity (creation_date, created, taken, unique_id, id) values (?, ?, ?, ?, ?)
Hibernate: insert into id_entity (creation_date, created, taken, unique_id, id) values (?, ?, ?, ?, ?)
Hibernate: insert into id_entity (creation_date, created, taken, unique_id, id) values (?, ?, ?, ?, ?)
Hibernate: insert into id_entity (creation_date, created, taken, unique_id, id) values (?, ?, ?, ?, ?)
Hibernate: insert into id_entity (creation_date, created, taken, unique_id, id) values (?, ?, ?, ?, ?)
Hibernate: insert into id_entity (creation_date, created, taken, unique_id, id) values (?, ?, ?, ?, ?)
Hibernate: insert into id_entity (creation_date, created, taken, unique_id, id) values (?, ?, ?, ?, ?)
Hibernate: insert into id_entity (creation_date, created, taken, unique_id, id) values (?, ?, ?, ?, ?)
Hibernate: insert into id_entity (creation_date, created, taken, unique_id, id) values (?, ?, ?, ?, ?)
Hibernate: insert into id_entity (creation_date, created, taken, unique_id, id) values (?, ?, ?, ?, ?)
Hibernate: insert into id_entity (creation_date, created, taken, unique_id, id) values (?, ?, ?, ?, ?)
Hibernate: insert into id_entity (creation_date, created, taken, unique_id, id) values (?, ?, ?, ?, ?)
Hibernate: insert into id_entity (creation_date, created, taken, unique_id, id) values (?, ?, ?, ?, ?)
Hibernate: insert into id_entity (creation_date, created, taken, unique_id, id) values (?, ?, ?, ?, ?)
Hibernate: insert into id_entity (creation_date, created, taken, unique_id, id) values (?, ?, ?, ?, ?)
Hibernate: insert into id_entity (creation_date, created, taken, unique_id, id) values (?, ?, ?, ?, ?)
Hibernate: insert into id_entity (creation_date, created, taken, unique_id, id) values (?, ?, ?, ?, ?)
Hibernate: insert into id_entity (creation_date, created, taken, unique_id, id) values (?, ?, ?, ?, ?)
Hibernate: insert into id_entity (creation_date, created, taken, unique_id, id) values (?, ?, ?, ?, ?)
Hibernate: insert into id_entity (creation_date, created, taken, unique_id, id) values (?, ?, ?, ?, ?)
Hibernate: insert into id_entity (creation_date, created, taken, unique_id, id) values (?, ?, ?, ?, ?)
Hibernate: insert into id_entity (creation_date, created, taken, unique_id, id) values (?, ?, ?, ?, ?)
Hibernate: insert into id_entity (creation_date, created, taken, unique_id, id) values (?, ?, ?, ?, ?)
Hibernate: insert into id_entity (creation_date, created, taken, unique_id, id) values (?, ?, ?, ?, ?)
Hibernate: insert into id_entity (creation_date, created, taken, unique_id, id) values (?, ?, ?, ?, ?)
Hibernate: insert into id_entity (creation_date, created, taken, unique_id, id) values (?, ?, ?, ?, ?)
Hibernate: insert into id_entity (creation_date, created, taken, unique_id, id) values (?, ?, ?, ?, ?)
Hibernate: insert into id_entity (creation_date, created, taken, unique_id, id) values (?, ?, ?, ?, ?)
Hibernate: insert into id_entity (creation_date, created, taken, unique_id, id) values (?, ?, ?, ?, ?)
Hibernate: insert into id_entity (creation_date, created, taken, unique_id, id) values (?, ?, ?, ?, ?)
Hibernate: insert into id_entity (creation_date, created, taken, unique_id, id) values (?, ?, ?, ?, ?)
Hibernate: insert into id_entity (creation_date, created, taken, unique_id, id) values (?, ?, ?, ?, ?)
Hibernate: insert into id_entity (creation_date, created, taken, unique_id, id) values (?, ?, ?, ?, ?)
Hibernate: insert into id_entity (creation_date, created, taken, unique_id, id) values (?, ?, ?, ?, ?)
Hibernate: insert into id_entity (creation_date, created, taken, unique_id, id) values (?, ?, ?, ?, ?)
Hibernate: insert into id_entity (creation_date, created, taken, unique_id, id) values (?, ?, ?, ?, ?)
Hibernate: insert into id_entity (creation_date, created, taken, unique_id, id) values (?, ?, ?, ?, ?)
Hibernate: insert into id_entity (creation_date, created, taken, unique_id, id) values (?, ?, ?, ?, ?)
Hibernate: insert into id_entity (creation_date, created, taken, unique_id, id) values (?, ?, ?, ?, ?)
Hibernate: insert into id_entity (creation_date, created, taken, unique_id, id) values (?, ?, ?, ?, ?)
Hibernate: insert into id_entity (creation_date, created, taken, unique_id, id) values (?, ?, ?, ?, ?)
Hibernate: insert into id_entity (creation_date, created, taken, unique_id, id) values (?, ?, ?, ?, ?)
Hibernate: insert into id_entity (creation_date, created, taken, unique_id, id) values (?, ?, ?, ?, ?)
Hibernate: insert into id_entity (creation_date, created, taken, unique_id, id) values (?, ?, ?, ?, ?)
Hibernate: insert into id_entity (creation_date, created, taken, unique_id, id) values (?, ?, ?, ?, ?)
Hibernate: insert into id_entity (creation_date, created, taken, unique_id, id) values (?, ?, ?, ?, ?)
Hibernate: insert into id_entity (creation_date, created, taken, unique_id, id) values (?, ?, ?, ?, ?)
Hibernate: insert into id_entity (creation_date, created, taken, unique_id, id) values (?, ?, ?, ?, ?)
Hibernate: insert into id_entity (creation_date, created, taken, unique_id, id) values (?, ?, ?, ?, ?)
Hibernate: insert into id_entity (creation_date, created, taken, unique_id, id) values (?, ?, ?, ?, ?)
Hibernate: insert into id_entity (creation_date, created, taken, unique_id, id) values (?, ?, ?, ?, ?)
Hibernate: insert into id_entity (creation_date, created, taken, unique_id, id) values (?, ?, ?, ?, ?)
Hibernate: insert into id_entity (creation_date, created, taken, unique_id, id) values (?, ?, ?, ?, ?)
Hibernate: insert into id_entity (creation_date, created, taken, unique_id, id) values (?, ?, ?, ?, ?)
Hibernate: insert into id_entity (creation_date, created, taken, unique_id, id) values (?, ?, ?, ?, ?)
Hibernate: insert into id_entity (creation_date, created, taken, unique_id, id) values (?, ?, ?, ?, ?)
Hibernate: insert into id_entity (creation_date, created, taken, unique_id, id) values (?, ?, ?, ?, ?)
Hibernate: insert into id_entity (creation_date, created, taken, unique_id, id) values (?, ?, ?, ?, ?)
Hibernate: insert into id_entity (creation_date, created, taken, unique_id, id) values (?, ?, ?, ?, ?)
Hibernate: insert into id_entity (creation_date, created, taken, unique_id, id) values (?, ?, ?, ?, ?)
Hibernate: insert into id_entity (creation_date, created, taken, unique_id, id) values (?, ?, ?, ?, ?)
Hibernate: insert into id_entity (creation_date, created, taken, unique_id, id) values (?, ?, ?, ?, ?)
Hibernate: insert into id_entity (creation_date, created, taken, unique_id, id) values (?, ?, ?, ?, ?)
Hibernate: insert into id_entity (creation_date, created, taken, unique_id, id) values (?, ?, ?, ?, ?)
Hibernate: insert into id_entity (creation_date, created, taken, unique_id, id) values (?, ?, ?, ?, ?)
Hibernate: insert into id_entity (creation_date, created, taken, unique_id, id) values (?, ?, ?, ?, ?)
Hibernate: insert into id_entity (creation_date, created, taken, unique_id, id) values (?, ?, ?, ?, ?)
Hibernate: insert into id_entity (creation_date, created, taken, unique_id, id) values (?, ?, ?, ?, ?)
Hibernate: insert into id_entity (creation_date, created, taken, unique_id, id) values (?, ?, ?, ?, ?)
Hibernate: insert into id_entity (creation_date, created, taken, unique_id, id) values (?, ?, ?, ?, ?)
Hibernate: insert into id_entity (creation_date, created, taken, unique_id, id) values (?, ?, ?, ?, ?)
Hibernate: insert into id_entity (creation_date, created, taken, unique_id, id) values (?, ?, ?, ?, ?)
Hibernate: insert into id_entity (creation_date, created, taken, unique_id, id) values (?, ?, ?, ?, ?)
Hibernate: insert into id_entity (creation_date, created, taken, unique_id, id) values (?, ?, ?, ?, ?)
Hibernate: insert into id_entity (creation_date, created, taken, unique_id, id) values (?, ?, ?, ?, ?)
Hibernate: insert into id_entity (creation_date, created, taken, unique_id, id) values (?, ?, ?, ?, ?)
Hibernate: insert into id_entity (creation_date, created, taken, unique_id, id) values (?, ?, ?, ?, ?)
Hibernate: insert into id_entity (creation_date, created, taken, unique_id, id) values (?, ?, ?, ?, ?)
Hibernate: insert into id_entity (creation_date, created, taken, unique_id, id) values (?, ?, ?, ?, ?)
Hibernate: insert into id_entity (creation_date, created, taken, unique_id, id) values (?, ?, ?, ?, ?)
Hibernate: insert into id_entity (creation_date, created, taken, unique_id, id) values (?, ?, ?, ?, ?)
Hibernate: insert into id_entity (creation_date, created, taken, unique_id, id) values (?, ?, ?, ?, ?)
Hibernate: insert into id_entity (creation_date, created, taken, unique_id, id) values (?, ?, ?, ?, ?)
Hibernate: insert into id_entity (creation_date, created, taken, unique_id, id) values (?, ?, ?, ?, ?)
Hibernate: insert into id_entity (creation_date, created, taken, unique_id, id) values (?, ?, ?, ?, ?)
Hibernate: insert into id_entity (creation_date, created, taken, unique_id, id) values (?, ?, ?, ?, ?)
Hibernate: insert into id_entity (creation_date, created, taken, unique_id, id) values (?, ?, ?, ?, ?)
Hibernate: insert into id_entity (creation_date, created, taken, unique_id, id) values (?, ?, ?, ?, ?)
Hibernate: insert into id_entity (creation_date, created, taken, unique_id, id) values (?, ?, ?, ?, ?)
Hibernate: insert into id_entity (creation_date, created, taken, unique_id, id) values (?, ?, ?, ?, ?)
Hibernate: insert into id_entity (creation_date, created, taken, unique_id, id) values (?, ?, ?, ?, ?)
Hibernate: insert into id_entity (creation_date, created, taken, unique_id, id) values (?, ?, ?, ?, ?)
Hibernate: insert into id_entity (creation_date, created, taken, unique_id, id) values (?, ?, ?, ?, ?)
Hibernate: insert into id_entity (creation_date, created, taken, unique_id, id) values (?, ?, ?, ?, ?)
Hibernate: insert into id_entity (creation_date, created, taken, unique_id, id) values (?, ?, ?, ?, ?)
Hibernate: insert into id_entity (creation_date, created, taken, unique_id, id) values (?, ?, ?, ?, ?)
Hibernate: insert into id_entity (creation_date, created, taken, unique_id, id) values (?, ?, ?, ?, ?)
Hibernate: insert into id_entity (creation_date, created, taken, unique_id, id) values (?, ?, ?, ?, ?)
Hibernate: update id_entity set creation_date=?, created=?, taken=?, unique_id=? where id=?
Hibernate: select identity0_.id as id1_0_, identity0_.creation_date as creation2_0_, identity0_.created as created3_0_, identity0_.taken as taken4_0_, identity0_.unique_id as unique_i5_0_ from id_entity identity0_ where identity0_.taken is null limit ?
Hibernate: update id_entity set creation_date=?, created=?, taken=?, unique_id=? where id=?
Hibernate: select identity0_.id as id1_0_, identity0_.creation_date as creation2_0_, identity0_.created as created3_0_, identity0_.taken as taken4_0_, identity0_.unique_id as unique_i5_0_ from id_entity identity0_ where identity0_.taken is null limit ?
Hibernate: update id_entity set creation_date=?, created=?, taken=?, unique_id=? where id=?
Hibernate: select identity0_.id as id1_0_, identity0_.creation_date as creation2_0_, identity0_.created as created3_0_, identity0_.taken as taken4_0_, identity0_.unique_id as unique_i5_0_ from id_entity identity0_ where identity0_.taken is null limit ?
Hibernate: update id_entity set creation_date=?, created=?, taken=?, unique_id=? where id=?
Hibernate: select identity0_.id as id1_0_, identity0_.creation_date as creation2_0_, identity0_.created as created3_0_, identity0_.taken as taken4_0_, identity0_.unique_id as unique_i5_0_ from id_entity identity0_ where identity0_.taken is null limit ?
Hibernate: update id_entity set creation_date=?, created=?, taken=?, unique_id=? where id=?
Hibernate: select identity0_.id as id1_0_, identity0_.creation_date as creation2_0_, identity0_.created as created3_0_, identity0_.taken as taken4_0_, identity0_.unique_id as unique_i5_0_ from id_entity identity0_ where identity0_.taken is null limit ?
Hibernate: update id_entity set creation_date=?, created=?, taken=?, unique_id=? where id=?
Hibernate: select identity0_.id as id1_0_, identity0_.creation_date as creation2_0_, identity0_.created as created3_0_, identity0_.taken as taken4_0_, identity0_.unique_id as unique_i5_0_ from id_entity identity0_ where identity0_.taken is null limit ?
Hibernate: update id_entity set creation_date=?, created=?, taken=?, unique_id=? where id=?
Hibernate: select identity0_.id as id1_0_, identity0_.creation_date as creation2_0_, identity0_.created as created3_0_, identity0_.taken as taken4_0_, identity0_.unique_id as unique_i5_0_ from id_entity identity0_ where identity0_.taken is null limit ?
Hibernate: update id_entity set creation_date=?, created=?, taken=?, unique_id=? where id=?
Hibernate: select identity0_.id as id1_0_, identity0_.creation_date as creation2_0_, identity0_.created as created3_0_, identity0_.taken as taken4_0_, identity0_.unique_id as unique_i5_0_ from id_entity identity0_ where identity0_.taken is null limit ?
Hibernate: update id_entity set creation_date=?, created=?, taken=?, unique_id=? where id=?
Hibernate: select identity0_.id as id1_0_, identity0_.creation_date as creation2_0_, identity0_.created as created3_0_, identity0_.taken as taken4_0_, identity0_.unique_id as unique_i5_0_ from id_entity identity0_ where identity0_.taken is null limit ?
Hibernate: update id_entity set creation_date=?, created=?, taken=?, unique_id=? where id=?
Hibernate: select identity0_.id as id1_0_, identity0_.creation_date as creation2_0_, identity0_.created as created3_0_, identity0_.taken as taken4_0_, identity0_.unique_id as unique_i5_0_ from id_entity identity0_ where identity0_.taken is null limit ?
Hibernate: update id_entity set creation_date=?, created=?, taken=?, unique_id=? where id=?
Hibernate: select identity0_.id as id1_0_, identity0_.creation_date as creation2_0_, identity0_.created as created3_0_, identity0_.taken as taken4_0_, identity0_.unique_id as unique_i5_0_ from id_entity identity0_ where identity0_.taken is null limit ?
Hibernate: update id_entity set creation_date=?, created=?, taken=?, unique_id=? where id=?
Hibernate: select identity0_.id as id1_0_, identity0_.creation_date as creation2_0_, identity0_.created as created3_0_, identity0_.taken as taken4_0_, identity0_.unique_id as unique_i5_0_ from id_entity identity0_ where identity0_.taken is null limit ?
Hibernate: update id_entity set creation_date=?, created=?, taken=?, unique_id=? where id=?
Hibernate: select identity0_.id as id1_0_, identity0_.creation_date as creation2_0_, identity0_.created as created3_0_, identity0_.taken as taken4_0_, identity0_.unique_id as unique_i5_0_ from id_entity identity0_ where identity0_.taken is null limit ?
Hibernate: update id_entity set creation_date=?, created=?, taken=?, unique_id=? where id=?
Hibernate: select identity0_.id as id1_0_, identity0_.creation_date as creation2_0_, identity0_.created as created3_0_, identity0_.taken as taken4_0_, identity0_.unique_id as unique_i5_0_ from id_entity identity0_ where identity0_.taken is null limit ?
Hibernate: update id_entity set creation_date=?, created=?, taken=?, unique_id=? where id=?
Hibernate: select identity0_.id as id1_0_, identity0_.creation_date as creation2_0_, identity0_.created as created3_0_, identity0_.taken as taken4_0_, identity0_.unique_id as unique_i5_0_ from id_entity identity0_ where identity0_.taken is null limit ?
Hibernate: update id_entity set creation_date=?, created=?, taken=?, unique_id=? where id=?
Hibernate: select identity0_.id as id1_0_, identity0_.creation_date as creation2_0_, identity0_.created as created3_0_, identity0_.taken as taken4_0_, identity0_.unique_id as unique_i5_0_ from id_entity identity0_ where identity0_.taken is null limit ?
Hibernate: update id_entity set creation_date=?, created=?, taken=?, unique_id=? where id=?
Hibernate: select identity0_.id as id1_0_, identity0_.creation_date as creation2_0_, identity0_.created as created3_0_, identity0_.taken as taken4_0_, identity0_.unique_id as unique_i5_0_ from id_entity identity0_ where identity0_.taken is null limit ?
Hibernate: update id_entity set creation_date=?, created=?, taken=?, unique_id=? where id=?
Hibernate: select identity0_.id as id1_0_, identity0_.creation_date as creation2_0_, identity0_.created as created3_0_, identity0_.taken as taken4_0_, identity0_.unique_id as unique_i5_0_ from id_entity identity0_ where identity0_.taken is null limit ?
Hibernate: update id_entity set creation_date=?, created=?, taken=?, unique_id=? where id=?
Hibernate: select identity0_.id as id1_0_, identity0_.creation_date as creation2_0_, identity0_.created as created3_0_, identity0_.taken as taken4_0_, identity0_.unique_id as unique_i5_0_ from id_entity identity0_ where identity0_.taken is null limit ?
Hibernate: update id_entity set creation_date=?, created=?, taken=?, unique_id=? where id=?
Hibernate: select identity0_.id as id1_0_, identity0_.creation_date as creation2_0_, identity0_.created as created3_0_, identity0_.taken as taken4_0_, identity0_.unique_id as unique_i5_0_ from id_entity identity0_ where identity0_.taken is null limit ?
Hibernate: update id_entity set creation_date=?, created=?, taken=?, unique_id=? where id=?
Hibernate: select identity0_.id as id1_0_, identity0_.creation_date as creation2_0_, identity0_.created as created3_0_, identity0_.taken as taken4_0_, identity0_.unique_id as unique_i5_0_ from id_entity identity0_ where identity0_.taken is null limit ?
Hibernate: update id_entity set creation_date=?, created=?, taken=?, unique_id=? where id=?
Hibernate: select identity0_.id as id1_0_, identity0_.creation_date as creation2_0_, identity0_.created as created3_0_, identity0_.taken as taken4_0_, identity0_.unique_id as unique_i5_0_ from id_entity identity0_ where identity0_.taken is null limit ?
Hibernate: update id_entity set creation_date=?, created=?, taken=?, unique_id=? where id=?
Hibernate: select identity0_.id as id1_0_, identity0_.creation_date as creation2_0_, identity0_.created as created3_0_, identity0_.taken as taken4_0_, identity0_.unique_id as unique_i5_0_ from id_entity identity0_ where identity0_.taken is null limit ?
Hibernate: update id_entity set creation_date=?, created=?, taken=?, unique_id=? where id=?
Hibernate: select identity0_.id as id1_0_, identity0_.creation_date as creation2_0_, identity0_.created as created3_0_, identity0_.taken as taken4_0_, identity0_.unique_id as unique_i5_0_ from id_entity identity0_ where identity0_.taken is null limit ?
Hibernate: update id_entity set creation_date=?, created=?, taken=?, unique_id=? where id=?
Hibernate: select identity0_.id as id1_0_, identity0_.creation_date as creation2_0_, identity0_.created as created3_0_, identity0_.taken as taken4_0_, identity0_.unique_id as unique_i5_0_ from id_entity identity0_ where identity0_.taken is null limit ?
Hibernate: update id_entity set creation_date=?, created=?, taken=?, unique_id=? where id=?
Hibernate: select identity0_.id as id1_0_, identity0_.creation_date as creation2_0_, identity0_.created as created3_0_, identity0_.taken as taken4_0_, identity0_.unique_id as unique_i5_0_ from id_entity identity0_ where identity0_.taken is null limit ?
Hibernate: update id_entity set creation_date=?, created=?, taken=?, unique_id=? where id=?
Hibernate: select identity0_.id as id1_0_, identity0_.creation_date as creation2_0_, identity0_.created as created3_0_, identity0_.taken as taken4_0_, identity0_.unique_id as unique_i5_0_ from id_entity identity0_ where identity0_.taken is null limit ?
Hibernate: update id_entity set creation_date=?, created=?, taken=?, unique_id=? where id=?
Hibernate: select identity0_.id as id1_0_, identity0_.creation_date as creation2_0_, identity0_.created as created3_0_, identity0_.taken as taken4_0_, identity0_.unique_id as unique_i5_0_ from id_entity identity0_ where identity0_.taken is null limit ?
Hibernate: update id_entity set creation_date=?, created=?, taken=?, unique_id=? where id=?
Hibernate: select identity0_.id as id1_0_, identity0_.creation_date as creation2_0_, identity0_.created as created3_0_, identity0_.taken as taken4_0_, identity0_.unique_id as unique_i5_0_ from id_entity identity0_ where identity0_.taken is null limit ?
Hibernate: update id_entity set creation_date=?, created=?, taken=?, unique_id=? where id=?
Hibernate: select identity0_.id as id1_0_, identity0_.creation_date as creation2_0_, identity0_.created as created3_0_, identity0_.taken as taken4_0_, identity0_.unique_id as unique_i5_0_ from id_entity identity0_ where identity0_.taken is null limit ?
Hibernate: update id_entity set creation_date=?, created=?, taken=?, unique_id=? where id=?
Hibernate: select identity0_.id as id1_0_, identity0_.creation_date as creation2_0_, identity0_.created as created3_0_, identity0_.taken as taken4_0_, identity0_.unique_id as unique_i5_0_ from id_entity identity0_ where identity0_.taken is null limit ?
Hibernate: update id_entity set creation_date=?, created=?, taken=?, unique_id=? where id=?
Hibernate: select identity0_.id as id1_0_, identity0_.creation_date as creation2_0_, identity0_.created as created3_0_, identity0_.taken as taken4_0_, identity0_.unique_id as unique_i5_0_ from id_entity identity0_ where identity0_.taken is null limit ?
Hibernate: update id_entity set creation_date=?, created=?, taken=?, unique_id=? where id=?
Hibernate: select identity0_.id as id1_0_, identity0_.creation_date as creation2_0_, identity0_.created as created3_0_, identity0_.taken as taken4_0_, identity0_.unique_id as unique_i5_0_ from id_entity identity0_ where identity0_.taken is null limit ?
Hibernate: update id_entity set creation_date=?, created=?, taken=?, unique_id=? where id=?
Hibernate: select identity0_.id as id1_0_, identity0_.creation_date as creation2_0_, identity0_.created as created3_0_, identity0_.taken as taken4_0_, identity0_.unique_id as unique_i5_0_ from id_entity identity0_ where identity0_.taken is null limit ?
Hibernate: update id_entity set creation_date=?, created=?, taken=?, unique_id=? where id=?
Hibernate: select identity0_.id as id1_0_, identity0_.creation_date as creation2_0_, identity0_.created as created3_0_, identity0_.taken as taken4_0_, identity0_.unique_id as unique_i5_0_ from id_entity identity0_ where identity0_.taken is null limit ?
Hibernate: update id_entity set creation_date=?, created=?, taken=?, unique_id=? where id=?
Hibernate: select identity0_.id as id1_0_, identity0_.creation_date as creation2_0_, identity0_.created as created3_0_, identity0_.taken as taken4_0_, identity0_.unique_id as unique_i5_0_ from id_entity identity0_ where identity0_.taken is null limit ?
Hibernate: update id_entity set creation_date=?, created=?, taken=?, unique_id=? where id=?
Hibernate: select identity0_.id as id1_0_, identity0_.creation_date as creation2_0_, identity0_.created as created3_0_, identity0_.taken as taken4_0_, identity0_.unique_id as unique_i5_0_ from id_entity identity0_ where identity0_.taken is null limit ?
Hibernate: update id_entity set creation_date=?, created=?, taken=?, unique_id=? where id=?
Hibernate: select identity0_.id as id1_0_, identity0_.creation_date as creation2_0_, identity0_.created as created3_0_, identity0_.taken as taken4_0_, identity0_.unique_id as unique_i5_0_ from id_entity identity0_ where identity0_.taken is null limit ?
Hibernate: update id_entity set creation_date=?, created=?, taken=?, unique_id=? where id=?
Hibernate: select identity0_.id as id1_0_, identity0_.creation_date as creation2_0_, identity0_.created as created3_0_, identity0_.taken as taken4_0_, identity0_.unique_id as unique_i5_0_ from id_entity identity0_ where identity0_.taken is null limit ?
Hibernate: update id_entity set creation_date=?, created=?, taken=?, unique_id=? where id=?
Hibernate: select identity0_.id as id1_0_, identity0_.creation_date as creation2_0_, identity0_.created as created3_0_, identity0_.taken as taken4_0_, identity0_.unique_id as unique_i5_0_ from id_entity identity0_ where identity0_.taken is null limit ?
Hibernate: update id_entity set creation_date=?, created=?, taken=?, unique_id=? where id=?
Hibernate: select identity0_.id as id1_0_, identity0_.creation_date as creation2_0_, identity0_.created as created3_0_, identity0_.taken as taken4_0_, identity0_.unique_id as unique_i5_0_ from id_entity identity0_ where identity0_.taken is null limit ?
Hibernate: update id_entity set creation_date=?, created=?, taken=?, unique_id=? where id=?
Hibernate: select identity0_.id as id1_0_, identity0_.creation_date as creation2_0_, identity0_.created as created3_0_, identity0_.taken as taken4_0_, identity0_.unique_id as unique_i5_0_ from id_entity identity0_ where identity0_.taken is null limit ?
Hibernate: update id_entity set creation_date=?, created=?, taken=?, unique_id=? where id=?
Hibernate: select identity0_.id as id1_0_, identity0_.creation_date as creation2_0_, identity0_.created as created3_0_, identity0_.taken as taken4_0_, identity0_.unique_id as unique_i5_0_ from id_entity identity0_ where identity0_.taken is null limit ?
Hibernate: update id_entity set creation_date=?, created=?, taken=?, unique_id=? where id=?
Hibernate: select identity0_.id as id1_0_, identity0_.creation_date as creation2_0_, identity0_.created as created3_0_, identity0_.taken as taken4_0_, identity0_.unique_id as unique_i5_0_ from id_entity identity0_ where identity0_.taken is null limit ?
Hibernate: update id_entity set creation_date=?, created=?, taken=?, unique_id=? where id=?
Hibernate: select identity0_.id as id1_0_, identity0_.creation_date as creation2_0_, identity0_.created as created3_0_, identity0_.taken as taken4_0_, identity0_.unique_id as unique_i5_0_ from id_entity identity0_ where identity0_.taken is null limit ?
Hibernate: update id_entity set creation_date=?, created=?, taken=?, unique_id=? where id=?
Hibernate: select identity0_.id as id1_0_, identity0_.creation_date as creation2_0_, identity0_.created as created3_0_, identity0_.taken as taken4_0_, identity0_.unique_id as unique_i5_0_ from id_entity identity0_ where identity0_.taken is null limit ?
Hibernate: update id_entity set creation_date=?, created=?, taken=?, unique_id=? where id=?
Hibernate: select identity0_.id as id1_0_, identity0_.creation_date as creation2_0_, identity0_.created as created3_0_, identity0_.taken as taken4_0_, identity0_.unique_id as unique_i5_0_ from id_entity identity0_ where identity0_.taken is null limit ?
Hibernate: update id_entity set creation_date=?, created=?, taken=?, unique_id=? where id=?
Hibernate: select identity0_.id as id1_0_, identity0_.creation_date as creation2_0_, identity0_.created as created3_0_, identity0_.taken as taken4_0_, identity0_.unique_id as unique_i5_0_ from id_entity identity0_ where identity0_.taken is null limit ?
Hibernate: update id_entity set creation_date=?, created=?, taken=?, unique_id=? where id=?
Hibernate: select identity0_.id as id1_0_, identity0_.creation_date as creation2_0_, identity0_.created as created3_0_, identity0_.taken as taken4_0_, identity0_.unique_id as unique_i5_0_ from id_entity identity0_ where identity0_.taken is null limit ?
Hibernate: update id_entity set creation_date=?, created=?, taken=?, unique_id=? where id=?
Hibernate: select identity0_.id as id1_0_, identity0_.creation_date as creation2_0_, identity0_.created as created3_0_, identity0_.taken as taken4_0_, identity0_.unique_id as unique_i5_0_ from id_entity identity0_ where identity0_.taken is null limit ?
Hibernate: update id_entity set creation_date=?, created=?, taken=?, unique_id=? where id=?
Hibernate: select identity0_.id as id1_0_, identity0_.creation_date as creation2_0_, identity0_.created as created3_0_, identity0_.taken as taken4_0_, identity0_.unique_id as unique_i5_0_ from id_entity identity0_ where identity0_.taken is null limit ?
Hibernate: update id_entity set creation_date=?, created=?, taken=?, unique_id=? where id=?
Hibernate: select identity0_.id as id1_0_, identity0_.creation_date as creation2_0_, identity0_.created as created3_0_, identity0_.taken as taken4_0_, identity0_.unique_id as unique_i5_0_ from id_entity identity0_ where identity0_.taken is null limit ?
Hibernate: update id_entity set creation_date=?, created=?, taken=?, unique_id=? where id=?
Hibernate: select identity0_.id as id1_0_, identity0_.creation_date as creation2_0_, identity0_.created as created3_0_, identity0_.taken as taken4_0_, identity0_.unique_id as unique_i5_0_ from id_entity identity0_ where identity0_.taken is null limit ?
Hibernate: update id_entity set creation_date=?, created=?, taken=?, unique_id=? where id=?
Hibernate: select identity0_.id as id1_0_, identity0_.creation_date as creation2_0_, identity0_.created as created3_0_, identity0_.taken as taken4_0_, identity0_.unique_id as unique_i5_0_ from id_entity identity0_ where identity0_.taken is null limit ?
Hibernate: update id_entity set creation_date=?, created=?, taken=?, unique_id=? where id=?
Hibernate: select identity0_.id as id1_0_, identity0_.creation_date as creation2_0_, identity0_.created as created3_0_, identity0_.taken as taken4_0_, identity0_.unique_id as unique_i5_0_ from id_entity identity0_ where identity0_.taken is null limit ?
Hibernate: update id_entity set creation_date=?, created=?, taken=?, unique_id=? where id=?
Hibernate: select identity0_.id as id1_0_, identity0_.creation_date as creation2_0_, identity0_.created as created3_0_, identity0_.taken as taken4_0_, identity0_.unique_id as unique_i5_0_ from id_entity identity0_ where identity0_.taken is null limit ?
Hibernate: update id_entity set creation_date=?, created=?, taken=?, unique_id=? where id=?
Hibernate: select identity0_.id as id1_0_, identity0_.creation_date as creation2_0_, identity0_.created as created3_0_, identity0_.taken as taken4_0_, identity0_.unique_id as unique_i5_0_ from id_entity identity0_ where identity0_.taken is null limit ?
Hibernate: update id_entity set creation_date=?, created=?, taken=?, unique_id=? where id=?
Hibernate: select identity0_.id as id1_0_, identity0_.creation_date as creation2_0_, identity0_.created as created3_0_, identity0_.taken as taken4_0_, identity0_.unique_id as unique_i5_0_ from id_entity identity0_ where identity0_.taken is null limit ?
Hibernate: update id_entity set creation_date=?, created=?, taken=?, unique_id=? where id=?
Hibernate: select identity0_.id as id1_0_, identity0_.creation_date as creation2_0_, identity0_.created as created3_0_, identity0_.taken as taken4_0_, identity0_.unique_id as unique_i5_0_ from id_entity identity0_ where identity0_.taken is null limit ?
Hibernate: update id_entity set creation_date=?, created=?, taken=?, unique_id=? where id=?
Hibernate: select identity0_.id as id1_0_, identity0_.creation_date as creation2_0_, identity0_.created as created3_0_, identity0_.taken as taken4_0_, identity0_.unique_id as unique_i5_0_ from id_entity identity0_ where identity0_.taken is null limit ?
Hibernate: update id_entity set creation_date=?, created=?, taken=?, unique_id=? where id=?
Hibernate: select identity0_.id as id1_0_, identity0_.creation_date as creation2_0_, identity0_.created as created3_0_, identity0_.taken as taken4_0_, identity0_.unique_id as unique_i5_0_ from id_entity identity0_ where identity0_.taken is null limit ?
Hibernate: update id_entity set creation_date=?, created=?, taken=?, unique_id=? where id=?
Hibernate: select identity0_.id as id1_0_, identity0_.creation_date as creation2_0_, identity0_.created as created3_0_, identity0_.taken as taken4_0_, identity0_.unique_id as unique_i5_0_ from id_entity identity0_ where identity0_.taken is null limit ?
Hibernate: update id_entity set creation_date=?, created=?, taken=?, unique_id=? where id=?
Hibernate: select identity0_.id as id1_0_, identity0_.creation_date as creation2_0_, identity0_.created as created3_0_, identity0_.taken as taken4_0_, identity0_.unique_id as unique_i5_0_ from id_entity identity0_ where identity0_.taken is null limit ?
Hibernate: update id_entity set creation_date=?, created=?, taken=?, unique_id=? where id=?
Hibernate: select identity0_.id as id1_0_, identity0_.creation_date as creation2_0_, identity0_.created as created3_0_, identity0_.taken as taken4_0_, identity0_.unique_id as unique_i5_0_ from id_entity identity0_ where identity0_.taken is null limit ?
Hibernate: update id_entity set creation_date=?, created=?, taken=?, unique_id=? where id=?
Hibernate: select identity0_.id as id1_0_, identity0_.creation_date as creation2_0_, identity0_.created as created3_0_, identity0_.taken as taken4_0_, identity0_.unique_id as unique_i5_0_ from id_entity identity0_ where identity0_.taken is null limit ?
Hibernate: update id_entity set creation_date=?, created=?, taken=?, unique_id=? where id=?
Hibernate: select identity0_.id as id1_0_, identity0_.creation_date as creation2_0_, identity0_.created as created3_0_, identity0_.taken as taken4_0_, identity0_.unique_id as unique_i5_0_ from id_entity identity0_ where identity0_.taken is null limit ?
Hibernate: update id_entity set creation_date=?, created=?, taken=?, unique_id=? where id=?
Hibernate: select identity0_.id as id1_0_, identity0_.creation_date as creation2_0_, identity0_.created as created3_0_, identity0_.taken as taken4_0_, identity0_.unique_id as unique_i5_0_ from id_entity identity0_ where identity0_.taken is null limit ?
Hibernate: update id_entity set creation_date=?, created=?, taken=?, unique_id=? where id=?
Hibernate: select identity0_.id as id1_0_, identity0_.creation_date as creation2_0_, identity0_.created as created3_0_, identity0_.taken as taken4_0_, identity0_.unique_id as unique_i5_0_ from id_entity identity0_ where identity0_.taken is null limit ?
Hibernate: update id_entity set creation_date=?, created=?, taken=?, unique_id=? where id=?
Hibernate: select identity0_.id as id1_0_, identity0_.creation_date as creation2_0_, identity0_.created as created3_0_, identity0_.taken as taken4_0_, identity0_.unique_id as unique_i5_0_ from id_entity identity0_ where identity0_.taken is null limit ?
Hibernate: update id_entity set creation_date=?, created=?, taken=?, unique_id=? where id=?
Hibernate: select identity0_.id as id1_0_, identity0_.creation_date as creation2_0_, identity0_.created as created3_0_, identity0_.taken as taken4_0_, identity0_.unique_id as unique_i5_0_ from id_entity identity0_ where identity0_.taken is null limit ?
Hibernate: update id_entity set creation_date=?, created=?, taken=?, unique_id=? where id=?
Hibernate: select identity0_.id as id1_0_, identity0_.creation_date as creation2_0_, identity0_.created as created3_0_, identity0_.taken as taken4_0_, identity0_.unique_id as unique_i5_0_ from id_entity identity0_ where identity0_.taken is null limit ?
Hibernate: update id_entity set creation_date=?, created=?, taken=?, unique_id=? where id=?
Hibernate: select identity0_.id as id1_0_, identity0_.creation_date as creation2_0_, identity0_.created as created3_0_, identity0_.taken as taken4_0_, identity0_.unique_id as unique_i5_0_ from id_entity identity0_ where identity0_.taken is null limit ?
Hibernate: update id_entity set creation_date=?, created=?, taken=?, unique_id=? where id=?
Hibernate: select identity0_.id as id1_0_, identity0_.creation_date as creation2_0_, identity0_.created as created3_0_, identity0_.taken as taken4_0_, identity0_.unique_id as unique_i5_0_ from id_entity identity0_ where identity0_.taken is null limit ?
Hibernate: update id_entity set creation_date=?, created=?, taken=?, unique_id=? where id=?
Hibernate: select identity0_.id as id1_0_, identity0_.creation_date as creation2_0_, identity0_.created as created3_0_, identity0_.taken as taken4_0_, identity0_.unique_id as unique_i5_0_ from id_entity identity0_ where identity0_.taken is null limit ?
Hibernate: update id_entity set creation_date=?, created=?, taken=?, unique_id=? where id=?
Hibernate: select identity0_.id as id1_0_, identity0_.creation_date as creation2_0_, identity0_.created as created3_0_, identity0_.taken as taken4_0_, identity0_.unique_id as unique_i5_0_ from id_entity identity0_ where identity0_.taken is null limit ?
Hibernate: update id_entity set creation_date=?, created=?, taken=?, unique_id=? where id=?
Hibernate: select identity0_.id as id1_0_, identity0_.creation_date as creation2_0_, identity0_.created as created3_0_, identity0_.taken as taken4_0_, identity0_.unique_id as unique_i5_0_ from id_entity identity0_ where identity0_.taken is null limit ?
Hibernate: update id_entity set creation_date=?, created=?, taken=?, unique_id=? where id=?
Hibernate: select identity0_.id as id1_0_, identity0_.creation_date as creation2_0_, identity0_.created as created3_0_, identity0_.taken as taken4_0_, identity0_.unique_id as unique_i5_0_ from id_entity identity0_ where identity0_.taken is null limit ?
Hibernate: update id_entity set creation_date=?, created=?, taken=?, unique_id=? where id=?
Hibernate: select identity0_.id as id1_0_, identity0_.creation_date as creation2_0_, identity0_.created as created3_0_, identity0_.taken as taken4_0_, identity0_.unique_id as unique_i5_0_ from id_entity identity0_ where identity0_.taken is null limit ?
Hibernate: update id_entity set creation_date=?, created=?, taken=?, unique_id=? where id=?
Hibernate: select identity0_.id as id1_0_, identity0_.creation_date as creation2_0_, identity0_.created as created3_0_, identity0_.taken as taken4_0_, identity0_.unique_id as unique_i5_0_ from id_entity identity0_ where identity0_.taken is null limit ?
Hibernate: update id_entity set creation_date=?, created=?, taken=?, unique_id=? where id=?
Hibernate: select identity0_.id as id1_0_, identity0_.creation_date as creation2_0_, identity0_.created as created3_0_, identity0_.taken as taken4_0_, identity0_.unique_id as unique_i5_0_ from id_entity identity0_ where identity0_.taken is null limit ?
Hibernate: update id_entity set creation_date=?, created=?, taken=?, unique_id=? where id=?
Hibernate: select identity0_.id as id1_0_, identity0_.creation_date as creation2_0_, identity0_.created as created3_0_, identity0_.taken as taken4_0_, identity0_.unique_id as unique_i5_0_ from id_entity identity0_ where identity0_.taken is null limit ?
Hibernate: update id_entity set creation_date=?, created=?, taken=?, unique_id=? where id=?
Hibernate: select identity0_.id as id1_0_, identity0_.creation_date as creation2_0_, identity0_.created as created3_0_, identity0_.taken as taken4_0_, identity0_.unique_id as unique_i5_0_ from id_entity identity0_ where identity0_.taken is null limit ?
Hibernate: update id_entity set creation_date=?, created=?, taken=?, unique_id=? where id=?
Hibernate: select identity0_.id as id1_0_, identity0_.creation_date as creation2_0_, identity0_.created as created3_0_, identity0_.taken as taken4_0_, identity0_.unique_id as unique_i5_0_ from id_entity identity0_ where identity0_.taken is null limit ?
Hibernate: update id_entity set creation_date=?, created=?, taken=?, unique_id=? where id=?
Hibernate: select identity0_.id as id1_0_, identity0_.creation_date as creation2_0_, identity0_.created as created3_0_, identity0_.taken as taken4_0_, identity0_.unique_id as unique_i5_0_ from id_entity identity0_ where identity0_.taken is null limit ?
Hibernate: update id_entity set creation_date=?, created=?, taken=?, unique_id=? where id=?
Hibernate: select identity0_.id as id1_0_, identity0_.creation_date as creation2_0_, identity0_.created as created3_0_, identity0_.taken as taken4_0_, identity0_.unique_id as unique_i5_0_ from id_entity identity0_ where identity0_.taken is null limit ?
Hibernate: update id_entity set creation_date=?, created=?, taken=?, unique_id=? where id=?
Hibernate: select identity0_.id as id1_0_, identity0_.creation_date as creation2_0_, identity0_.created as created3_0_, identity0_.taken as taken4_0_, identity0_.unique_id as unique_i5_0_ from id_entity identity0_ where identity0_.taken is null limit ?
Hibernate: update id_entity set creation_date=?, created=?, taken=?, unique_id=? where id=?
Hibernate: select identity0_.id as id1_0_, identity0_.creation_date as creation2_0_, identity0_.created as created3_0_, identity0_.taken as taken4_0_, identity0_.unique_id as unique_i5_0_ from id_entity identity0_ where identity0_.taken is null limit ?
Hibernate: update id_entity set creation_date=?, created=?, taken=?, unique_id=? where id=?
Hibernate: select identity0_.id as id1_0_, identity0_.creation_date as creation2_0_, identity0_.created as created3_0_, identity0_.taken as taken4_0_, identity0_.unique_id as unique_i5_0_ from id_entity identity0_ where identity0_.taken is null limit ?
Hibernate: update id_entity set creation_date=?, created=?, taken=?, unique_id=? where id=?
Hibernate: select identity0_.id as id1_0_, identity0_.creation_date as creation2_0_, identity0_.created as created3_0_, identity0_.taken as taken4_0_, identity0_.unique_id as unique_i5_0_ from id_entity identity0_ where identity0_.taken is null limit ?
Hibernate: update id_entity set creation_date=?, created=?, taken=?, unique_id=? where id=?
Hibernate: select identity0_.id as id1_0_, identity0_.creation_date as creation2_0_, identity0_.created as created3_0_, identity0_.taken as taken4_0_, identity0_.unique_id as unique_i5_0_ from id_entity identity0_ where identity0_.taken is null limit ?
Hibernate: update id_entity set creation_date=?, created=?, taken=?, unique_id=? where id=?
Hibernate: select identity0_.id as id1_0_, identity0_.creation_date as creation2_0_, identity0_.created as created3_0_, identity0_.taken as taken4_0_, identity0_.unique_id as unique_i5_0_ from id_entity identity0_ where identity0_.taken is null limit ?
Hibernate: update id_entity set creation_date=?, created=?, taken=?, unique_id=? where id=?
Hibernate: select identity0_.id as id1_0_, identity0_.creation_date as creation2_0_, identity0_.created as created3_0_, identity0_.taken as taken4_0_, identity0_.unique_id as unique_i5_0_ from id_entity identity0_ where identity0_.taken is null limit ?
Hibernate: update id_entity set creation_date=?, created=?, taken=?, unique_id=? where id=?
Hibernate: select identity0_.id as id1_0_, identity0_.creation_date as creation2_0_, identity0_.created as created3_0_, identity0_.taken as taken4_0_, identity0_.unique_id as unique_i5_0_ from id_entity identity0_ where identity0_.taken is null limit ?
Hibernate: update id_entity set creation_date=?, created=?, taken=?, unique_id=? where id=?
Hibernate: select identity0_.id as id1_0_, identity0_.creation_date as creation2_0_, identity0_.created as created3_0_, identity0_.taken as taken4_0_, identity0_.unique_id as unique_i5_0_ from id_entity identity0_ where identity0_.taken is null limit ?
Hibernate: update id_entity set creation_date=?, created=?, taken=?, unique_id=? where id=?
Hibernate: select identity0_.id as id1_0_, identity0_.creation_date as creation2_0_, identity0_.created as created3_0_, identity0_.taken as taken4_0_, identity0_.unique_id as unique_i5_0_ from id_entity identity0_ where identity0_.taken is null limit ?
Hibernate: update id_entity set creation_date=?, created=?, taken=?, unique_id=? where id=?
Hibernate: select identity0_.id as id1_0_, identity0_.creation_date as creation2_0_, identity0_.created as created3_0_, identity0_.taken as taken4_0_, identity0_.unique_id as unique_i5_0_ from id_entity identity0_ where identity0_.taken is null limit ?
Hibernate: update id_entity set creation_date=?, created=?, taken=?, unique_id=? where id=?
Hibernate: select identity0_.id as id1_0_, identity0_.creation_date as creation2_0_, identity0_.created as created3_0_, identity0_.taken as taken4_0_, identity0_.unique_id as unique_i5_0_ from id_entity identity0_ where identity0_.taken is null limit ?
Hibernate: update id_entity set creation_date=?, created=?, taken=?, unique_id=? where id=?
Hibernate: select identity0_.id as id1_0_, identity0_.creation_date as creation2_0_, identity0_.created as created3_0_, identity0_.taken as taken4_0_, identity0_.unique_id as unique_i5_0_ from id_entity identity0_ where identity0_.taken is null limit ?
Hibernate: update id_entity set creation_date=?, created=?, taken=?, unique_id=? where id=?
Hibernate: select identity0_.id as id1_0_, identity0_.creation_date as creation2_0_, identity0_.created as created3_0_, identity0_.taken as taken4_0_, identity0_.unique_id as unique_i5_0_ from id_entity identity0_ where identity0_.taken is null limit ?
Hibernate: update id_entity set creation_date=?, created=?, taken=?, unique_id=? where id=?
Hibernate: select identity0_.id as id1_0_, identity0_.creation_date as creation2_0_, identity0_.created as created3_0_, identity0_.taken as taken4_0_, identity0_.unique_id as unique_i5_0_ from id_entity identity0_ where identity0_.taken is null limit ?
Hibernate: select count(*) as col_0_0_ from id_entity identity0_
Hibernate: call next value for hibernate_sequence
Hibernate: call next value for hibernate_sequence
Hibernate: call next value for hibernate_sequence
Hibernate: call next value for hibernate_sequence
Hibernate: call next value for hibernate_sequence
Hibernate: call next value for hibernate_sequence
Hibernate: call next value for hibernate_sequence
Hibernate: call next value for hibernate_sequence
Hibernate: call next value for hibernate_sequence
Hibernate: call next value for hibernate_sequence
Hibernate: call next value for hibernate_sequence
Hibernate: call next value for hibernate_sequence
Hibernate: call next value for hibernate_sequence
Hibernate: call next value for hibernate_sequence
Hibernate: call next value for hibernate_sequence
Hibernate: call next value for hibernate_sequence
Hibernate: call next value for hibernate_sequence
Hibernate: call next value for hibernate_sequence
Hibernate: call next value for hibernate_sequence
Hibernate: call next value for hibernate_sequence
Hibernate: call next value for hibernate_sequence
Hibernate: call next value for hibernate_sequence
Hibernate: call next value for hibernate_sequence
Hibernate: call next value for hibernate_sequence
Hibernate: call next value for hibernate_sequence
Hibernate: call next value for hibernate_sequence
Hibernate: call next value for hibernate_sequence
Hibernate: call next value for hibernate_sequence
Hibernate: call next value for hibernate_sequence
Hibernate: call next value for hibernate_sequence
Hibernate: call next value for hibernate_sequence
Hibernate: call next value for hibernate_sequence
Hibernate: call next value for hibernate_sequence
Hibernate: call next value for hibernate_sequence
Hibernate: call next value for hibernate_sequence
Hibernate: call next value for hibernate_sequence
Hibernate: call next value for hibernate_sequence
Hibernate: call next value for hibernate_sequence
Hibernate: call next value for hibernate_sequence
Hibernate: call next value for hibernate_sequence
Hibernate: call next value for hibernate_sequence
Hibernate: call next value for hibernate_sequence
Hibernate: call next value for hibernate_sequence
Hibernate: call next value for hibernate_sequence
Hibernate: call next value for hibernate_sequence
Hibernate: call next value for hibernate_sequence
Hibernate: call next value for hibernate_sequence
Hibernate: call next value for hibernate_sequence
Hibernate: call next value for hibernate_sequence
Hibernate: call next value for hibernate_sequence
Hibernate: call next value for hibernate_sequence
Hibernate: call next value for hibernate_sequence
Hibernate: call next value for hibernate_sequence
Hibernate: call next value for hibernate_sequence
Hibernate: call next value for hibernate_sequence
Hibernate: call next value for hibernate_sequence
Hibernate: call next value for hibernate_sequence
Hibernate: call next value for hibernate_sequence
Hibernate: call next value for hibernate_sequence
Hibernate: call next value for hibernate_sequence
Hibernate: call next value for hibernate_sequence
Hibernate: call next value for hibernate_sequence
Hibernate: call next value for hibernate_sequence
Hibernate: call next value for hibernate_sequence
Hibernate: call next value for hibernate_sequence
Hibernate: call next value for hibernate_sequence
Hibernate: call next value for hibernate_sequence
Hibernate: call next value for hibernate_sequence
Hibernate: call next value for hibernate_sequence
Hibernate: call next value for hibernate_sequence
Hibernate: call next value for hibernate_sequence
Hibernate: call next value for hibernate_sequence
Hibernate: call next value for hibernate_sequence
Hibernate: call next value for hibernate_sequence
Hibernate: call next value for hibernate_sequence
Hibernate: call next value for hibernate_sequence
Hibernate: call next value for hibernate_sequence
Hibernate: call next value for hibernate_sequence
Hibernate: call next value for hibernate_sequence
Hibernate: call next value for hibernate_sequence
Hibernate: call next value for hibernate_sequence
Hibernate: call next value for hibernate_sequence
Hibernate: call next value for hibernate_sequence
Hibernate: call next value for hibernate_sequence
Hibernate: call next value for hibernate_sequence
Hibernate: call next value for hibernate_sequence
Hibernate: call next value for hibernate_sequence
Hibernate: call next value for hibernate_sequence
Hibernate: call next value for hibernate_sequence
Hibernate: call next value for hibernate_sequence
Hibernate: call next value for hibernate_sequence
Hibernate: call next value for hibernate_sequence
Hibernate: call next value for hibernate_sequence
Hibernate: call next value for hibernate_sequence
Hibernate: call next value for hibernate_sequence
Hibernate: call next value for hibernate_sequence
Hibernate: call next value for hibernate_sequence
Hibernate: call next value for hibernate_sequence
Hibernate: call next value for hibernate_sequence
Hibernate: call next value for hibernate_sequence
Hibernate: insert into id_entity (creation_date, created, taken, unique_id, id) values (?, ?, ?, ?, ?)
Hibernate: insert into id_entity (creation_date, created, taken, unique_id, id) values (?, ?, ?, ?, ?)
Hibernate: insert into id_entity (creation_date, created, taken, unique_id, id) values (?, ?, ?, ?, ?)
Hibernate: insert into id_entity (creation_date, created, taken, unique_id, id) values (?, ?, ?, ?, ?)
Hibernate: insert into id_entity (creation_date, created, taken, unique_id, id) values (?, ?, ?, ?, ?)
Hibernate: insert into id_entity (creation_date, created, taken, unique_id, id) values (?, ?, ?, ?, ?)
Hibernate: insert into id_entity (creation_date, created, taken, unique_id, id) values (?, ?, ?, ?, ?)
Hibernate: insert into id_entity (creation_date, created, taken, unique_id, id) values (?, ?, ?, ?, ?)
Hibernate: insert into id_entity (creation_date, created, taken, unique_id, id) values (?, ?, ?, ?, ?)
Hibernate: insert into id_entity (creation_date, created, taken, unique_id, id) values (?, ?, ?, ?, ?)
Hibernate: insert into id_entity (creation_date, created, taken, unique_id, id) values (?, ?, ?, ?, ?)
Hibernate: insert into id_entity (creation_date, created, taken, unique_id, id) values (?, ?, ?, ?, ?)
Hibernate: insert into id_entity (creation_date, created, taken, unique_id, id) values (?, ?, ?, ?, ?)
Hibernate: insert into id_entity (creation_date, created, taken, unique_id, id) values (?, ?, ?, ?, ?)
Hibernate: insert into id_entity (creation_date, created, taken, unique_id, id) values (?, ?, ?, ?, ?)
Hibernate: insert into id_entity (creation_date, created, taken, unique_id, id) values (?, ?, ?, ?, ?)
Hibernate: insert into id_entity (creation_date, created, taken, unique_id, id) values (?, ?, ?, ?, ?)
Hibernate: insert into id_entity (creation_date, created, taken, unique_id, id) values (?, ?, ?, ?, ?)
Hibernate: insert into id_entity (creation_date, created, taken, unique_id, id) values (?, ?, ?, ?, ?)
Hibernate: insert into id_entity (creation_date, created, taken, unique_id, id) values (?, ?, ?, ?, ?)
Hibernate: insert into id_entity (creation_date, created, taken, unique_id, id) values (?, ?, ?, ?, ?)
Hibernate: insert into id_entity (creation_date, created, taken, unique_id, id) values (?, ?, ?, ?, ?)
Hibernate: insert into id_entity (creation_date, created, taken, unique_id, id) values (?, ?, ?, ?, ?)
Hibernate: insert into id_entity (creation_date, created, taken, unique_id, id) values (?, ?, ?, ?, ?)
Hibernate: insert into id_entity (creation_date, created, taken, unique_id, id) values (?, ?, ?, ?, ?)
Hibernate: insert into id_entity (creation_date, created, taken, unique_id, id) values (?, ?, ?, ?, ?)
Hibernate: insert into id_entity (creation_date, created, taken, unique_id, id) values (?, ?, ?, ?, ?)
Hibernate: insert into id_entity (creation_date, created, taken, unique_id, id) values (?, ?, ?, ?, ?)
Hibernate: insert into id_entity (creation_date, created, taken, unique_id, id) values (?, ?, ?, ?, ?)
Hibernate: insert into id_entity (creation_date, created, taken, unique_id, id) values (?, ?, ?, ?, ?)
Hibernate: insert into id_entity (creation_date, created, taken, unique_id, id) values (?, ?, ?, ?, ?)
Hibernate: insert into id_entity (creation_date, created, taken, unique_id, id) values (?, ?, ?, ?, ?)
Hibernate: insert into id_entity (creation_date, created, taken, unique_id, id) values (?, ?, ?, ?, ?)
Hibernate: insert into id_entity (creation_date, created, taken, unique_id, id) values (?, ?, ?, ?, ?)
Hibernate: insert into id_entity (creation_date, created, taken, unique_id, id) values (?, ?, ?, ?, ?)
Hibernate: insert into id_entity (creation_date, created, taken, unique_id, id) values (?, ?, ?, ?, ?)
Hibernate: insert into id_entity (creation_date, created, taken, unique_id, id) values (?, ?, ?, ?, ?)
Hibernate: insert into id_entity (creation_date, created, taken, unique_id, id) values (?, ?, ?, ?, ?)
Hibernate: insert into id_entity (creation_date, created, taken, unique_id, id) values (?, ?, ?, ?, ?)
Hibernate: insert into id_entity (creation_date, created, taken, unique_id, id) values (?, ?, ?, ?, ?)
Hibernate: insert into id_entity (creation_date, created, taken, unique_id, id) values (?, ?, ?, ?, ?)
Hibernate: insert into id_entity (creation_date, created, taken, unique_id, id) values (?, ?, ?, ?, ?)
Hibernate: insert into id_entity (creation_date, created, taken, unique_id, id) values (?, ?, ?, ?, ?)
Hibernate: insert into id_entity (creation_date, created, taken, unique_id, id) values (?, ?, ?, ?, ?)
Hibernate: insert into id_entity (creation_date, created, taken, unique_id, id) values (?, ?, ?, ?, ?)
Hibernate: insert into id_entity (creation_date, created, taken, unique_id, id) values (?, ?, ?, ?, ?)
Hibernate: insert into id_entity (creation_date, created, taken, unique_id, id) values (?, ?, ?, ?, ?)
Hibernate: insert into id_entity (creation_date, created, taken, unique_id, id) values (?, ?, ?, ?, ?)
Hibernate: insert into id_entity (creation_date, created, taken, unique_id, id) values (?, ?, ?, ?, ?)
Hibernate: insert into id_entity (creation_date, created, taken, unique_id, id) values (?, ?, ?, ?, ?)
Hibernate: insert into id_entity (creation_date, created, taken, unique_id, id) values (?, ?, ?, ?, ?)
Hibernate: insert into id_entity (creation_date, created, taken, unique_id, id) values (?, ?, ?, ?, ?)
Hibernate: insert into id_entity (creation_date, created, taken, unique_id, id) values (?, ?, ?, ?, ?)
Hibernate: insert into id_entity (creation_date, created, taken, unique_id, id) values (?, ?, ?, ?, ?)
Hibernate: insert into id_entity (creation_date, created, taken, unique_id, id) values (?, ?, ?, ?, ?)
Hibernate: insert into id_entity (creation_date, created, taken, unique_id, id) values (?, ?, ?, ?, ?)
Hibernate: insert into id_entity (creation_date, created, taken, unique_id, id) values (?, ?, ?, ?, ?)
Hibernate: insert into id_entity (creation_date, created, taken, unique_id, id) values (?, ?, ?, ?, ?)
Hibernate: insert into id_entity (creation_date, created, taken, unique_id, id) values (?, ?, ?, ?, ?)
Hibernate: insert into id_entity (creation_date, created, taken, unique_id, id) values (?, ?, ?, ?, ?)
Hibernate: insert into id_entity (creation_date, created, taken, unique_id, id) values (?, ?, ?, ?, ?)
Hibernate: insert into id_entity (creation_date, created, taken, unique_id, id) values (?, ?, ?, ?, ?)
Hibernate: insert into id_entity (creation_date, created, taken, unique_id, id) values (?, ?, ?, ?, ?)
Hibernate: insert into id_entity (creation_date, created, taken, unique_id, id) values (?, ?, ?, ?, ?)
Hibernate: insert into id_entity (creation_date, created, taken, unique_id, id) values (?, ?, ?, ?, ?)
Hibernate: insert into id_entity (creation_date, created, taken, unique_id, id) values (?, ?, ?, ?, ?)
Hibernate: insert into id_entity (creation_date, created, taken, unique_id, id) values (?, ?, ?, ?, ?)
Hibernate: insert into id_entity (creation_date, created, taken, unique_id, id) values (?, ?, ?, ?, ?)
Hibernate: insert into id_entity (creation_date, created, taken, unique_id, id) values (?, ?, ?, ?, ?)
Hibernate: insert into id_entity (creation_date, created, taken, unique_id, id) values (?, ?, ?, ?, ?)
Hibernate: insert into id_entity (creation_date, created, taken, unique_id, id) values (?, ?, ?, ?, ?)
Hibernate: insert into id_entity (creation_date, created, taken, unique_id, id) values (?, ?, ?, ?, ?)
Hibernate: insert into id_entity (creation_date, created, taken, unique_id, id) values (?, ?, ?, ?, ?)
Hibernate: insert into id_entity (creation_date, created, taken, unique_id, id) values (?, ?, ?, ?, ?)
Hibernate: insert into id_entity (creation_date, created, taken, unique_id, id) values (?, ?, ?, ?, ?)
Hibernate: insert into id_entity (creation_date, created, taken, unique_id, id) values (?, ?, ?, ?, ?)
Hibernate: insert into id_entity (creation_date, created, taken, unique_id, id) values (?, ?, ?, ?, ?)
Hibernate: insert into id_entity (creation_date, created, taken, unique_id, id) values (?, ?, ?, ?, ?)
Hibernate: insert into id_entity (creation_date, created, taken, unique_id, id) values (?, ?, ?, ?, ?)
Hibernate: insert into id_entity (creation_date, created, taken, unique_id, id) values (?, ?, ?, ?, ?)
Hibernate: insert into id_entity (creation_date, created, taken, unique_id, id) values (?, ?, ?, ?, ?)
Hibernate: insert into id_entity (creation_date, created, taken, unique_id, id) values (?, ?, ?, ?, ?)
Hibernate: insert into id_entity (creation_date, created, taken, unique_id, id) values (?, ?, ?, ?, ?)
Hibernate: insert into id_entity (creation_date, created, taken, unique_id, id) values (?, ?, ?, ?, ?)
Hibernate: insert into id_entity (creation_date, created, taken, unique_id, id) values (?, ?, ?, ?, ?)
Hibernate: insert into id_entity (creation_date, created, taken, unique_id, id) values (?, ?, ?, ?, ?)
Hibernate: insert into id_entity (creation_date, created, taken, unique_id, id) values (?, ?, ?, ?, ?)
Hibernate: insert into id_entity (creation_date, created, taken, unique_id, id) values (?, ?, ?, ?, ?)
Hibernate: insert into id_entity (creation_date, created, taken, unique_id, id) values (?, ?, ?, ?, ?)
Hibernate: insert into id_entity (creation_date, created, taken, unique_id, id) values (?, ?, ?, ?, ?)
Hibernate: insert into id_entity (creation_date, created, taken, unique_id, id) values (?, ?, ?, ?, ?)
Hibernate: insert into id_entity (creation_date, created, taken, unique_id, id) values (?, ?, ?, ?, ?)
Hibernate: insert into id_entity (creation_date, created, taken, unique_id, id) values (?, ?, ?, ?, ?)
Hibernate: insert into id_entity (creation_date, created, taken, unique_id, id) values (?, ?, ?, ?, ?)
Hibernate: insert into id_entity (creation_date, created, taken, unique_id, id) values (?, ?, ?, ?, ?)
Hibernate: insert into id_entity (creation_date, created, taken, unique_id, id) values (?, ?, ?, ?, ?)
Hibernate: insert into id_entity (creation_date, created, taken, unique_id, id) values (?, ?, ?, ?, ?)
Hibernate: insert into id_entity (creation_date, created, taken, unique_id, id) values (?, ?, ?, ?, ?)
Hibernate: insert into id_entity (creation_date, created, taken, unique_id, id) values (?, ?, ?, ?, ?)
Hibernate: insert into id_entity (creation_date, created, taken, unique_id, id) values (?, ?, ?, ?, ?)
Hibernate: update id_entity set creation_date=?, created=?, taken=?, unique_id=? where id=?
Hibernate: select identity0_.id as id1_0_, identity0_.creation_date as creation2_0_, identity0_.created as created3_0_, identity0_.taken as taken4_0_, identity0_.unique_id as unique_i5_0_ from id_entity identity0_ where identity0_.taken is null limit ?
Hibernate: update id_entity set creation_date=?, created=?, taken=?, unique_id=? where id=?
Hibernate: select identity0_.id as id1_0_, identity0_.creation_date as creation2_0_, identity0_.created as created3_0_, identity0_.taken as taken4_0_, identity0_.unique_id as unique_i5_0_ from id_entity identity0_ where identity0_.taken is null limit ?
Hibernate: update id_entity set creation_date=?, created=?, taken=?, unique_id=? where id=?
Hibernate: select identity0_.id as id1_0_, identity0_.creation_date as creation2_0_, identity0_.created as created3_0_, identity0_.taken as taken4_0_, identity0_.unique_id as unique_i5_0_ from id_entity identity0_ where identity0_.taken is null limit ?
Hibernate: update id_entity set creation_date=?, created=?, taken=?, unique_id=? where id=?
Hibernate: select identity0_.id as id1_0_, identity0_.creation_date as creation2_0_, identity0_.created as created3_0_, identity0_.taken as taken4_0_, identity0_.unique_id as unique_i5_0_ from id_entity identity0_ where identity0_.taken is null limit ?
Hibernate: update id_entity set creation_date=?, created=?, taken=?, unique_id=? where id=?
Hibernate: select identity0_.id as id1_0_, identity0_.creation_date as creation2_0_, identity0_.created as created3_0_, identity0_.taken as taken4_0_, identity0_.unique_id as unique_i5_0_ from id_entity identity0_ where identity0_.taken is null limit ?
Hibernate: update id_entity set creation_date=?, created=?, taken=?, unique_id=? where id=?
Hibernate: select identity0_.id as id1_0_, identity0_.creation_date as creation2_0_, identity0_.created as created3_0_, identity0_.taken as taken4_0_, identity0_.unique_id as unique_i5_0_ from id_entity identity0_ where identity0_.taken is null limit ?
Hibernate: update id_entity set creation_date=?, created=?, taken=?, unique_id=? where id=?
Hibernate: select identity0_.id as id1_0_, identity0_.creation_date as creation2_0_, identity0_.created as created3_0_, identity0_.taken as taken4_0_, identity0_.unique_id as unique_i5_0_ from id_entity identity0_ where identity0_.taken is null limit ?
Hibernate: update id_entity set creation_date=?, created=?, taken=?, unique_id=? where id=?
Hibernate: select identity0_.id as id1_0_, identity0_.creation_date as creation2_0_, identity0_.created as created3_0_, identity0_.taken as taken4_0_, identity0_.unique_id as unique_i5_0_ from id_entity identity0_ where identity0_.taken is null limit ?
Hibernate: update id_entity set creation_date=?, created=?, taken=?, unique_id=? where id=?
Hibernate: select identity0_.id as id1_0_, identity0_.creation_date as creation2_0_, identity0_.created as created3_0_, identity0_.taken as taken4_0_, identity0_.unique_id as unique_i5_0_ from id_entity identity0_ where identity0_.taken is null limit ?
Hibernate: update id_entity set creation_date=?, created=?, taken=?, unique_id=? where id=?
Hibernate: select identity0_.id as id1_0_, identity0_.creation_date as creation2_0_, identity0_.created as created3_0_, identity0_.taken as taken4_0_, identity0_.unique_id as unique_i5_0_ from id_entity identity0_ where identity0_.taken is null limit ?
Hibernate: update id_entity set creation_date=?, created=?, taken=?, unique_id=? where id=?
Hibernate: select identity0_.id as id1_0_, identity0_.creation_date as creation2_0_, identity0_.created as created3_0_, identity0_.taken as taken4_0_, identity0_.unique_id as unique_i5_0_ from id_entity identity0_ where identity0_.taken is null limit ?
Hibernate: update id_entity set creation_date=?, created=?, taken=?, unique_id=? where id=?
Hibernate: select identity0_.id as id1_0_, identity0_.creation_date as creation2_0_, identity0_.created as created3_0_, identity0_.taken as taken4_0_, identity0_.unique_id as unique_i5_0_ from id_entity identity0_ where identity0_.taken is null limit ?
Hibernate: update id_entity set creation_date=?, created=?, taken=?, unique_id=? where id=?
Hibernate: select identity0_.id as id1_0_, identity0_.creation_date as creation2_0_, identity0_.created as created3_0_, identity0_.taken as taken4_0_, identity0_.unique_id as unique_i5_0_ from id_entity identity0_ where identity0_.taken is null limit ?
Hibernate: update id_entity set creation_date=?, created=?, taken=?, unique_id=? where id=?
Hibernate: select identity0_.id as id1_0_, identity0_.creation_date as creation2_0_, identity0_.created as created3_0_, identity0_.taken as taken4_0_, identity0_.unique_id as unique_i5_0_ from id_entity identity0_ where identity0_.taken is null limit ?
Hibernate: update id_entity set creation_date=?, created=?, taken=?, unique_id=? where id=?
Hibernate: select identity0_.id as id1_0_, identity0_.creation_date as creation2_0_, identity0_.created as created3_0_, identity0_.taken as taken4_0_, identity0_.unique_id as unique_i5_0_ from id_entity identity0_ where identity0_.taken is null limit ?
Hibernate: update id_entity set creation_date=?, created=?, taken=?, unique_id=? where id=?
Hibernate: select identity0_.id as id1_0_, identity0_.creation_date as creation2_0_, identity0_.created as created3_0_, identity0_.taken as taken4_0_, identity0_.unique_id as unique_i5_0_ from id_entity identity0_ where identity0_.taken is null limit ?
Hibernate: update id_entity set creation_date=?, created=?, taken=?, unique_id=? where id=?
Hibernate: select identity0_.id as id1_0_, identity0_.creation_date as creation2_0_, identity0_.created as created3_0_, identity0_.taken as taken4_0_, identity0_.unique_id as unique_i5_0_ from id_entity identity0_ where identity0_.taken is null limit ?
Hibernate: update id_entity set creation_date=?, created=?, taken=?, unique_id=? where id=?
Hibernate: select identity0_.id as id1_0_, identity0_.creation_date as creation2_0_, identity0_.created as created3_0_, identity0_.taken as taken4_0_, identity0_.unique_id as unique_i5_0_ from id_entity identity0_ where identity0_.taken is null limit ?
Hibernate: update id_entity set creation_date=?, created=?, taken=?, unique_id=? where id=?
Hibernate: select identity0_.id as id1_0_, identity0_.creation_date as creation2_0_, identity0_.created as created3_0_, identity0_.taken as taken4_0_, identity0_.unique_id as unique_i5_0_ from id_entity identity0_ where identity0_.taken is null limit ?
Hibernate: update id_entity set creation_date=?, created=?, taken=?, unique_id=? where id=?
Hibernate: select identity0_.id as id1_0_, identity0_.creation_date as creation2_0_, identity0_.created as created3_0_, identity0_.taken as taken4_0_, identity0_.unique_id as unique_i5_0_ from id_entity identity0_ where identity0_.taken is null limit ?
Hibernate: update id_entity set creation_date=?, created=?, taken=?, unique_id=? where id=?
Hibernate: select identity0_.id as id1_0_, identity0_.creation_date as creation2_0_, identity0_.created as created3_0_, identity0_.taken as taken4_0_, identity0_.unique_id as unique_i5_0_ from id_entity identity0_ where identity0_.taken is null limit ?
Hibernate: update id_entity set creation_date=?, created=?, taken=?, unique_id=? where id=?
Hibernate: select identity0_.id as id1_0_, identity0_.creation_date as creation2_0_, identity0_.created as created3_0_, identity0_.taken as taken4_0_, identity0_.unique_id as unique_i5_0_ from id_entity identity0_ where identity0_.taken is null limit ?
Hibernate: update id_entity set creation_date=?, created=?, taken=?, unique_id=? where id=?
Hibernate: select identity0_.id as id1_0_, identity0_.creation_date as creation2_0_, identity0_.created as created3_0_, identity0_.taken as taken4_0_, identity0_.unique_id as unique_i5_0_ from id_entity identity0_ where identity0_.taken is null limit ?
Hibernate: update id_entity set creation_date=?, created=?, taken=?, unique_id=? where id=?
Hibernate: select identity0_.id as id1_0_, identity0_.creation_date as creation2_0_, identity0_.created as created3_0_, identity0_.taken as taken4_0_, identity0_.unique_id as unique_i5_0_ from id_entity identity0_ where identity0_.taken is null limit ?
Hibernate: update id_entity set creation_date=?, created=?, taken=?, unique_id=? where id=?
Hibernate: select identity0_.id as id1_0_, identity0_.creation_date as creation2_0_, identity0_.created as created3_0_, identity0_.taken as taken4_0_, identity0_.unique_id as unique_i5_0_ from id_entity identity0_ where identity0_.taken is null limit ?
Hibernate: update id_entity set creation_date=?, created=?, taken=?, unique_id=? where id=?
Hibernate: select identity0_.id as id1_0_, identity0_.creation_date as creation2_0_, identity0_.created as created3_0_, identity0_.taken as taken4_0_, identity0_.unique_id as unique_i5_0_ from id_entity identity0_ where identity0_.taken is null limit ?
Hibernate: update id_entity set creation_date=?, created=?, taken=?, unique_id=? where id=?
Hibernate: select identity0_.id as id1_0_, identity0_.creation_date as creation2_0_, identity0_.created as created3_0_, identity0_.taken as taken4_0_, identity0_.unique_id as unique_i5_0_ from id_entity identity0_ where identity0_.taken is null limit ?
Hibernate: update id_entity set creation_date=?, created=?, taken=?, unique_id=? where id=?
Hibernate: select identity0_.id as id1_0_, identity0_.creation_date as creation2_0_, identity0_.created as created3_0_, identity0_.taken as taken4_0_, identity0_.unique_id as unique_i5_0_ from id_entity identity0_ where identity0_.taken is null limit ?
Hibernate: update id_entity set creation_date=?, created=?, taken=?, unique_id=? where id=?
Hibernate: select identity0_.id as id1_0_, identity0_.creation_date as creation2_0_, identity0_.created as created3_0_, identity0_.taken as taken4_0_, identity0_.unique_id as unique_i5_0_ from id_entity identity0_ where identity0_.taken is null limit ?
Hibernate: update id_entity set creation_date=?, created=?, taken=?, unique_id=? where id=?
Hibernate: select identity0_.id as id1_0_, identity0_.creation_date as creation2_0_, identity0_.created as created3_0_, identity0_.taken as taken4_0_, identity0_.unique_id as unique_i5_0_ from id_entity identity0_ where identity0_.taken is null limit ?
Hibernate: update id_entity set creation_date=?, created=?, taken=?, unique_id=? where id=?
Hibernate: select identity0_.id as id1_0_, identity0_.creation_date as creation2_0_, identity0_.created as created3_0_, identity0_.taken as taken4_0_, identity0_.unique_id as unique_i5_0_ from id_entity identity0_ where identity0_.taken is null limit ?
Hibernate: update id_entity set creation_date=?, created=?, taken=?, unique_id=? where id=?
Hibernate: select identity0_.id as id1_0_, identity0_.creation_date as creation2_0_, identity0_.created as created3_0_, identity0_.taken as taken4_0_, identity0_.unique_id as unique_i5_0_ from id_entity identity0_ where identity0_.taken is null limit ?
Hibernate: update id_entity set creation_date=?, created=?, taken=?, unique_id=? where id=?
Hibernate: select identity0_.id as id1_0_, identity0_.creation_date as creation2_0_, identity0_.created as created3_0_, identity0_.taken as taken4_0_, identity0_.unique_id as unique_i5_0_ from id_entity identity0_ where identity0_.taken is null limit ?
Hibernate: update id_entity set creation_date=?, created=?, taken=?, unique_id=? where id=?
Hibernate: select identity0_.id as id1_0_, identity0_.creation_date as creation2_0_, identity0_.created as created3_0_, identity0_.taken as taken4_0_, identity0_.unique_id as unique_i5_0_ from id_entity identity0_ where identity0_.taken is null limit ?
Hibernate: update id_entity set creation_date=?, created=?, taken=?, unique_id=? where id=?
Hibernate: select identity0_.id as id1_0_, identity0_.creation_date as creation2_0_, identity0_.created as created3_0_, identity0_.taken as taken4_0_, identity0_.unique_id as unique_i5_0_ from id_entity identity0_ where identity0_.taken is null limit ?
Hibernate: update id_entity set creation_date=?, created=?, taken=?, unique_id=? where id=?
Hibernate: select identity0_.id as id1_0_, identity0_.creation_date as creation2_0_, identity0_.created as created3_0_, identity0_.taken as taken4_0_, identity0_.unique_id as unique_i5_0_ from id_entity identity0_ where identity0_.taken is null limit ?
Hibernate: update id_entity set creation_date=?, created=?, taken=?, unique_id=? where id=?
Hibernate: select identity0_.id as id1_0_, identity0_.creation_date as creation2_0_, identity0_.created as created3_0_, identity0_.taken as taken4_0_, identity0_.unique_id as unique_i5_0_ from id_entity identity0_ where identity0_.taken is null limit ?
Hibernate: update id_entity set creation_date=?, created=?, taken=?, unique_id=? where id=?
Hibernate: select identity0_.id as id1_0_, identity0_.creation_date as creation2_0_, identity0_.created as created3_0_, identity0_.taken as taken4_0_, identity0_.unique_id as unique_i5_0_ from id_entity identity0_ where identity0_.taken is null limit ?
Hibernate: update id_entity set creation_date=?, created=?, taken=?, unique_id=? where id=?
Hibernate: select identity0_.id as id1_0_, identity0_.creation_date as creation2_0_, identity0_.created as created3_0_, identity0_.taken as taken4_0_, identity0_.unique_id as unique_i5_0_ from id_entity identity0_ where identity0_.taken is null limit ?
Hibernate: update id_entity set creation_date=?, created=?, taken=?, unique_id=? where id=?
Hibernate: select identity0_.id as id1_0_, identity0_.creation_date as creation2_0_, identity0_.created as created3_0_, identity0_.taken as taken4_0_, identity0_.unique_id as unique_i5_0_ from id_entity identity0_ where identity0_.taken is null limit ?
Hibernate: update id_entity set creation_date=?, created=?, taken=?, unique_id=? where id=?
Hibernate: select identity0_.id as id1_0_, identity0_.creation_date as creation2_0_, identity0_.created as created3_0_, identity0_.taken as taken4_0_, identity0_.unique_id as unique_i5_0_ from id_entity identity0_ where identity0_.taken is null limit ?
Hibernate: update id_entity set creation_date=?, created=?, taken=?, unique_id=? where id=?
Hibernate: select identity0_.id as id1_0_, identity0_.creation_date as creation2_0_, identity0_.created as created3_0_, identity0_.taken as taken4_0_, identity0_.unique_id as unique_i5_0_ from id_entity identity0_ where identity0_.taken is null limit ?
Hibernate: update id_entity set creation_date=?, created=?, taken=?, unique_id=? where id=?
Hibernate: select identity0_.id as id1_0_, identity0_.creation_date as creation2_0_, identity0_.created as created3_0_, identity0_.taken as taken4_0_, identity0_.unique_id as unique_i5_0_ from id_entity identity0_ where identity0_.taken is null limit ?
Hibernate: update id_entity set creation_date=?, created=?, taken=?, unique_id=? where id=?
Hibernate: select identity0_.id as id1_0_, identity0_.creation_date as creation2_0_, identity0_.created as created3_0_, identity0_.taken as taken4_0_, identity0_.unique_id as unique_i5_0_ from id_entity identity0_ where identity0_.taken is null limit ?
Hibernate: update id_entity set creation_date=?, created=?, taken=?, unique_id=? where id=?
Hibernate: select identity0_.id as id1_0_, identity0_.creation_date as creation2_0_, identity0_.created as created3_0_, identity0_.taken as taken4_0_, identity0_.unique_id as unique_i5_0_ from id_entity identity0_ where identity0_.taken is null limit ?
Hibernate: update id_entity set creation_date=?, created=?, taken=?, unique_id=? where id=?
Hibernate: select identity0_.id as id1_0_, identity0_.creation_date as creation2_0_, identity0_.created as created3_0_, identity0_.taken as taken4_0_, identity0_.unique_id as unique_i5_0_ from id_entity identity0_ where identity0_.taken is null limit ?
Hibernate: update id_entity set creation_date=?, created=?, taken=?, unique_id=? where id=?
Hibernate: select identity0_.id as id1_0_, identity0_.creation_date as creation2_0_, identity0_.created as created3_0_, identity0_.taken as taken4_0_, identity0_.unique_id as unique_i5_0_ from id_entity identity0_ where identity0_.taken is null limit ?
Hibernate: update id_entity set creation_date=?, created=?, taken=?, unique_id=? where id=?
Hibernate: select identity0_.id as id1_0_, identity0_.creation_date as creation2_0_, identity0_.created as created3_0_, identity0_.taken as taken4_0_, identity0_.unique_id as unique_i5_0_ from id_entity identity0_ where identity0_.taken is null limit ?
Hibernate: update id_entity set creation_date=?, created=?, taken=?, unique_id=? where id=?
Hibernate: select identity0_.id as id1_0_, identity0_.creation_date as creation2_0_, identity0_.created as created3_0_, identity0_.taken as taken4_0_, identity0_.unique_id as unique_i5_0_ from id_entity identity0_ where identity0_.taken is null limit ?
Hibernate: update id_entity set creation_date=?, created=?, taken=?, unique_id=? where id=?
Hibernate: select identity0_.id as id1_0_, identity0_.creation_date as creation2_0_, identity0_.created as created3_0_, identity0_.taken as taken4_0_, identity0_.unique_id as unique_i5_0_ from id_entity identity0_ where identity0_.taken is null limit ?
Hibernate: update id_entity set creation_date=?, created=?, taken=?, unique_id=? where id=?
Hibernate: select identity0_.id as id1_0_, identity0_.creation_date as creation2_0_, identity0_.created as created3_0_, identity0_.taken as taken4_0_, identity0_.unique_id as unique_i5_0_ from id_entity identity0_ where identity0_.taken is null limit ?
Hibernate: update id_entity set creation_date=?, created=?, taken=?, unique_id=? where id=?
Hibernate: select identity0_.id as id1_0_, identity0_.creation_date as creation2_0_, identity0_.created as created3_0_, identity0_.taken as taken4_0_, identity0_.unique_id as unique_i5_0_ from id_entity identity0_ where identity0_.taken is null limit ?
Hibernate: update id_entity set creation_date=?, created=?, taken=?, unique_id=? where id=?
Hibernate: select identity0_.id as id1_0_, identity0_.creation_date as creation2_0_, identity0_.created as created3_0_, identity0_.taken as taken4_0_, identity0_.unique_id as unique_i5_0_ from id_entity identity0_ where identity0_.taken is null limit ?
Hibernate: update id_entity set creation_date=?, created=?, taken=?, unique_id=? where id=?
Hibernate: select identity0_.id as id1_0_, identity0_.creation_date as creation2_0_, identity0_.created as created3_0_, identity0_.taken as taken4_0_, identity0_.unique_id as unique_i5_0_ from id_entity identity0_ where identity0_.taken is null limit ?
Hibernate: update id_entity set creation_date=?, created=?, taken=?, unique_id=? where id=?
Hibernate: select identity0_.id as id1_0_, identity0_.creation_date as creation2_0_, identity0_.created as created3_0_, identity0_.taken as taken4_0_, identity0_.unique_id as unique_i5_0_ from id_entity identity0_ where identity0_.taken is null limit ?
Hibernate: update id_entity set creation_date=?, created=?, taken=?, unique_id=? where id=?
Hibernate: select identity0_.id as id1_0_, identity0_.creation_date as creation2_0_, identity0_.created as created3_0_, identity0_.taken as taken4_0_, identity0_.unique_id as unique_i5_0_ from id_entity identity0_ where identity0_.taken is null limit ?
Hibernate: update id_entity set creation_date=?, created=?, taken=?, unique_id=? where id=?
Hibernate: select identity0_.id as id1_0_, identity0_.creation_date as creation2_0_, identity0_.created as created3_0_, identity0_.taken as taken4_0_, identity0_.unique_id as unique_i5_0_ from id_entity identity0_ where identity0_.taken is null limit ?
Hibernate: update id_entity set creation_date=?, created=?, taken=?, unique_id=? where id=?
Hibernate: select identity0_.id as id1_0_, identity0_.creation_date as creation2_0_, identity0_.created as created3_0_, identity0_.taken as taken4_0_, identity0_.unique_id as unique_i5_0_ from id_entity identity0_ where identity0_.taken is null limit ?
Hibernate: update id_entity set creation_date=?, created=?, taken=?, unique_id=? where id=?
Hibernate: select identity0_.id as id1_0_, identity0_.creation_date as creation2_0_, identity0_.created as created3_0_, identity0_.taken as taken4_0_, identity0_.unique_id as unique_i5_0_ from id_entity identity0_ where identity0_.taken is null limit ?
Hibernate: update id_entity set creation_date=?, created=?, taken=?, unique_id=? where id=?
Hibernate: select identity0_.id as id1_0_, identity0_.creation_date as creation2_0_, identity0_.created as created3_0_, identity0_.taken as taken4_0_, identity0_.unique_id as unique_i5_0_ from id_entity identity0_ where identity0_.taken is null limit ?
Hibernate: update id_entity set creation_date=?, created=?, taken=?, unique_id=? where id=?
Hibernate: select identity0_.id as id1_0_, identity0_.creation_date as creation2_0_, identity0_.created as created3_0_, identity0_.taken as taken4_0_, identity0_.unique_id as unique_i5_0_ from id_entity identity0_ where identity0_.taken is null limit ?
Hibernate: update id_entity set creation_date=?, created=?, taken=?, unique_id=? where id=?
Hibernate: select identity0_.id as id1_0_, identity0_.creation_date as creation2_0_, identity0_.created as created3_0_, identity0_.taken as taken4_0_, identity0_.unique_id as unique_i5_0_ from id_entity identity0_ where identity0_.taken is null limit ?
Hibernate: update id_entity set creation_date=?, created=?, taken=?, unique_id=? where id=?
Hibernate: select identity0_.id as id1_0_, identity0_.creation_date as creation2_0_, identity0_.created as created3_0_, identity0_.taken as taken4_0_, identity0_.unique_id as unique_i5_0_ from id_entity identity0_ where identity0_.taken is null limit ?
Hibernate: update id_entity set creation_date=?, created=?, taken=?, unique_id=? where id=?
Hibernate: select identity0_.id as id1_0_, identity0_.creation_date as creation2_0_, identity0_.created as created3_0_, identity0_.taken as taken4_0_, identity0_.unique_id as unique_i5_0_ from id_entity identity0_ where identity0_.taken is null limit ?
Hibernate: update id_entity set creation_date=?, created=?, taken=?, unique_id=? where id=?
Hibernate: select identity0_.id as id1_0_, identity0_.creation_date as creation2_0_, identity0_.created as created3_0_, identity0_.taken as taken4_0_, identity0_.unique_id as unique_i5_0_ from id_entity identity0_ where identity0_.taken is null limit ?
Hibernate: update id_entity set creation_date=?, created=?, taken=?, unique_id=? where id=?
Hibernate: select identity0_.id as id1_0_, identity0_.creation_date as creation2_0_, identity0_.created as created3_0_, identity0_.taken as taken4_0_, identity0_.unique_id as unique_i5_0_ from id_entity identity0_ where identity0_.taken is null limit ?
Hibernate: update id_entity set creation_date=?, created=?, taken=?, unique_id=? where id=?
Hibernate: select identity0_.id as id1_0_, identity0_.creation_date as creation2_0_, identity0_.created as created3_0_, identity0_.taken as taken4_0_, identity0_.unique_id as unique_i5_0_ from id_entity identity0_ where identity0_.taken is null limit ?
Hibernate: update id_entity set creation_date=?, created=?, taken=?, unique_id=? where id=?
Hibernate: select identity0_.id as id1_0_, identity0_.creation_date as creation2_0_, identity0_.created as created3_0_, identity0_.taken as taken4_0_, identity0_.unique_id as unique_i5_0_ from id_entity identity0_ where identity0_.taken is null limit ?
Hibernate: update id_entity set creation_date=?, created=?, taken=?, unique_id=? where id=?
Hibernate: select identity0_.id as id1_0_, identity0_.creation_date as creation2_0_, identity0_.created as created3_0_, identity0_.taken as taken4_0_, identity0_.unique_id as unique_i5_0_ from id_entity identity0_ where identity0_.taken is null limit ?
Hibernate: update id_entity set creation_date=?, created=?, taken=?, unique_id=? where id=?
Hibernate: select identity0_.id as id1_0_, identity0_.creation_date as creation2_0_, identity0_.created as created3_0_, identity0_.taken as taken4_0_, identity0_.unique_id as unique_i5_0_ from id_entity identity0_ where identity0_.taken is null limit ?
Hibernate: update id_entity set creation_date=?, created=?, taken=?, unique_id=? where id=?
Hibernate: select identity0_.id as id1_0_, identity0_.creation_date as creation2_0_, identity0_.created as created3_0_, identity0_.taken as taken4_0_, identity0_.unique_id as unique_i5_0_ from id_entity identity0_ where identity0_.taken is null limit ?
Hibernate: update id_entity set creation_date=?, created=?, taken=?, unique_id=? where id=?
Hibernate: select identity0_.id as id1_0_, identity0_.creation_date as creation2_0_, identity0_.created as created3_0_, identity0_.taken as taken4_0_, identity0_.unique_id as unique_i5_0_ from id_entity identity0_ where identity0_.taken is null limit ?
Hibernate: update id_entity set creation_date=?, created=?, taken=?, unique_id=? where id=?
Hibernate: select identity0_.id as id1_0_, identity0_.creation_date as creation2_0_, identity0_.created as created3_0_, identity0_.taken as taken4_0_, identity0_.unique_id as unique_i5_0_ from id_entity identity0_ where identity0_.taken is null limit ?
Hibernate: update id_entity set creation_date=?, created=?, taken=?, unique_id=? where id=?
Hibernate: select identity0_.id as id1_0_, identity0_.creation_date as creation2_0_, identity0_.created as created3_0_, identity0_.taken as taken4_0_, identity0_.unique_id as unique_i5_0_ from id_entity identity0_ where identity0_.taken is null limit ?
Hibernate: update id_entity set creation_date=?, created=?, taken=?, unique_id=? where id=?
Hibernate: select identity0_.id as id1_0_, identity0_.creation_date as creation2_0_, identity0_.created as created3_0_, identity0_.taken as taken4_0_, identity0_.unique_id as unique_i5_0_ from id_entity identity0_ where identity0_.taken is null limit ?
Hibernate: update id_entity set creation_date=?, created=?, taken=?, unique_id=? where id=?
Hibernate: select identity0_.id as id1_0_, identity0_.creation_date as creation2_0_, identity0_.created as created3_0_, identity0_.taken as taken4_0_, identity0_.unique_id as unique_i5_0_ from id_entity identity0_ where identity0_.taken is null limit ?
Hibernate: update id_entity set creation_date=?, created=?, taken=?, unique_id=? where id=?
Hibernate: select identity0_.id as id1_0_, identity0_.creation_date as creation2_0_, identity0_.created as created3_0_, identity0_.taken as taken4_0_, identity0_.unique_id as unique_i5_0_ from id_entity identity0_ where identity0_.taken is null limit ?
Hibernate: update id_entity set creation_date=?, created=?, taken=?, unique_id=? where id=?
Hibernate: select identity0_.id as id1_0_, identity0_.creation_date as creation2_0_, identity0_.created as created3_0_, identity0_.taken as taken4_0_, identity0_.unique_id as unique_i5_0_ from id_entity identity0_ where identity0_.taken is null limit ?
Hibernate: update id_entity set creation_date=?, created=?, taken=?, unique_id=? where id=?
Hibernate: select identity0_.id as id1_0_, identity0_.creation_date as creation2_0_, identity0_.created as created3_0_, identity0_.taken as taken4_0_, identity0_.unique_id as unique_i5_0_ from id_entity identity0_ where identity0_.taken is null limit ?
Hibernate: update id_entity set creation_date=?, created=?, taken=?, unique_id=? where id=?
Hibernate: select identity0_.id as id1_0_, identity0_.creation_date as creation2_0_, identity0_.created as created3_0_, identity0_.taken as taken4_0_, identity0_.unique_id as unique_i5_0_ from id_entity identity0_ where identity0_.taken is null limit ?
Hibernate: update id_entity set creation_date=?, created=?, taken=?, unique_id=? where id=?
Hibernate: select identity0_.id as id1_0_, identity0_.creation_date as creation2_0_, identity0_.created as created3_0_, identity0_.taken as taken4_0_, identity0_.unique_id as unique_i5_0_ from id_entity identity0_ where identity0_.taken is null limit ?
Hibernate: update id_entity set creation_date=?, created=?, taken=?, unique_id=? where id=?
Hibernate: select identity0_.id as id1_0_, identity0_.creation_date as creation2_0_, identity0_.created as created3_0_, identity0_.taken as taken4_0_, identity0_.unique_id as unique_i5_0_ from id_entity identity0_ where identity0_.taken is null limit ?
Hibernate: update id_entity set creation_date=?, created=?, taken=?, unique_id=? where id=?
Hibernate: select identity0_.id as id1_0_, identity0_.creation_date as creation2_0_, identity0_.created as created3_0_, identity0_.taken as taken4_0_, identity0_.unique_id as unique_i5_0_ from id_entity identity0_ where identity0_.taken is null limit ?
Hibernate: update id_entity set creation_date=?, created=?, taken=?, unique_id=? where id=?
Hibernate: select identity0_.id as id1_0_, identity0_.creation_date as creation2_0_, identity0_.created as created3_0_, identity0_.taken as taken4_0_, identity0_.unique_id as unique_i5_0_ from id_entity identity0_ where identity0_.taken is null limit ?
Hibernate: update id_entity set creation_date=?, created=?, taken=?, unique_id=? where id=?
Hibernate: select identity0_.id as id1_0_, identity0_.creation_date as creation2_0_, identity0_.created as created3_0_, identity0_.taken as taken4_0_, identity0_.unique_id as unique_i5_0_ from id_entity identity0_ where identity0_.taken is null limit ?
Hibernate: update id_entity set creation_date=?, created=?, taken=?, unique_id=? where id=?
Hibernate: select identity0_.id as id1_0_, identity0_.creation_date as creation2_0_, identity0_.created as created3_0_, identity0_.taken as taken4_0_, identity0_.unique_id as unique_i5_0_ from id_entity identity0_ where identity0_.taken is null limit ?
Hibernate: update id_entity set creation_date=?, created=?, taken=?, unique_id=? where id=?
Hibernate: select identity0_.id as id1_0_, identity0_.creation_date as creation2_0_, identity0_.created as created3_0_, identity0_.taken as taken4_0_, identity0_.unique_id as unique_i5_0_ from id_entity identity0_ where identity0_.taken is null limit ?
Hibernate: update id_entity set creation_date=?, created=?, taken=?, unique_id=? where id=?
Hibernate: select identity0_.id as id1_0_, identity0_.creation_date as creation2_0_, identity0_.created as created3_0_, identity0_.taken as taken4_0_, identity0_.unique_id as unique_i5_0_ from id_entity identity0_ where identity0_.taken is null limit ?
Hibernate: update id_entity set creation_date=?, created=?, taken=?, unique_id=? where id=?
Hibernate: select identity0_.id as id1_0_, identity0_.creation_date as creation2_0_, identity0_.created as created3_0_, identity0_.taken as taken4_0_, identity0_.unique_id as unique_i5_0_ from id_entity identity0_ where identity0_.taken is null limit ?
Hibernate: update id_entity set creation_date=?, created=?, taken=?, unique_id=? where id=?
Hibernate: select identity0_.id as id1_0_, identity0_.creation_date as creation2_0_, identity0_.created as created3_0_, identity0_.taken as taken4_0_, identity0_.unique_id as unique_i5_0_ from id_entity identity0_ where identity0_.taken is null limit ?
Hibernate: update id_entity set creation_date=?, created=?, taken=?, unique_id=? where id=?
Hibernate: select identity0_.id as id1_0_, identity0_.creation_date as creation2_0_, identity0_.created as created3_0_, identity0_.taken as taken4_0_, identity0_.unique_id as unique_i5_0_ from id_entity identity0_ where identity0_.taken is null limit ?
Hibernate: update id_entity set creation_date=?, created=?, taken=?, unique_id=? where id=?
Hibernate: select identity0_.id as id1_0_, identity0_.creation_date as creation2_0_, identity0_.created as created3_0_, identity0_.taken as taken4_0_, identity0_.unique_id as unique_i5_0_ from id_entity identity0_ where identity0_.taken is null limit ?
Hibernate: update id_entity set creation_date=?, created=?, taken=?, unique_id=? where id=?
Hibernate: select identity0_.id as id1_0_, identity0_.creation_date as creation2_0_, identity0_.created as created3_0_, identity0_.taken as taken4_0_, identity0_.unique_id as unique_i5_0_ from id_entity identity0_ where identity0_.taken is null limit ?
Hibernate: update id_entity set creation_date=?, created=?, taken=?, unique_id=? where id=?
Hibernate: select identity0_.id as id1_0_, identity0_.creation_date as creation2_0_, identity0_.created as created3_0_, identity0_.taken as taken4_0_, identity0_.unique_id as unique_i5_0_ from id_entity identity0_ where identity0_.taken is null limit ?
Hibernate: update id_entity set creation_date=?, created=?, taken=?, unique_id=? where id=?
Hibernate: select identity0_.id as id1_0_, identity0_.creation_date as creation2_0_, identity0_.created as created3_0_, identity0_.taken as taken4_0_, identity0_.unique_id as unique_i5_0_ from id_entity identity0_ where identity0_.taken is null limit ?
Hibernate: update id_entity set creation_date=?, created=?, taken=?, unique_id=? where id=?
Hibernate: select identity0_.id as id1_0_, identity0_.creation_date as creation2_0_, identity0_.created as created3_0_, identity0_.taken as taken4_0_, identity0_.unique_id as unique_i5_0_ from id_entity identity0_ where identity0_.taken is null limit ?
Hibernate: update id_entity set creation_date=?, created=?, taken=?, unique_id=? where id=?
Hibernate: select identity0_.id as id1_0_, identity0_.creation_date as creation2_0_, identity0_.created as created3_0_, identity0_.taken as taken4_0_, identity0_.unique_id as unique_i5_0_ from id_entity identity0_ where identity0_.taken is null limit ?
Hibernate: update id_entity set creation_date=?, created=?, taken=?, unique_id=? where id=?
Hibernate: select identity0_.id as id1_0_, identity0_.creation_date as creation2_0_, identity0_.created as created3_0_, identity0_.taken as taken4_0_, identity0_.unique_id as unique_i5_0_ from id_entity identity0_ where identity0_.taken is null limit ?
Hibernate: update id_entity set creation_date=?, created=?, taken=?, unique_id=? where id=?
Hibernate: select identity0_.id as id1_0_, identity0_.creation_date as creation2_0_, identity0_.created as created3_0_, identity0_.taken as taken4_0_, identity0_.unique_id as unique_i5_0_ from id_entity identity0_ where identity0_.taken is null limit ?
Hibernate: update id_entity set creation_date=?, created=?, taken=?, unique_id=? where id=?
Hibernate: select identity0_.id as id1_0_, identity0_.creation_date as creation2_0_, identity0_.created as created3_0_, identity0_.taken as taken4_0_, identity0_.unique_id as unique_i5_0_ from id_entity identity0_ where identity0_.taken is null limit ?
Hibernate: select count(*) as col_0_0_ from id_entity identity0_
Hibernate: call next value for hibernate_sequence
Hibernate: call next value for hibernate_sequence
Hibernate: call next value for hibernate_sequence
Hibernate: call next value for hibernate_sequence
Hibernate: call next value for hibernate_sequence
Hibernate: call next value for hibernate_sequence
Hibernate: call next value for hibernate_sequence
Hibernate: call next value for hibernate_sequence
Hibernate: call next value for hibernate_sequence
Hibernate: call next value for hibernate_sequence
Hibernate: call next value for hibernate_sequence
Hibernate: call next value for hibernate_sequence
Hibernate: call next value for hibernate_sequence
Hibernate: call next value for hibernate_sequence
Hibernate: call next value for hibernate_sequence
Hibernate: call next value for hibernate_sequence
Hibernate: call next value for hibernate_sequence
Hibernate: call next value for hibernate_sequence
Hibernate: call next value for hibernate_sequence
Hibernate: call next value for hibernate_sequence
Hibernate: call next value for hibernate_sequence
Hibernate: call next value for hibernate_sequence
Hibernate: call next value for hibernate_sequence
Hibernate: call next value for hibernate_sequence
Hibernate: call next value for hibernate_sequence
Hibernate: call next value for hibernate_sequence
Hibernate: call next value for hibernate_sequence
Hibernate: call next value for hibernate_sequence
Hibernate: call next value for hibernate_sequence
Hibernate: call next value for hibernate_sequence
Hibernate: call next value for hibernate_sequence
Hibernate: call next value for hibernate_sequence
Hibernate: call next value for hibernate_sequence
Hibernate: call next value for hibernate_sequence
Hibernate: call next value for hibernate_sequence
Hibernate: call next value for hibernate_sequence
Hibernate: call next value for hibernate_sequence
Hibernate: call next value for hibernate_sequence
Hibernate: call next value for hibernate_sequence
Hibernate: call next value for hibernate_sequence
Hibernate: call next value for hibernate_sequence
Hibernate: call next value for hibernate_sequence
Hibernate: call next value for hibernate_sequence
Hibernate: call next value for hibernate_sequence
Hibernate: call next value for hibernate_sequence
Hibernate: call next value for hibernate_sequence
Hibernate: call next value for hibernate_sequence
Hibernate: call next value for hibernate_sequence
Hibernate: call next value for hibernate_sequence
Hibernate: call next value for hibernate_sequence
Hibernate: call next value for hibernate_sequence
Hibernate: call next value for hibernate_sequence
Hibernate: call next value for hibernate_sequence
Hibernate: call next value for hibernate_sequence
Hibernate: call next value for hibernate_sequence
Hibernate: call next value for hibernate_sequence
Hibernate: call next value for hibernate_sequence
Hibernate: call next value for hibernate_sequence
Hibernate: call next value for hibernate_sequence
Hibernate: call next value for hibernate_sequence
Hibernate: call next value for hibernate_sequence
Hibernate: call next value for hibernate_sequence
Hibernate: call next value for hibernate_sequence
Hibernate: call next value for hibernate_sequence
Hibernate: call next value for hibernate_sequence
Hibernate: call next value for hibernate_sequence
Hibernate: call next value for hibernate_sequence
Hibernate: call next value for hibernate_sequence
Hibernate: call next value for hibernate_sequence
Hibernate: call next value for hibernate_sequence
Hibernate: call next value for hibernate_sequence
Hibernate: call next value for hibernate_sequence
Hibernate: call next value for hibernate_sequence
Hibernate: call next value for hibernate_sequence
Hibernate: call next value for hibernate_sequence
Hibernate: call next value for hibernate_sequence
Hibernate: call next value for hibernate_sequence
Hibernate: call next value for hibernate_sequence
Hibernate: call next value for hibernate_sequence
Hibernate: call next value for hibernate_sequence
Hibernate: call next value for hibernate_sequence
Hibernate: call next value for hibernate_sequence
Hibernate: call next value for hibernate_sequence
Hibernate: call next value for hibernate_sequence
Hibernate: call next value for hibernate_sequence
Hibernate: call next value for hibernate_sequence
Hibernate: call next value for hibernate_sequence
Hibernate: call next value for hibernate_sequence
Hibernate: call next value for hibernate_sequence
Hibernate: call next value for hibernate_sequence
Hibernate: call next value for hibernate_sequence
Hibernate: call next value for hibernate_sequence
Hibernate: call next value for hibernate_sequence
Hibernate: call next value for hibernate_sequence
Hibernate: call next value for hibernate_sequence
Hibernate: call next value for hibernate_sequence
Hibernate: call next value for hibernate_sequence
Hibernate: call next value for hibernate_sequence
Hibernate: call next value for hibernate_sequence
Hibernate: call next value for hibernate_sequence
Hibernate: insert into id_entity (creation_date, created, taken, unique_id, id) values (?, ?, ?, ?, ?)
Hibernate: insert into id_entity (creation_date, created, taken, unique_id, id) values (?, ?, ?, ?, ?)
Hibernate: insert into id_entity (creation_date, created, taken, unique_id, id) values (?, ?, ?, ?, ?)
Hibernate: insert into id_entity (creation_date, created, taken, unique_id, id) values (?, ?, ?, ?, ?)
Hibernate: insert into id_entity (creation_date, created, taken, unique_id, id) values (?, ?, ?, ?, ?)
Hibernate: insert into id_entity (creation_date, created, taken, unique_id, id) values (?, ?, ?, ?, ?)
Hibernate: insert into id_entity (creation_date, created, taken, unique_id, id) values (?, ?, ?, ?, ?)
Hibernate: insert into id_entity (creation_date, created, taken, unique_id, id) values (?, ?, ?, ?, ?)
Hibernate: insert into id_entity (creation_date, created, taken, unique_id, id) values (?, ?, ?, ?, ?)
Hibernate: insert into id_entity (creation_date, created, taken, unique_id, id) values (?, ?, ?, ?, ?)
Hibernate: insert into id_entity (creation_date, created, taken, unique_id, id) values (?, ?, ?, ?, ?)
Hibernate: insert into id_entity (creation_date, created, taken, unique_id, id) values (?, ?, ?, ?, ?)
Hibernate: insert into id_entity (creation_date, created, taken, unique_id, id) values (?, ?, ?, ?, ?)
Hibernate: insert into id_entity (creation_date, created, taken, unique_id, id) values (?, ?, ?, ?, ?)
Hibernate: insert into id_entity (creation_date, created, taken, unique_id, id) values (?, ?, ?, ?, ?)
Hibernate: insert into id_entity (creation_date, created, taken, unique_id, id) values (?, ?, ?, ?, ?)
Hibernate: insert into id_entity (creation_date, created, taken, unique_id, id) values (?, ?, ?, ?, ?)
Hibernate: insert into id_entity (creation_date, created, taken, unique_id, id) values (?, ?, ?, ?, ?)
Hibernate: insert into id_entity (creation_date, created, taken, unique_id, id) values (?, ?, ?, ?, ?)
Hibernate: insert into id_entity (creation_date, created, taken, unique_id, id) values (?, ?, ?, ?, ?)
Hibernate: insert into id_entity (creation_date, created, taken, unique_id, id) values (?, ?, ?, ?, ?)
Hibernate: insert into id_entity (creation_date, created, taken, unique_id, id) values (?, ?, ?, ?, ?)
Hibernate: insert into id_entity (creation_date, created, taken, unique_id, id) values (?, ?, ?, ?, ?)
Hibernate: insert into id_entity (creation_date, created, taken, unique_id, id) values (?, ?, ?, ?, ?)
Hibernate: insert into id_entity (creation_date, created, taken, unique_id, id) values (?, ?, ?, ?, ?)
Hibernate: insert into id_entity (creation_date, created, taken, unique_id, id) values (?, ?, ?, ?, ?)
Hibernate: insert into id_entity (creation_date, created, taken, unique_id, id) values (?, ?, ?, ?, ?)
Hibernate: insert into id_entity (creation_date, created, taken, unique_id, id) values (?, ?, ?, ?, ?)
Hibernate: insert into id_entity (creation_date, created, taken, unique_id, id) values (?, ?, ?, ?, ?)
Hibernate: insert into id_entity (creation_date, created, taken, unique_id, id) values (?, ?, ?, ?, ?)
Hibernate: insert into id_entity (creation_date, created, taken, unique_id, id) values (?, ?, ?, ?, ?)
Hibernate: insert into id_entity (creation_date, created, taken, unique_id, id) values (?, ?, ?, ?, ?)
Hibernate: insert into id_entity (creation_date, created, taken, unique_id, id) values (?, ?, ?, ?, ?)
Hibernate: insert into id_entity (creation_date, created, taken, unique_id, id) values (?, ?, ?, ?, ?)
Hibernate: insert into id_entity (creation_date, created, taken, unique_id, id) values (?, ?, ?, ?, ?)
Hibernate: insert into id_entity (creation_date, created, taken, unique_id, id) values (?, ?, ?, ?, ?)
Hibernate: insert into id_entity (creation_date, created, taken, unique_id, id) values (?, ?, ?, ?, ?)
Hibernate: insert into id_entity (creation_date, created, taken, unique_id, id) values (?, ?, ?, ?, ?)
Hibernate: insert into id_entity (creation_date, created, taken, unique_id, id) values (?, ?, ?, ?, ?)
Hibernate: insert into id_entity (creation_date, created, taken, unique_id, id) values (?, ?, ?, ?, ?)
Hibernate: insert into id_entity (creation_date, created, taken, unique_id, id) values (?, ?, ?, ?, ?)
Hibernate: insert into id_entity (creation_date, created, taken, unique_id, id) values (?, ?, ?, ?, ?)
Hibernate: insert into id_entity (creation_date, created, taken, unique_id, id) values (?, ?, ?, ?, ?)
Hibernate: insert into id_entity (creation_date, created, taken, unique_id, id) values (?, ?, ?, ?, ?)
Hibernate: insert into id_entity (creation_date, created, taken, unique_id, id) values (?, ?, ?, ?, ?)
Hibernate: insert into id_entity (creation_date, created, taken, unique_id, id) values (?, ?, ?, ?, ?)
Hibernate: insert into id_entity (creation_date, created, taken, unique_id, id) values (?, ?, ?, ?, ?)
Hibernate: insert into id_entity (creation_date, created, taken, unique_id, id) values (?, ?, ?, ?, ?)
Hibernate: insert into id_entity (creation_date, created, taken, unique_id, id) values (?, ?, ?, ?, ?)
Hibernate: insert into id_entity (creation_date, created, taken, unique_id, id) values (?, ?, ?, ?, ?)
Hibernate: insert into id_entity (creation_date, created, taken, unique_id, id) values (?, ?, ?, ?, ?)
Hibernate: insert into id_entity (creation_date, created, taken, unique_id, id) values (?, ?, ?, ?, ?)
Hibernate: insert into id_entity (creation_date, created, taken, unique_id, id) values (?, ?, ?, ?, ?)
Hibernate: insert into id_entity (creation_date, created, taken, unique_id, id) values (?, ?, ?, ?, ?)
Hibernate: insert into id_entity (creation_date, created, taken, unique_id, id) values (?, ?, ?, ?, ?)
Hibernate: insert into id_entity (creation_date, created, taken, unique_id, id) values (?, ?, ?, ?, ?)
Hibernate: insert into id_entity (creation_date, created, taken, unique_id, id) values (?, ?, ?, ?, ?)
Hibernate: insert into id_entity (creation_date, created, taken, unique_id, id) values (?, ?, ?, ?, ?)
Hibernate: insert into id_entity (creation_date, created, taken, unique_id, id) values (?, ?, ?, ?, ?)
Hibernate: insert into id_entity (creation_date, created, taken, unique_id, id) values (?, ?, ?, ?, ?)
Hibernate: insert into id_entity (creation_date, created, taken, unique_id, id) values (?, ?, ?, ?, ?)
Hibernate: insert into id_entity (creation_date, created, taken, unique_id, id) values (?, ?, ?, ?, ?)
Hibernate: insert into id_entity (creation_date, created, taken, unique_id, id) values (?, ?, ?, ?, ?)
Hibernate: insert into id_entity (creation_date, created, taken, unique_id, id) values (?, ?, ?, ?, ?)
Hibernate: insert into id_entity (creation_date, created, taken, unique_id, id) values (?, ?, ?, ?, ?)
Hibernate: insert into id_entity (creation_date, created, taken, unique_id, id) values (?, ?, ?, ?, ?)
Hibernate: insert into id_entity (creation_date, created, taken, unique_id, id) values (?, ?, ?, ?, ?)
Hibernate: insert into id_entity (creation_date, created, taken, unique_id, id) values (?, ?, ?, ?, ?)
Hibernate: insert into id_entity (creation_date, created, taken, unique_id, id) values (?, ?, ?, ?, ?)
Hibernate: insert into id_entity (creation_date, created, taken, unique_id, id) values (?, ?, ?, ?, ?)
Hibernate: insert into id_entity (creation_date, created, taken, unique_id, id) values (?, ?, ?, ?, ?)
Hibernate: insert into id_entity (creation_date, created, taken, unique_id, id) values (?, ?, ?, ?, ?)
Hibernate: insert into id_entity (creation_date, created, taken, unique_id, id) values (?, ?, ?, ?, ?)
Hibernate: insert into id_entity (creation_date, created, taken, unique_id, id) values (?, ?, ?, ?, ?)
Hibernate: insert into id_entity (creation_date, created, taken, unique_id, id) values (?, ?, ?, ?, ?)
Hibernate: insert into id_entity (creation_date, created, taken, unique_id, id) values (?, ?, ?, ?, ?)
Hibernate: insert into id_entity (creation_date, created, taken, unique_id, id) values (?, ?, ?, ?, ?)
Hibernate: insert into id_entity (creation_date, created, taken, unique_id, id) values (?, ?, ?, ?, ?)
Hibernate: insert into id_entity (creation_date, created, taken, unique_id, id) values (?, ?, ?, ?, ?)
Hibernate: insert into id_entity (creation_date, created, taken, unique_id, id) values (?, ?, ?, ?, ?)
Hibernate: insert into id_entity (creation_date, created, taken, unique_id, id) values (?, ?, ?, ?, ?)
Hibernate: insert into id_entity (creation_date, created, taken, unique_id, id) values (?, ?, ?, ?, ?)
Hibernate: insert into id_entity (creation_date, created, taken, unique_id, id) values (?, ?, ?, ?, ?)
Hibernate: insert into id_entity (creation_date, created, taken, unique_id, id) values (?, ?, ?, ?, ?)
Hibernate: insert into id_entity (creation_date, created, taken, unique_id, id) values (?, ?, ?, ?, ?)
Hibernate: insert into id_entity (creation_date, created, taken, unique_id, id) values (?, ?, ?, ?, ?)
Hibernate: insert into id_entity (creation_date, created, taken, unique_id, id) values (?, ?, ?, ?, ?)
Hibernate: insert into id_entity (creation_date, created, taken, unique_id, id) values (?, ?, ?, ?, ?)
Hibernate: insert into id_entity (creation_date, created, taken, unique_id, id) values (?, ?, ?, ?, ?)
Hibernate: insert into id_entity (creation_date, created, taken, unique_id, id) values (?, ?, ?, ?, ?)
Hibernate: insert into id_entity (creation_date, created, taken, unique_id, id) values (?, ?, ?, ?, ?)
Hibernate: insert into id_entity (creation_date, created, taken, unique_id, id) values (?, ?, ?, ?, ?)
Hibernate: insert into id_entity (creation_date, created, taken, unique_id, id) values (?, ?, ?, ?, ?)
Hibernate: insert into id_entity (creation_date, created, taken, unique_id, id) values (?, ?, ?, ?, ?)
Hibernate: insert into id_entity (creation_date, created, taken, unique_id, id) values (?, ?, ?, ?, ?)
Hibernate: insert into id_entity (creation_date, created, taken, unique_id, id) values (?, ?, ?, ?, ?)
Hibernate: insert into id_entity (creation_date, created, taken, unique_id, id) values (?, ?, ?, ?, ?)
Hibernate: insert into id_entity (creation_date, created, taken, unique_id, id) values (?, ?, ?, ?, ?)
Hibernate: insert into id_entity (creation_date, created, taken, unique_id, id) values (?, ?, ?, ?, ?)
Hibernate: insert into id_entity (creation_date, created, taken, unique_id, id) values (?, ?, ?, ?, ?)
Hibernate: update id_entity set creation_date=?, created=?, taken=?, unique_id=? where id=?
Hibernate: select identity0_.id as id1_0_, identity0_.creation_date as creation2_0_, identity0_.created as created3_0_, identity0_.taken as taken4_0_, identity0_.unique_id as unique_i5_0_ from id_entity identity0_ where identity0_.taken is null limit ?
Hibernate: update id_entity set creation_date=?, created=?, taken=?, unique_id=? where id=?
Hibernate: select identity0_.id as id1_0_, identity0_.creation_date as creation2_0_, identity0_.created as created3_0_, identity0_.taken as taken4_0_, identity0_.unique_id as unique_i5_0_ from id_entity identity0_ where identity0_.taken is null limit ?
Hibernate: update id_entity set creation_date=?, created=?, taken=?, unique_id=? where id=?
Hibernate: select identity0_.id as id1_0_, identity0_.creation_date as creation2_0_, identity0_.created as created3_0_, identity0_.taken as taken4_0_, identity0_.unique_id as unique_i5_0_ from id_entity identity0_ where identity0_.taken is null limit ?
Hibernate: update id_entity set creation_date=?, created=?, taken=?, unique_id=? where id=?
Hibernate: select identity0_.id as id1_0_, identity0_.creation_date as creation2_0_, identity0_.created as created3_0_, identity0_.taken as taken4_0_, identity0_.unique_id as unique_i5_0_ from id_entity identity0_ where identity0_.taken is null limit ?
Hibernate: update id_entity set creation_date=?, created=?, taken=?, unique_id=? where id=?
Hibernate: select identity0_.id as id1_0_, identity0_.creation_date as creation2_0_, identity0_.created as created3_0_, identity0_.taken as taken4_0_, identity0_.unique_id as unique_i5_0_ from id_entity identity0_ where identity0_.taken is null limit ?
Hibernate: update id_entity set creation_date=?, created=?, taken=?, unique_id=? where id=?
Hibernate: select identity0_.id as id1_0_, identity0_.creation_date as creation2_0_, identity0_.created as created3_0_, identity0_.taken as taken4_0_, identity0_.unique_id as unique_i5_0_ from id_entity identity0_ where identity0_.taken is null limit ?
Hibernate: update id_entity set creation_date=?, created=?, taken=?, unique_id=? where id=?
Hibernate: select identity0_.id as id1_0_, identity0_.creation_date as creation2_0_, identity0_.created as created3_0_, identity0_.taken as taken4_0_, identity0_.unique_id as unique_i5_0_ from id_entity identity0_ where identity0_.taken is null limit ?
Hibernate: update id_entity set creation_date=?, created=?, taken=?, unique_id=? where id=?
Hibernate: select identity0_.id as id1_0_, identity0_.creation_date as creation2_0_, identity0_.created as created3_0_, identity0_.taken as taken4_0_, identity0_.unique_id as unique_i5_0_ from id_entity identity0_ where identity0_.taken is null limit ?
Hibernate: update id_entity set creation_date=?, created=?, taken=?, unique_id=? where id=?
Hibernate: select identity0_.id as id1_0_, identity0_.creation_date as creation2_0_, identity0_.created as created3_0_, identity0_.taken as taken4_0_, identity0_.unique_id as unique_i5_0_ from id_entity identity0_ where identity0_.taken is null limit ?
Hibernate: update id_entity set creation_date=?, created=?, taken=?, unique_id=? where id=?
Hibernate: select identity0_.id as id1_0_, identity0_.creation_date as creation2_0_, identity0_.created as created3_0_, identity0_.taken as taken4_0_, identity0_.unique_id as unique_i5_0_ from id_entity identity0_ where identity0_.taken is null limit ?
Hibernate: update id_entity set creation_date=?, created=?, taken=?, unique_id=? where id=?
Hibernate: select identity0_.id as id1_0_, identity0_.creation_date as creation2_0_, identity0_.created as created3_0_, identity0_.taken as taken4_0_, identity0_.unique_id as unique_i5_0_ from id_entity identity0_ where identity0_.taken is null limit ?
Hibernate: update id_entity set creation_date=?, created=?, taken=?, unique_id=? where id=?
Hibernate: select identity0_.id as id1_0_, identity0_.creation_date as creation2_0_, identity0_.created as created3_0_, identity0_.taken as taken4_0_, identity0_.unique_id as unique_i5_0_ from id_entity identity0_ where identity0_.taken is null limit ?
Hibernate: update id_entity set creation_date=?, created=?, taken=?, unique_id=? where id=?
Hibernate: select identity0_.id as id1_0_, identity0_.creation_date as creation2_0_, identity0_.created as created3_0_, identity0_.taken as taken4_0_, identity0_.unique_id as unique_i5_0_ from id_entity identity0_ where identity0_.taken is null limit ?
Hibernate: update id_entity set creation_date=?, created=?, taken=?, unique_id=? where id=?
Hibernate: select identity0_.id as id1_0_, identity0_.creation_date as creation2_0_, identity0_.created as created3_0_, identity0_.taken as taken4_0_, identity0_.unique_id as unique_i5_0_ from id_entity identity0_ where identity0_.taken is null limit ?
Hibernate: update id_entity set creation_date=?, created=?, taken=?, unique_id=? where id=?
Hibernate: select identity0_.id as id1_0_, identity0_.creation_date as creation2_0_, identity0_.created as created3_0_, identity0_.taken as taken4_0_, identity0_.unique_id as unique_i5_0_ from id_entity identity0_ where identity0_.taken is null limit ?
Hibernate: update id_entity set creation_date=?, created=?, taken=?, unique_id=? where id=?
Hibernate: select identity0_.id as id1_0_, identity0_.creation_date as creation2_0_, identity0_.created as created3_0_, identity0_.taken as taken4_0_, identity0_.unique_id as unique_i5_0_ from id_entity identity0_ where identity0_.taken is null limit ?
Hibernate: update id_entity set creation_date=?, created=?, taken=?, unique_id=? where id=?
Hibernate: select identity0_.id as id1_0_, identity0_.creation_date as creation2_0_, identity0_.created as created3_0_, identity0_.taken as taken4_0_, identity0_.unique_id as unique_i5_0_ from id_entity identity0_ where identity0_.taken is null limit ?
Hibernate: update id_entity set creation_date=?, created=?, taken=?, unique_id=? where id=?
Hibernate: select identity0_.id as id1_0_, identity0_.creation_date as creation2_0_, identity0_.created as created3_0_, identity0_.taken as taken4_0_, identity0_.unique_id as unique_i5_0_ from id_entity identity0_ where identity0_.taken is null limit ?
Hibernate: update id_entity set creation_date=?, created=?, taken=?, unique_id=? where id=?
Hibernate: select identity0_.id as id1_0_, identity0_.creation_date as creation2_0_, identity0_.created as created3_0_, identity0_.taken as taken4_0_, identity0_.unique_id as unique_i5_0_ from id_entity identity0_ where identity0_.taken is null limit ?
Hibernate: update id_entity set creation_date=?, created=?, taken=?, unique_id=? where id=?
Hibernate: select identity0_.id as id1_0_, identity0_.creation_date as creation2_0_, identity0_.created as created3_0_, identity0_.taken as taken4_0_, identity0_.unique_id as unique_i5_0_ from id_entity identity0_ where identity0_.taken is null limit ?
Hibernate: update id_entity set creation_date=?, created=?, taken=?, unique_id=? where id=?
Hibernate: select identity0_.id as id1_0_, identity0_.creation_date as creation2_0_, identity0_.created as created3_0_, identity0_.taken as taken4_0_, identity0_.unique_id as unique_i5_0_ from id_entity identity0_ where identity0_.taken is null limit ?
Hibernate: update id_entity set creation_date=?, created=?, taken=?, unique_id=? where id=?
Hibernate: select identity0_.id as id1_0_, identity0_.creation_date as creation2_0_, identity0_.created as created3_0_, identity0_.taken as taken4_0_, identity0_.unique_id as unique_i5_0_ from id_entity identity0_ where identity0_.taken is null limit ?
Hibernate: update id_entity set creation_date=?, created=?, taken=?, unique_id=? where id=?
Hibernate: select identity0_.id as id1_0_, identity0_.creation_date as creation2_0_, identity0_.created as created3_0_, identity0_.taken as taken4_0_, identity0_.unique_id as unique_i5_0_ from id_entity identity0_ where identity0_.taken is null limit ?
Hibernate: update id_entity set creation_date=?, created=?, taken=?, unique_id=? where id=?
Hibernate: select identity0_.id as id1_0_, identity0_.creation_date as creation2_0_, identity0_.created as created3_0_, identity0_.taken as taken4_0_, identity0_.unique_id as unique_i5_0_ from id_entity identity0_ where identity0_.taken is null limit ?
Hibernate: update id_entity set creation_date=?, created=?, taken=?, unique_id=? where id=?
Hibernate: select identity0_.id as id1_0_, identity0_.creation_date as creation2_0_, identity0_.created as created3_0_, identity0_.taken as taken4_0_, identity0_.unique_id as unique_i5_0_ from id_entity identity0_ where identity0_.taken is null limit ?
Hibernate: update id_entity set creation_date=?, created=?, taken=?, unique_id=? where id=?
Hibernate: select identity0_.id as id1_0_, identity0_.creation_date as creation2_0_, identity0_.created as created3_0_, identity0_.taken as taken4_0_, identity0_.unique_id as unique_i5_0_ from id_entity identity0_ where identity0_.taken is null limit ?
Hibernate: update id_entity set creation_date=?, created=?, taken=?, unique_id=? where id=?
Hibernate: select identity0_.id as id1_0_, identity0_.creation_date as creation2_0_, identity0_.created as created3_0_, identity0_.taken as taken4_0_, identity0_.unique_id as unique_i5_0_ from id_entity identity0_ where identity0_.taken is null limit ?
Hibernate: update id_entity set creation_date=?, created=?, taken=?, unique_id=? where id=?
Hibernate: select identity0_.id as id1_0_, identity0_.creation_date as creation2_0_, identity0_.created as created3_0_, identity0_.taken as taken4_0_, identity0_.unique_id as unique_i5_0_ from id_entity identity0_ where identity0_.taken is null limit ?
Hibernate: update id_entity set creation_date=?, created=?, taken=?, unique_id=? where id=?
Hibernate: select identity0_.id as id1_0_, identity0_.creation_date as creation2_0_, identity0_.created as created3_0_, identity0_.taken as taken4_0_, identity0_.unique_id as unique_i5_0_ from id_entity identity0_ where identity0_.taken is null limit ?
Hibernate: update id_entity set creation_date=?, created=?, taken=?, unique_id=? where id=?
Hibernate: select identity0_.id as id1_0_, identity0_.creation_date as creation2_0_, identity0_.created as created3_0_, identity0_.taken as taken4_0_, identity0_.unique_id as unique_i5_0_ from id_entity identity0_ where identity0_.taken is null limit ?
Hibernate: update id_entity set creation_date=?, created=?, taken=?, unique_id=? where id=?
Hibernate: select identity0_.id as id1_0_, identity0_.creation_date as creation2_0_, identity0_.created as created3_0_, identity0_.taken as taken4_0_, identity0_.unique_id as unique_i5_0_ from id_entity identity0_ where identity0_.taken is null limit ?
Hibernate: update id_entity set creation_date=?, created=?, taken=?, unique_id=? where id=?
Hibernate: select identity0_.id as id1_0_, identity0_.creation_date as creation2_0_, identity0_.created as created3_0_, identity0_.taken as taken4_0_, identity0_.unique_id as unique_i5_0_ from id_entity identity0_ where identity0_.taken is null limit ?
Hibernate: update id_entity set creation_date=?, created=?, taken=?, unique_id=? where id=?
Hibernate: select identity0_.id as id1_0_, identity0_.creation_date as creation2_0_, identity0_.created as created3_0_, identity0_.taken as taken4_0_, identity0_.unique_id as unique_i5_0_ from id_entity identity0_ where identity0_.taken is null limit ?
Hibernate: update id_entity set creation_date=?, created=?, taken=?, unique_id=? where id=?
Hibernate: select identity0_.id as id1_0_, identity0_.creation_date as creation2_0_, identity0_.created as created3_0_, identity0_.taken as taken4_0_, identity0_.unique_id as unique_i5_0_ from id_entity identity0_ where identity0_.taken is null limit ?
Hibernate: update id_entity set creation_date=?, created=?, taken=?, unique_id=? where id=?
Hibernate: select identity0_.id as id1_0_, identity0_.creation_date as creation2_0_, identity0_.created as created3_0_, identity0_.taken as taken4_0_, identity0_.unique_id as unique_i5_0_ from id_entity identity0_ where identity0_.taken is null limit ?
Hibernate: update id_entity set creation_date=?, created=?, taken=?, unique_id=? where id=?
Hibernate: select identity0_.id as id1_0_, identity0_.creation_date as creation2_0_, identity0_.created as created3_0_, identity0_.taken as taken4_0_, identity0_.unique_id as unique_i5_0_ from id_entity identity0_ where identity0_.taken is null limit ?
Hibernate: update id_entity set creation_date=?, created=?, taken=?, unique_id=? where id=?
Hibernate: select identity0_.id as id1_0_, identity0_.creation_date as creation2_0_, identity0_.created as created3_0_, identity0_.taken as taken4_0_, identity0_.unique_id as unique_i5_0_ from id_entity identity0_ where identity0_.taken is null limit ?
Hibernate: update id_entity set creation_date=?, created=?, taken=?, unique_id=? where id=?
Hibernate: select identity0_.id as id1_0_, identity0_.creation_date as creation2_0_, identity0_.created as created3_0_, identity0_.taken as taken4_0_, identity0_.unique_id as unique_i5_0_ from id_entity identity0_ where identity0_.taken is null limit ?
Hibernate: update id_entity set creation_date=?, created=?, taken=?, unique_id=? where id=?
Hibernate: select identity0_.id as id1_0_, identity0_.creation_date as creation2_0_, identity0_.created as created3_0_, identity0_.taken as taken4_0_, identity0_.unique_id as unique_i5_0_ from id_entity identity0_ where identity0_.taken is null limit ?
Hibernate: update id_entity set creation_date=?, created=?, taken=?, unique_id=? where id=?
Hibernate: select identity0_.id as id1_0_, identity0_.creation_date as creation2_0_, identity0_.created as created3_0_, identity0_.taken as taken4_0_, identity0_.unique_id as unique_i5_0_ from id_entity identity0_ where identity0_.taken is null limit ?
Hibernate: update id_entity set creation_date=?, created=?, taken=?, unique_id=? where id=?
Hibernate: select identity0_.id as id1_0_, identity0_.creation_date as creation2_0_, identity0_.created as created3_0_, identity0_.taken as taken4_0_, identity0_.unique_id as unique_i5_0_ from id_entity identity0_ where identity0_.taken is null limit ?
Hibernate: update id_entity set creation_date=?, created=?, taken=?, unique_id=? where id=?
Hibernate: select identity0_.id as id1_0_, identity0_.creation_date as creation2_0_, identity0_.created as created3_0_, identity0_.taken as taken4_0_, identity0_.unique_id as unique_i5_0_ from id_entity identity0_ where identity0_.taken is null limit ?
Hibernate: update id_entity set creation_date=?, created=?, taken=?, unique_id=? where id=?
Hibernate: select identity0_.id as id1_0_, identity0_.creation_date as creation2_0_, identity0_.created as created3_0_, identity0_.taken as taken4_0_, identity0_.unique_id as unique_i5_0_ from id_entity identity0_ where identity0_.taken is null limit ?
Hibernate: update id_entity set creation_date=?, created=?, taken=?, unique_id=? where id=?
Hibernate: select identity0_.id as id1_0_, identity0_.creation_date as creation2_0_, identity0_.created as created3_0_, identity0_.taken as taken4_0_, identity0_.unique_id as unique_i5_0_ from id_entity identity0_ where identity0_.taken is null limit ?
Hibernate: update id_entity set creation_date=?, created=?, taken=?, unique_id=? where id=?
Hibernate: select identity0_.id as id1_0_, identity0_.creation_date as creation2_0_, identity0_.created as created3_0_, identity0_.taken as taken4_0_, identity0_.unique_id as unique_i5_0_ from id_entity identity0_ where identity0_.taken is null limit ?
Hibernate: update id_entity set creation_date=?, created=?, taken=?, unique_id=? where id=?
Hibernate: select identity0_.id as id1_0_, identity0_.creation_date as creation2_0_, identity0_.created as created3_0_, identity0_.taken as taken4_0_, identity0_.unique_id as unique_i5_0_ from id_entity identity0_ where identity0_.taken is null limit ?
Hibernate: update id_entity set creation_date=?, created=?, taken=?, unique_id=? where id=?
Hibernate: select identity0_.id as id1_0_, identity0_.creation_date as creation2_0_, identity0_.created as created3_0_, identity0_.taken as taken4_0_, identity0_.unique_id as unique_i5_0_ from id_entity identity0_ where identity0_.taken is null limit ?
Hibernate: update id_entity set creation_date=?, created=?, taken=?, unique_id=? where id=?
Hibernate: select identity0_.id as id1_0_, identity0_.creation_date as creation2_0_, identity0_.created as created3_0_, identity0_.taken as taken4_0_, identity0_.unique_id as unique_i5_0_ from id_entity identity0_ where identity0_.taken is null limit ?
Hibernate: update id_entity set creation_date=?, created=?, taken=?, unique_id=? where id=?
Hibernate: select identity0_.id as id1_0_, identity0_.creation_date as creation2_0_, identity0_.created as created3_0_, identity0_.taken as taken4_0_, identity0_.unique_id as unique_i5_0_ from id_entity identity0_ where identity0_.taken is null limit ?
Hibernate: update id_entity set creation_date=?, created=?, taken=?, unique_id=? where id=?
Hibernate: select identity0_.id as id1_0_, identity0_.creation_date as creation2_0_, identity0_.created as created3_0_, identity0_.taken as taken4_0_, identity0_.unique_id as unique_i5_0_ from id_entity identity0_ where identity0_.taken is null limit ?
Hibernate: update id_entity set creation_date=?, created=?, taken=?, unique_id=? where id=?
Hibernate: select identity0_.id as id1_0_, identity0_.creation_date as creation2_0_, identity0_.created as created3_0_, identity0_.taken as taken4_0_, identity0_.unique_id as unique_i5_0_ from id_entity identity0_ where identity0_.taken is null limit ?
Hibernate: update id_entity set creation_date=?, created=?, taken=?, unique_id=? where id=?
Hibernate: select identity0_.id as id1_0_, identity0_.creation_date as creation2_0_, identity0_.created as created3_0_, identity0_.taken as taken4_0_, identity0_.unique_id as unique_i5_0_ from id_entity identity0_ where identity0_.taken is null limit ?
Hibernate: update id_entity set creation_date=?, created=?, taken=?, unique_id=? where id=?
Hibernate: select identity0_.id as id1_0_, identity0_.creation_date as creation2_0_, identity0_.created as created3_0_, identity0_.taken as taken4_0_, identity0_.unique_id as unique_i5_0_ from id_entity identity0_ where identity0_.taken is null limit ?
Hibernate: update id_entity set creation_date=?, created=?, taken=?, unique_id=? where id=?
Hibernate: select identity0_.id as id1_0_, identity0_.creation_date as creation2_0_, identity0_.created as created3_0_, identity0_.taken as taken4_0_, identity0_.unique_id as unique_i5_0_ from id_entity identity0_ where identity0_.taken is null limit ?
Hibernate: update id_entity set creation_date=?, created=?, taken=?, unique_id=? where id=?
Hibernate: select identity0_.id as id1_0_, identity0_.creation_date as creation2_0_, identity0_.created as created3_0_, identity0_.taken as taken4_0_, identity0_.unique_id as unique_i5_0_ from id_entity identity0_ where identity0_.taken is null limit ?
Hibernate: update id_entity set creation_date=?, created=?, taken=?, unique_id=? where id=?
Hibernate: select identity0_.id as id1_0_, identity0_.creation_date as creation2_0_, identity0_.created as created3_0_, identity0_.taken as taken4_0_, identity0_.unique_id as unique_i5_0_ from id_entity identity0_ where identity0_.taken is null limit ?
Hibernate: update id_entity set creation_date=?, created=?, taken=?, unique_id=? where id=?
Hibernate: select identity0_.id as id1_0_, identity0_.creation_date as creation2_0_, identity0_.created as created3_0_, identity0_.taken as taken4_0_, identity0_.unique_id as unique_i5_0_ from id_entity identity0_ where identity0_.taken is null limit ?
Hibernate: update id_entity set creation_date=?, created=?, taken=?, unique_id=? where id=?
Hibernate: select identity0_.id as id1_0_, identity0_.creation_date as creation2_0_, identity0_.created as created3_0_, identity0_.taken as taken4_0_, identity0_.unique_id as unique_i5_0_ from id_entity identity0_ where identity0_.taken is null limit ?
Hibernate: update id_entity set creation_date=?, created=?, taken=?, unique_id=? where id=?
Hibernate: select identity0_.id as id1_0_, identity0_.creation_date as creation2_0_, identity0_.created as created3_0_, identity0_.taken as taken4_0_, identity0_.unique_id as unique_i5_0_ from id_entity identity0_ where identity0_.taken is null limit ?
Hibernate: update id_entity set creation_date=?, created=?, taken=?, unique_id=? where id=?
Hibernate: select identity0_.id as id1_0_, identity0_.creation_date as creation2_0_, identity0_.created as created3_0_, identity0_.taken as taken4_0_, identity0_.unique_id as unique_i5_0_ from id_entity identity0_ where identity0_.taken is null limit ?
Hibernate: update id_entity set creation_date=?, created=?, taken=?, unique_id=? where id=?
Hibernate: select identity0_.id as id1_0_, identity0_.creation_date as creation2_0_, identity0_.created as created3_0_, identity0_.taken as taken4_0_, identity0_.unique_id as unique_i5_0_ from id_entity identity0_ where identity0_.taken is null limit ?
Hibernate: update id_entity set creation_date=?, created=?, taken=?, unique_id=? where id=?
Hibernate: select identity0_.id as id1_0_, identity0_.creation_date as creation2_0_, identity0_.created as created3_0_, identity0_.taken as taken4_0_, identity0_.unique_id as unique_i5_0_ from id_entity identity0_ where identity0_.taken is null limit ?
Hibernate: update id_entity set creation_date=?, created=?, taken=?, unique_id=? where id=?
Hibernate: select identity0_.id as id1_0_, identity0_.creation_date as creation2_0_, identity0_.created as created3_0_, identity0_.taken as taken4_0_, identity0_.unique_id as unique_i5_0_ from id_entity identity0_ where identity0_.taken is null limit ?
Hibernate: update id_entity set creation_date=?, created=?, taken=?, unique_id=? where id=?
Hibernate: select identity0_.id as id1_0_, identity0_.creation_date as creation2_0_, identity0_.created as created3_0_, identity0_.taken as taken4_0_, identity0_.unique_id as unique_i5_0_ from id_entity identity0_ where identity0_.taken is null limit ?
Hibernate: update id_entity set creation_date=?, created=?, taken=?, unique_id=? where id=?
Hibernate: select identity0_.id as id1_0_, identity0_.creation_date as creation2_0_, identity0_.created as created3_0_, identity0_.taken as taken4_0_, identity0_.unique_id as unique_i5_0_ from id_entity identity0_ where identity0_.taken is null limit ?
Hibernate: update id_entity set creation_date=?, created=?, taken=?, unique_id=? where id=?
Hibernate: select identity0_.id as id1_0_, identity0_.creation_date as creation2_0_, identity0_.created as created3_0_, identity0_.taken as taken4_0_, identity0_.unique_id as unique_i5_0_ from id_entity identity0_ where identity0_.taken is null limit ?
Hibernate: update id_entity set creation_date=?, created=?, taken=?, unique_id=? where id=?
Hibernate: select identity0_.id as id1_0_, identity0_.creation_date as creation2_0_, identity0_.created as created3_0_, identity0_.taken as taken4_0_, identity0_.unique_id as unique_i5_0_ from id_entity identity0_ where identity0_.taken is null limit ?
Hibernate: update id_entity set creation_date=?, created=?, taken=?, unique_id=? where id=?
Hibernate: select identity0_.id as id1_0_, identity0_.creation_date as creation2_0_, identity0_.created as created3_0_, identity0_.taken as taken4_0_, identity0_.unique_id as unique_i5_0_ from id_entity identity0_ where identity0_.taken is null limit ?
Hibernate: update id_entity set creation_date=?, created=?, taken=?, unique_id=? where id=?
Hibernate: select identity0_.id as id1_0_, identity0_.creation_date as creation2_0_, identity0_.created as created3_0_, identity0_.taken as taken4_0_, identity0_.unique_id as unique_i5_0_ from id_entity identity0_ where identity0_.taken is null limit ?
Hibernate: update id_entity set creation_date=?, created=?, taken=?, unique_id=? where id=?
Hibernate: select identity0_.id as id1_0_, identity0_.creation_date as creation2_0_, identity0_.created as created3_0_, identity0_.taken as taken4_0_, identity0_.unique_id as unique_i5_0_ from id_entity identity0_ where identity0_.taken is null limit ?
Hibernate: update id_entity set creation_date=?, created=?, taken=?, unique_id=? where id=?
Hibernate: select identity0_.id as id1_0_, identity0_.creation_date as creation2_0_, identity0_.created as created3_0_, identity0_.taken as taken4_0_, identity0_.unique_id as unique_i5_0_ from id_entity identity0_ where identity0_.taken is null limit ?
Hibernate: update id_entity set creation_date=?, created=?, taken=?, unique_id=? where id=?
Hibernate: select identity0_.id as id1_0_, identity0_.creation_date as creation2_0_, identity0_.created as created3_0_, identity0_.taken as taken4_0_, identity0_.unique_id as unique_i5_0_ from id_entity identity0_ where identity0_.taken is null limit ?
Hibernate: update id_entity set creation_date=?, created=?, taken=?, unique_id=? where id=?
Hibernate: select identity0_.id as id1_0_, identity0_.creation_date as creation2_0_, identity0_.created as created3_0_, identity0_.taken as taken4_0_, identity0_.unique_id as unique_i5_0_ from id_entity identity0_ where identity0_.taken is null limit ?
Hibernate: update id_entity set creation_date=?, created=?, taken=?, unique_id=? where id=?
Hibernate: select identity0_.id as id1_0_, identity0_.creation_date as creation2_0_, identity0_.created as created3_0_, identity0_.taken as taken4_0_, identity0_.unique_id as unique_i5_0_ from id_entity identity0_ where identity0_.taken is null limit ?
Hibernate: update id_entity set creation_date=?, created=?, taken=?, unique_id=? where id=?
Hibernate: select identity0_.id as id1_0_, identity0_.creation_date as creation2_0_, identity0_.created as created3_0_, identity0_.taken as taken4_0_, identity0_.unique_id as unique_i5_0_ from id_entity identity0_ where identity0_.taken is null limit ?
Hibernate: update id_entity set creation_date=?, created=?, taken=?, unique_id=? where id=?
Hibernate: select identity0_.id as id1_0_, identity0_.creation_date as creation2_0_, identity0_.created as created3_0_, identity0_.taken as taken4_0_, identity0_.unique_id as unique_i5_0_ from id_entity identity0_ where identity0_.taken is null limit ?
Hibernate: update id_entity set creation_date=?, created=?, taken=?, unique_id=? where id=?
Hibernate: select identity0_.id as id1_0_, identity0_.creation_date as creation2_0_, identity0_.created as created3_0_, identity0_.taken as taken4_0_, identity0_.unique_id as unique_i5_0_ from id_entity identity0_ where identity0_.taken is null limit ?
Hibernate: update id_entity set creation_date=?, created=?, taken=?, unique_id=? where id=?
Hibernate: select identity0_.id as id1_0_, identity0_.creation_date as creation2_0_, identity0_.created as created3_0_, identity0_.taken as taken4_0_, identity0_.unique_id as unique_i5_0_ from id_entity identity0_ where identity0_.taken is null limit ?
Hibernate: update id_entity set creation_date=?, created=?, taken=?, unique_id=? where id=?
Hibernate: select identity0_.id as id1_0_, identity0_.creation_date as creation2_0_, identity0_.created as created3_0_, identity0_.taken as taken4_0_, identity0_.unique_id as unique_i5_0_ from id_entity identity0_ where identity0_.taken is null limit ?
Hibernate: update id_entity set creation_date=?, created=?, taken=?, unique_id=? where id=?
Hibernate: select identity0_.id as id1_0_, identity0_.creation_date as creation2_0_, identity0_.created as created3_0_, identity0_.taken as taken4_0_, identity0_.unique_id as unique_i5_0_ from id_entity identity0_ where identity0_.taken is null limit ?
Hibernate: update id_entity set creation_date=?, created=?, taken=?, unique_id=? where id=?
Hibernate: select identity0_.id as id1_0_, identity0_.creation_date as creation2_0_, identity0_.created as created3_0_, identity0_.taken as taken4_0_, identity0_.unique_id as unique_i5_0_ from id_entity identity0_ where identity0_.taken is null limit ?
Hibernate: update id_entity set creation_date=?, created=?, taken=?, unique_id=? where id=?
Hibernate: select identity0_.id as id1_0_, identity0_.creation_date as creation2_0_, identity0_.created as created3_0_, identity0_.taken as taken4_0_, identity0_.unique_id as unique_i5_0_ from id_entity identity0_ where identity0_.taken is null limit ?
Hibernate: update id_entity set creation_date=?, created=?, taken=?, unique_id=? where id=?
Hibernate: select identity0_.id as id1_0_, identity0_.creation_date as creation2_0_, identity0_.created as created3_0_, identity0_.taken as taken4_0_, identity0_.unique_id as unique_i5_0_ from id_entity identity0_ where identity0_.taken is null limit ?
Hibernate: update id_entity set creation_date=?, created=?, taken=?, unique_id=? where id=?
Hibernate: select identity0_.id as id1_0_, identity0_.creation_date as creation2_0_, identity0_.created as created3_0_, identity0_.taken as taken4_0_, identity0_.unique_id as unique_i5_0_ from id_entity identity0_ where identity0_.taken is null limit ?
Hibernate: update id_entity set creation_date=?, created=?, taken=?, unique_id=? where id=?
Hibernate: select identity0_.id as id1_0_, identity0_.creation_date as creation2_0_, identity0_.created as created3_0_, identity0_.taken as taken4_0_, identity0_.unique_id as unique_i5_0_ from id_entity identity0_ where identity0_.taken is null limit ?
Hibernate: update id_entity set creation_date=?, created=?, taken=?, unique_id=? where id=?
Hibernate: select identity0_.id as id1_0_, identity0_.creation_date as creation2_0_, identity0_.created as created3_0_, identity0_.taken as taken4_0_, identity0_.unique_id as unique_i5_0_ from id_entity identity0_ where identity0_.taken is null limit ?
Hibernate: update id_entity set creation_date=?, created=?, taken=?, unique_id=? where id=?
Hibernate: select identity0_.id as id1_0_, identity0_.creation_date as creation2_0_, identity0_.created as created3_0_, identity0_.taken as taken4_0_, identity0_.unique_id as unique_i5_0_ from id_entity identity0_ where identity0_.taken is null limit ?
Hibernate: update id_entity set creation_date=?, created=?, taken=?, unique_id=? where id=?
Hibernate: select identity0_.id as id1_0_, identity0_.creation_date as creation2_0_, identity0_.created as created3_0_, identity0_.taken as taken4_0_, identity0_.unique_id as unique_i5_0_ from id_entity identity0_ where identity0_.taken is null limit ?
Hibernate: update id_entity set creation_date=?, created=?, taken=?, unique_id=? where id=?
Hibernate: select identity0_.id as id1_0_, identity0_.creation_date as creation2_0_, identity0_.created as created3_0_, identity0_.taken as taken4_0_, identity0_.unique_id as unique_i5_0_ from id_entity identity0_ where identity0_.taken is null limit ?
Hibernate: update id_entity set creation_date=?, created=?, taken=?, unique_id=? where id=?
Hibernate: select identity0_.id as id1_0_, identity0_.creation_date as creation2_0_, identity0_.created as created3_0_, identity0_.taken as taken4_0_, identity0_.unique_id as unique_i5_0_ from id_entity identity0_ where identity0_.taken is null limit ?
Hibernate: update id_entity set creation_date=?, created=?, taken=?, unique_id=? where id=?
Hibernate: select identity0_.id as id1_0_, identity0_.creation_date as creation2_0_, identity0_.created as created3_0_, identity0_.taken as taken4_0_, identity0_.unique_id as unique_i5_0_ from id_entity identity0_ where identity0_.taken is null limit ?
Hibernate: update id_entity set creation_date=?, created=?, taken=?, unique_id=? where id=?
Hibernate: select identity0_.id as id1_0_, identity0_.creation_date as creation2_0_, identity0_.created as created3_0_, identity0_.taken as taken4_0_, identity0_.unique_id as unique_i5_0_ from id_entity identity0_ where identity0_.taken is null limit ?
Hibernate: update id_entity set creation_date=?, created=?, taken=?, unique_id=? where id=?
Hibernate: select identity0_.id as id1_0_, identity0_.creation_date as creation2_0_, identity0_.created as created3_0_, identity0_.taken as taken4_0_, identity0_.unique_id as unique_i5_0_ from id_entity identity0_ where identity0_.taken is null limit ?
Hibernate: update id_entity set creation_date=?, created=?, taken=?, unique_id=? where id=?
Hibernate: select identity0_.id as id1_0_, identity0_.creation_date as creation2_0_, identity0_.created as created3_0_, identity0_.taken as taken4_0_, identity0_.unique_id as unique_i5_0_ from id_entity identity0_ where identity0_.taken is null limit ?
Hibernate: update id_entity set creation_date=?, created=?, taken=?, unique_id=? where id=?
Hibernate: select identity0_.id as id1_0_, identity0_.creation_date as creation2_0_, identity0_.created as created3_0_, identity0_.taken as taken4_0_, identity0_.unique_id as unique_i5_0_ from id_entity identity0_ where identity0_.taken is null limit ?
Hibernate: update id_entity set creation_date=?, created=?, taken=?, unique_id=? where id=?
Hibernate: select identity0_.id as id1_0_, identity0_.creation_date as creation2_0_, identity0_.created as created3_0_, identity0_.taken as taken4_0_, identity0_.unique_id as unique_i5_0_ from id_entity identity0_ where identity0_.taken is null limit ?
Hibernate: update id_entity set creation_date=?, created=?, taken=?, unique_id=? where id=?
Hibernate: select identity0_.id as id1_0_, identity0_.creation_date as creation2_0_, identity0_.created as created3_0_, identity0_.taken as taken4_0_, identity0_.unique_id as unique_i5_0_ from id_entity identity0_ where identity0_.taken is null limit ?
Hibernate: update id_entity set creation_date=?, created=?, taken=?, unique_id=? where id=?
Hibernate: select identity0_.id as id1_0_, identity0_.creation_date as creation2_0_, identity0_.created as created3_0_, identity0_.taken as taken4_0_, identity0_.unique_id as unique_i5_0_ from id_entity identity0_ where identity0_.taken is null limit ?
Hibernate: update id_entity set creation_date=?, created=?, taken=?, unique_id=? where id=?
Hibernate: select identity0_.id as id1_0_, identity0_.creation_date as creation2_0_, identity0_.created as created3_0_, identity0_.taken as taken4_0_, identity0_.unique_id as unique_i5_0_ from id_entity identity0_ where identity0_.taken is null limit ?
Hibernate: update id_entity set creation_date=?, created=?, taken=?, unique_id=? where id=?
Hibernate: select identity0_.id as id1_0_, identity0_.creation_date as creation2_0_, identity0_.created as created3_0_, identity0_.taken as taken4_0_, identity0_.unique_id as unique_i5_0_ from id_entity identity0_ where identity0_.taken is null limit ?
Hibernate: select count(*) as col_0_0_ from id_entity identity0_
Hibernate: call next value for hibernate_sequence
Hibernate: call next value for hibernate_sequence
Hibernate: call next value for hibernate_sequence
Hibernate: call next value for hibernate_sequence
Hibernate: call next value for hibernate_sequence
Hibernate: call next value for hibernate_sequence
Hibernate: call next value for hibernate_sequence
Hibernate: call next value for hibernate_sequence
Hibernate: call next value for hibernate_sequence
Hibernate: call next value for hibernate_sequence
Hibernate: call next value for hibernate_sequence
Hibernate: call next value for hibernate_sequence
Hibernate: call next value for hibernate_sequence
Hibernate: call next value for hibernate_sequence
Hibernate: call next value for hibernate_sequence
Hibernate: call next value for hibernate_sequence
Hibernate: call next value for hibernate_sequence
Hibernate: call next value for hibernate_sequence
Hibernate: call next value for hibernate_sequence
Hibernate: call next value for hibernate_sequence
Hibernate: call next value for hibernate_sequence
Hibernate: call next value for hibernate_sequence
Hibernate: call next value for hibernate_sequence
Hibernate: call next value for hibernate_sequence
Hibernate: call next value for hibernate_sequence
Hibernate: call next value for hibernate_sequence
Hibernate: call next value for hibernate_sequence
Hibernate: call next value for hibernate_sequence
Hibernate: call next value for hibernate_sequence
Hibernate: call next value for hibernate_sequence
Hibernate: call next value for hibernate_sequence
Hibernate: call next value for hibernate_sequence
Hibernate: call next value for hibernate_sequence
Hibernate: call next value for hibernate_sequence
Hibernate: call next value for hibernate_sequence
Hibernate: call next value for hibernate_sequence
Hibernate: call next value for hibernate_sequence
Hibernate: call next value for hibernate_sequence
Hibernate: call next value for hibernate_sequence
Hibernate: call next value for hibernate_sequence
Hibernate: call next value for hibernate_sequence
Hibernate: call next value for hibernate_sequence
Hibernate: call next value for hibernate_sequence
Hibernate: call next value for hibernate_sequence
Hibernate: call next value for hibernate_sequence
Hibernate: call next value for hibernate_sequence
Hibernate: call next value for hibernate_sequence
Hibernate: call next value for hibernate_sequence
Hibernate: call next value for hibernate_sequence
Hibernate: call next value for hibernate_sequence
Hibernate: call next value for hibernate_sequence
Hibernate: call next value for hibernate_sequence
Hibernate: call next value for hibernate_sequence
Hibernate: call next value for hibernate_sequence
Hibernate: call next value for hibernate_sequence
Hibernate: call next value for hibernate_sequence
Hibernate: call next value for hibernate_sequence
Hibernate: call next value for hibernate_sequence
Hibernate: call next value for hibernate_sequence
Hibernate: call next value for hibernate_sequence
Hibernate: call next value for hibernate_sequence
Hibernate: call next value for hibernate_sequence
Hibernate: call next value for hibernate_sequence
Hibernate: call next value for hibernate_sequence
Hibernate: call next value for hibernate_sequence
Hibernate: call next value for hibernate_sequence
Hibernate: call next value for hibernate_sequence
Hibernate: call next value for hibernate_sequence
Hibernate: call next value for hibernate_sequence
Hibernate: call next value for hibernate_sequence
Hibernate: call next value for hibernate_sequence
Hibernate: call next value for hibernate_sequence
Hibernate: call next value for hibernate_sequence
Hibernate: call next value for hibernate_sequence
Hibernate: call next value for hibernate_sequence
Hibernate: call next value for hibernate_sequence
Hibernate: call next value for hibernate_sequence
Hibernate: call next value for hibernate_sequence
Hibernate: call next value for hibernate_sequence
Hibernate: call next value for hibernate_sequence
Hibernate: call next value for hibernate_sequence
Hibernate: call next value for hibernate_sequence
Hibernate: call next value for hibernate_sequence
Hibernate: call next value for hibernate_sequence
Hibernate: call next value for hibernate_sequence
Hibernate: call next value for hibernate_sequence
Hibernate: call next value for hibernate_sequence
Hibernate: call next value for hibernate_sequence
Hibernate: call next value for hibernate_sequence
Hibernate: call next value for hibernate_sequence
Hibernate: call next value for hibernate_sequence
Hibernate: call next value for hibernate_sequence
Hibernate: call next value for hibernate_sequence
Hibernate: call next value for hibernate_sequence
Hibernate: call next value for hibernate_sequence
Hibernate: call next value for hibernate_sequence
Hibernate: call next value for hibernate_sequence
Hibernate: call next value for hibernate_sequence
Hibernate: call next value for hibernate_sequence
Hibernate: call next value for hibernate_sequence
Hibernate: insert into id_entity (creation_date, created, taken, unique_id, id) values (?, ?, ?, ?, ?)
Hibernate: insert into id_entity (creation_date, created, taken, unique_id, id) values (?, ?, ?, ?, ?)
Hibernate: insert into id_entity (creation_date, created, taken, unique_id, id) values (?, ?, ?, ?, ?)
Hibernate: insert into id_entity (creation_date, created, taken, unique_id, id) values (?, ?, ?, ?, ?)
Hibernate: insert into id_entity (creation_date, created, taken, unique_id, id) values (?, ?, ?, ?, ?)
Hibernate: insert into id_entity (creation_date, created, taken, unique_id, id) values (?, ?, ?, ?, ?)
Hibernate: insert into id_entity (creation_date, created, taken, unique_id, id) values (?, ?, ?, ?, ?)
Hibernate: insert into id_entity (creation_date, created, taken, unique_id, id) values (?, ?, ?, ?, ?)
Hibernate: insert into id_entity (creation_date, created, taken, unique_id, id) values (?, ?, ?, ?, ?)
Hibernate: insert into id_entity (creation_date, created, taken, unique_id, id) values (?, ?, ?, ?, ?)
Hibernate: insert into id_entity (creation_date, created, taken, unique_id, id) values (?, ?, ?, ?, ?)
Hibernate: insert into id_entity (creation_date, created, taken, unique_id, id) values (?, ?, ?, ?, ?)
Hibernate: insert into id_entity (creation_date, created, taken, unique_id, id) values (?, ?, ?, ?, ?)
Hibernate: insert into id_entity (creation_date, created, taken, unique_id, id) values (?, ?, ?, ?, ?)
Hibernate: insert into id_entity (creation_date, created, taken, unique_id, id) values (?, ?, ?, ?, ?)
Hibernate: insert into id_entity (creation_date, created, taken, unique_id, id) values (?, ?, ?, ?, ?)
Hibernate: insert into id_entity (creation_date, created, taken, unique_id, id) values (?, ?, ?, ?, ?)
Hibernate: insert into id_entity (creation_date, created, taken, unique_id, id) values (?, ?, ?, ?, ?)
Hibernate: insert into id_entity (creation_date, created, taken, unique_id, id) values (?, ?, ?, ?, ?)
Hibernate: insert into id_entity (creation_date, created, taken, unique_id, id) values (?, ?, ?, ?, ?)
Hibernate: insert into id_entity (creation_date, created, taken, unique_id, id) values (?, ?, ?, ?, ?)
Hibernate: insert into id_entity (creation_date, created, taken, unique_id, id) values (?, ?, ?, ?, ?)
Hibernate: insert into id_entity (creation_date, created, taken, unique_id, id) values (?, ?, ?, ?, ?)
Hibernate: insert into id_entity (creation_date, created, taken, unique_id, id) values (?, ?, ?, ?, ?)
Hibernate: insert into id_entity (creation_date, created, taken, unique_id, id) values (?, ?, ?, ?, ?)
Hibernate: insert into id_entity (creation_date, created, taken, unique_id, id) values (?, ?, ?, ?, ?)
Hibernate: insert into id_entity (creation_date, created, taken, unique_id, id) values (?, ?, ?, ?, ?)
Hibernate: insert into id_entity (creation_date, created, taken, unique_id, id) values (?, ?, ?, ?, ?)
Hibernate: insert into id_entity (creation_date, created, taken, unique_id, id) values (?, ?, ?, ?, ?)
Hibernate: insert into id_entity (creation_date, created, taken, unique_id, id) values (?, ?, ?, ?, ?)
Hibernate: insert into id_entity (creation_date, created, taken, unique_id, id) values (?, ?, ?, ?, ?)
Hibernate: insert into id_entity (creation_date, created, taken, unique_id, id) values (?, ?, ?, ?, ?)
Hibernate: insert into id_entity (creation_date, created, taken, unique_id, id) values (?, ?, ?, ?, ?)
Hibernate: insert into id_entity (creation_date, created, taken, unique_id, id) values (?, ?, ?, ?, ?)
Hibernate: insert into id_entity (creation_date, created, taken, unique_id, id) values (?, ?, ?, ?, ?)
Hibernate: insert into id_entity (creation_date, created, taken, unique_id, id) values (?, ?, ?, ?, ?)
Hibernate: insert into id_entity (creation_date, created, taken, unique_id, id) values (?, ?, ?, ?, ?)
Hibernate: insert into id_entity (creation_date, created, taken, unique_id, id) values (?, ?, ?, ?, ?)
Hibernate: insert into id_entity (creation_date, created, taken, unique_id, id) values (?, ?, ?, ?, ?)
Hibernate: insert into id_entity (creation_date, created, taken, unique_id, id) values (?, ?, ?, ?, ?)
Hibernate: insert into id_entity (creation_date, created, taken, unique_id, id) values (?, ?, ?, ?, ?)
Hibernate: insert into id_entity (creation_date, created, taken, unique_id, id) values (?, ?, ?, ?, ?)
Hibernate: insert into id_entity (creation_date, created, taken, unique_id, id) values (?, ?, ?, ?, ?)
Hibernate: insert into id_entity (creation_date, created, taken, unique_id, id) values (?, ?, ?, ?, ?)
Hibernate: insert into id_entity (creation_date, created, taken, unique_id, id) values (?, ?, ?, ?, ?)
Hibernate: insert into id_entity (creation_date, created, taken, unique_id, id) values (?, ?, ?, ?, ?)
Hibernate: insert into id_entity (creation_date, created, taken, unique_id, id) values (?, ?, ?, ?, ?)
Hibernate: insert into id_entity (creation_date, created, taken, unique_id, id) values (?, ?, ?, ?, ?)
Hibernate: insert into id_entity (creation_date, created, taken, unique_id, id) values (?, ?, ?, ?, ?)
Hibernate: insert into id_entity (creation_date, created, taken, unique_id, id) values (?, ?, ?, ?, ?)
Hibernate: insert into id_entity (creation_date, created, taken, unique_id, id) values (?, ?, ?, ?, ?)
Hibernate: insert into id_entity (creation_date, created, taken, unique_id, id) values (?, ?, ?, ?, ?)
Hibernate: insert into id_entity (creation_date, created, taken, unique_id, id) values (?, ?, ?, ?, ?)
Hibernate: insert into id_entity (creation_date, created, taken, unique_id, id) values (?, ?, ?, ?, ?)
Hibernate: insert into id_entity (creation_date, created, taken, unique_id, id) values (?, ?, ?, ?, ?)
Hibernate: insert into id_entity (creation_date, created, taken, unique_id, id) values (?, ?, ?, ?, ?)
Hibernate: insert into id_entity (creation_date, created, taken, unique_id, id) values (?, ?, ?, ?, ?)
Hibernate: insert into id_entity (creation_date, created, taken, unique_id, id) values (?, ?, ?, ?, ?)
Hibernate: insert into id_entity (creation_date, created, taken, unique_id, id) values (?, ?, ?, ?, ?)
Hibernate: insert into id_entity (creation_date, created, taken, unique_id, id) values (?, ?, ?, ?, ?)
Hibernate: insert into id_entity (creation_date, created, taken, unique_id, id) values (?, ?, ?, ?, ?)
Hibernate: insert into id_entity (creation_date, created, taken, unique_id, id) values (?, ?, ?, ?, ?)
Hibernate: insert into id_entity (creation_date, created, taken, unique_id, id) values (?, ?, ?, ?, ?)
Hibernate: insert into id_entity (creation_date, created, taken, unique_id, id) values (?, ?, ?, ?, ?)
Hibernate: insert into id_entity (creation_date, created, taken, unique_id, id) values (?, ?, ?, ?, ?)
Hibernate: insert into id_entity (creation_date, created, taken, unique_id, id) values (?, ?, ?, ?, ?)
Hibernate: insert into id_entity (creation_date, created, taken, unique_id, id) values (?, ?, ?, ?, ?)
Hibernate: insert into id_entity (creation_date, created, taken, unique_id, id) values (?, ?, ?, ?, ?)
Hibernate: insert into id_entity (creation_date, created, taken, unique_id, id) values (?, ?, ?, ?, ?)
Hibernate: insert into id_entity (creation_date, created, taken, unique_id, id) values (?, ?, ?, ?, ?)
Hibernate: insert into id_entity (creation_date, created, taken, unique_id, id) values (?, ?, ?, ?, ?)
Hibernate: insert into id_entity (creation_date, created, taken, unique_id, id) values (?, ?, ?, ?, ?)
Hibernate: insert into id_entity (creation_date, created, taken, unique_id, id) values (?, ?, ?, ?, ?)
Hibernate: insert into id_entity (creation_date, created, taken, unique_id, id) values (?, ?, ?, ?, ?)
Hibernate: insert into id_entity (creation_date, created, taken, unique_id, id) values (?, ?, ?, ?, ?)
Hibernate: insert into id_entity (creation_date, created, taken, unique_id, id) values (?, ?, ?, ?, ?)
Hibernate: insert into id_entity (creation_date, created, taken, unique_id, id) values (?, ?, ?, ?, ?)
Hibernate: insert into id_entity (creation_date, created, taken, unique_id, id) values (?, ?, ?, ?, ?)
Hibernate: insert into id_entity (creation_date, created, taken, unique_id, id) values (?, ?, ?, ?, ?)
Hibernate: insert into id_entity (creation_date, created, taken, unique_id, id) values (?, ?, ?, ?, ?)
Hibernate: insert into id_entity (creation_date, created, taken, unique_id, id) values (?, ?, ?, ?, ?)
Hibernate: insert into id_entity (creation_date, created, taken, unique_id, id) values (?, ?, ?, ?, ?)
Hibernate: insert into id_entity (creation_date, created, taken, unique_id, id) values (?, ?, ?, ?, ?)
Hibernate: insert into id_entity (creation_date, created, taken, unique_id, id) values (?, ?, ?, ?, ?)
Hibernate: insert into id_entity (creation_date, created, taken, unique_id, id) values (?, ?, ?, ?, ?)
Hibernate: insert into id_entity (creation_date, created, taken, unique_id, id) values (?, ?, ?, ?, ?)
Hibernate: insert into id_entity (creation_date, created, taken, unique_id, id) values (?, ?, ?, ?, ?)
Hibernate: insert into id_entity (creation_date, created, taken, unique_id, id) values (?, ?, ?, ?, ?)
Hibernate: insert into id_entity (creation_date, created, taken, unique_id, id) values (?, ?, ?, ?, ?)
Hibernate: insert into id_entity (creation_date, created, taken, unique_id, id) values (?, ?, ?, ?, ?)
Hibernate: insert into id_entity (creation_date, created, taken, unique_id, id) values (?, ?, ?, ?, ?)
Hibernate: insert into id_entity (creation_date, created, taken, unique_id, id) values (?, ?, ?, ?, ?)
Hibernate: insert into id_entity (creation_date, created, taken, unique_id, id) values (?, ?, ?, ?, ?)
Hibernate: insert into id_entity (creation_date, created, taken, unique_id, id) values (?, ?, ?, ?, ?)
Hibernate: insert into id_entity (creation_date, created, taken, unique_id, id) values (?, ?, ?, ?, ?)
Hibernate: insert into id_entity (creation_date, created, taken, unique_id, id) values (?, ?, ?, ?, ?)
Hibernate: insert into id_entity (creation_date, created, taken, unique_id, id) values (?, ?, ?, ?, ?)
Hibernate: insert into id_entity (creation_date, created, taken, unique_id, id) values (?, ?, ?, ?, ?)
Hibernate: insert into id_entity (creation_date, created, taken, unique_id, id) values (?, ?, ?, ?, ?)
Hibernate: insert into id_entity (creation_date, created, taken, unique_id, id) values (?, ?, ?, ?, ?)
Hibernate: update id_entity set creation_date=?, created=?, taken=?, unique_id=? where id=?
Hibernate: select identity0_.id as id1_0_, identity0_.creation_date as creation2_0_, identity0_.created as created3_0_, identity0_.taken as taken4_0_, identity0_.unique_id as unique_i5_0_ from id_entity identity0_ where identity0_.taken is null limit ?
Hibernate: update id_entity set creation_date=?, created=?, taken=?, unique_id=? where id=?
Hibernate: select identity0_.id as id1_0_, identity0_.creation_date as creation2_0_, identity0_.created as created3_0_, identity0_.taken as taken4_0_, identity0_.unique_id as unique_i5_0_ from id_entity identity0_ where identity0_.taken is null limit ?
Hibernate: update id_entity set creation_date=?, created=?, taken=?, unique_id=? where id=?
Hibernate: select identity0_.id as id1_0_, identity0_.creation_date as creation2_0_, identity0_.created as created3_0_, identity0_.taken as taken4_0_, identity0_.unique_id as unique_i5_0_ from id_entity identity0_ where identity0_.taken is null limit ?
Hibernate: update id_entity set creation_date=?, created=?, taken=?, unique_id=? where id=?
Hibernate: select identity0_.id as id1_0_, identity0_.creation_date as creation2_0_, identity0_.created as created3_0_, identity0_.taken as taken4_0_, identity0_.unique_id as unique_i5_0_ from id_entity identity0_ where identity0_.taken is null limit ?
Hibernate: update id_entity set creation_date=?, created=?, taken=?, unique_id=? where id=?
Hibernate: select identity0_.id as id1_0_, identity0_.creation_date as creation2_0_, identity0_.created as created3_0_, identity0_.taken as taken4_0_, identity0_.unique_id as unique_i5_0_ from id_entity identity0_ where identity0_.taken is null limit ?
Hibernate: update id_entity set creation_date=?, created=?, taken=?, unique_id=? where id=?
Hibernate: select identity0_.id as id1_0_, identity0_.creation_date as creation2_0_, identity0_.created as created3_0_, identity0_.taken as taken4_0_, identity0_.unique_id as unique_i5_0_ from id_entity identity0_ where identity0_.taken is null limit ?
Hibernate: update id_entity set creation_date=?, created=?, taken=?, unique_id=? where id=?
Hibernate: select identity0_.id as id1_0_, identity0_.creation_date as creation2_0_, identity0_.created as created3_0_, identity0_.taken as taken4_0_, identity0_.unique_id as unique_i5_0_ from id_entity identity0_ where identity0_.taken is null limit ?
Hibernate: update id_entity set creation_date=?, created=?, taken=?, unique_id=? where id=?
Hibernate: select identity0_.id as id1_0_, identity0_.creation_date as creation2_0_, identity0_.created as created3_0_, identity0_.taken as taken4_0_, identity0_.unique_id as unique_i5_0_ from id_entity identity0_ where identity0_.taken is null limit ?
Hibernate: update id_entity set creation_date=?, created=?, taken=?, unique_id=? where id=?
Hibernate: select identity0_.id as id1_0_, identity0_.creation_date as creation2_0_, identity0_.created as created3_0_, identity0_.taken as taken4_0_, identity0_.unique_id as unique_i5_0_ from id_entity identity0_ where identity0_.taken is null limit ?
Hibernate: update id_entity set creation_date=?, created=?, taken=?, unique_id=? where id=?
Hibernate: select identity0_.id as id1_0_, identity0_.creation_date as creation2_0_, identity0_.created as created3_0_, identity0_.taken as taken4_0_, identity0_.unique_id as unique_i5_0_ from id_entity identity0_ where identity0_.taken is null limit ?
Hibernate: update id_entity set creation_date=?, created=?, taken=?, unique_id=? where id=?
Hibernate: select identity0_.id as id1_0_, identity0_.creation_date as creation2_0_, identity0_.created as created3_0_, identity0_.taken as taken4_0_, identity0_.unique_id as unique_i5_0_ from id_entity identity0_ where identity0_.taken is null limit ?
Hibernate: update id_entity set creation_date=?, created=?, taken=?, unique_id=? where id=?
Hibernate: select identity0_.id as id1_0_, identity0_.creation_date as creation2_0_, identity0_.created as created3_0_, identity0_.taken as taken4_0_, identity0_.unique_id as unique_i5_0_ from id_entity identity0_ where identity0_.taken is null limit ?
Hibernate: update id_entity set creation_date=?, created=?, taken=?, unique_id=? where id=?
Hibernate: select identity0_.id as id1_0_, identity0_.creation_date as creation2_0_, identity0_.created as created3_0_, identity0_.taken as taken4_0_, identity0_.unique_id as unique_i5_0_ from id_entity identity0_ where identity0_.taken is null limit ?
Hibernate: update id_entity set creation_date=?, created=?, taken=?, unique_id=? where id=?
Hibernate: select identity0_.id as id1_0_, identity0_.creation_date as creation2_0_, identity0_.created as created3_0_, identity0_.taken as taken4_0_, identity0_.unique_id as unique_i5_0_ from id_entity identity0_ where identity0_.taken is null limit ?
Hibernate: update id_entity set creation_date=?, created=?, taken=?, unique_id=? where id=?
Hibernate: select identity0_.id as id1_0_, identity0_.creation_date as creation2_0_, identity0_.created as created3_0_, identity0_.taken as taken4_0_, identity0_.unique_id as unique_i5_0_ from id_entity identity0_ where identity0_.taken is null limit ?
Hibernate: update id_entity set creation_date=?, created=?, taken=?, unique_id=? where id=?
Hibernate: select identity0_.id as id1_0_, identity0_.creation_date as creation2_0_, identity0_.created as created3_0_, identity0_.taken as taken4_0_, identity0_.unique_id as unique_i5_0_ from id_entity identity0_ where identity0_.taken is null limit ?
Hibernate: update id_entity set creation_date=?, created=?, taken=?, unique_id=? where id=?
Hibernate: select identity0_.id as id1_0_, identity0_.creation_date as creation2_0_, identity0_.created as created3_0_, identity0_.taken as taken4_0_, identity0_.unique_id as unique_i5_0_ from id_entity identity0_ where identity0_.taken is null limit ?
Hibernate: update id_entity set creation_date=?, created=?, taken=?, unique_id=? where id=?
Hibernate: select identity0_.id as id1_0_, identity0_.creation_date as creation2_0_, identity0_.created as created3_0_, identity0_.taken as taken4_0_, identity0_.unique_id as unique_i5_0_ from id_entity identity0_ where identity0_.taken is null limit ?
Hibernate: update id_entity set creation_date=?, created=?, taken=?, unique_id=? where id=?
Hibernate: select identity0_.id as id1_0_, identity0_.creation_date as creation2_0_, identity0_.created as created3_0_, identity0_.taken as taken4_0_, identity0_.unique_id as unique_i5_0_ from id_entity identity0_ where identity0_.taken is null limit ?
Hibernate: update id_entity set creation_date=?, created=?, taken=?, unique_id=? where id=?
Hibernate: select identity0_.id as id1_0_, identity0_.creation_date as creation2_0_, identity0_.created as created3_0_, identity0_.taken as taken4_0_, identity0_.unique_id as unique_i5_0_ from id_entity identity0_ where identity0_.taken is null limit ?
Hibernate: update id_entity set creation_date=?, created=?, taken=?, unique_id=? where id=?
Hibernate: select identity0_.id as id1_0_, identity0_.creation_date as creation2_0_, identity0_.created as created3_0_, identity0_.taken as taken4_0_, identity0_.unique_id as unique_i5_0_ from id_entity identity0_ where identity0_.taken is null limit ?
Hibernate: update id_entity set creation_date=?, created=?, taken=?, unique_id=? where id=?
Hibernate: select identity0_.id as id1_0_, identity0_.creation_date as creation2_0_, identity0_.created as created3_0_, identity0_.taken as taken4_0_, identity0_.unique_id as unique_i5_0_ from id_entity identity0_ where identity0_.taken is null limit ?
Hibernate: update id_entity set creation_date=?, created=?, taken=?, unique_id=? where id=?
Hibernate: select identity0_.id as id1_0_, identity0_.creation_date as creation2_0_, identity0_.created as created3_0_, identity0_.taken as taken4_0_, identity0_.unique_id as unique_i5_0_ from id_entity identity0_ where identity0_.taken is null limit ?
Hibernate: update id_entity set creation_date=?, created=?, taken=?, unique_id=? where id=?
Hibernate: select identity0_.id as id1_0_, identity0_.creation_date as creation2_0_, identity0_.created as created3_0_, identity0_.taken as taken4_0_, identity0_.unique_id as unique_i5_0_ from id_entity identity0_ where identity0_.taken is null limit ?
Hibernate: update id_entity set creation_date=?, created=?, taken=?, unique_id=? where id=?
Hibernate: select identity0_.id as id1_0_, identity0_.creation_date as creation2_0_, identity0_.created as created3_0_, identity0_.taken as taken4_0_, identity0_.unique_id as unique_i5_0_ from id_entity identity0_ where identity0_.taken is null limit ?
Hibernate: update id_entity set creation_date=?, created=?, taken=?, unique_id=? where id=?
Hibernate: select identity0_.id as id1_0_, identity0_.creation_date as creation2_0_, identity0_.created as created3_0_, identity0_.taken as taken4_0_, identity0_.unique_id as unique_i5_0_ from id_entity identity0_ where identity0_.taken is null limit ?
Hibernate: update id_entity set creation_date=?, created=?, taken=?, unique_id=? where id=?
Hibernate: select identity0_.id as id1_0_, identity0_.creation_date as creation2_0_, identity0_.created as created3_0_, identity0_.taken as taken4_0_, identity0_.unique_id as unique_i5_0_ from id_entity identity0_ where identity0_.taken is null limit ?
Hibernate: update id_entity set creation_date=?, created=?, taken=?, unique_id=? where id=?
Hibernate: select identity0_.id as id1_0_, identity0_.creation_date as creation2_0_, identity0_.created as created3_0_, identity0_.taken as taken4_0_, identity0_.unique_id as unique_i5_0_ from id_entity identity0_ where identity0_.taken is null limit ?
Hibernate: update id_entity set creation_date=?, created=?, taken=?, unique_id=? where id=?
Hibernate: select identity0_.id as id1_0_, identity0_.creation_date as creation2_0_, identity0_.created as created3_0_, identity0_.taken as taken4_0_, identity0_.unique_id as unique_i5_0_ from id_entity identity0_ where identity0_.taken is null limit ?
Hibernate: update id_entity set creation_date=?, created=?, taken=?, unique_id=? where id=?
Hibernate: select identity0_.id as id1_0_, identity0_.creation_date as creation2_0_, identity0_.created as created3_0_, identity0_.taken as taken4_0_, identity0_.unique_id as unique_i5_0_ from id_entity identity0_ where identity0_.taken is null limit ?
Hibernate: update id_entity set creation_date=?, created=?, taken=?, unique_id=? where id=?
Hibernate: select identity0_.id as id1_0_, identity0_.creation_date as creation2_0_, identity0_.created as created3_0_, identity0_.taken as taken4_0_, identity0_.unique_id as unique_i5_0_ from id_entity identity0_ where identity0_.taken is null limit ?
Hibernate: update id_entity set creation_date=?, created=?, taken=?, unique_id=? where id=?
Hibernate: select identity0_.id as id1_0_, identity0_.creation_date as creation2_0_, identity0_.created as created3_0_, identity0_.taken as taken4_0_, identity0_.unique_id as unique_i5_0_ from id_entity identity0_ where identity0_.taken is null limit ?
Hibernate: update id_entity set creation_date=?, created=?, taken=?, unique_id=? where id=?
Hibernate: select identity0_.id as id1_0_, identity0_.creation_date as creation2_0_, identity0_.created as created3_0_, identity0_.taken as taken4_0_, identity0_.unique_id as unique_i5_0_ from id_entity identity0_ where identity0_.taken is null limit ?
Hibernate: update id_entity set creation_date=?, created=?, taken=?, unique_id=? where id=?
Hibernate: select identity0_.id as id1_0_, identity0_.creation_date as creation2_0_, identity0_.created as created3_0_, identity0_.taken as taken4_0_, identity0_.unique_id as unique_i5_0_ from id_entity identity0_ where identity0_.taken is null limit ?
Hibernate: update id_entity set creation_date=?, created=?, taken=?, unique_id=? where id=?
Hibernate: select identity0_.id as id1_0_, identity0_.creation_date as creation2_0_, identity0_.created as created3_0_, identity0_.taken as taken4_0_, identity0_.unique_id as unique_i5_0_ from id_entity identity0_ where identity0_.taken is null limit ?
Hibernate: update id_entity set creation_date=?, created=?, taken=?, unique_id=? where id=?
Hibernate: select identity0_.id as id1_0_, identity0_.creation_date as creation2_0_, identity0_.created as created3_0_, identity0_.taken as taken4_0_, identity0_.unique_id as unique_i5_0_ from id_entity identity0_ where identity0_.taken is null limit ?
Hibernate: update id_entity set creation_date=?, created=?, taken=?, unique_id=? where id=?
Hibernate: select identity0_.id as id1_0_, identity0_.creation_date as creation2_0_, identity0_.created as created3_0_, identity0_.taken as taken4_0_, identity0_.unique_id as unique_i5_0_ from id_entity identity0_ where identity0_.taken is null limit ?
Hibernate: update id_entity set creation_date=?, created=?, taken=?, unique_id=? where id=?
Hibernate: select identity0_.id as id1_0_, identity0_.creation_date as creation2_0_, identity0_.created as created3_0_, identity0_.taken as taken4_0_, identity0_.unique_id as unique_i5_0_ from id_entity identity0_ where identity0_.taken is null limit ?
Hibernate: update id_entity set creation_date=?, created=?, taken=?, unique_id=? where id=?
Hibernate: select identity0_.id as id1_0_, identity0_.creation_date as creation2_0_, identity0_.created as created3_0_, identity0_.taken as taken4_0_, identity0_.unique_id as unique_i5_0_ from id_entity identity0_ where identity0_.taken is null limit ?
Hibernate: update id_entity set creation_date=?, created=?, taken=?, unique_id=? where id=?
Hibernate: select identity0_.id as id1_0_, identity0_.creation_date as creation2_0_, identity0_.created as created3_0_, identity0_.taken as taken4_0_, identity0_.unique_id as unique_i5_0_ from id_entity identity0_ where identity0_.taken is null limit ?
Hibernate: update id_entity set creation_date=?, created=?, taken=?, unique_id=? where id=?
Hibernate: select identity0_.id as id1_0_, identity0_.creation_date as creation2_0_, identity0_.created as created3_0_, identity0_.taken as taken4_0_, identity0_.unique_id as unique_i5_0_ from id_entity identity0_ where identity0_.taken is null limit ?
Hibernate: update id_entity set creation_date=?, created=?, taken=?, unique_id=? where id=?
Hibernate: select identity0_.id as id1_0_, identity0_.creation_date as creation2_0_, identity0_.created as created3_0_, identity0_.taken as taken4_0_, identity0_.unique_id as unique_i5_0_ from id_entity identity0_ where identity0_.taken is null limit ?
Hibernate: update id_entity set creation_date=?, created=?, taken=?, unique_id=? where id=?
Hibernate: select identity0_.id as id1_0_, identity0_.creation_date as creation2_0_, identity0_.created as created3_0_, identity0_.taken as taken4_0_, identity0_.unique_id as unique_i5_0_ from id_entity identity0_ where identity0_.taken is null limit ?
Hibernate: update id_entity set creation_date=?, created=?, taken=?, unique_id=? where id=?
Hibernate: select identity0_.id as id1_0_, identity0_.creation_date as creation2_0_, identity0_.created as created3_0_, identity0_.taken as taken4_0_, identity0_.unique_id as unique_i5_0_ from id_entity identity0_ where identity0_.taken is null limit ?
Hibernate: update id_entity set creation_date=?, created=?, taken=?, unique_id=? where id=?
Hibernate: select identity0_.id as id1_0_, identity0_.creation_date as creation2_0_, identity0_.created as created3_0_, identity0_.taken as taken4_0_, identity0_.unique_id as unique_i5_0_ from id_entity identity0_ where identity0_.taken is null limit ?
Hibernate: update id_entity set creation_date=?, created=?, taken=?, unique_id=? where id=?
Hibernate: select identity0_.id as id1_0_, identity0_.creation_date as creation2_0_, identity0_.created as created3_0_, identity0_.taken as taken4_0_, identity0_.unique_id as unique_i5_0_ from id_entity identity0_ where identity0_.taken is null limit ?
Hibernate: update id_entity set creation_date=?, created=?, taken=?, unique_id=? where id=?
Hibernate: select identity0_.id as id1_0_, identity0_.creation_date as creation2_0_, identity0_.created as created3_0_, identity0_.taken as taken4_0_, identity0_.unique_id as unique_i5_0_ from id_entity identity0_ where identity0_.taken is null limit ?
Hibernate: update id_entity set creation_date=?, created=?, taken=?, unique_id=? where id=?
Hibernate: select identity0_.id as id1_0_, identity0_.creation_date as creation2_0_, identity0_.created as created3_0_, identity0_.taken as taken4_0_, identity0_.unique_id as unique_i5_0_ from id_entity identity0_ where identity0_.taken is null limit ?
Hibernate: update id_entity set creation_date=?, created=?, taken=?, unique_id=? where id=?
Hibernate: select identity0_.id as id1_0_, identity0_.creation_date as creation2_0_, identity0_.created as created3_0_, identity0_.taken as taken4_0_, identity0_.unique_id as unique_i5_0_ from id_entity identity0_ where identity0_.taken is null limit ?
Hibernate: update id_entity set creation_date=?, created=?, taken=?, unique_id=? where id=?
Hibernate: select identity0_.id as id1_0_, identity0_.creation_date as creation2_0_, identity0_.created as created3_0_, identity0_.taken as taken4_0_, identity0_.unique_id as unique_i5_0_ from id_entity identity0_ where identity0_.taken is null limit ?
Hibernate: update id_entity set creation_date=?, created=?, taken=?, unique_id=? where id=?
Hibernate: select identity0_.id as id1_0_, identity0_.creation_date as creation2_0_, identity0_.created as created3_0_, identity0_.taken as taken4_0_, identity0_.unique_id as unique_i5_0_ from id_entity identity0_ where identity0_.taken is null limit ?
Hibernate: update id_entity set creation_date=?, created=?, taken=?, unique_id=? where id=?
Hibernate: select identity0_.id as id1_0_, identity0_.creation_date as creation2_0_, identity0_.created as created3_0_, identity0_.taken as taken4_0_, identity0_.unique_id as unique_i5_0_ from id_entity identity0_ where identity0_.taken is null limit ?
Hibernate: update id_entity set creation_date=?, created=?, taken=?, unique_id=? where id=?
Hibernate: select identity0_.id as id1_0_, identity0_.creation_date as creation2_0_, identity0_.created as created3_0_, identity0_.taken as taken4_0_, identity0_.unique_id as unique_i5_0_ from id_entity identity0_ where identity0_.taken is null limit ?
Hibernate: update id_entity set creation_date=?, created=?, taken=?, unique_id=? where id=?
Hibernate: select identity0_.id as id1_0_, identity0_.creation_date as creation2_0_, identity0_.created as created3_0_, identity0_.taken as taken4_0_, identity0_.unique_id as unique_i5_0_ from id_entity identity0_ where identity0_.taken is null limit ?
Hibernate: update id_entity set creation_date=?, created=?, taken=?, unique_id=? where id=?
Hibernate: select identity0_.id as id1_0_, identity0_.creation_date as creation2_0_, identity0_.created as created3_0_, identity0_.taken as taken4_0_, identity0_.unique_id as unique_i5_0_ from id_entity identity0_ where identity0_.taken is null limit ?
Hibernate: update id_entity set creation_date=?, created=?, taken=?, unique_id=? where id=?
Hibernate: select identity0_.id as id1_0_, identity0_.creation_date as creation2_0_, identity0_.created as created3_0_, identity0_.taken as taken4_0_, identity0_.unique_id as unique_i5_0_ from id_entity identity0_ where identity0_.taken is null limit ?
Hibernate: update id_entity set creation_date=?, created=?, taken=?, unique_id=? where id=?
Hibernate: select identity0_.id as id1_0_, identity0_.creation_date as creation2_0_, identity0_.created as created3_0_, identity0_.taken as taken4_0_, identity0_.unique_id as unique_i5_0_ from id_entity identity0_ where identity0_.taken is null limit ?
Hibernate: update id_entity set creation_date=?, created=?, taken=?, unique_id=? where id=?
Hibernate: select identity0_.id as id1_0_, identity0_.creation_date as creation2_0_, identity0_.created as created3_0_, identity0_.taken as taken4_0_, identity0_.unique_id as unique_i5_0_ from id_entity identity0_ where identity0_.taken is null limit ?
Hibernate: update id_entity set creation_date=?, created=?, taken=?, unique_id=? where id=?
Hibernate: select identity0_.id as id1_0_, identity0_.creation_date as creation2_0_, identity0_.created as created3_0_, identity0_.taken as taken4_0_, identity0_.unique_id as unique_i5_0_ from id_entity identity0_ where identity0_.taken is null limit ?
Hibernate: update id_entity set creation_date=?, created=?, taken=?, unique_id=? where id=?
Hibernate: select identity0_.id as id1_0_, identity0_.creation_date as creation2_0_, identity0_.created as created3_0_, identity0_.taken as taken4_0_, identity0_.unique_id as unique_i5_0_ from id_entity identity0_ where identity0_.taken is null limit ?
Hibernate: update id_entity set creation_date=?, created=?, taken=?, unique_id=? where id=?
Hibernate: select identity0_.id as id1_0_, identity0_.creation_date as creation2_0_, identity0_.created as created3_0_, identity0_.taken as taken4_0_, identity0_.unique_id as unique_i5_0_ from id_entity identity0_ where identity0_.taken is null limit ?
Hibernate: update id_entity set creation_date=?, created=?, taken=?, unique_id=? where id=?
Hibernate: select identity0_.id as id1_0_, identity0_.creation_date as creation2_0_, identity0_.created as created3_0_, identity0_.taken as taken4_0_, identity0_.unique_id as unique_i5_0_ from id_entity identity0_ where identity0_.taken is null limit ?
Hibernate: update id_entity set creation_date=?, created=?, taken=?, unique_id=? where id=?
Hibernate: select identity0_.id as id1_0_, identity0_.creation_date as creation2_0_, identity0_.created as created3_0_, identity0_.taken as taken4_0_, identity0_.unique_id as unique_i5_0_ from id_entity identity0_ where identity0_.taken is null limit ?
Hibernate: update id_entity set creation_date=?, created=?, taken=?, unique_id=? where id=?
Hibernate: select identity0_.id as id1_0_, identity0_.creation_date as creation2_0_, identity0_.created as created3_0_, identity0_.taken as taken4_0_, identity0_.unique_id as unique_i5_0_ from id_entity identity0_ where identity0_.taken is null limit ?
Hibernate: update id_entity set creation_date=?, created=?, taken=?, unique_id=? where id=?
Hibernate: select identity0_.id as id1_0_, identity0_.creation_date as creation2_0_, identity0_.created as created3_0_, identity0_.taken as taken4_0_, identity0_.unique_id as unique_i5_0_ from id_entity identity0_ where identity0_.taken is null limit ?
Hibernate: update id_entity set creation_date=?, created=?, taken=?, unique_id=? where id=?
Hibernate: select identity0_.id as id1_0_, identity0_.creation_date as creation2_0_, identity0_.created as created3_0_, identity0_.taken as taken4_0_, identity0_.unique_id as unique_i5_0_ from id_entity identity0_ where identity0_.taken is null limit ?
Hibernate: update id_entity set creation_date=?, created=?, taken=?, unique_id=? where id=?
Hibernate: select identity0_.id as id1_0_, identity0_.creation_date as creation2_0_, identity0_.created as created3_0_, identity0_.taken as taken4_0_, identity0_.unique_id as unique_i5_0_ from id_entity identity0_ where identity0_.taken is null limit ?
Hibernate: update id_entity set creation_date=?, created=?, taken=?, unique_id=? where id=?
Hibernate: select identity0_.id as id1_0_, identity0_.creation_date as creation2_0_, identity0_.created as created3_0_, identity0_.taken as taken4_0_, identity0_.unique_id as unique_i5_0_ from id_entity identity0_ where identity0_.taken is null limit ?
Hibernate: update id_entity set creation_date=?, created=?, taken=?, unique_id=? where id=?
Hibernate: select identity0_.id as id1_0_, identity0_.creation_date as creation2_0_, identity0_.created as created3_0_, identity0_.taken as taken4_0_, identity0_.unique_id as unique_i5_0_ from id_entity identity0_ where identity0_.taken is null limit ?
Hibernate: update id_entity set creation_date=?, created=?, taken=?, unique_id=? where id=?
Hibernate: select identity0_.id as id1_0_, identity0_.creation_date as creation2_0_, identity0_.created as created3_0_, identity0_.taken as taken4_0_, identity0_.unique_id as unique_i5_0_ from id_entity identity0_ where identity0_.taken is null limit ?
Hibernate: update id_entity set creation_date=?, created=?, taken=?, unique_id=? where id=?
Hibernate: select identity0_.id as id1_0_, identity0_.creation_date as creation2_0_, identity0_.created as created3_0_, identity0_.taken as taken4_0_, identity0_.unique_id as unique_i5_0_ from id_entity identity0_ where identity0_.taken is null limit ?
Hibernate: update id_entity set creation_date=?, created=?, taken=?, unique_id=? where id=?
Hibernate: select identity0_.id as id1_0_, identity0_.creation_date as creation2_0_, identity0_.created as created3_0_, identity0_.taken as taken4_0_, identity0_.unique_id as unique_i5_0_ from id_entity identity0_ where identity0_.taken is null limit ?
Hibernate: update id_entity set creation_date=?, created=?, taken=?, unique_id=? where id=?
Hibernate: select identity0_.id as id1_0_, identity0_.creation_date as creation2_0_, identity0_.created as created3_0_, identity0_.taken as taken4_0_, identity0_.unique_id as unique_i5_0_ from id_entity identity0_ where identity0_.taken is null limit ?
Hibernate: update id_entity set creation_date=?, created=?, taken=?, unique_id=? where id=?
Hibernate: select identity0_.id as id1_0_, identity0_.creation_date as creation2_0_, identity0_.created as created3_0_, identity0_.taken as taken4_0_, identity0_.unique_id as unique_i5_0_ from id_entity identity0_ where identity0_.taken is null limit ?
Hibernate: update id_entity set creation_date=?, created=?, taken=?, unique_id=? where id=?
Hibernate: select identity0_.id as id1_0_, identity0_.creation_date as creation2_0_, identity0_.created as created3_0_, identity0_.taken as taken4_0_, identity0_.unique_id as unique_i5_0_ from id_entity identity0_ where identity0_.taken is null limit ?
Hibernate: update id_entity set creation_date=?, created=?, taken=?, unique_id=? where id=?
Hibernate: select identity0_.id as id1_0_, identity0_.creation_date as creation2_0_, identity0_.created as created3_0_, identity0_.taken as taken4_0_, identity0_.unique_id as unique_i5_0_ from id_entity identity0_ where identity0_.taken is null limit ?
Hibernate: update id_entity set creation_date=?, created=?, taken=?, unique_id=? where id=?
Hibernate: select identity0_.id as id1_0_, identity0_.creation_date as creation2_0_, identity0_.created as created3_0_, identity0_.taken as taken4_0_, identity0_.unique_id as unique_i5_0_ from id_entity identity0_ where identity0_.taken is null limit ?
Hibernate: update id_entity set creation_date=?, created=?, taken=?, unique_id=? where id=?
Hibernate: select identity0_.id as id1_0_, identity0_.creation_date as creation2_0_, identity0_.created as created3_0_, identity0_.taken as taken4_0_, identity0_.unique_id as unique_i5_0_ from id_entity identity0_ where identity0_.taken is null limit ?
Hibernate: update id_entity set creation_date=?, created=?, taken=?, unique_id=? where id=?
Hibernate: select identity0_.id as id1_0_, identity0_.creation_date as creation2_0_, identity0_.created as created3_0_, identity0_.taken as taken4_0_, identity0_.unique_id as unique_i5_0_ from id_entity identity0_ where identity0_.taken is null limit ?
Hibernate: update id_entity set creation_date=?, created=?, taken=?, unique_id=? where id=?
Hibernate: select identity0_.id as id1_0_, identity0_.creation_date as creation2_0_, identity0_.created as created3_0_, identity0_.taken as taken4_0_, identity0_.unique_id as unique_i5_0_ from id_entity identity0_ where identity0_.taken is null limit ?
Hibernate: update id_entity set creation_date=?, created=?, taken=?, unique_id=? where id=?
Hibernate: select identity0_.id as id1_0_, identity0_.creation_date as creation2_0_, identity0_.created as created3_0_, identity0_.taken as taken4_0_, identity0_.unique_id as unique_i5_0_ from id_entity identity0_ where identity0_.taken is null limit ?
Hibernate: update id_entity set creation_date=?, created=?, taken=?, unique_id=? where id=?
Hibernate: select identity0_.id as id1_0_, identity0_.creation_date as creation2_0_, identity0_.created as created3_0_, identity0_.taken as taken4_0_, identity0_.unique_id as unique_i5_0_ from id_entity identity0_ where identity0_.taken is null limit ?
Hibernate: update id_entity set creation_date=?, created=?, taken=?, unique_id=? where id=?
Hibernate: select identity0_.id as id1_0_, identity0_.creation_date as creation2_0_, identity0_.created as created3_0_, identity0_.taken as taken4_0_, identity0_.unique_id as unique_i5_0_ from id_entity identity0_ where identity0_.taken is null limit ?
Hibernate: update id_entity set creation_date=?, created=?, taken=?, unique_id=? where id=?
Hibernate: select identity0_.id as id1_0_, identity0_.creation_date as creation2_0_, identity0_.created as created3_0_, identity0_.taken as taken4_0_, identity0_.unique_id as unique_i5_0_ from id_entity identity0_ where identity0_.taken is null limit ?
Hibernate: update id_entity set creation_date=?, created=?, taken=?, unique_id=? where id=?
Hibernate: select identity0_.id as id1_0_, identity0_.creation_date as creation2_0_, identity0_.created as created3_0_, identity0_.taken as taken4_0_, identity0_.unique_id as unique_i5_0_ from id_entity identity0_ where identity0_.taken is null limit ?
Hibernate: update id_entity set creation_date=?, created=?, taken=?, unique_id=? where id=?
Hibernate: select identity0_.id as id1_0_, identity0_.creation_date as creation2_0_, identity0_.created as created3_0_, identity0_.taken as taken4_0_, identity0_.unique_id as unique_i5_0_ from id_entity identity0_ where identity0_.taken is null limit ?
Hibernate: update id_entity set creation_date=?, created=?, taken=?, unique_id=? where id=?
Hibernate: select identity0_.id as id1_0_, identity0_.creation_date as creation2_0_, identity0_.created as created3_0_, identity0_.taken as taken4_0_, identity0_.unique_id as unique_i5_0_ from id_entity identity0_ where identity0_.taken is null limit ?
Hibernate: update id_entity set creation_date=?, created=?, taken=?, unique_id=? where id=?
Hibernate: select identity0_.id as id1_0_, identity0_.creation_date as creation2_0_, identity0_.created as created3_0_, identity0_.taken as taken4_0_, identity0_.unique_id as unique_i5_0_ from id_entity identity0_ where identity0_.taken is null limit ?
Hibernate: update id_entity set creation_date=?, created=?, taken=?, unique_id=? where id=?
Hibernate: select identity0_.id as id1_0_, identity0_.creation_date as creation2_0_, identity0_.created as created3_0_, identity0_.taken as taken4_0_, identity0_.unique_id as unique_i5_0_ from id_entity identity0_ where identity0_.taken is null limit ?
Hibernate: update id_entity set creation_date=?, created=?, taken=?, unique_id=? where id=?
Hibernate: select identity0_.id as id1_0_, identity0_.creation_date as creation2_0_, identity0_.created as created3_0_, identity0_.taken as taken4_0_, identity0_.unique_id as unique_i5_0_ from id_entity identity0_ where identity0_.taken is null limit ?
Hibernate: update id_entity set creation_date=?, created=?, taken=?, unique_id=? where id=?
Hibernate: select identity0_.id as id1_0_, identity0_.creation_date as creation2_0_, identity0_.created as created3_0_, identity0_.taken as taken4_0_, identity0_.unique_id as unique_i5_0_ from id_entity identity0_ where identity0_.taken is null limit ?
Hibernate: update id_entity set creation_date=?, created=?, taken=?, unique_id=? where id=?
Hibernate: select identity0_.id as id1_0_, identity0_.creation_date as creation2_0_, identity0_.created as created3_0_, identity0_.taken as taken4_0_, identity0_.unique_id as unique_i5_0_ from id_entity identity0_ where identity0_.taken is null limit ?
Hibernate: update id_entity set creation_date=?, created=?, taken=?, unique_id=? where id=?
Hibernate: select identity0_.id as id1_0_, identity0_.creation_date as creation2_0_, identity0_.created as created3_0_, identity0_.taken as taken4_0_, identity0_.unique_id as unique_i5_0_ from id_entity identity0_ where identity0_.taken is null limit ?
Hibernate: update id_entity set creation_date=?, created=?, taken=?, unique_id=? where id=?
Hibernate: select identity0_.id as id1_0_, identity0_.creation_date as creation2_0_, identity0_.created as created3_0_, identity0_.taken as taken4_0_, identity0_.unique_id as unique_i5_0_ from id_entity identity0_ where identity0_.taken is null limit ?
Hibernate: update id_entity set creation_date=?, created=?, taken=?, unique_id=? where id=?
Hibernate: select identity0_.id as id1_0_, identity0_.creation_date as creation2_0_, identity0_.created as created3_0_, identity0_.taken as taken4_0_, identity0_.unique_id as unique_i5_0_ from id_entity identity0_ where identity0_.taken is null limit ?
Hibernate: update id_entity set creation_date=?, created=?, taken=?, unique_id=? where id=?
Hibernate: select identity0_.id as id1_0_, identity0_.creation_date as creation2_0_, identity0_.created as created3_0_, identity0_.taken as taken4_0_, identity0_.unique_id as unique_i5_0_ from id_entity identity0_ where identity0_.taken is null limit ?
Hibernate: update id_entity set creation_date=?, created=?, taken=?, unique_id=? where id=?
Hibernate: select identity0_.id as id1_0_, identity0_.creation_date as creation2_0_, identity0_.created as created3_0_, identity0_.taken as taken4_0_, identity0_.unique_id as unique_i5_0_ from id_entity identity0_ where identity0_.taken is null limit ?
Hibernate: update id_entity set creation_date=?, created=?, taken=?, unique_id=? where id=?
Hibernate: select identity0_.id as id1_0_, identity0_.creation_date as creation2_0_, identity0_.created as created3_0_, identity0_.taken as taken4_0_, identity0_.unique_id as unique_i5_0_ from id_entity identity0_ where identity0_.taken is null limit ?
Hibernate: update id_entity set creation_date=?, created=?, taken=?, unique_id=? where id=?
Hibernate: select identity0_.id as id1_0_, identity0_.creation_date as creation2_0_, identity0_.created as created3_0_, identity0_.taken as taken4_0_, identity0_.unique_id as unique_i5_0_ from id_entity identity0_ where identity0_.taken is null limit ?
Hibernate: update id_entity set creation_date=?, created=?, taken=?, unique_id=? where id=?
Hibernate: select identity0_.id as id1_0_, identity0_.creation_date as creation2_0_, identity0_.created as created3_0_, identity0_.taken as taken4_0_, identity0_.unique_id as unique_i5_0_ from id_entity identity0_ where identity0_.taken is null limit ?
Hibernate: select count(*) as col_0_0_ from id_entity identity0_
Hibernate: call next value for hibernate_sequence
Hibernate: call next value for hibernate_sequence
Hibernate: call next value for hibernate_sequence
Hibernate: call next value for hibernate_sequence
Hibernate: call next value for hibernate_sequence
Hibernate: call next value for hibernate_sequence
Hibernate: call next value for hibernate_sequence
Hibernate: call next value for hibernate_sequence
Hibernate: call next value for hibernate_sequence
Hibernate: call next value for hibernate_sequence
Hibernate: call next value for hibernate_sequence
Hibernate: call next value for hibernate_sequence
Hibernate: call next value for hibernate_sequence
Hibernate: call next value for hibernate_sequence
Hibernate: call next value for hibernate_sequence
Hibernate: call next value for hibernate_sequence
Hibernate: call next value for hibernate_sequence
Hibernate: call next value for hibernate_sequence
Hibernate: call next value for hibernate_sequence
Hibernate: call next value for hibernate_sequence
Hibernate: call next value for hibernate_sequence
Hibernate: call next value for hibernate_sequence
Hibernate: call next value for hibernate_sequence
Hibernate: call next value for hibernate_sequence
Hibernate: call next value for hibernate_sequence
Hibernate: call next value for hibernate_sequence
Hibernate: call next value for hibernate_sequence
Hibernate: call next value for hibernate_sequence
Hibernate: call next value for hibernate_sequence
Hibernate: call next value for hibernate_sequence
Hibernate: call next value for hibernate_sequence
Hibernate: call next value for hibernate_sequence
Hibernate: call next value for hibernate_sequence
Hibernate: call next value for hibernate_sequence
Hibernate: call next value for hibernate_sequence
Hibernate: call next value for hibernate_sequence
Hibernate: call next value for hibernate_sequence
Hibernate: call next value for hibernate_sequence
Hibernate: call next value for hibernate_sequence
Hibernate: call next value for hibernate_sequence
Hibernate: call next value for hibernate_sequence
Hibernate: call next value for hibernate_sequence
Hibernate: call next value for hibernate_sequence
Hibernate: call next value for hibernate_sequence
Hibernate: call next value for hibernate_sequence
Hibernate: call next value for hibernate_sequence
Hibernate: call next value for hibernate_sequence
Hibernate: call next value for hibernate_sequence
Hibernate: call next value for hibernate_sequence
Hibernate: call next value for hibernate_sequence
Hibernate: call next value for hibernate_sequence
Hibernate: call next value for hibernate_sequence
Hibernate: call next value for hibernate_sequence
Hibernate: call next value for hibernate_sequence
Hibernate: call next value for hibernate_sequence
Hibernate: call next value for hibernate_sequence
Hibernate: call next value for hibernate_sequence
Hibernate: call next value for hibernate_sequence
Hibernate: call next value for hibernate_sequence
Hibernate: call next value for hibernate_sequence
Hibernate: call next value for hibernate_sequence
Hibernate: call next value for hibernate_sequence
Hibernate: call next value for hibernate_sequence
Hibernate: call next value for hibernate_sequence
Hibernate: call next value for hibernate_sequence
Hibernate: call next value for hibernate_sequence
Hibernate: call next value for hibernate_sequence
Hibernate: call next value for hibernate_sequence
Hibernate: call next value for hibernate_sequence
Hibernate: call next value for hibernate_sequence
Hibernate: call next value for hibernate_sequence
Hibernate: call next value for hibernate_sequence
Hibernate: call next value for hibernate_sequence
Hibernate: call next value for hibernate_sequence
Hibernate: call next value for hibernate_sequence
Hibernate: call next value for hibernate_sequence
Hibernate: call next value for hibernate_sequence
Hibernate: call next value for hibernate_sequence
Hibernate: call next value for hibernate_sequence
Hibernate: call next value for hibernate_sequence
Hibernate: call next value for hibernate_sequence
Hibernate: call next value for hibernate_sequence
Hibernate: call next value for hibernate_sequence
Hibernate: call next value for hibernate_sequence
Hibernate: call next value for hibernate_sequence
Hibernate: call next value for hibernate_sequence
Hibernate: call next value for hibernate_sequence
Hibernate: call next value for hibernate_sequence
Hibernate: call next value for hibernate_sequence
Hibernate: call next value for hibernate_sequence
Hibernate: call next value for hibernate_sequence
Hibernate: call next value for hibernate_sequence
Hibernate: call next value for hibernate_sequence
Hibernate: call next value for hibernate_sequence
Hibernate: call next value for hibernate_sequence
Hibernate: call next value for hibernate_sequence
Hibernate: call next value for hibernate_sequence
Hibernate: call next value for hibernate_sequence
Hibernate: call next value for hibernate_sequence
Hibernate: call next value for hibernate_sequence
Hibernate: insert into id_entity (creation_date, created, taken, unique_id, id) values (?, ?, ?, ?, ?)
Hibernate: insert into id_entity (creation_date, created, taken, unique_id, id) values (?, ?, ?, ?, ?)
Hibernate: insert into id_entity (creation_date, created, taken, unique_id, id) values (?, ?, ?, ?, ?)
Hibernate: insert into id_entity (creation_date, created, taken, unique_id, id) values (?, ?, ?, ?, ?)
Hibernate: insert into id_entity (creation_date, created, taken, unique_id, id) values (?, ?, ?, ?, ?)
Hibernate: insert into id_entity (creation_date, created, taken, unique_id, id) values (?, ?, ?, ?, ?)
Hibernate: insert into id_entity (creation_date, created, taken, unique_id, id) values (?, ?, ?, ?, ?)
Hibernate: insert into id_entity (creation_date, created, taken, unique_id, id) values (?, ?, ?, ?, ?)
Hibernate: insert into id_entity (creation_date, created, taken, unique_id, id) values (?, ?, ?, ?, ?)
Hibernate: insert into id_entity (creation_date, created, taken, unique_id, id) values (?, ?, ?, ?, ?)
Hibernate: insert into id_entity (creation_date, created, taken, unique_id, id) values (?, ?, ?, ?, ?)
Hibernate: insert into id_entity (creation_date, created, taken, unique_id, id) values (?, ?, ?, ?, ?)
Hibernate: insert into id_entity (creation_date, created, taken, unique_id, id) values (?, ?, ?, ?, ?)
Hibernate: insert into id_entity (creation_date, created, taken, unique_id, id) values (?, ?, ?, ?, ?)
Hibernate: insert into id_entity (creation_date, created, taken, unique_id, id) values (?, ?, ?, ?, ?)
Hibernate: insert into id_entity (creation_date, created, taken, unique_id, id) values (?, ?, ?, ?, ?)
Hibernate: insert into id_entity (creation_date, created, taken, unique_id, id) values (?, ?, ?, ?, ?)
Hibernate: insert into id_entity (creation_date, created, taken, unique_id, id) values (?, ?, ?, ?, ?)
Hibernate: insert into id_entity (creation_date, created, taken, unique_id, id) values (?, ?, ?, ?, ?)
Hibernate: insert into id_entity (creation_date, created, taken, unique_id, id) values (?, ?, ?, ?, ?)
Hibernate: insert into id_entity (creation_date, created, taken, unique_id, id) values (?, ?, ?, ?, ?)
Hibernate: insert into id_entity (creation_date, created, taken, unique_id, id) values (?, ?, ?, ?, ?)
Hibernate: insert into id_entity (creation_date, created, taken, unique_id, id) values (?, ?, ?, ?, ?)
Hibernate: insert into id_entity (creation_date, created, taken, unique_id, id) values (?, ?, ?, ?, ?)
Hibernate: insert into id_entity (creation_date, created, taken, unique_id, id) values (?, ?, ?, ?, ?)
Hibernate: insert into id_entity (creation_date, created, taken, unique_id, id) values (?, ?, ?, ?, ?)
Hibernate: insert into id_entity (creation_date, created, taken, unique_id, id) values (?, ?, ?, ?, ?)
Hibernate: insert into id_entity (creation_date, created, taken, unique_id, id) values (?, ?, ?, ?, ?)
Hibernate: insert into id_entity (creation_date, created, taken, unique_id, id) values (?, ?, ?, ?, ?)
Hibernate: insert into id_entity (creation_date, created, taken, unique_id, id) values (?, ?, ?, ?, ?)
Hibernate: insert into id_entity (creation_date, created, taken, unique_id, id) values (?, ?, ?, ?, ?)
Hibernate: insert into id_entity (creation_date, created, taken, unique_id, id) values (?, ?, ?, ?, ?)
Hibernate: insert into id_entity (creation_date, created, taken, unique_id, id) values (?, ?, ?, ?, ?)
Hibernate: insert into id_entity (creation_date, created, taken, unique_id, id) values (?, ?, ?, ?, ?)
Hibernate: insert into id_entity (creation_date, created, taken, unique_id, id) values (?, ?, ?, ?, ?)
Hibernate: insert into id_entity (creation_date, created, taken, unique_id, id) values (?, ?, ?, ?, ?)
Hibernate: insert into id_entity (creation_date, created, taken, unique_id, id) values (?, ?, ?, ?, ?)
Hibernate: insert into id_entity (creation_date, created, taken, unique_id, id) values (?, ?, ?, ?, ?)
Hibernate: insert into id_entity (creation_date, created, taken, unique_id, id) values (?, ?, ?, ?, ?)
Hibernate: insert into id_entity (creation_date, created, taken, unique_id, id) values (?, ?, ?, ?, ?)
Hibernate: insert into id_entity (creation_date, created, taken, unique_id, id) values (?, ?, ?, ?, ?)
Hibernate: insert into id_entity (creation_date, created, taken, unique_id, id) values (?, ?, ?, ?, ?)
Hibernate: insert into id_entity (creation_date, created, taken, unique_id, id) values (?, ?, ?, ?, ?)
Hibernate: insert into id_entity (creation_date, created, taken, unique_id, id) values (?, ?, ?, ?, ?)
Hibernate: insert into id_entity (creation_date, created, taken, unique_id, id) values (?, ?, ?, ?, ?)
Hibernate: insert into id_entity (creation_date, created, taken, unique_id, id) values (?, ?, ?, ?, ?)
Hibernate: insert into id_entity (creation_date, created, taken, unique_id, id) values (?, ?, ?, ?, ?)
Hibernate: insert into id_entity (creation_date, created, taken, unique_id, id) values (?, ?, ?, ?, ?)
Hibernate: insert into id_entity (creation_date, created, taken, unique_id, id) values (?, ?, ?, ?, ?)
Hibernate: insert into id_entity (creation_date, created, taken, unique_id, id) values (?, ?, ?, ?, ?)
Hibernate: insert into id_entity (creation_date, created, taken, unique_id, id) values (?, ?, ?, ?, ?)
Hibernate: insert into id_entity (creation_date, created, taken, unique_id, id) values (?, ?, ?, ?, ?)
Hibernate: insert into id_entity (creation_date, created, taken, unique_id, id) values (?, ?, ?, ?, ?)
Hibernate: insert into id_entity (creation_date, created, taken, unique_id, id) values (?, ?, ?, ?, ?)
Hibernate: insert into id_entity (creation_date, created, taken, unique_id, id) values (?, ?, ?, ?, ?)
Hibernate: insert into id_entity (creation_date, created, taken, unique_id, id) values (?, ?, ?, ?, ?)
Hibernate: insert into id_entity (creation_date, created, taken, unique_id, id) values (?, ?, ?, ?, ?)
Hibernate: insert into id_entity (creation_date, created, taken, unique_id, id) values (?, ?, ?, ?, ?)
Hibernate: insert into id_entity (creation_date, created, taken, unique_id, id) values (?, ?, ?, ?, ?)
Hibernate: insert into id_entity (creation_date, created, taken, unique_id, id) values (?, ?, ?, ?, ?)
Hibernate: insert into id_entity (creation_date, created, taken, unique_id, id) values (?, ?, ?, ?, ?)
Hibernate: insert into id_entity (creation_date, created, taken, unique_id, id) values (?, ?, ?, ?, ?)
Hibernate: insert into id_entity (creation_date, created, taken, unique_id, id) values (?, ?, ?, ?, ?)
Hibernate: insert into id_entity (creation_date, created, taken, unique_id, id) values (?, ?, ?, ?, ?)
Hibernate: insert into id_entity (creation_date, created, taken, unique_id, id) values (?, ?, ?, ?, ?)
Hibernate: insert into id_entity (creation_date, created, taken, unique_id, id) values (?, ?, ?, ?, ?)
Hibernate: insert into id_entity (creation_date, created, taken, unique_id, id) values (?, ?, ?, ?, ?)
Hibernate: insert into id_entity (creation_date, created, taken, unique_id, id) values (?, ?, ?, ?, ?)
Hibernate: insert into id_entity (creation_date, created, taken, unique_id, id) values (?, ?, ?, ?, ?)
Hibernate: insert into id_entity (creation_date, created, taken, unique_id, id) values (?, ?, ?, ?, ?)
Hibernate: insert into id_entity (creation_date, created, taken, unique_id, id) values (?, ?, ?, ?, ?)
Hibernate: insert into id_entity (creation_date, created, taken, unique_id, id) values (?, ?, ?, ?, ?)
Hibernate: insert into id_entity (creation_date, created, taken, unique_id, id) values (?, ?, ?, ?, ?)
Hibernate: insert into id_entity (creation_date, created, taken, unique_id, id) values (?, ?, ?, ?, ?)
Hibernate: insert into id_entity (creation_date, created, taken, unique_id, id) values (?, ?, ?, ?, ?)
Hibernate: insert into id_entity (creation_date, created, taken, unique_id, id) values (?, ?, ?, ?, ?)
Hibernate: insert into id_entity (creation_date, created, taken, unique_id, id) values (?, ?, ?, ?, ?)
Hibernate: insert into id_entity (creation_date, created, taken, unique_id, id) values (?, ?, ?, ?, ?)
Hibernate: insert into id_entity (creation_date, created, taken, unique_id, id) values (?, ?, ?, ?, ?)
Hibernate: insert into id_entity (creation_date, created, taken, unique_id, id) values (?, ?, ?, ?, ?)
Hibernate: insert into id_entity (creation_date, created, taken, unique_id, id) values (?, ?, ?, ?, ?)
Hibernate: insert into id_entity (creation_date, created, taken, unique_id, id) values (?, ?, ?, ?, ?)
Hibernate: insert into id_entity (creation_date, created, taken, unique_id, id) values (?, ?, ?, ?, ?)
Hibernate: insert into id_entity (creation_date, created, taken, unique_id, id) values (?, ?, ?, ?, ?)
Hibernate: insert into id_entity (creation_date, created, taken, unique_id, id) values (?, ?, ?, ?, ?)
Hibernate: insert into id_entity (creation_date, created, taken, unique_id, id) values (?, ?, ?, ?, ?)
Hibernate: insert into id_entity (creation_date, created, taken, unique_id, id) values (?, ?, ?, ?, ?)
Hibernate: insert into id_entity (creation_date, created, taken, unique_id, id) values (?, ?, ?, ?, ?)
Hibernate: insert into id_entity (creation_date, created, taken, unique_id, id) values (?, ?, ?, ?, ?)
Hibernate: insert into id_entity (creation_date, created, taken, unique_id, id) values (?, ?, ?, ?, ?)
Hibernate: insert into id_entity (creation_date, created, taken, unique_id, id) values (?, ?, ?, ?, ?)
Hibernate: insert into id_entity (creation_date, created, taken, unique_id, id) values (?, ?, ?, ?, ?)
Hibernate: insert into id_entity (creation_date, created, taken, unique_id, id) values (?, ?, ?, ?, ?)
Hibernate: insert into id_entity (creation_date, created, taken, unique_id, id) values (?, ?, ?, ?, ?)
Hibernate: insert into id_entity (creation_date, created, taken, unique_id, id) values (?, ?, ?, ?, ?)
Hibernate: insert into id_entity (creation_date, created, taken, unique_id, id) values (?, ?, ?, ?, ?)
Hibernate: insert into id_entity (creation_date, created, taken, unique_id, id) values (?, ?, ?, ?, ?)
Hibernate: insert into id_entity (creation_date, created, taken, unique_id, id) values (?, ?, ?, ?, ?)
Hibernate: insert into id_entity (creation_date, created, taken, unique_id, id) values (?, ?, ?, ?, ?)
Hibernate: insert into id_entity (creation_date, created, taken, unique_id, id) values (?, ?, ?, ?, ?)
Hibernate: update id_entity set creation_date=?, created=?, taken=?, unique_id=? where id=?
Hibernate: select identity0_.id as id1_0_, identity0_.creation_date as creation2_0_, identity0_.created as created3_0_, identity0_.taken as taken4_0_, identity0_.unique_id as unique_i5_0_ from id_entity identity0_ where identity0_.taken is null limit ?
Hibernate: update id_entity set creation_date=?, created=?, taken=?, unique_id=? where id=?
Hibernate: select identity0_.id as id1_0_, identity0_.creation_date as creation2_0_, identity0_.created as created3_0_, identity0_.taken as taken4_0_, identity0_.unique_id as unique_i5_0_ from id_entity identity0_ where identity0_.taken is null limit ?
Hibernate: update id_entity set creation_date=?, created=?, taken=?, unique_id=? where id=?
Hibernate: select identity0_.id as id1_0_, identity0_.creation_date as creation2_0_, identity0_.created as created3_0_, identity0_.taken as taken4_0_, identity0_.unique_id as unique_i5_0_ from id_entity identity0_ where identity0_.taken is null limit ?
Hibernate: update id_entity set creation_date=?, created=?, taken=?, unique_id=? where id=?
Hibernate: select identity0_.id as id1_0_, identity0_.creation_date as creation2_0_, identity0_.created as created3_0_, identity0_.taken as taken4_0_, identity0_.unique_id as unique_i5_0_ from id_entity identity0_ where identity0_.taken is null limit ?
Hibernate: update id_entity set creation_date=?, created=?, taken=?, unique_id=? where id=?
Hibernate: select identity0_.id as id1_0_, identity0_.creation_date as creation2_0_, identity0_.created as created3_0_, identity0_.taken as taken4_0_, identity0_.unique_id as unique_i5_0_ from id_entity identity0_ where identity0_.taken is null limit ?
Hibernate: update id_entity set creation_date=?, created=?, taken=?, unique_id=? where id=?
Hibernate: select identity0_.id as id1_0_, identity0_.creation_date as creation2_0_, identity0_.created as created3_0_, identity0_.taken as taken4_0_, identity0_.unique_id as unique_i5_0_ from id_entity identity0_ where identity0_.taken is null limit ?
Hibernate: update id_entity set creation_date=?, created=?, taken=?, unique_id=? where id=?
Hibernate: select identity0_.id as id1_0_, identity0_.creation_date as creation2_0_, identity0_.created as created3_0_, identity0_.taken as taken4_0_, identity0_.unique_id as unique_i5_0_ from id_entity identity0_ where identity0_.taken is null limit ?
Hibernate: update id_entity set creation_date=?, created=?, taken=?, unique_id=? where id=?
Hibernate: select identity0_.id as id1_0_, identity0_.creation_date as creation2_0_, identity0_.created as created3_0_, identity0_.taken as taken4_0_, identity0_.unique_id as unique_i5_0_ from id_entity identity0_ where identity0_.taken is null limit ?
Hibernate: update id_entity set creation_date=?, created=?, taken=?, unique_id=? where id=?
Hibernate: select identity0_.id as id1_0_, identity0_.creation_date as creation2_0_, identity0_.created as created3_0_, identity0_.taken as taken4_0_, identity0_.unique_id as unique_i5_0_ from id_entity identity0_ where identity0_.taken is null limit ?
Hibernate: update id_entity set creation_date=?, created=?, taken=?, unique_id=? where id=?
Hibernate: select identity0_.id as id1_0_, identity0_.creation_date as creation2_0_, identity0_.created as created3_0_, identity0_.taken as taken4_0_, identity0_.unique_id as unique_i5_0_ from id_entity identity0_ where identity0_.taken is null limit ?
Hibernate: update id_entity set creation_date=?, created=?, taken=?, unique_id=? where id=?
Hibernate: select identity0_.id as id1_0_, identity0_.creation_date as creation2_0_, identity0_.created as created3_0_, identity0_.taken as taken4_0_, identity0_.unique_id as unique_i5_0_ from id_entity identity0_ where identity0_.taken is null limit ?
Hibernate: update id_entity set creation_date=?, created=?, taken=?, unique_id=? where id=?
Hibernate: select identity0_.id as id1_0_, identity0_.creation_date as creation2_0_, identity0_.created as created3_0_, identity0_.taken as taken4_0_, identity0_.unique_id as unique_i5_0_ from id_entity identity0_ where identity0_.taken is null limit ?
Hibernate: update id_entity set creation_date=?, created=?, taken=?, unique_id=? where id=?
Hibernate: select identity0_.id as id1_0_, identity0_.creation_date as creation2_0_, identity0_.created as created3_0_, identity0_.taken as taken4_0_, identity0_.unique_id as unique_i5_0_ from id_entity identity0_ where identity0_.taken is null limit ?
Hibernate: update id_entity set creation_date=?, created=?, taken=?, unique_id=? where id=?
Hibernate: select identity0_.id as id1_0_, identity0_.creation_date as creation2_0_, identity0_.created as created3_0_, identity0_.taken as taken4_0_, identity0_.unique_id as unique_i5_0_ from id_entity identity0_ where identity0_.taken is null limit ?
Hibernate: update id_entity set creation_date=?, created=?, taken=?, unique_id=? where id=?
Hibernate: select identity0_.id as id1_0_, identity0_.creation_date as creation2_0_, identity0_.created as created3_0_, identity0_.taken as taken4_0_, identity0_.unique_id as unique_i5_0_ from id_entity identity0_ where identity0_.taken is null limit ?
Hibernate: update id_entity set creation_date=?, created=?, taken=?, unique_id=? where id=?
Hibernate: select identity0_.id as id1_0_, identity0_.creation_date as creation2_0_, identity0_.created as created3_0_, identity0_.taken as taken4_0_, identity0_.unique_id as unique_i5_0_ from id_entity identity0_ where identity0_.taken is null limit ?
Hibernate: update id_entity set creation_date=?, created=?, taken=?, unique_id=? where id=?
Hibernate: select identity0_.id as id1_0_, identity0_.creation_date as creation2_0_, identity0_.created as created3_0_, identity0_.taken as taken4_0_, identity0_.unique_id as unique_i5_0_ from id_entity identity0_ where identity0_.taken is null limit ?
Hibernate: update id_entity set creation_date=?, created=?, taken=?, unique_id=? where id=?
Hibernate: select identity0_.id as id1_0_, identity0_.creation_date as creation2_0_, identity0_.created as created3_0_, identity0_.taken as taken4_0_, identity0_.unique_id as unique_i5_0_ from id_entity identity0_ where identity0_.taken is null limit ?
Hibernate: update id_entity set creation_date=?, created=?, taken=?, unique_id=? where id=?
Hibernate: select identity0_.id as id1_0_, identity0_.creation_date as creation2_0_, identity0_.created as created3_0_, identity0_.taken as taken4_0_, identity0_.unique_id as unique_i5_0_ from id_entity identity0_ where identity0_.taken is null limit ?
Hibernate: update id_entity set creation_date=?, created=?, taken=?, unique_id=? where id=?
Hibernate: select identity0_.id as id1_0_, identity0_.creation_date as creation2_0_, identity0_.created as created3_0_, identity0_.taken as taken4_0_, identity0_.unique_id as unique_i5_0_ from id_entity identity0_ where identity0_.taken is null limit ?
Hibernate: update id_entity set creation_date=?, created=?, taken=?, unique_id=? where id=?
Hibernate: select identity0_.id as id1_0_, identity0_.creation_date as creation2_0_, identity0_.created as created3_0_, identity0_.taken as taken4_0_, identity0_.unique_id as unique_i5_0_ from id_entity identity0_ where identity0_.taken is null limit ?
Hibernate: update id_entity set creation_date=?, created=?, taken=?, unique_id=? where id=?
Hibernate: select identity0_.id as id1_0_, identity0_.creation_date as creation2_0_, identity0_.created as created3_0_, identity0_.taken as taken4_0_, identity0_.unique_id as unique_i5_0_ from id_entity identity0_ where identity0_.taken is null limit ?
Hibernate: update id_entity set creation_date=?, created=?, taken=?, unique_id=? where id=?
Hibernate: select identity0_.id as id1_0_, identity0_.creation_date as creation2_0_, identity0_.created as created3_0_, identity0_.taken as taken4_0_, identity0_.unique_id as unique_i5_0_ from id_entity identity0_ where identity0_.taken is null limit ?
Hibernate: update id_entity set creation_date=?, created=?, taken=?, unique_id=? where id=?
Hibernate: select identity0_.id as id1_0_, identity0_.creation_date as creation2_0_, identity0_.created as created3_0_, identity0_.taken as taken4_0_, identity0_.unique_id as unique_i5_0_ from id_entity identity0_ where identity0_.taken is null limit ?
Hibernate: update id_entity set creation_date=?, created=?, taken=?, unique_id=? where id=?
Hibernate: select identity0_.id as id1_0_, identity0_.creation_date as creation2_0_, identity0_.created as created3_0_, identity0_.taken as taken4_0_, identity0_.unique_id as unique_i5_0_ from id_entity identity0_ where identity0_.taken is null limit ?
Hibernate: update id_entity set creation_date=?, created=?, taken=?, unique_id=? where id=?
Hibernate: select identity0_.id as id1_0_, identity0_.creation_date as creation2_0_, identity0_.created as created3_0_, identity0_.taken as taken4_0_, identity0_.unique_id as unique_i5_0_ from id_entity identity0_ where identity0_.taken is null limit ?
Hibernate: update id_entity set creation_date=?, created=?, taken=?, unique_id=? where id=?
Hibernate: select identity0_.id as id1_0_, identity0_.creation_date as creation2_0_, identity0_.created as created3_0_, identity0_.taken as taken4_0_, identity0_.unique_id as unique_i5_0_ from id_entity identity0_ where identity0_.taken is null limit ?
Hibernate: update id_entity set creation_date=?, created=?, taken=?, unique_id=? where id=?
Hibernate: select identity0_.id as id1_0_, identity0_.creation_date as creation2_0_, identity0_.created as created3_0_, identity0_.taken as taken4_0_, identity0_.unique_id as unique_i5_0_ from id_entity identity0_ where identity0_.taken is null limit ?
Hibernate: update id_entity set creation_date=?, created=?, taken=?, unique_id=? where id=?
Hibernate: select identity0_.id as id1_0_, identity0_.creation_date as creation2_0_, identity0_.created as created3_0_, identity0_.taken as taken4_0_, identity0_.unique_id as unique_i5_0_ from id_entity identity0_ where identity0_.taken is null limit ?
Hibernate: update id_entity set creation_date=?, created=?, taken=?, unique_id=? where id=?
Hibernate: select identity0_.id as id1_0_, identity0_.creation_date as creation2_0_, identity0_.created as created3_0_, identity0_.taken as taken4_0_, identity0_.unique_id as unique_i5_0_ from id_entity identity0_ where identity0_.taken is null limit ?
Hibernate: update id_entity set creation_date=?, created=?, taken=?, unique_id=? where id=?
Hibernate: select identity0_.id as id1_0_, identity0_.creation_date as creation2_0_, identity0_.created as created3_0_, identity0_.taken as taken4_0_, identity0_.unique_id as unique_i5_0_ from id_entity identity0_ where identity0_.taken is null limit ?
Hibernate: update id_entity set creation_date=?, created=?, taken=?, unique_id=? where id=?
Hibernate: select identity0_.id as id1_0_, identity0_.creation_date as creation2_0_, identity0_.created as created3_0_, identity0_.taken as taken4_0_, identity0_.unique_id as unique_i5_0_ from id_entity identity0_ where identity0_.taken is null limit ?
Hibernate: update id_entity set creation_date=?, created=?, taken=?, unique_id=? where id=?
Hibernate: select identity0_.id as id1_0_, identity0_.creation_date as creation2_0_, identity0_.created as created3_0_, identity0_.taken as taken4_0_, identity0_.unique_id as unique_i5_0_ from id_entity identity0_ where identity0_.taken is null limit ?
Hibernate: update id_entity set creation_date=?, created=?, taken=?, unique_id=? where id=?
Hibernate: select identity0_.id as id1_0_, identity0_.creation_date as creation2_0_, identity0_.created as created3_0_, identity0_.taken as taken4_0_, identity0_.unique_id as unique_i5_0_ from id_entity identity0_ where identity0_.taken is null limit ?
Hibernate: update id_entity set creation_date=?, created=?, taken=?, unique_id=? where id=?
Hibernate: select identity0_.id as id1_0_, identity0_.creation_date as creation2_0_, identity0_.created as created3_0_, identity0_.taken as taken4_0_, identity0_.unique_id as unique_i5_0_ from id_entity identity0_ where identity0_.taken is null limit ?
Hibernate: update id_entity set creation_date=?, created=?, taken=?, unique_id=? where id=?
Hibernate: select identity0_.id as id1_0_, identity0_.creation_date as creation2_0_, identity0_.created as created3_0_, identity0_.taken as taken4_0_, identity0_.unique_id as unique_i5_0_ from id_entity identity0_ where identity0_.taken is null limit ?
Hibernate: update id_entity set creation_date=?, created=?, taken=?, unique_id=? where id=?
Hibernate: select identity0_.id as id1_0_, identity0_.creation_date as creation2_0_, identity0_.created as created3_0_, identity0_.taken as taken4_0_, identity0_.unique_id as unique_i5_0_ from id_entity identity0_ where identity0_.taken is null limit ?
Hibernate: update id_entity set creation_date=?, created=?, taken=?, unique_id=? where id=?
Hibernate: select identity0_.id as id1_0_, identity0_.creation_date as creation2_0_, identity0_.created as created3_0_, identity0_.taken as taken4_0_, identity0_.unique_id as unique_i5_0_ from id_entity identity0_ where identity0_.taken is null limit ?
Hibernate: update id_entity set creation_date=?, created=?, taken=?, unique_id=? where id=?
Hibernate: select identity0_.id as id1_0_, identity0_.creation_date as creation2_0_, identity0_.created as created3_0_, identity0_.taken as taken4_0_, identity0_.unique_id as unique_i5_0_ from id_entity identity0_ where identity0_.taken is null limit ?
Hibernate: update id_entity set creation_date=?, created=?, taken=?, unique_id=? where id=?
Hibernate: select identity0_.id as id1_0_, identity0_.creation_date as creation2_0_, identity0_.created as created3_0_, identity0_.taken as taken4_0_, identity0_.unique_id as unique_i5_0_ from id_entity identity0_ where identity0_.taken is null limit ?
Hibernate: update id_entity set creation_date=?, created=?, taken=?, unique_id=? where id=?
Hibernate: select identity0_.id as id1_0_, identity0_.creation_date as creation2_0_, identity0_.created as created3_0_, identity0_.taken as taken4_0_, identity0_.unique_id as unique_i5_0_ from id_entity identity0_ where identity0_.taken is null limit ?
Hibernate: update id_entity set creation_date=?, created=?, taken=?, unique_id=? where id=?
Hibernate: select identity0_.id as id1_0_, identity0_.creation_date as creation2_0_, identity0_.created as created3_0_, identity0_.taken as taken4_0_, identity0_.unique_id as unique_i5_0_ from id_entity identity0_ where identity0_.taken is null limit ?
Hibernate: update id_entity set creation_date=?, created=?, taken=?, unique_id=? where id=?
Hibernate: select identity0_.id as id1_0_, identity0_.creation_date as creation2_0_, identity0_.created as created3_0_, identity0_.taken as taken4_0_, identity0_.unique_id as unique_i5_0_ from id_entity identity0_ where identity0_.taken is null limit ?
Hibernate: update id_entity set creation_date=?, created=?, taken=?, unique_id=? where id=?
Hibernate: select identity0_.id as id1_0_, identity0_.creation_date as creation2_0_, identity0_.created as created3_0_, identity0_.taken as taken4_0_, identity0_.unique_id as unique_i5_0_ from id_entity identity0_ where identity0_.taken is null limit ?
Hibernate: update id_entity set creation_date=?, created=?, taken=?, unique_id=? where id=?
Hibernate: select identity0_.id as id1_0_, identity0_.creation_date as creation2_0_, identity0_.created as created3_0_, identity0_.taken as taken4_0_, identity0_.unique_id as unique_i5_0_ from id_entity identity0_ where identity0_.taken is null limit ?
Hibernate: update id_entity set creation_date=?, created=?, taken=?, unique_id=? where id=?
Hibernate: select identity0_.id as id1_0_, identity0_.creation_date as creation2_0_, identity0_.created as created3_0_, identity0_.taken as taken4_0_, identity0_.unique_id as unique_i5_0_ from id_entity identity0_ where identity0_.taken is null limit ?
Hibernate: update id_entity set creation_date=?, created=?, taken=?, unique_id=? where id=?
Hibernate: select identity0_.id as id1_0_, identity0_.creation_date as creation2_0_, identity0_.created as created3_0_, identity0_.taken as taken4_0_, identity0_.unique_id as unique_i5_0_ from id_entity identity0_ where identity0_.taken is null limit ?
Hibernate: update id_entity set creation_date=?, created=?, taken=?, unique_id=? where id=?
Hibernate: select identity0_.id as id1_0_, identity0_.creation_date as creation2_0_, identity0_.created as created3_0_, identity0_.taken as taken4_0_, identity0_.unique_id as unique_i5_0_ from id_entity identity0_ where identity0_.taken is null limit ?
Hibernate: update id_entity set creation_date=?, created=?, taken=?, unique_id=? where id=?
Hibernate: select identity0_.id as id1_0_, identity0_.creation_date as creation2_0_, identity0_.created as created3_0_, identity0_.taken as taken4_0_, identity0_.unique_id as unique_i5_0_ from id_entity identity0_ where identity0_.taken is null limit ?
Hibernate: update id_entity set creation_date=?, created=?, taken=?, unique_id=? where id=?
Hibernate: select identity0_.id as id1_0_, identity0_.creation_date as creation2_0_, identity0_.created as created3_0_, identity0_.taken as taken4_0_, identity0_.unique_id as unique_i5_0_ from id_entity identity0_ where identity0_.taken is null limit ?
Hibernate: update id_entity set creation_date=?, created=?, taken=?, unique_id=? where id=?
Hibernate: select identity0_.id as id1_0_, identity0_.creation_date as creation2_0_, identity0_.created as created3_0_, identity0_.taken as taken4_0_, identity0_.unique_id as unique_i5_0_ from id_entity identity0_ where identity0_.taken is null limit ?
Hibernate: update id_entity set creation_date=?, created=?, taken=?, unique_id=? where id=?
Hibernate: select identity0_.id as id1_0_, identity0_.creation_date as creation2_0_, identity0_.created as created3_0_, identity0_.taken as taken4_0_, identity0_.unique_id as unique_i5_0_ from id_entity identity0_ where identity0_.taken is null limit ?
Hibernate: update id_entity set creation_date=?, created=?, taken=?, unique_id=? where id=?
Hibernate: select identity0_.id as id1_0_, identity0_.creation_date as creation2_0_, identity0_.created as created3_0_, identity0_.taken as taken4_0_, identity0_.unique_id as unique_i5_0_ from id_entity identity0_ where identity0_.taken is null limit ?
Hibernate: update id_entity set creation_date=?, created=?, taken=?, unique_id=? where id=?
Hibernate: select identity0_.id as id1_0_, identity0_.creation_date as creation2_0_, identity0_.created as created3_0_, identity0_.taken as taken4_0_, identity0_.unique_id as unique_i5_0_ from id_entity identity0_ where identity0_.taken is null limit ?
Hibernate: update id_entity set creation_date=?, created=?, taken=?, unique_id=? where id=?
Hibernate: select identity0_.id as id1_0_, identity0_.creation_date as creation2_0_, identity0_.created as created3_0_, identity0_.taken as taken4_0_, identity0_.unique_id as unique_i5_0_ from id_entity identity0_ where identity0_.taken is null limit ?
Hibernate: update id_entity set creation_date=?, created=?, taken=?, unique_id=? where id=?
Hibernate: select identity0_.id as id1_0_, identity0_.creation_date as creation2_0_, identity0_.created as created3_0_, identity0_.taken as taken4_0_, identity0_.unique_id as unique_i5_0_ from id_entity identity0_ where identity0_.taken is null limit ?
Hibernate: update id_entity set creation_date=?, created=?, taken=?, unique_id=? where id=?
Hibernate: select identity0_.id as id1_0_, identity0_.creation_date as creation2_0_, identity0_.created as created3_0_, identity0_.taken as taken4_0_, identity0_.unique_id as unique_i5_0_ from id_entity identity0_ where identity0_.taken is null limit ?
Hibernate: update id_entity set creation_date=?, created=?, taken=?, unique_id=? where id=?
Hibernate: select identity0_.id as id1_0_, identity0_.creation_date as creation2_0_, identity0_.created as created3_0_, identity0_.taken as taken4_0_, identity0_.unique_id as unique_i5_0_ from id_entity identity0_ where identity0_.taken is null limit ?
Hibernate: update id_entity set creation_date=?, created=?, taken=?, unique_id=? where id=?
Hibernate: select identity0_.id as id1_0_, identity0_.creation_date as creation2_0_, identity0_.created as created3_0_, identity0_.taken as taken4_0_, identity0_.unique_id as unique_i5_0_ from id_entity identity0_ where identity0_.taken is null limit ?
Hibernate: update id_entity set creation_date=?, created=?, taken=?, unique_id=? where id=?
Hibernate: select identity0_.id as id1_0_, identity0_.creation_date as creation2_0_, identity0_.created as created3_0_, identity0_.taken as taken4_0_, identity0_.unique_id as unique_i5_0_ from id_entity identity0_ where identity0_.taken is null limit ?
Hibernate: update id_entity set creation_date=?, created=?, taken=?, unique_id=? where id=?
Hibernate: select identity0_.id as id1_0_, identity0_.creation_date as creation2_0_, identity0_.created as created3_0_, identity0_.taken as taken4_0_, identity0_.unique_id as unique_i5_0_ from id_entity identity0_ where identity0_.taken is null limit ?
Hibernate: update id_entity set creation_date=?, created=?, taken=?, unique_id=? where id=?
Hibernate: select identity0_.id as id1_0_, identity0_.creation_date as creation2_0_, identity0_.created as created3_0_, identity0_.taken as taken4_0_, identity0_.unique_id as unique_i5_0_ from id_entity identity0_ where identity0_.taken is null limit ?
Hibernate: update id_entity set creation_date=?, created=?, taken=?, unique_id=? where id=?
Hibernate: select identity0_.id as id1_0_, identity0_.creation_date as creation2_0_, identity0_.created as created3_0_, identity0_.taken as taken4_0_, identity0_.unique_id as unique_i5_0_ from id_entity identity0_ where identity0_.taken is null limit ?
Hibernate: update id_entity set creation_date=?, created=?, taken=?, unique_id=? where id=?
Hibernate: select identity0_.id as id1_0_, identity0_.creation_date as creation2_0_, identity0_.created as created3_0_, identity0_.taken as taken4_0_, identity0_.unique_id as unique_i5_0_ from id_entity identity0_ where identity0_.taken is null limit ?
Hibernate: update id_entity set creation_date=?, created=?, taken=?, unique_id=? where id=?
Hibernate: select identity0_.id as id1_0_, identity0_.creation_date as creation2_0_, identity0_.created as created3_0_, identity0_.taken as taken4_0_, identity0_.unique_id as unique_i5_0_ from id_entity identity0_ where identity0_.taken is null limit ?
Hibernate: update id_entity set creation_date=?, created=?, taken=?, unique_id=? where id=?
Hibernate: select identity0_.id as id1_0_, identity0_.creation_date as creation2_0_, identity0_.created as created3_0_, identity0_.taken as taken4_0_, identity0_.unique_id as unique_i5_0_ from id_entity identity0_ where identity0_.taken is null limit ?
Hibernate: update id_entity set creation_date=?, created=?, taken=?, unique_id=? where id=?
Hibernate: select identity0_.id as id1_0_, identity0_.creation_date as creation2_0_, identity0_.created as created3_0_, identity0_.taken as taken4_0_, identity0_.unique_id as unique_i5_0_ from id_entity identity0_ where identity0_.taken is null limit ?
Hibernate: update id_entity set creation_date=?, created=?, taken=?, unique_id=? where id=?
Hibernate: select identity0_.id as id1_0_, identity0_.creation_date as creation2_0_, identity0_.created as created3_0_, identity0_.taken as taken4_0_, identity0_.unique_id as unique_i5_0_ from id_entity identity0_ where identity0_.taken is null limit ?
Hibernate: update id_entity set creation_date=?, created=?, taken=?, unique_id=? where id=?
Hibernate: select identity0_.id as id1_0_, identity0_.creation_date as creation2_0_, identity0_.created as created3_0_, identity0_.taken as taken4_0_, identity0_.unique_id as unique_i5_0_ from id_entity identity0_ where identity0_.taken is null limit ?
Hibernate: update id_entity set creation_date=?, created=?, taken=?, unique_id=? where id=?
Hibernate: select identity0_.id as id1_0_, identity0_.creation_date as creation2_0_, identity0_.created as created3_0_, identity0_.taken as taken4_0_, identity0_.unique_id as unique_i5_0_ from id_entity identity0_ where identity0_.taken is null limit ?
Hibernate: update id_entity set creation_date=?, created=?, taken=?, unique_id=? where id=?
Hibernate: select identity0_.id as id1_0_, identity0_.creation_date as creation2_0_, identity0_.created as created3_0_, identity0_.taken as taken4_0_, identity0_.unique_id as unique_i5_0_ from id_entity identity0_ where identity0_.taken is null limit ?
Hibernate: update id_entity set creation_date=?, created=?, taken=?, unique_id=? where id=?
Hibernate: select identity0_.id as id1_0_, identity0_.creation_date as creation2_0_, identity0_.created as created3_0_, identity0_.taken as taken4_0_, identity0_.unique_id as unique_i5_0_ from id_entity identity0_ where identity0_.taken is null limit ?
Hibernate: update id_entity set creation_date=?, created=?, taken=?, unique_id=? where id=?
Hibernate: select identity0_.id as id1_0_, identity0_.creation_date as creation2_0_, identity0_.created as created3_0_, identity0_.taken as taken4_0_, identity0_.unique_id as unique_i5_0_ from id_entity identity0_ where identity0_.taken is null limit ?
Hibernate: update id_entity set creation_date=?, created=?, taken=?, unique_id=? where id=?
Hibernate: select identity0_.id as id1_0_, identity0_.creation_date as creation2_0_, identity0_.created as created3_0_, identity0_.taken as taken4_0_, identity0_.unique_id as unique_i5_0_ from id_entity identity0_ where identity0_.taken is null limit ?
Hibernate: update id_entity set creation_date=?, created=?, taken=?, unique_id=? where id=?
Hibernate: select identity0_.id as id1_0_, identity0_.creation_date as creation2_0_, identity0_.created as created3_0_, identity0_.taken as taken4_0_, identity0_.unique_id as unique_i5_0_ from id_entity identity0_ where identity0_.taken is null limit ?
Hibernate: update id_entity set creation_date=?, created=?, taken=?, unique_id=? where id=?
Hibernate: select identity0_.id as id1_0_, identity0_.creation_date as creation2_0_, identity0_.created as created3_0_, identity0_.taken as taken4_0_, identity0_.unique_id as unique_i5_0_ from id_entity identity0_ where identity0_.taken is null limit ?
Hibernate: update id_entity set creation_date=?, created=?, taken=?, unique_id=? where id=?
Hibernate: select identity0_.id as id1_0_, identity0_.creation_date as creation2_0_, identity0_.created as created3_0_, identity0_.taken as taken4_0_, identity0_.unique_id as unique_i5_0_ from id_entity identity0_ where identity0_.taken is null limit ?
Hibernate: update id_entity set creation_date=?, created=?, taken=?, unique_id=? where id=?
Hibernate: select identity0_.id as id1_0_, identity0_.creation_date as creation2_0_, identity0_.created as created3_0_, identity0_.taken as taken4_0_, identity0_.unique_id as unique_i5_0_ from id_entity identity0_ where identity0_.taken is null limit ?
Hibernate: update id_entity set creation_date=?, created=?, taken=?, unique_id=? where id=?
Hibernate: select identity0_.id as id1_0_, identity0_.creation_date as creation2_0_, identity0_.created as created3_0_, identity0_.taken as taken4_0_, identity0_.unique_id as unique_i5_0_ from id_entity identity0_ where identity0_.taken is null limit ?
Hibernate: update id_entity set creation_date=?, created=?, taken=?, unique_id=? where id=?
Hibernate: select identity0_.id as id1_0_, identity0_.creation_date as creation2_0_, identity0_.created as created3_0_, identity0_.taken as taken4_0_, identity0_.unique_id as unique_i5_0_ from id_entity identity0_ where identity0_.taken is null limit ?
Hibernate: update id_entity set creation_date=?, created=?, taken=?, unique_id=? where id=?
Hibernate: select identity0_.id as id1_0_, identity0_.creation_date as creation2_0_, identity0_.created as created3_0_, identity0_.taken as taken4_0_, identity0_.unique_id as unique_i5_0_ from id_entity identity0_ where identity0_.taken is null limit ?
Hibernate: update id_entity set creation_date=?, created=?, taken=?, unique_id=? where id=?
Hibernate: select identity0_.id as id1_0_, identity0_.creation_date as creation2_0_, identity0_.created as created3_0_, identity0_.taken as taken4_0_, identity0_.unique_id as unique_i5_0_ from id_entity identity0_ where identity0_.taken is null limit ?
Hibernate: update id_entity set creation_date=?, created=?, taken=?, unique_id=? where id=?
Hibernate: select identity0_.id as id1_0_, identity0_.creation_date as creation2_0_, identity0_.created as created3_0_, identity0_.taken as taken4_0_, identity0_.unique_id as unique_i5_0_ from id_entity identity0_ where identity0_.taken is null limit ?
Hibernate: update id_entity set creation_date=?, created=?, taken=?, unique_id=? where id=?
Hibernate: select identity0_.id as id1_0_, identity0_.creation_date as creation2_0_, identity0_.created as created3_0_, identity0_.taken as taken4_0_, identity0_.unique_id as unique_i5_0_ from id_entity identity0_ where identity0_.taken is null limit ?
Hibernate: update id_entity set creation_date=?, created=?, taken=?, unique_id=? where id=?
Hibernate: select identity0_.id as id1_0_, identity0_.creation_date as creation2_0_, identity0_.created as created3_0_, identity0_.taken as taken4_0_, identity0_.unique_id as unique_i5_0_ from id_entity identity0_ where identity0_.taken is null limit ?
Hibernate: update id_entity set creation_date=?, created=?, taken=?, unique_id=? where id=?
Hibernate: select identity0_.id as id1_0_, identity0_.creation_date as creation2_0_, identity0_.created as created3_0_, identity0_.taken as taken4_0_, identity0_.unique_id as unique_i5_0_ from id_entity identity0_ where identity0_.taken is null limit ?
Hibernate: update id_entity set creation_date=?, created=?, taken=?, unique_id=? where id=?
Hibernate: select identity0_.id as id1_0_, identity0_.creation_date as creation2_0_, identity0_.created as created3_0_, identity0_.taken as taken4_0_, identity0_.unique_id as unique_i5_0_ from id_entity identity0_ where identity0_.taken is null limit ?
Hibernate: update id_entity set creation_date=?, created=?, taken=?, unique_id=? where id=?
Hibernate: select identity0_.id as id1_0_, identity0_.creation_date as creation2_0_, identity0_.created as created3_0_, identity0_.taken as taken4_0_, identity0_.unique_id as unique_i5_0_ from id_entity identity0_ where identity0_.taken is null limit ?
Hibernate: update id_entity set creation_date=?, created=?, taken=?, unique_id=? where id=?
Hibernate: select identity0_.id as id1_0_, identity0_.creation_date as creation2_0_, identity0_.created as created3_0_, identity0_.taken as taken4_0_, identity0_.unique_id as unique_i5_0_ from id_entity identity0_ where identity0_.taken is null limit ?
Hibernate: update id_entity set creation_date=?, created=?, taken=?, unique_id=? where id=?
Hibernate: select identity0_.id as id1_0_, identity0_.creation_date as creation2_0_, identity0_.created as created3_0_, identity0_.taken as taken4_0_, identity0_.unique_id as unique_i5_0_ from id_entity identity0_ where identity0_.taken is null limit ?
Hibernate: update id_entity set creation_date=?, created=?, taken=?, unique_id=? where id=?
Hibernate: select identity0_.id as id1_0_, identity0_.creation_date as creation2_0_, identity0_.created as created3_0_, identity0_.taken as taken4_0_, identity0_.unique_id as unique_i5_0_ from id_entity identity0_ where identity0_.taken is null limit ?
Hibernate: update id_entity set creation_date=?, created=?, taken=?, unique_id=? where id=?
Hibernate: select identity0_.id as id1_0_, identity0_.creation_date as creation2_0_, identity0_.created as created3_0_, identity0_.taken as taken4_0_, identity0_.unique_id as unique_i5_0_ from id_entity identity0_ where identity0_.taken is null limit ?
Hibernate: update id_entity set creation_date=?, created=?, taken=?, unique_id=? where id=?
Hibernate: select identity0_.id as id1_0_, identity0_.creation_date as creation2_0_, identity0_.created as created3_0_, identity0_.taken as taken4_0_, identity0_.unique_id as unique_i5_0_ from id_entity identity0_ where identity0_.taken is null limit ?
Hibernate: update id_entity set creation_date=?, created=?, taken=?, unique_id=? where id=?
Hibernate: select identity0_.id as id1_0_, identity0_.creation_date as creation2_0_, identity0_.created as created3_0_, identity0_.taken as taken4_0_, identity0_.unique_id as unique_i5_0_ from id_entity identity0_ where identity0_.taken is null limit ?
Hibernate: update id_entity set creation_date=?, created=?, taken=?, unique_id=? where id=?
Hibernate: select identity0_.id as id1_0_, identity0_.creation_date as creation2_0_, identity0_.created as created3_0_, identity0_.taken as taken4_0_, identity0_.unique_id as unique_i5_0_ from id_entity identity0_ where identity0_.taken is null limit ?
Hibernate: update id_entity set creation_date=?, created=?, taken=?, unique_id=? where id=?
Hibernate: select identity0_.id as id1_0_, identity0_.creation_date as creation2_0_, identity0_.created as created3_0_, identity0_.taken as taken4_0_, identity0_.unique_id as unique_i5_0_ from id_entity identity0_ where identity0_.taken is null limit ?
Hibernate: update id_entity set creation_date=?, created=?, taken=?, unique_id=? where id=?
Hibernate: select identity0_.id as id1_0_, identity0_.creation_date as creation2_0_, identity0_.created as created3_0_, identity0_.taken as taken4_0_, identity0_.unique_id as unique_i5_0_ from id_entity identity0_ where identity0_.taken is null limit ?
Hibernate: update id_entity set creation_date=?, created=?, taken=?, unique_id=? where id=?
Hibernate: select identity0_.id as id1_0_, identity0_.creation_date as creation2_0_, identity0_.created as created3_0_, identity0_.taken as taken4_0_, identity0_.unique_id as unique_i5_0_ from id_entity identity0_ where identity0_.taken is null limit ?
Hibernate: update id_entity set creation_date=?, created=?, taken=?, unique_id=? where id=?
Hibernate: select identity0_.id as id1_0_, identity0_.creation_date as creation2_0_, identity0_.created as created3_0_, identity0_.taken as taken4_0_, identity0_.unique_id as unique_i5_0_ from id_entity identity0_ where identity0_.taken is null limit ?
Hibernate: update id_entity set creation_date=?, created=?, taken=?, unique_id=? where id=?
Hibernate: select identity0_.id as id1_0_, identity0_.creation_date as creation2_0_, identity0_.created as created3_0_, identity0_.taken as taken4_0_, identity0_.unique_id as unique_i5_0_ from id_entity identity0_ where identity0_.taken is null limit ?
Hibernate: select count(*) as col_0_0_ from id_entity identity0_
Hibernate: call next value for hibernate_sequence
Hibernate: call next value for hibernate_sequence
Hibernate: call next value for hibernate_sequence
Hibernate: call next value for hibernate_sequence
Hibernate: call next value for hibernate_sequence
Hibernate: call next value for hibernate_sequence
Hibernate: call next value for hibernate_sequence
Hibernate: call next value for hibernate_sequence
Hibernate: call next value for hibernate_sequence
Hibernate: call next value for hibernate_sequence
Hibernate: call next value for hibernate_sequence
Hibernate: call next value for hibernate_sequence
Hibernate: call next value for hibernate_sequence
Hibernate: call next value for hibernate_sequence
Hibernate: call next value for hibernate_sequence
Hibernate: call next value for hibernate_sequence
Hibernate: call next value for hibernate_sequence
Hibernate: call next value for hibernate_sequence
Hibernate: call next value for hibernate_sequence
Hibernate: call next value for hibernate_sequence
Hibernate: call next value for hibernate_sequence
Hibernate: call next value for hibernate_sequence
Hibernate: call next value for hibernate_sequence
Hibernate: call next value for hibernate_sequence
Hibernate: call next value for hibernate_sequence
Hibernate: call next value for hibernate_sequence
Hibernate: call next value for hibernate_sequence
Hibernate: call next value for hibernate_sequence
Hibernate: call next value for hibernate_sequence
Hibernate: call next value for hibernate_sequence
Hibernate: call next value for hibernate_sequence
Hibernate: call next value for hibernate_sequence
Hibernate: call next value for hibernate_sequence
Hibernate: call next value for hibernate_sequence
Hibernate: call next value for hibernate_sequence
Hibernate: call next value for hibernate_sequence
Hibernate: call next value for hibernate_sequence
Hibernate: call next value for hibernate_sequence
Hibernate: call next value for hibernate_sequence
Hibernate: call next value for hibernate_sequence
Hibernate: call next value for hibernate_sequence
Hibernate: call next value for hibernate_sequence
Hibernate: call next value for hibernate_sequence
Hibernate: call next value for hibernate_sequence
Hibernate: call next value for hibernate_sequence
Hibernate: call next value for hibernate_sequence
Hibernate: call next value for hibernate_sequence
Hibernate: call next value for hibernate_sequence
Hibernate: call next value for hibernate_sequence
Hibernate: call next value for hibernate_sequence
Hibernate: call next value for hibernate_sequence
Hibernate: call next value for hibernate_sequence
Hibernate: call next value for hibernate_sequence
Hibernate: call next value for hibernate_sequence
Hibernate: call next value for hibernate_sequence
Hibernate: call next value for hibernate_sequence
Hibernate: call next value for hibernate_sequence
Hibernate: call next value for hibernate_sequence
Hibernate: call next value for hibernate_sequence
Hibernate: call next value for hibernate_sequence
Hibernate: call next value for hibernate_sequence
Hibernate: call next value for hibernate_sequence
Hibernate: call next value for hibernate_sequence
Hibernate: call next value for hibernate_sequence
Hibernate: call next value for hibernate_sequence
Hibernate: call next value for hibernate_sequence
Hibernate: call next value for hibernate_sequence
Hibernate: call next value for hibernate_sequence
Hibernate: call next value for hibernate_sequence
Hibernate: call next value for hibernate_sequence
Hibernate: call next value for hibernate_sequence
Hibernate: call next value for hibernate_sequence
Hibernate: call next value for hibernate_sequence
Hibernate: call next value for hibernate_sequence
Hibernate: call next value for hibernate_sequence
Hibernate: call next value for hibernate_sequence
Hibernate: call next value for hibernate_sequence
Hibernate: call next value for hibernate_sequence
Hibernate: call next value for hibernate_sequence
Hibernate: call next value for hibernate_sequence
Hibernate: call next value for hibernate_sequence
Hibernate: call next value for hibernate_sequence
Hibernate: call next value for hibernate_sequence
Hibernate: call next value for hibernate_sequence
Hibernate: call next value for hibernate_sequence
Hibernate: call next value for hibernate_sequence
Hibernate: call next value for hibernate_sequence
Hibernate: call next value for hibernate_sequence
Hibernate: call next value for hibernate_sequence
Hibernate: call next value for hibernate_sequence
Hibernate: call next value for hibernate_sequence
Hibernate: call next value for hibernate_sequence
Hibernate: call next value for hibernate_sequence
Hibernate: call next value for hibernate_sequence
Hibernate: call next value for hibernate_sequence
Hibernate: call next value for hibernate_sequence
Hibernate: call next value for hibernate_sequence
Hibernate: call next value for hibernate_sequence
Hibernate: call next value for hibernate_sequence
Hibernate: call next value for hibernate_sequence
Hibernate: insert into id_entity (creation_date, created, taken, unique_id, id) values (?, ?, ?, ?, ?)
Hibernate: insert into id_entity (creation_date, created, taken, unique_id, id) values (?, ?, ?, ?, ?)
Hibernate: insert into id_entity (creation_date, created, taken, unique_id, id) values (?, ?, ?, ?, ?)
Hibernate: insert into id_entity (creation_date, created, taken, unique_id, id) values (?, ?, ?, ?, ?)
Hibernate: insert into id_entity (creation_date, created, taken, unique_id, id) values (?, ?, ?, ?, ?)
Hibernate: insert into id_entity (creation_date, created, taken, unique_id, id) values (?, ?, ?, ?, ?)
Hibernate: insert into id_entity (creation_date, created, taken, unique_id, id) values (?, ?, ?, ?, ?)
Hibernate: insert into id_entity (creation_date, created, taken, unique_id, id) values (?, ?, ?, ?, ?)
Hibernate: insert into id_entity (creation_date, created, taken, unique_id, id) values (?, ?, ?, ?, ?)
Hibernate: insert into id_entity (creation_date, created, taken, unique_id, id) values (?, ?, ?, ?, ?)
Hibernate: insert into id_entity (creation_date, created, taken, unique_id, id) values (?, ?, ?, ?, ?)
Hibernate: insert into id_entity (creation_date, created, taken, unique_id, id) values (?, ?, ?, ?, ?)
Hibernate: insert into id_entity (creation_date, created, taken, unique_id, id) values (?, ?, ?, ?, ?)
Hibernate: insert into id_entity (creation_date, created, taken, unique_id, id) values (?, ?, ?, ?, ?)
Hibernate: insert into id_entity (creation_date, created, taken, unique_id, id) values (?, ?, ?, ?, ?)
Hibernate: insert into id_entity (creation_date, created, taken, unique_id, id) values (?, ?, ?, ?, ?)
Hibernate: insert into id_entity (creation_date, created, taken, unique_id, id) values (?, ?, ?, ?, ?)
Hibernate: insert into id_entity (creation_date, created, taken, unique_id, id) values (?, ?, ?, ?, ?)
Hibernate: insert into id_entity (creation_date, created, taken, unique_id, id) values (?, ?, ?, ?, ?)
Hibernate: insert into id_entity (creation_date, created, taken, unique_id, id) values (?, ?, ?, ?, ?)
Hibernate: insert into id_entity (creation_date, created, taken, unique_id, id) values (?, ?, ?, ?, ?)
Hibernate: insert into id_entity (creation_date, created, taken, unique_id, id) values (?, ?, ?, ?, ?)
Hibernate: insert into id_entity (creation_date, created, taken, unique_id, id) values (?, ?, ?, ?, ?)
Hibernate: insert into id_entity (creation_date, created, taken, unique_id, id) values (?, ?, ?, ?, ?)
Hibernate: insert into id_entity (creation_date, created, taken, unique_id, id) values (?, ?, ?, ?, ?)
Hibernate: insert into id_entity (creation_date, created, taken, unique_id, id) values (?, ?, ?, ?, ?)
Hibernate: insert into id_entity (creation_date, created, taken, unique_id, id) values (?, ?, ?, ?, ?)
Hibernate: insert into id_entity (creation_date, created, taken, unique_id, id) values (?, ?, ?, ?, ?)
Hibernate: insert into id_entity (creation_date, created, taken, unique_id, id) values (?, ?, ?, ?, ?)
Hibernate: insert into id_entity (creation_date, created, taken, unique_id, id) values (?, ?, ?, ?, ?)
Hibernate: insert into id_entity (creation_date, created, taken, unique_id, id) values (?, ?, ?, ?, ?)
Hibernate: insert into id_entity (creation_date, created, taken, unique_id, id) values (?, ?, ?, ?, ?)
Hibernate: insert into id_entity (creation_date, created, taken, unique_id, id) values (?, ?, ?, ?, ?)
Hibernate: insert into id_entity (creation_date, created, taken, unique_id, id) values (?, ?, ?, ?, ?)
Hibernate: insert into id_entity (creation_date, created, taken, unique_id, id) values (?, ?, ?, ?, ?)
Hibernate: insert into id_entity (creation_date, created, taken, unique_id, id) values (?, ?, ?, ?, ?)
Hibernate: insert into id_entity (creation_date, created, taken, unique_id, id) values (?, ?, ?, ?, ?)
Hibernate: insert into id_entity (creation_date, created, taken, unique_id, id) values (?, ?, ?, ?, ?)
Hibernate: insert into id_entity (creation_date, created, taken, unique_id, id) values (?, ?, ?, ?, ?)
Hibernate: insert into id_entity (creation_date, created, taken, unique_id, id) values (?, ?, ?, ?, ?)
Hibernate: insert into id_entity (creation_date, created, taken, unique_id, id) values (?, ?, ?, ?, ?)
Hibernate: insert into id_entity (creation_date, created, taken, unique_id, id) values (?, ?, ?, ?, ?)
Hibernate: insert into id_entity (creation_date, created, taken, unique_id, id) values (?, ?, ?, ?, ?)
Hibernate: insert into id_entity (creation_date, created, taken, unique_id, id) values (?, ?, ?, ?, ?)
Hibernate: insert into id_entity (creation_date, created, taken, unique_id, id) values (?, ?, ?, ?, ?)
Hibernate: insert into id_entity (creation_date, created, taken, unique_id, id) values (?, ?, ?, ?, ?)
Hibernate: insert into id_entity (creation_date, created, taken, unique_id, id) values (?, ?, ?, ?, ?)
Hibernate: insert into id_entity (creation_date, created, taken, unique_id, id) values (?, ?, ?, ?, ?)
Hibernate: insert into id_entity (creation_date, created, taken, unique_id, id) values (?, ?, ?, ?, ?)
Hibernate: insert into id_entity (creation_date, created, taken, unique_id, id) values (?, ?, ?, ?, ?)
Hibernate: insert into id_entity (creation_date, created, taken, unique_id, id) values (?, ?, ?, ?, ?)
Hibernate: insert into id_entity (creation_date, created, taken, unique_id, id) values (?, ?, ?, ?, ?)
Hibernate: insert into id_entity (creation_date, created, taken, unique_id, id) values (?, ?, ?, ?, ?)
Hibernate: insert into id_entity (creation_date, created, taken, unique_id, id) values (?, ?, ?, ?, ?)
Hibernate: insert into id_entity (creation_date, created, taken, unique_id, id) values (?, ?, ?, ?, ?)
Hibernate: insert into id_entity (creation_date, created, taken, unique_id, id) values (?, ?, ?, ?, ?)
Hibernate: insert into id_entity (creation_date, created, taken, unique_id, id) values (?, ?, ?, ?, ?)
Hibernate: insert into id_entity (creation_date, created, taken, unique_id, id) values (?, ?, ?, ?, ?)
Hibernate: insert into id_entity (creation_date, created, taken, unique_id, id) values (?, ?, ?, ?, ?)
Hibernate: insert into id_entity (creation_date, created, taken, unique_id, id) values (?, ?, ?, ?, ?)
Hibernate: insert into id_entity (creation_date, created, taken, unique_id, id) values (?, ?, ?, ?, ?)
Hibernate: insert into id_entity (creation_date, created, taken, unique_id, id) values (?, ?, ?, ?, ?)
Hibernate: insert into id_entity (creation_date, created, taken, unique_id, id) values (?, ?, ?, ?, ?)
Hibernate: insert into id_entity (creation_date, created, taken, unique_id, id) values (?, ?, ?, ?, ?)
Hibernate: insert into id_entity (creation_date, created, taken, unique_id, id) values (?, ?, ?, ?, ?)
Hibernate: insert into id_entity (creation_date, created, taken, unique_id, id) values (?, ?, ?, ?, ?)
Hibernate: insert into id_entity (creation_date, created, taken, unique_id, id) values (?, ?, ?, ?, ?)
Hibernate: insert into id_entity (creation_date, created, taken, unique_id, id) values (?, ?, ?, ?, ?)
Hibernate: insert into id_entity (creation_date, created, taken, unique_id, id) values (?, ?, ?, ?, ?)
Hibernate: insert into id_entity (creation_date, created, taken, unique_id, id) values (?, ?, ?, ?, ?)
Hibernate: insert into id_entity (creation_date, created, taken, unique_id, id) values (?, ?, ?, ?, ?)
Hibernate: insert into id_entity (creation_date, created, taken, unique_id, id) values (?, ?, ?, ?, ?)
Hibernate: insert into id_entity (creation_date, created, taken, unique_id, id) values (?, ?, ?, ?, ?)
Hibernate: insert into id_entity (creation_date, created, taken, unique_id, id) values (?, ?, ?, ?, ?)
Hibernate: insert into id_entity (creation_date, created, taken, unique_id, id) values (?, ?, ?, ?, ?)
Hibernate: insert into id_entity (creation_date, created, taken, unique_id, id) values (?, ?, ?, ?, ?)
Hibernate: insert into id_entity (creation_date, created, taken, unique_id, id) values (?, ?, ?, ?, ?)
Hibernate: insert into id_entity (creation_date, created, taken, unique_id, id) values (?, ?, ?, ?, ?)
Hibernate: insert into id_entity (creation_date, created, taken, unique_id, id) values (?, ?, ?, ?, ?)
Hibernate: insert into id_entity (creation_date, created, taken, unique_id, id) values (?, ?, ?, ?, ?)
Hibernate: insert into id_entity (creation_date, created, taken, unique_id, id) values (?, ?, ?, ?, ?)
Hibernate: insert into id_entity (creation_date, created, taken, unique_id, id) values (?, ?, ?, ?, ?)
Hibernate: insert into id_entity (creation_date, created, taken, unique_id, id) values (?, ?, ?, ?, ?)
Hibernate: insert into id_entity (creation_date, created, taken, unique_id, id) values (?, ?, ?, ?, ?)
Hibernate: insert into id_entity (creation_date, created, taken, unique_id, id) values (?, ?, ?, ?, ?)
Hibernate: insert into id_entity (creation_date, created, taken, unique_id, id) values (?, ?, ?, ?, ?)
Hibernate: insert into id_entity (creation_date, created, taken, unique_id, id) values (?, ?, ?, ?, ?)
Hibernate: insert into id_entity (creation_date, created, taken, unique_id, id) values (?, ?, ?, ?, ?)
Hibernate: insert into id_entity (creation_date, created, taken, unique_id, id) values (?, ?, ?, ?, ?)
Hibernate: insert into id_entity (creation_date, created, taken, unique_id, id) values (?, ?, ?, ?, ?)
Hibernate: insert into id_entity (creation_date, created, taken, unique_id, id) values (?, ?, ?, ?, ?)
Hibernate: insert into id_entity (creation_date, created, taken, unique_id, id) values (?, ?, ?, ?, ?)
Hibernate: insert into id_entity (creation_date, created, taken, unique_id, id) values (?, ?, ?, ?, ?)
Hibernate: insert into id_entity (creation_date, created, taken, unique_id, id) values (?, ?, ?, ?, ?)
Hibernate: insert into id_entity (creation_date, created, taken, unique_id, id) values (?, ?, ?, ?, ?)
Hibernate: insert into id_entity (creation_date, created, taken, unique_id, id) values (?, ?, ?, ?, ?)
Hibernate: insert into id_entity (creation_date, created, taken, unique_id, id) values (?, ?, ?, ?, ?)
Hibernate: insert into id_entity (creation_date, created, taken, unique_id, id) values (?, ?, ?, ?, ?)
Hibernate: insert into id_entity (creation_date, created, taken, unique_id, id) values (?, ?, ?, ?, ?)
Hibernate: insert into id_entity (creation_date, created, taken, unique_id, id) values (?, ?, ?, ?, ?)
Hibernate: update id_entity set creation_date=?, created=?, taken=?, unique_id=? where id=?
Hibernate: select identity0_.id as id1_0_, identity0_.creation_date as creation2_0_, identity0_.created as created3_0_, identity0_.taken as taken4_0_, identity0_.unique_id as unique_i5_0_ from id_entity identity0_ where identity0_.taken is null limit ?
Hibernate: update id_entity set creation_date=?, created=?, taken=?, unique_id=? where id=?
Hibernate: select identity0_.id as id1_0_, identity0_.creation_date as creation2_0_, identity0_.created as created3_0_, identity0_.taken as taken4_0_, identity0_.unique_id as unique_i5_0_ from id_entity identity0_ where identity0_.taken is null limit ?
Hibernate: update id_entity set creation_date=?, created=?, taken=?, unique_id=? where id=?
Hibernate: select identity0_.id as id1_0_, identity0_.creation_date as creation2_0_, identity0_.created as created3_0_, identity0_.taken as taken4_0_, identity0_.unique_id as unique_i5_0_ from id_entity identity0_ where identity0_.taken is null limit ?
Hibernate: update id_entity set creation_date=?, created=?, taken=?, unique_id=? where id=?
Hibernate: select identity0_.id as id1_0_, identity0_.creation_date as creation2_0_, identity0_.created as created3_0_, identity0_.taken as taken4_0_, identity0_.unique_id as unique_i5_0_ from id_entity identity0_ where identity0_.taken is null limit ?
Hibernate: update id_entity set creation_date=?, created=?, taken=?, unique_id=? where id=?
Hibernate: select identity0_.id as id1_0_, identity0_.creation_date as creation2_0_, identity0_.created as created3_0_, identity0_.taken as taken4_0_, identity0_.unique_id as unique_i5_0_ from id_entity identity0_ where identity0_.taken is null limit ?
Hibernate: update id_entity set creation_date=?, created=?, taken=?, unique_id=? where id=?
Hibernate: select identity0_.id as id1_0_, identity0_.creation_date as creation2_0_, identity0_.created as created3_0_, identity0_.taken as taken4_0_, identity0_.unique_id as unique_i5_0_ from id_entity identity0_ where identity0_.taken is null limit ?
Hibernate: update id_entity set creation_date=?, created=?, taken=?, unique_id=? where id=?
Hibernate: select identity0_.id as id1_0_, identity0_.creation_date as creation2_0_, identity0_.created as created3_0_, identity0_.taken as taken4_0_, identity0_.unique_id as unique_i5_0_ from id_entity identity0_ where identity0_.taken is null limit ?
Hibernate: update id_entity set creation_date=?, created=?, taken=?, unique_id=? where id=?
Hibernate: select identity0_.id as id1_0_, identity0_.creation_date as creation2_0_, identity0_.created as created3_0_, identity0_.taken as taken4_0_, identity0_.unique_id as unique_i5_0_ from id_entity identity0_ where identity0_.taken is null limit ?
Hibernate: update id_entity set creation_date=?, created=?, taken=?, unique_id=? where id=?
Hibernate: select identity0_.id as id1_0_, identity0_.creation_date as creation2_0_, identity0_.created as created3_0_, identity0_.taken as taken4_0_, identity0_.unique_id as unique_i5_0_ from id_entity identity0_ where identity0_.taken is null limit ?
Hibernate: update id_entity set creation_date=?, created=?, taken=?, unique_id=? where id=?
Hibernate: select identity0_.id as id1_0_, identity0_.creation_date as creation2_0_, identity0_.created as created3_0_, identity0_.taken as taken4_0_, identity0_.unique_id as unique_i5_0_ from id_entity identity0_ where identity0_.taken is null limit ?
Hibernate: update id_entity set creation_date=?, created=?, taken=?, unique_id=? where id=?
Hibernate: select identity0_.id as id1_0_, identity0_.creation_date as creation2_0_, identity0_.created as created3_0_, identity0_.taken as taken4_0_, identity0_.unique_id as unique_i5_0_ from id_entity identity0_ where identity0_.taken is null limit ?
Hibernate: update id_entity set creation_date=?, created=?, taken=?, unique_id=? where id=?
Hibernate: select identity0_.id as id1_0_, identity0_.creation_date as creation2_0_, identity0_.created as created3_0_, identity0_.taken as taken4_0_, identity0_.unique_id as unique_i5_0_ from id_entity identity0_ where identity0_.taken is null limit ?
Hibernate: update id_entity set creation_date=?, created=?, taken=?, unique_id=? where id=?
Hibernate: select identity0_.id as id1_0_, identity0_.creation_date as creation2_0_, identity0_.created as created3_0_, identity0_.taken as taken4_0_, identity0_.unique_id as unique_i5_0_ from id_entity identity0_ where identity0_.taken is null limit ?
Hibernate: update id_entity set creation_date=?, created=?, taken=?, unique_id=? where id=?
Hibernate: select identity0_.id as id1_0_, identity0_.creation_date as creation2_0_, identity0_.created as created3_0_, identity0_.taken as taken4_0_, identity0_.unique_id as unique_i5_0_ from id_entity identity0_ where identity0_.taken is null limit ?
Hibernate: update id_entity set creation_date=?, created=?, taken=?, unique_id=? where id=?
Hibernate: select identity0_.id as id1_0_, identity0_.creation_date as creation2_0_, identity0_.created as created3_0_, identity0_.taken as taken4_0_, identity0_.unique_id as unique_i5_0_ from id_entity identity0_ where identity0_.taken is null limit ?
Hibernate: update id_entity set creation_date=?, created=?, taken=?, unique_id=? where id=?
Hibernate: select identity0_.id as id1_0_, identity0_.creation_date as creation2_0_, identity0_.created as created3_0_, identity0_.taken as taken4_0_, identity0_.unique_id as unique_i5_0_ from id_entity identity0_ where identity0_.taken is null limit ?
Hibernate: update id_entity set creation_date=?, created=?, taken=?, unique_id=? where id=?
Hibernate: select identity0_.id as id1_0_, identity0_.creation_date as creation2_0_, identity0_.created as created3_0_, identity0_.taken as taken4_0_, identity0_.unique_id as unique_i5_0_ from id_entity identity0_ where identity0_.taken is null limit ?
Hibernate: update id_entity set creation_date=?, created=?, taken=?, unique_id=? where id=?
Hibernate: select identity0_.id as id1_0_, identity0_.creation_date as creation2_0_, identity0_.created as created3_0_, identity0_.taken as taken4_0_, identity0_.unique_id as unique_i5_0_ from id_entity identity0_ where identity0_.taken is null limit ?
Hibernate: update id_entity set creation_date=?, created=?, taken=?, unique_id=? where id=?
Hibernate: select identity0_.id as id1_0_, identity0_.creation_date as creation2_0_, identity0_.created as created3_0_, identity0_.taken as taken4_0_, identity0_.unique_id as unique_i5_0_ from id_entity identity0_ where identity0_.taken is null limit ?
Hibernate: update id_entity set creation_date=?, created=?, taken=?, unique_id=? where id=?
Hibernate: select identity0_.id as id1_0_, identity0_.creation_date as creation2_0_, identity0_.created as created3_0_, identity0_.taken as taken4_0_, identity0_.unique_id as unique_i5_0_ from id_entity identity0_ where identity0_.taken is null limit ?
Hibernate: update id_entity set creation_date=?, created=?, taken=?, unique_id=? where id=?
Hibernate: select identity0_.id as id1_0_, identity0_.creation_date as creation2_0_, identity0_.created as created3_0_, identity0_.taken as taken4_0_, identity0_.unique_id as unique_i5_0_ from id_entity identity0_ where identity0_.taken is null limit ?
Hibernate: update id_entity set creation_date=?, created=?, taken=?, unique_id=? where id=?
Hibernate: select identity0_.id as id1_0_, identity0_.creation_date as creation2_0_, identity0_.created as created3_0_, identity0_.taken as taken4_0_, identity0_.unique_id as unique_i5_0_ from id_entity identity0_ where identity0_.taken is null limit ?
Hibernate: update id_entity set creation_date=?, created=?, taken=?, unique_id=? where id=?
Hibernate: select identity0_.id as id1_0_, identity0_.creation_date as creation2_0_, identity0_.created as created3_0_, identity0_.taken as taken4_0_, identity0_.unique_id as unique_i5_0_ from id_entity identity0_ where identity0_.taken is null limit ?
Hibernate: update id_entity set creation_date=?, created=?, taken=?, unique_id=? where id=?
Hibernate: select identity0_.id as id1_0_, identity0_.creation_date as creation2_0_, identity0_.created as created3_0_, identity0_.taken as taken4_0_, identity0_.unique_id as unique_i5_0_ from id_entity identity0_ where identity0_.taken is null limit ?
Hibernate: update id_entity set creation_date=?, created=?, taken=?, unique_id=? where id=?
Hibernate: select identity0_.id as id1_0_, identity0_.creation_date as creation2_0_, identity0_.created as created3_0_, identity0_.taken as taken4_0_, identity0_.unique_id as unique_i5_0_ from id_entity identity0_ where identity0_.taken is null limit ?
Hibernate: update id_entity set creation_date=?, created=?, taken=?, unique_id=? where id=?
Hibernate: select identity0_.id as id1_0_, identity0_.creation_date as creation2_0_, identity0_.created as created3_0_, identity0_.taken as taken4_0_, identity0_.unique_id as unique_i5_0_ from id_entity identity0_ where identity0_.taken is null limit ?
Hibernate: update id_entity set creation_date=?, created=?, taken=?, unique_id=? where id=?
Hibernate: select identity0_.id as id1_0_, identity0_.creation_date as creation2_0_, identity0_.created as created3_0_, identity0_.taken as taken4_0_, identity0_.unique_id as unique_i5_0_ from id_entity identity0_ where identity0_.taken is null limit ?
Hibernate: update id_entity set creation_date=?, created=?, taken=?, unique_id=? where id=?
Hibernate: select identity0_.id as id1_0_, identity0_.creation_date as creation2_0_, identity0_.created as created3_0_, identity0_.taken as taken4_0_, identity0_.unique_id as unique_i5_0_ from id_entity identity0_ where identity0_.taken is null limit ?
Hibernate: update id_entity set creation_date=?, created=?, taken=?, unique_id=? where id=?
Hibernate: select identity0_.id as id1_0_, identity0_.creation_date as creation2_0_, identity0_.created as created3_0_, identity0_.taken as taken4_0_, identity0_.unique_id as unique_i5_0_ from id_entity identity0_ where identity0_.taken is null limit ?
Hibernate: update id_entity set creation_date=?, created=?, taken=?, unique_id=? where id=?
Hibernate: select identity0_.id as id1_0_, identity0_.creation_date as creation2_0_, identity0_.created as created3_0_, identity0_.taken as taken4_0_, identity0_.unique_id as unique_i5_0_ from id_entity identity0_ where identity0_.taken is null limit ?
Hibernate: update id_entity set creation_date=?, created=?, taken=?, unique_id=? where id=?
Hibernate: select identity0_.id as id1_0_, identity0_.creation_date as creation2_0_, identity0_.created as created3_0_, identity0_.taken as taken4_0_, identity0_.unique_id as unique_i5_0_ from id_entity identity0_ where identity0_.taken is null limit ?
Hibernate: update id_entity set creation_date=?, created=?, taken=?, unique_id=? where id=?
Hibernate: select identity0_.id as id1_0_, identity0_.creation_date as creation2_0_, identity0_.created as created3_0_, identity0_.taken as taken4_0_, identity0_.unique_id as unique_i5_0_ from id_entity identity0_ where identity0_.taken is null limit ?
Hibernate: update id_entity set creation_date=?, created=?, taken=?, unique_id=? where id=?
Hibernate: select identity0_.id as id1_0_, identity0_.creation_date as creation2_0_, identity0_.created as created3_0_, identity0_.taken as taken4_0_, identity0_.unique_id as unique_i5_0_ from id_entity identity0_ where identity0_.taken is null limit ?
Hibernate: update id_entity set creation_date=?, created=?, taken=?, unique_id=? where id=?
Hibernate: select identity0_.id as id1_0_, identity0_.creation_date as creation2_0_, identity0_.created as created3_0_, identity0_.taken as taken4_0_, identity0_.unique_id as unique_i5_0_ from id_entity identity0_ where identity0_.taken is null limit ?
Hibernate: update id_entity set creation_date=?, created=?, taken=?, unique_id=? where id=?
Hibernate: select identity0_.id as id1_0_, identity0_.creation_date as creation2_0_, identity0_.created as created3_0_, identity0_.taken as taken4_0_, identity0_.unique_id as unique_i5_0_ from id_entity identity0_ where identity0_.taken is null limit ?
Hibernate: update id_entity set creation_date=?, created=?, taken=?, unique_id=? where id=?
Hibernate: select identity0_.id as id1_0_, identity0_.creation_date as creation2_0_, identity0_.created as created3_0_, identity0_.taken as taken4_0_, identity0_.unique_id as unique_i5_0_ from id_entity identity0_ where identity0_.taken is null limit ?
Hibernate: update id_entity set creation_date=?, created=?, taken=?, unique_id=? where id=?
Hibernate: select identity0_.id as id1_0_, identity0_.creation_date as creation2_0_, identity0_.created as created3_0_, identity0_.taken as taken4_0_, identity0_.unique_id as unique_i5_0_ from id_entity identity0_ where identity0_.taken is null limit ?
Hibernate: update id_entity set creation_date=?, created=?, taken=?, unique_id=? where id=?
Hibernate: select identity0_.id as id1_0_, identity0_.creation_date as creation2_0_, identity0_.created as created3_0_, identity0_.taken as taken4_0_, identity0_.unique_id as unique_i5_0_ from id_entity identity0_ where identity0_.taken is null limit ?
Hibernate: update id_entity set creation_date=?, created=?, taken=?, unique_id=? where id=?
Hibernate: select identity0_.id as id1_0_, identity0_.creation_date as creation2_0_, identity0_.created as created3_0_, identity0_.taken as taken4_0_, identity0_.unique_id as unique_i5_0_ from id_entity identity0_ where identity0_.taken is null limit ?
Hibernate: update id_entity set creation_date=?, created=?, taken=?, unique_id=? where id=?
Hibernate: select identity0_.id as id1_0_, identity0_.creation_date as creation2_0_, identity0_.created as created3_0_, identity0_.taken as taken4_0_, identity0_.unique_id as unique_i5_0_ from id_entity identity0_ where identity0_.taken is null limit ?
Hibernate: update id_entity set creation_date=?, created=?, taken=?, unique_id=? where id=?
Hibernate: select identity0_.id as id1_0_, identity0_.creation_date as creation2_0_, identity0_.created as created3_0_, identity0_.taken as taken4_0_, identity0_.unique_id as unique_i5_0_ from id_entity identity0_ where identity0_.taken is null limit ?
Hibernate: update id_entity set creation_date=?, created=?, taken=?, unique_id=? where id=?
Hibernate: select identity0_.id as id1_0_, identity0_.creation_date as creation2_0_, identity0_.created as created3_0_, identity0_.taken as taken4_0_, identity0_.unique_id as unique_i5_0_ from id_entity identity0_ where identity0_.taken is null limit ?
Hibernate: update id_entity set creation_date=?, created=?, taken=?, unique_id=? where id=?
Hibernate: select identity0_.id as id1_0_, identity0_.creation_date as creation2_0_, identity0_.created as created3_0_, identity0_.taken as taken4_0_, identity0_.unique_id as unique_i5_0_ from id_entity identity0_ where identity0_.taken is null limit ?
Hibernate: update id_entity set creation_date=?, created=?, taken=?, unique_id=? where id=?
Hibernate: select identity0_.id as id1_0_, identity0_.creation_date as creation2_0_, identity0_.created as created3_0_, identity0_.taken as taken4_0_, identity0_.unique_id as unique_i5_0_ from id_entity identity0_ where identity0_.taken is null limit ?
Hibernate: update id_entity set creation_date=?, created=?, taken=?, unique_id=? where id=?
Hibernate: select identity0_.id as id1_0_, identity0_.creation_date as creation2_0_, identity0_.created as created3_0_, identity0_.taken as taken4_0_, identity0_.unique_id as unique_i5_0_ from id_entity identity0_ where identity0_.taken is null limit ?
Hibernate: update id_entity set creation_date=?, created=?, taken=?, unique_id=? where id=?
Hibernate: select identity0_.id as id1_0_, identity0_.creation_date as creation2_0_, identity0_.created as created3_0_, identity0_.taken as taken4_0_, identity0_.unique_id as unique_i5_0_ from id_entity identity0_ where identity0_.taken is null limit ?
Hibernate: update id_entity set creation_date=?, created=?, taken=?, unique_id=? where id=?
Hibernate: select identity0_.id as id1_0_, identity0_.creation_date as creation2_0_, identity0_.created as created3_0_, identity0_.taken as taken4_0_, identity0_.unique_id as unique_i5_0_ from id_entity identity0_ where identity0_.taken is null limit ?
Hibernate: update id_entity set creation_date=?, created=?, taken=?, unique_id=? where id=?
Hibernate: select identity0_.id as id1_0_, identity0_.creation_date as creation2_0_, identity0_.created as created3_0_, identity0_.taken as taken4_0_, identity0_.unique_id as unique_i5_0_ from id_entity identity0_ where identity0_.taken is null limit ?
Hibernate: update id_entity set creation_date=?, created=?, taken=?, unique_id=? where id=?
Hibernate: select identity0_.id as id1_0_, identity0_.creation_date as creation2_0_, identity0_.created as created3_0_, identity0_.taken as taken4_0_, identity0_.unique_id as unique_i5_0_ from id_entity identity0_ where identity0_.taken is null limit ?
Hibernate: update id_entity set creation_date=?, created=?, taken=?, unique_id=? where id=?
Hibernate: select identity0_.id as id1_0_, identity0_.creation_date as creation2_0_, identity0_.created as created3_0_, identity0_.taken as taken4_0_, identity0_.unique_id as unique_i5_0_ from id_entity identity0_ where identity0_.taken is null limit ?
Hibernate: update id_entity set creation_date=?, created=?, taken=?, unique_id=? where id=?
Hibernate: select identity0_.id as id1_0_, identity0_.creation_date as creation2_0_, identity0_.created as created3_0_, identity0_.taken as taken4_0_, identity0_.unique_id as unique_i5_0_ from id_entity identity0_ where identity0_.taken is null limit ?
Hibernate: update id_entity set creation_date=?, created=?, taken=?, unique_id=? where id=?
Hibernate: select identity0_.id as id1_0_, identity0_.creation_date as creation2_0_, identity0_.created as created3_0_, identity0_.taken as taken4_0_, identity0_.unique_id as unique_i5_0_ from id_entity identity0_ where identity0_.taken is null limit ?
Hibernate: update id_entity set creation_date=?, created=?, taken=?, unique_id=? where id=?
Hibernate: select identity0_.id as id1_0_, identity0_.creation_date as creation2_0_, identity0_.created as created3_0_, identity0_.taken as taken4_0_, identity0_.unique_id as unique_i5_0_ from id_entity identity0_ where identity0_.taken is null limit ?
Hibernate: update id_entity set creation_date=?, created=?, taken=?, unique_id=? where id=?
Hibernate: select identity0_.id as id1_0_, identity0_.creation_date as creation2_0_, identity0_.created as created3_0_, identity0_.taken as taken4_0_, identity0_.unique_id as unique_i5_0_ from id_entity identity0_ where identity0_.taken is null limit ?
Hibernate: update id_entity set creation_date=?, created=?, taken=?, unique_id=? where id=?
Hibernate: select identity0_.id as id1_0_, identity0_.creation_date as creation2_0_, identity0_.created as created3_0_, identity0_.taken as taken4_0_, identity0_.unique_id as unique_i5_0_ from id_entity identity0_ where identity0_.taken is null limit ?
Hibernate: update id_entity set creation_date=?, created=?, taken=?, unique_id=? where id=?
Hibernate: select identity0_.id as id1_0_, identity0_.creation_date as creation2_0_, identity0_.created as created3_0_, identity0_.taken as taken4_0_, identity0_.unique_id as unique_i5_0_ from id_entity identity0_ where identity0_.taken is null limit ?
Hibernate: update id_entity set creation_date=?, created=?, taken=?, unique_id=? where id=?
Hibernate: select identity0_.id as id1_0_, identity0_.creation_date as creation2_0_, identity0_.created as created3_0_, identity0_.taken as taken4_0_, identity0_.unique_id as unique_i5_0_ from id_entity identity0_ where identity0_.taken is null limit ?
Hibernate: update id_entity set creation_date=?, created=?, taken=?, unique_id=? where id=?
Hibernate: select identity0_.id as id1_0_, identity0_.creation_date as creation2_0_, identity0_.created as created3_0_, identity0_.taken as taken4_0_, identity0_.unique_id as unique_i5_0_ from id_entity identity0_ where identity0_.taken is null limit ?
Hibernate: update id_entity set creation_date=?, created=?, taken=?, unique_id=? where id=?
Hibernate: select identity0_.id as id1_0_, identity0_.creation_date as creation2_0_, identity0_.created as created3_0_, identity0_.taken as taken4_0_, identity0_.unique_id as unique_i5_0_ from id_entity identity0_ where identity0_.taken is null limit ?
Hibernate: update id_entity set creation_date=?, created=?, taken=?, unique_id=? where id=?
Hibernate: select identity0_.id as id1_0_, identity0_.creation_date as creation2_0_, identity0_.created as created3_0_, identity0_.taken as taken4_0_, identity0_.unique_id as unique_i5_0_ from id_entity identity0_ where identity0_.taken is null limit ?
Hibernate: update id_entity set creation_date=?, created=?, taken=?, unique_id=? where id=?
Hibernate: select identity0_.id as id1_0_, identity0_.creation_date as creation2_0_, identity0_.created as created3_0_, identity0_.taken as taken4_0_, identity0_.unique_id as unique_i5_0_ from id_entity identity0_ where identity0_.taken is null limit ?
Hibernate: update id_entity set creation_date=?, created=?, taken=?, unique_id=? where id=?
Hibernate: select identity0_.id as id1_0_, identity0_.creation_date as creation2_0_, identity0_.created as created3_0_, identity0_.taken as taken4_0_, identity0_.unique_id as unique_i5_0_ from id_entity identity0_ where identity0_.taken is null limit ?
Hibernate: update id_entity set creation_date=?, created=?, taken=?, unique_id=? where id=?
Hibernate: select identity0_.id as id1_0_, identity0_.creation_date as creation2_0_, identity0_.created as created3_0_, identity0_.taken as taken4_0_, identity0_.unique_id as unique_i5_0_ from id_entity identity0_ where identity0_.taken is null limit ?
Hibernate: update id_entity set creation_date=?, created=?, taken=?, unique_id=? where id=?
Hibernate: select identity0_.id as id1_0_, identity0_.creation_date as creation2_0_, identity0_.created as created3_0_, identity0_.taken as taken4_0_, identity0_.unique_id as unique_i5_0_ from id_entity identity0_ where identity0_.taken is null limit ?
Hibernate: update id_entity set creation_date=?, created=?, taken=?, unique_id=? where id=?
Hibernate: select identity0_.id as id1_0_, identity0_.creation_date as creation2_0_, identity0_.created as created3_0_, identity0_.taken as taken4_0_, identity0_.unique_id as unique_i5_0_ from id_entity identity0_ where identity0_.taken is null limit ?
Hibernate: update id_entity set creation_date=?, created=?, taken=?, unique_id=? where id=?
Hibernate: select identity0_.id as id1_0_, identity0_.creation_date as creation2_0_, identity0_.created as created3_0_, identity0_.taken as taken4_0_, identity0_.unique_id as unique_i5_0_ from id_entity identity0_ where identity0_.taken is null limit ?
Hibernate: update id_entity set creation_date=?, created=?, taken=?, unique_id=? where id=?
Hibernate: select identity0_.id as id1_0_, identity0_.creation_date as creation2_0_, identity0_.created as created3_0_, identity0_.taken as taken4_0_, identity0_.unique_id as unique_i5_0_ from id_entity identity0_ where identity0_.taken is null limit ?
Hibernate: update id_entity set creation_date=?, created=?, taken=?, unique_id=? where id=?
Hibernate: select identity0_.id as id1_0_, identity0_.creation_date as creation2_0_, identity0_.created as created3_0_, identity0_.taken as taken4_0_, identity0_.unique_id as unique_i5_0_ from id_entity identity0_ where identity0_.taken is null limit ?
Hibernate: update id_entity set creation_date=?, created=?, taken=?, unique_id=? where id=?
Hibernate: select identity0_.id as id1_0_, identity0_.creation_date as creation2_0_, identity0_.created as created3_0_, identity0_.taken as taken4_0_, identity0_.unique_id as unique_i5_0_ from id_entity identity0_ where identity0_.taken is null limit ?
Hibernate: update id_entity set creation_date=?, created=?, taken=?, unique_id=? where id=?
Hibernate: select identity0_.id as id1_0_, identity0_.creation_date as creation2_0_, identity0_.created as created3_0_, identity0_.taken as taken4_0_, identity0_.unique_id as unique_i5_0_ from id_entity identity0_ where identity0_.taken is null limit ?
Hibernate: update id_entity set creation_date=?, created=?, taken=?, unique_id=? where id=?
Hibernate: select identity0_.id as id1_0_, identity0_.creation_date as creation2_0_, identity0_.created as created3_0_, identity0_.taken as taken4_0_, identity0_.unique_id as unique_i5_0_ from id_entity identity0_ where identity0_.taken is null limit ?
Hibernate: update id_entity set creation_date=?, created=?, taken=?, unique_id=? where id=?
Hibernate: select identity0_.id as id1_0_, identity0_.creation_date as creation2_0_, identity0_.created as created3_0_, identity0_.taken as taken4_0_, identity0_.unique_id as unique_i5_0_ from id_entity identity0_ where identity0_.taken is null limit ?
Hibernate: update id_entity set creation_date=?, created=?, taken=?, unique_id=? where id=?
Hibernate: select identity0_.id as id1_0_, identity0_.creation_date as creation2_0_, identity0_.created as created3_0_, identity0_.taken as taken4_0_, identity0_.unique_id as unique_i5_0_ from id_entity identity0_ where identity0_.taken is null limit ?
Hibernate: update id_entity set creation_date=?, created=?, taken=?, unique_id=? where id=?
Hibernate: select identity0_.id as id1_0_, identity0_.creation_date as creation2_0_, identity0_.created as created3_0_, identity0_.taken as taken4_0_, identity0_.unique_id as unique_i5_0_ from id_entity identity0_ where identity0_.taken is null limit ?
Hibernate: update id_entity set creation_date=?, created=?, taken=?, unique_id=? where id=?
Hibernate: select identity0_.id as id1_0_, identity0_.creation_date as creation2_0_, identity0_.created as created3_0_, identity0_.taken as taken4_0_, identity0_.unique_id as unique_i5_0_ from id_entity identity0_ where identity0_.taken is null limit ?
Hibernate: update id_entity set creation_date=?, created=?, taken=?, unique_id=? where id=?
Hibernate: select identity0_.id as id1_0_, identity0_.creation_date as creation2_0_, identity0_.created as created3_0_, identity0_.taken as taken4_0_, identity0_.unique_id as unique_i5_0_ from id_entity identity0_ where identity0_.taken is null limit ?
Hibernate: update id_entity set creation_date=?, created=?, taken=?, unique_id=? where id=?
Hibernate: select identity0_.id as id1_0_, identity0_.creation_date as creation2_0_, identity0_.created as created3_0_, identity0_.taken as taken4_0_, identity0_.unique_id as unique_i5_0_ from id_entity identity0_ where identity0_.taken is null limit ?
Hibernate: update id_entity set creation_date=?, created=?, taken=?, unique_id=? where id=?
Hibernate: select identity0_.id as id1_0_, identity0_.creation_date as creation2_0_, identity0_.created as created3_0_, identity0_.taken as taken4_0_, identity0_.unique_id as unique_i5_0_ from id_entity identity0_ where identity0_.taken is null limit ?
Hibernate: update id_entity set creation_date=?, created=?, taken=?, unique_id=? where id=?
Hibernate: select identity0_.id as id1_0_, identity0_.creation_date as creation2_0_, identity0_.created as created3_0_, identity0_.taken as taken4_0_, identity0_.unique_id as unique_i5_0_ from id_entity identity0_ where identity0_.taken is null limit ?
Hibernate: update id_entity set creation_date=?, created=?, taken=?, unique_id=? where id=?
Hibernate: select identity0_.id as id1_0_, identity0_.creation_date as creation2_0_, identity0_.created as created3_0_, identity0_.taken as taken4_0_, identity0_.unique_id as unique_i5_0_ from id_entity identity0_ where identity0_.taken is null limit ?
Hibernate: update id_entity set creation_date=?, created=?, taken=?, unique_id=? where id=?
Hibernate: select identity0_.id as id1_0_, identity0_.creation_date as creation2_0_, identity0_.created as created3_0_, identity0_.taken as taken4_0_, identity0_.unique_id as unique_i5_0_ from id_entity identity0_ where identity0_.taken is null limit ?
Hibernate: update id_entity set creation_date=?, created=?, taken=?, unique_id=? where id=?
Hibernate: select identity0_.id as id1_0_, identity0_.creation_date as creation2_0_, identity0_.created as created3_0_, identity0_.taken as taken4_0_, identity0_.unique_id as unique_i5_0_ from id_entity identity0_ where identity0_.taken is null limit ?
Hibernate: update id_entity set creation_date=?, created=?, taken=?, unique_id=? where id=?
Hibernate: select identity0_.id as id1_0_, identity0_.creation_date as creation2_0_, identity0_.created as created3_0_, identity0_.taken as taken4_0_, identity0_.unique_id as unique_i5_0_ from id_entity identity0_ where identity0_.taken is null limit ?
Hibernate: update id_entity set creation_date=?, created=?, taken=?, unique_id=? where id=?
Hibernate: select identity0_.id as id1_0_, identity0_.creation_date as creation2_0_, identity0_.created as created3_0_, identity0_.taken as taken4_0_, identity0_.unique_id as unique_i5_0_ from id_entity identity0_ where identity0_.taken is null limit ?
Hibernate: update id_entity set creation_date=?, created=?, taken=?, unique_id=? where id=?
Hibernate: select identity0_.id as id1_0_, identity0_.creation_date as creation2_0_, identity0_.created as created3_0_, identity0_.taken as taken4_0_, identity0_.unique_id as unique_i5_0_ from id_entity identity0_ where identity0_.taken is null limit ?
Hibernate: update id_entity set creation_date=?, created=?, taken=?, unique_id=? where id=?
Hibernate: select identity0_.id as id1_0_, identity0_.creation_date as creation2_0_, identity0_.created as created3_0_, identity0_.taken as taken4_0_, identity0_.unique_id as unique_i5_0_ from id_entity identity0_ where identity0_.taken is null limit ?
Hibernate: update id_entity set creation_date=?, created=?, taken=?, unique_id=? where id=?
Hibernate: select identity0_.id as id1_0_, identity0_.creation_date as creation2_0_, identity0_.created as created3_0_, identity0_.taken as taken4_0_, identity0_.unique_id as unique_i5_0_ from id_entity identity0_ where identity0_.taken is null limit ?
Hibernate: update id_entity set creation_date=?, created=?, taken=?, unique_id=? where id=?
Hibernate: select identity0_.id as id1_0_, identity0_.creation_date as creation2_0_, identity0_.created as created3_0_, identity0_.taken as taken4_0_, identity0_.unique_id as unique_i5_0_ from id_entity identity0_ where identity0_.taken is null limit ?
Hibernate: update id_entity set creation_date=?, created=?, taken=?, unique_id=? where id=?
Hibernate: select identity0_.id as id1_0_, identity0_.creation_date as creation2_0_, identity0_.created as created3_0_, identity0_.taken as taken4_0_, identity0_.unique_id as unique_i5_0_ from id_entity identity0_ where identity0_.taken is null limit ?
Hibernate: update id_entity set creation_date=?, created=?, taken=?, unique_id=? where id=?
Hibernate: select identity0_.id as id1_0_, identity0_.creation_date as creation2_0_, identity0_.created as created3_0_, identity0_.taken as taken4_0_, identity0_.unique_id as unique_i5_0_ from id_entity identity0_ where identity0_.taken is null limit ?
Hibernate: update id_entity set creation_date=?, created=?, taken=?, unique_id=? where id=?
Hibernate: select identity0_.id as id1_0_, identity0_.creation_date as creation2_0_, identity0_.created as created3_0_, identity0_.taken as taken4_0_, identity0_.unique_id as unique_i5_0_ from id_entity identity0_ where identity0_.taken is null limit ?
Hibernate: update id_entity set creation_date=?, created=?, taken=?, unique_id=? where id=?
Hibernate: select identity0_.id as id1_0_, identity0_.creation_date as creation2_0_, identity0_.created as created3_0_, identity0_.taken as taken4_0_, identity0_.unique_id as unique_i5_0_ from id_entity identity0_ where identity0_.taken is null limit ?
Hibernate: update id_entity set creation_date=?, created=?, taken=?, unique_id=? where id=?
Hibernate: select identity0_.id as id1_0_, identity0_.creation_date as creation2_0_, identity0_.created as created3_0_, identity0_.taken as taken4_0_, identity0_.unique_id as unique_i5_0_ from id_entity identity0_ where identity0_.taken is null limit ?
Hibernate: update id_entity set creation_date=?, created=?, taken=?, unique_id=? where id=?
Hibernate: select identity0_.id as id1_0_, identity0_.creation_date as creation2_0_, identity0_.created as created3_0_, identity0_.taken as taken4_0_, identity0_.unique_id as unique_i5_0_ from id_entity identity0_ where identity0_.taken is null limit ?
Hibernate: update id_entity set creation_date=?, created=?, taken=?, unique_id=? where id=?
Hibernate: select identity0_.id as id1_0_, identity0_.creation_date as creation2_0_, identity0_.created as created3_0_, identity0_.taken as taken4_0_, identity0_.unique_id as unique_i5_0_ from id_entity identity0_ where identity0_.taken is null limit ?
Hibernate: update id_entity set creation_date=?, created=?, taken=?, unique_id=? where id=?
Hibernate: select identity0_.id as id1_0_, identity0_.creation_date as creation2_0_, identity0_.created as created3_0_, identity0_.taken as taken4_0_, identity0_.unique_id as unique_i5_0_ from id_entity identity0_ where identity0_.taken is null limit ?
Hibernate: update id_entity set creation_date=?, created=?, taken=?, unique_id=? where id=?
Hibernate: select identity0_.id as id1_0_, identity0_.creation_date as creation2_0_, identity0_.created as created3_0_, identity0_.taken as taken4_0_, identity0_.unique_id as unique_i5_0_ from id_entity identity0_ where identity0_.taken is null limit ?
Hibernate: update id_entity set creation_date=?, created=?, taken=?, unique_id=? where id=?
Hibernate: select identity0_.id as id1_0_, identity0_.creation_date as creation2_0_, identity0_.created as created3_0_, identity0_.taken as taken4_0_, identity0_.unique_id as unique_i5_0_ from id_entity identity0_ where identity0_.taken is null limit ?
Hibernate: update id_entity set creation_date=?, created=?, taken=?, unique_id=? where id=?
Hibernate: select identity0_.id as id1_0_, identity0_.creation_date as creation2_0_, identity0_.created as created3_0_, identity0_.taken as taken4_0_, identity0_.unique_id as unique_i5_0_ from id_entity identity0_ where identity0_.taken is null limit ?
Hibernate: update id_entity set creation_date=?, created=?, taken=?, unique_id=? where id=?
Hibernate: select identity0_.id as id1_0_, identity0_.creation_date as creation2_0_, identity0_.created as created3_0_, identity0_.taken as taken4_0_, identity0_.unique_id as unique_i5_0_ from id_entity identity0_ where identity0_.taken is null limit ?
Hibernate: select count(*) as col_0_0_ from id_entity identity0_
Hibernate: call next value for hibernate_sequence
Hibernate: call next value for hibernate_sequence
Hibernate: call next value for hibernate_sequence
Hibernate: call next value for hibernate_sequence
Hibernate: call next value for hibernate_sequence
Hibernate: call next value for hibernate_sequence
Hibernate: call next value for hibernate_sequence
Hibernate: call next value for hibernate_sequence
Hibernate: call next value for hibernate_sequence
Hibernate: call next value for hibernate_sequence
Hibernate: call next value for hibernate_sequence
Hibernate: call next value for hibernate_sequence
Hibernate: call next value for hibernate_sequence
Hibernate: call next value for hibernate_sequence
Hibernate: call next value for hibernate_sequence
Hibernate: call next value for hibernate_sequence
Hibernate: call next value for hibernate_sequence
Hibernate: call next value for hibernate_sequence
Hibernate: call next value for hibernate_sequence
Hibernate: call next value for hibernate_sequence
Hibernate: call next value for hibernate_sequence
Hibernate: call next value for hibernate_sequence
Hibernate: call next value for hibernate_sequence
Hibernate: call next value for hibernate_sequence
Hibernate: call next value for hibernate_sequence
Hibernate: call next value for hibernate_sequence
Hibernate: call next value for hibernate_sequence
Hibernate: call next value for hibernate_sequence
Hibernate: call next value for hibernate_sequence
Hibernate: call next value for hibernate_sequence
Hibernate: call next value for hibernate_sequence
Hibernate: call next value for hibernate_sequence
Hibernate: call next value for hibernate_sequence
Hibernate: call next value for hibernate_sequence
Hibernate: call next value for hibernate_sequence
Hibernate: call next value for hibernate_sequence
Hibernate: call next value for hibernate_sequence
Hibernate: call next value for hibernate_sequence
Hibernate: call next value for hibernate_sequence
Hibernate: call next value for hibernate_sequence
Hibernate: call next value for hibernate_sequence
Hibernate: call next value for hibernate_sequence
Hibernate: call next value for hibernate_sequence
Hibernate: call next value for hibernate_sequence
Hibernate: call next value for hibernate_sequence
Hibernate: call next value for hibernate_sequence
Hibernate: call next value for hibernate_sequence
Hibernate: call next value for hibernate_sequence
Hibernate: call next value for hibernate_sequence
Hibernate: call next value for hibernate_sequence
Hibernate: call next value for hibernate_sequence
Hibernate: call next value for hibernate_sequence
Hibernate: call next value for hibernate_sequence
Hibernate: call next value for hibernate_sequence
Hibernate: call next value for hibernate_sequence
Hibernate: call next value for hibernate_sequence
Hibernate: call next value for hibernate_sequence
Hibernate: call next value for hibernate_sequence
Hibernate: call next value for hibernate_sequence
Hibernate: call next value for hibernate_sequence
Hibernate: call next value for hibernate_sequence
Hibernate: call next value for hibernate_sequence
Hibernate: call next value for hibernate_sequence
Hibernate: call next value for hibernate_sequence
Hibernate: call next value for hibernate_sequence
Hibernate: call next value for hibernate_sequence
Hibernate: call next value for hibernate_sequence
Hibernate: call next value for hibernate_sequence
Hibernate: call next value for hibernate_sequence
Hibernate: call next value for hibernate_sequence
Hibernate: call next value for hibernate_sequence
Hibernate: call next value for hibernate_sequence
Hibernate: call next value for hibernate_sequence
Hibernate: call next value for hibernate_sequence
Hibernate: call next value for hibernate_sequence
Hibernate: call next value for hibernate_sequence
Hibernate: call next value for hibernate_sequence
Hibernate: call next value for hibernate_sequence
Hibernate: call next value for hibernate_sequence
Hibernate: call next value for hibernate_sequence
Hibernate: call next value for hibernate_sequence
Hibernate: call next value for hibernate_sequence
Hibernate: call next value for hibernate_sequence
Hibernate: call next value for hibernate_sequence
Hibernate: call next value for hibernate_sequence
Hibernate: call next value for hibernate_sequence
Hibernate: call next value for hibernate_sequence
Hibernate: call next value for hibernate_sequence
Hibernate: call next value for hibernate_sequence
Hibernate: call next value for hibernate_sequence
Hibernate: call next value for hibernate_sequence
Hibernate: call next value for hibernate_sequence
Hibernate: call next value for hibernate_sequence
Hibernate: call next value for hibernate_sequence
Hibernate: call next value for hibernate_sequence
Hibernate: call next value for hibernate_sequence
Hibernate: call next value for hibernate_sequence
Hibernate: call next value for hibernate_sequence
Hibernate: call next value for hibernate_sequence
Hibernate: call next value for hibernate_sequence
Hibernate: insert into id_entity (creation_date, created, taken, unique_id, id) values (?, ?, ?, ?, ?)
Hibernate: insert into id_entity (creation_date, created, taken, unique_id, id) values (?, ?, ?, ?, ?)
Hibernate: insert into id_entity (creation_date, created, taken, unique_id, id) values (?, ?, ?, ?, ?)
Hibernate: insert into id_entity (creation_date, created, taken, unique_id, id) values (?, ?, ?, ?, ?)
Hibernate: insert into id_entity (creation_date, created, taken, unique_id, id) values (?, ?, ?, ?, ?)
Hibernate: insert into id_entity (creation_date, created, taken, unique_id, id) values (?, ?, ?, ?, ?)
Hibernate: insert into id_entity (creation_date, created, taken, unique_id, id) values (?, ?, ?, ?, ?)
Hibernate: insert into id_entity (creation_date, created, taken, unique_id, id) values (?, ?, ?, ?, ?)
Hibernate: insert into id_entity (creation_date, created, taken, unique_id, id) values (?, ?, ?, ?, ?)
Hibernate: insert into id_entity (creation_date, created, taken, unique_id, id) values (?, ?, ?, ?, ?)
Hibernate: insert into id_entity (creation_date, created, taken, unique_id, id) values (?, ?, ?, ?, ?)
Hibernate: insert into id_entity (creation_date, created, taken, unique_id, id) values (?, ?, ?, ?, ?)
Hibernate: insert into id_entity (creation_date, created, taken, unique_id, id) values (?, ?, ?, ?, ?)
Hibernate: insert into id_entity (creation_date, created, taken, unique_id, id) values (?, ?, ?, ?, ?)
Hibernate: insert into id_entity (creation_date, created, taken, unique_id, id) values (?, ?, ?, ?, ?)
Hibernate: insert into id_entity (creation_date, created, taken, unique_id, id) values (?, ?, ?, ?, ?)
Hibernate: insert into id_entity (creation_date, created, taken, unique_id, id) values (?, ?, ?, ?, ?)
Hibernate: insert into id_entity (creation_date, created, taken, unique_id, id) values (?, ?, ?, ?, ?)
Hibernate: insert into id_entity (creation_date, created, taken, unique_id, id) values (?, ?, ?, ?, ?)
Hibernate: insert into id_entity (creation_date, created, taken, unique_id, id) values (?, ?, ?, ?, ?)
Hibernate: insert into id_entity (creation_date, created, taken, unique_id, id) values (?, ?, ?, ?, ?)
Hibernate: insert into id_entity (creation_date, created, taken, unique_id, id) values (?, ?, ?, ?, ?)
Hibernate: insert into id_entity (creation_date, created, taken, unique_id, id) values (?, ?, ?, ?, ?)
Hibernate: insert into id_entity (creation_date, created, taken, unique_id, id) values (?, ?, ?, ?, ?)
Hibernate: insert into id_entity (creation_date, created, taken, unique_id, id) values (?, ?, ?, ?, ?)
Hibernate: insert into id_entity (creation_date, created, taken, unique_id, id) values (?, ?, ?, ?, ?)
Hibernate: insert into id_entity (creation_date, created, taken, unique_id, id) values (?, ?, ?, ?, ?)
Hibernate: insert into id_entity (creation_date, created, taken, unique_id, id) values (?, ?, ?, ?, ?)
Hibernate: insert into id_entity (creation_date, created, taken, unique_id, id) values (?, ?, ?, ?, ?)
Hibernate: insert into id_entity (creation_date, created, taken, unique_id, id) values (?, ?, ?, ?, ?)
Hibernate: insert into id_entity (creation_date, created, taken, unique_id, id) values (?, ?, ?, ?, ?)
Hibernate: insert into id_entity (creation_date, created, taken, unique_id, id) values (?, ?, ?, ?, ?)
Hibernate: insert into id_entity (creation_date, created, taken, unique_id, id) values (?, ?, ?, ?, ?)
Hibernate: insert into id_entity (creation_date, created, taken, unique_id, id) values (?, ?, ?, ?, ?)
Hibernate: insert into id_entity (creation_date, created, taken, unique_id, id) values (?, ?, ?, ?, ?)
Hibernate: insert into id_entity (creation_date, created, taken, unique_id, id) values (?, ?, ?, ?, ?)
Hibernate: insert into id_entity (creation_date, created, taken, unique_id, id) values (?, ?, ?, ?, ?)
Hibernate: insert into id_entity (creation_date, created, taken, unique_id, id) values (?, ?, ?, ?, ?)
Hibernate: insert into id_entity (creation_date, created, taken, unique_id, id) values (?, ?, ?, ?, ?)
Hibernate: insert into id_entity (creation_date, created, taken, unique_id, id) values (?, ?, ?, ?, ?)
Hibernate: insert into id_entity (creation_date, created, taken, unique_id, id) values (?, ?, ?, ?, ?)
Hibernate: insert into id_entity (creation_date, created, taken, unique_id, id) values (?, ?, ?, ?, ?)
Hibernate: insert into id_entity (creation_date, created, taken, unique_id, id) values (?, ?, ?, ?, ?)
Hibernate: insert into id_entity (creation_date, created, taken, unique_id, id) values (?, ?, ?, ?, ?)
Hibernate: insert into id_entity (creation_date, created, taken, unique_id, id) values (?, ?, ?, ?, ?)
Hibernate: insert into id_entity (creation_date, created, taken, unique_id, id) values (?, ?, ?, ?, ?)
Hibernate: insert into id_entity (creation_date, created, taken, unique_id, id) values (?, ?, ?, ?, ?)
Hibernate: insert into id_entity (creation_date, created, taken, unique_id, id) values (?, ?, ?, ?, ?)
Hibernate: insert into id_entity (creation_date, created, taken, unique_id, id) values (?, ?, ?, ?, ?)
Hibernate: insert into id_entity (creation_date, created, taken, unique_id, id) values (?, ?, ?, ?, ?)
Hibernate: insert into id_entity (creation_date, created, taken, unique_id, id) values (?, ?, ?, ?, ?)
Hibernate: insert into id_entity (creation_date, created, taken, unique_id, id) values (?, ?, ?, ?, ?)
Hibernate: insert into id_entity (creation_date, created, taken, unique_id, id) values (?, ?, ?, ?, ?)
Hibernate: insert into id_entity (creation_date, created, taken, unique_id, id) values (?, ?, ?, ?, ?)
Hibernate: insert into id_entity (creation_date, created, taken, unique_id, id) values (?, ?, ?, ?, ?)
Hibernate: insert into id_entity (creation_date, created, taken, unique_id, id) values (?, ?, ?, ?, ?)
Hibernate: insert into id_entity (creation_date, created, taken, unique_id, id) values (?, ?, ?, ?, ?)
Hibernate: insert into id_entity (creation_date, created, taken, unique_id, id) values (?, ?, ?, ?, ?)
Hibernate: insert into id_entity (creation_date, created, taken, unique_id, id) values (?, ?, ?, ?, ?)
Hibernate: insert into id_entity (creation_date, created, taken, unique_id, id) values (?, ?, ?, ?, ?)
Hibernate: insert into id_entity (creation_date, created, taken, unique_id, id) values (?, ?, ?, ?, ?)
Hibernate: insert into id_entity (creation_date, created, taken, unique_id, id) values (?, ?, ?, ?, ?)
Hibernate: insert into id_entity (creation_date, created, taken, unique_id, id) values (?, ?, ?, ?, ?)
Hibernate: insert into id_entity (creation_date, created, taken, unique_id, id) values (?, ?, ?, ?, ?)
Hibernate: insert into id_entity (creation_date, created, taken, unique_id, id) values (?, ?, ?, ?, ?)
Hibernate: insert into id_entity (creation_date, created, taken, unique_id, id) values (?, ?, ?, ?, ?)
Hibernate: insert into id_entity (creation_date, created, taken, unique_id, id) values (?, ?, ?, ?, ?)
Hibernate: insert into id_entity (creation_date, created, taken, unique_id, id) values (?, ?, ?, ?, ?)
Hibernate: insert into id_entity (creation_date, created, taken, unique_id, id) values (?, ?, ?, ?, ?)
Hibernate: insert into id_entity (creation_date, created, taken, unique_id, id) values (?, ?, ?, ?, ?)
Hibernate: insert into id_entity (creation_date, created, taken, unique_id, id) values (?, ?, ?, ?, ?)
Hibernate: insert into id_entity (creation_date, created, taken, unique_id, id) values (?, ?, ?, ?, ?)
Hibernate: insert into id_entity (creation_date, created, taken, unique_id, id) values (?, ?, ?, ?, ?)
Hibernate: insert into id_entity (creation_date, created, taken, unique_id, id) values (?, ?, ?, ?, ?)
Hibernate: insert into id_entity (creation_date, created, taken, unique_id, id) values (?, ?, ?, ?, ?)
Hibernate: insert into id_entity (creation_date, created, taken, unique_id, id) values (?, ?, ?, ?, ?)
Hibernate: insert into id_entity (creation_date, created, taken, unique_id, id) values (?, ?, ?, ?, ?)
Hibernate: insert into id_entity (creation_date, created, taken, unique_id, id) values (?, ?, ?, ?, ?)
Hibernate: insert into id_entity (creation_date, created, taken, unique_id, id) values (?, ?, ?, ?, ?)
Hibernate: insert into id_entity (creation_date, created, taken, unique_id, id) values (?, ?, ?, ?, ?)
Hibernate: insert into id_entity (creation_date, created, taken, unique_id, id) values (?, ?, ?, ?, ?)
Hibernate: insert into id_entity (creation_date, created, taken, unique_id, id) values (?, ?, ?, ?, ?)
Hibernate: insert into id_entity (creation_date, created, taken, unique_id, id) values (?, ?, ?, ?, ?)
Hibernate: insert into id_entity (creation_date, created, taken, unique_id, id) values (?, ?, ?, ?, ?)
Hibernate: insert into id_entity (creation_date, created, taken, unique_id, id) values (?, ?, ?, ?, ?)
Hibernate: insert into id_entity (creation_date, created, taken, unique_id, id) values (?, ?, ?, ?, ?)
Hibernate: insert into id_entity (creation_date, created, taken, unique_id, id) values (?, ?, ?, ?, ?)
Hibernate: insert into id_entity (creation_date, created, taken, unique_id, id) values (?, ?, ?, ?, ?)
Hibernate: insert into id_entity (creation_date, created, taken, unique_id, id) values (?, ?, ?, ?, ?)
Hibernate: insert into id_entity (creation_date, created, taken, unique_id, id) values (?, ?, ?, ?, ?)
Hibernate: insert into id_entity (creation_date, created, taken, unique_id, id) values (?, ?, ?, ?, ?)
Hibernate: insert into id_entity (creation_date, created, taken, unique_id, id) values (?, ?, ?, ?, ?)
Hibernate: insert into id_entity (creation_date, created, taken, unique_id, id) values (?, ?, ?, ?, ?)
Hibernate: insert into id_entity (creation_date, created, taken, unique_id, id) values (?, ?, ?, ?, ?)
Hibernate: insert into id_entity (creation_date, created, taken, unique_id, id) values (?, ?, ?, ?, ?)
Hibernate: insert into id_entity (creation_date, created, taken, unique_id, id) values (?, ?, ?, ?, ?)
Hibernate: insert into id_entity (creation_date, created, taken, unique_id, id) values (?, ?, ?, ?, ?)
Hibernate: insert into id_entity (creation_date, created, taken, unique_id, id) values (?, ?, ?, ?, ?)
Hibernate: insert into id_entity (creation_date, created, taken, unique_id, id) values (?, ?, ?, ?, ?)
Hibernate: insert into id_entity (creation_date, created, taken, unique_id, id) values (?, ?, ?, ?, ?)
Hibernate: update id_entity set creation_date=?, created=?, taken=?, unique_id=? where id=?
Hibernate: select identity0_.id as id1_0_, identity0_.creation_date as creation2_0_, identity0_.created as created3_0_, identity0_.taken as taken4_0_, identity0_.unique_id as unique_i5_0_ from id_entity identity0_ where identity0_.taken is null limit ?
Hibernate: update id_entity set creation_date=?, created=?, taken=?, unique_id=? where id=?
Hibernate: select identity0_.id as id1_0_, identity0_.creation_date as creation2_0_, identity0_.created as created3_0_, identity0_.taken as taken4_0_, identity0_.unique_id as unique_i5_0_ from id_entity identity0_ where identity0_.taken is null limit ?
Hibernate: update id_entity set creation_date=?, created=?, taken=?, unique_id=? where id=?
Hibernate: select identity0_.id as id1_0_, identity0_.creation_date as creation2_0_, identity0_.created as created3_0_, identity0_.taken as taken4_0_, identity0_.unique_id as unique_i5_0_ from id_entity identity0_ where identity0_.taken is null limit ?
Hibernate: update id_entity set creation_date=?, created=?, taken=?, unique_id=? where id=?
Hibernate: select identity0_.id as id1_0_, identity0_.creation_date as creation2_0_, identity0_.created as created3_0_, identity0_.taken as taken4_0_, identity0_.unique_id as unique_i5_0_ from id_entity identity0_ where identity0_.taken is null limit ?
Hibernate: update id_entity set creation_date=?, created=?, taken=?, unique_id=? where id=?
Hibernate: select identity0_.id as id1_0_, identity0_.creation_date as creation2_0_, identity0_.created as created3_0_, identity0_.taken as taken4_0_, identity0_.unique_id as unique_i5_0_ from id_entity identity0_ where identity0_.taken is null limit ?
Hibernate: update id_entity set creation_date=?, created=?, taken=?, unique_id=? where id=?
Hibernate: select identity0_.id as id1_0_, identity0_.creation_date as creation2_0_, identity0_.created as created3_0_, identity0_.taken as taken4_0_, identity0_.unique_id as unique_i5_0_ from id_entity identity0_ where identity0_.taken is null limit ?
Hibernate: update id_entity set creation_date=?, created=?, taken=?, unique_id=? where id=?
Hibernate: select identity0_.id as id1_0_, identity0_.creation_date as creation2_0_, identity0_.created as created3_0_, identity0_.taken as taken4_0_, identity0_.unique_id as unique_i5_0_ from id_entity identity0_ where identity0_.taken is null limit ?
Hibernate: update id_entity set creation_date=?, created=?, taken=?, unique_id=? where id=?
Hibernate: select identity0_.id as id1_0_, identity0_.creation_date as creation2_0_, identity0_.created as created3_0_, identity0_.taken as taken4_0_, identity0_.unique_id as unique_i5_0_ from id_entity identity0_ where identity0_.taken is null limit ?
Hibernate: update id_entity set creation_date=?, created=?, taken=?, unique_id=? where id=?
Hibernate: select identity0_.id as id1_0_, identity0_.creation_date as creation2_0_, identity0_.created as created3_0_, identity0_.taken as taken4_0_, identity0_.unique_id as unique_i5_0_ from id_entity identity0_ where identity0_.taken is null limit ?
Hibernate: update id_entity set creation_date=?, created=?, taken=?, unique_id=? where id=?
Hibernate: select identity0_.id as id1_0_, identity0_.creation_date as creation2_0_, identity0_.created as created3_0_, identity0_.taken as taken4_0_, identity0_.unique_id as unique_i5_0_ from id_entity identity0_ where identity0_.taken is null limit ?
Hibernate: update id_entity set creation_date=?, created=?, taken=?, unique_id=? where id=?
Hibernate: select identity0_.id as id1_0_, identity0_.creation_date as creation2_0_, identity0_.created as created3_0_, identity0_.taken as taken4_0_, identity0_.unique_id as unique_i5_0_ from id_entity identity0_ where identity0_.taken is null limit ?
Hibernate: update id_entity set creation_date=?, created=?, taken=?, unique_id=? where id=?
Hibernate: select identity0_.id as id1_0_, identity0_.creation_date as creation2_0_, identity0_.created as created3_0_, identity0_.taken as taken4_0_, identity0_.unique_id as unique_i5_0_ from id_entity identity0_ where identity0_.taken is null limit ?
Hibernate: update id_entity set creation_date=?, created=?, taken=?, unique_id=? where id=?
Hibernate: select identity0_.id as id1_0_, identity0_.creation_date as creation2_0_, identity0_.created as created3_0_, identity0_.taken as taken4_0_, identity0_.unique_id as unique_i5_0_ from id_entity identity0_ where identity0_.taken is null limit ?
Hibernate: update id_entity set creation_date=?, created=?, taken=?, unique_id=? where id=?
Hibernate: select identity0_.id as id1_0_, identity0_.creation_date as creation2_0_, identity0_.created as created3_0_, identity0_.taken as taken4_0_, identity0_.unique_id as unique_i5_0_ from id_entity identity0_ where identity0_.taken is null limit ?
Hibernate: update id_entity set creation_date=?, created=?, taken=?, unique_id=? where id=?
Hibernate: select identity0_.id as id1_0_, identity0_.creation_date as creation2_0_, identity0_.created as created3_0_, identity0_.taken as taken4_0_, identity0_.unique_id as unique_i5_0_ from id_entity identity0_ where identity0_.taken is null limit ?
Hibernate: update id_entity set creation_date=?, created=?, taken=?, unique_id=? where id=?
Hibernate: select identity0_.id as id1_0_, identity0_.creation_date as creation2_0_, identity0_.created as created3_0_, identity0_.taken as taken4_0_, identity0_.unique_id as unique_i5_0_ from id_entity identity0_ where identity0_.taken is null limit ?
Hibernate: update id_entity set creation_date=?, created=?, taken=?, unique_id=? where id=?
Hibernate: select identity0_.id as id1_0_, identity0_.creation_date as creation2_0_, identity0_.created as created3_0_, identity0_.taken as taken4_0_, identity0_.unique_id as unique_i5_0_ from id_entity identity0_ where identity0_.taken is null limit ?
Hibernate: update id_entity set creation_date=?, created=?, taken=?, unique_id=? where id=?
Hibernate: select identity0_.id as id1_0_, identity0_.creation_date as creation2_0_, identity0_.created as created3_0_, identity0_.taken as taken4_0_, identity0_.unique_id as unique_i5_0_ from id_entity identity0_ where identity0_.taken is null limit ?
Hibernate: update id_entity set creation_date=?, created=?, taken=?, unique_id=? where id=?
Hibernate: select identity0_.id as id1_0_, identity0_.creation_date as creation2_0_, identity0_.created as created3_0_, identity0_.taken as taken4_0_, identity0_.unique_id as unique_i5_0_ from id_entity identity0_ where identity0_.taken is null limit ?
Hibernate: update id_entity set creation_date=?, created=?, taken=?, unique_id=? where id=?
Hibernate: select identity0_.id as id1_0_, identity0_.creation_date as creation2_0_, identity0_.created as created3_0_, identity0_.taken as taken4_0_, identity0_.unique_id as unique_i5_0_ from id_entity identity0_ where identity0_.taken is null limit ?
Hibernate: update id_entity set creation_date=?, created=?, taken=?, unique_id=? where id=?
Hibernate: select identity0_.id as id1_0_, identity0_.creation_date as creation2_0_, identity0_.created as created3_0_, identity0_.taken as taken4_0_, identity0_.unique_id as unique_i5_0_ from id_entity identity0_ where identity0_.taken is null limit ?
Hibernate: update id_entity set creation_date=?, created=?, taken=?, unique_id=? where id=?
Hibernate: select identity0_.id as id1_0_, identity0_.creation_date as creation2_0_, identity0_.created as created3_0_, identity0_.taken as taken4_0_, identity0_.unique_id as unique_i5_0_ from id_entity identity0_ where identity0_.taken is null limit ?
Hibernate: update id_entity set creation_date=?, created=?, taken=?, unique_id=? where id=?
Hibernate: select identity0_.id as id1_0_, identity0_.creation_date as creation2_0_, identity0_.created as created3_0_, identity0_.taken as taken4_0_, identity0_.unique_id as unique_i5_0_ from id_entity identity0_ where identity0_.taken is null limit ?
Hibernate: update id_entity set creation_date=?, created=?, taken=?, unique_id=? where id=?
Hibernate: select identity0_.id as id1_0_, identity0_.creation_date as creation2_0_, identity0_.created as created3_0_, identity0_.taken as taken4_0_, identity0_.unique_id as unique_i5_0_ from id_entity identity0_ where identity0_.taken is null limit ?
Hibernate: update id_entity set creation_date=?, created=?, taken=?, unique_id=? where id=?
Hibernate: select identity0_.id as id1_0_, identity0_.creation_date as creation2_0_, identity0_.created as created3_0_, identity0_.taken as taken4_0_, identity0_.unique_id as unique_i5_0_ from id_entity identity0_ where identity0_.taken is null limit ?
Hibernate: update id_entity set creation_date=?, created=?, taken=?, unique_id=? where id=?
Hibernate: select identity0_.id as id1_0_, identity0_.creation_date as creation2_0_, identity0_.created as created3_0_, identity0_.taken as taken4_0_, identity0_.unique_id as unique_i5_0_ from id_entity identity0_ where identity0_.taken is null limit ?
Hibernate: update id_entity set creation_date=?, created=?, taken=?, unique_id=? where id=?
Hibernate: select identity0_.id as id1_0_, identity0_.creation_date as creation2_0_, identity0_.created as created3_0_, identity0_.taken as taken4_0_, identity0_.unique_id as unique_i5_0_ from id_entity identity0_ where identity0_.taken is null limit ?
Hibernate: update id_entity set creation_date=?, created=?, taken=?, unique_id=? where id=?
Hibernate: select identity0_.id as id1_0_, identity0_.creation_date as creation2_0_, identity0_.created as created3_0_, identity0_.taken as taken4_0_, identity0_.unique_id as unique_i5_0_ from id_entity identity0_ where identity0_.taken is null limit ?
Hibernate: update id_entity set creation_date=?, created=?, taken=?, unique_id=? where id=?
Hibernate: select identity0_.id as id1_0_, identity0_.creation_date as creation2_0_, identity0_.created as created3_0_, identity0_.taken as taken4_0_, identity0_.unique_id as unique_i5_0_ from id_entity identity0_ where identity0_.taken is null limit ?
Hibernate: update id_entity set creation_date=?, created=?, taken=?, unique_id=? where id=?
Hibernate: select identity0_.id as id1_0_, identity0_.creation_date as creation2_0_, identity0_.created as created3_0_, identity0_.taken as taken4_0_, identity0_.unique_id as unique_i5_0_ from id_entity identity0_ where identity0_.taken is null limit ?
Hibernate: update id_entity set creation_date=?, created=?, taken=?, unique_id=? where id=?
Hibernate: select identity0_.id as id1_0_, identity0_.creation_date as creation2_0_, identity0_.created as created3_0_, identity0_.taken as taken4_0_, identity0_.unique_id as unique_i5_0_ from id_entity identity0_ where identity0_.taken is null limit ?
Hibernate: update id_entity set creation_date=?, created=?, taken=?, unique_id=? where id=?
Hibernate: select identity0_.id as id1_0_, identity0_.creation_date as creation2_0_, identity0_.created as created3_0_, identity0_.taken as taken4_0_, identity0_.unique_id as unique_i5_0_ from id_entity identity0_ where identity0_.taken is null limit ?
Hibernate: update id_entity set creation_date=?, created=?, taken=?, unique_id=? where id=?
Hibernate: select identity0_.id as id1_0_, identity0_.creation_date as creation2_0_, identity0_.created as created3_0_, identity0_.taken as taken4_0_, identity0_.unique_id as unique_i5_0_ from id_entity identity0_ where identity0_.taken is null limit ?
Hibernate: update id_entity set creation_date=?, created=?, taken=?, unique_id=? where id=?
Hibernate: select identity0_.id as id1_0_, identity0_.creation_date as creation2_0_, identity0_.created as created3_0_, identity0_.taken as taken4_0_, identity0_.unique_id as unique_i5_0_ from id_entity identity0_ where identity0_.taken is null limit ?
Hibernate: update id_entity set creation_date=?, created=?, taken=?, unique_id=? where id=?
Hibernate: select identity0_.id as id1_0_, identity0_.creation_date as creation2_0_, identity0_.created as created3_0_, identity0_.taken as taken4_0_, identity0_.unique_id as unique_i5_0_ from id_entity identity0_ where identity0_.taken is null limit ?
Hibernate: update id_entity set creation_date=?, created=?, taken=?, unique_id=? where id=?
Hibernate: select identity0_.id as id1_0_, identity0_.creation_date as creation2_0_, identity0_.created as created3_0_, identity0_.taken as taken4_0_, identity0_.unique_id as unique_i5_0_ from id_entity identity0_ where identity0_.taken is null limit ?
Hibernate: update id_entity set creation_date=?, created=?, taken=?, unique_id=? where id=?
Hibernate: select identity0_.id as id1_0_, identity0_.creation_date as creation2_0_, identity0_.created as created3_0_, identity0_.taken as taken4_0_, identity0_.unique_id as unique_i5_0_ from id_entity identity0_ where identity0_.taken is null limit ?
Hibernate: update id_entity set creation_date=?, created=?, taken=?, unique_id=? where id=?
Hibernate: select identity0_.id as id1_0_, identity0_.creation_date as creation2_0_, identity0_.created as created3_0_, identity0_.taken as taken4_0_, identity0_.unique_id as unique_i5_0_ from id_entity identity0_ where identity0_.taken is null limit ?
Hibernate: update id_entity set creation_date=?, created=?, taken=?, unique_id=? where id=?
Hibernate: select identity0_.id as id1_0_, identity0_.creation_date as creation2_0_, identity0_.created as created3_0_, identity0_.taken as taken4_0_, identity0_.unique_id as unique_i5_0_ from id_entity identity0_ where identity0_.taken is null limit ?
Hibernate: update id_entity set creation_date=?, created=?, taken=?, unique_id=? where id=?
Hibernate: select identity0_.id as id1_0_, identity0_.creation_date as creation2_0_, identity0_.created as created3_0_, identity0_.taken as taken4_0_, identity0_.unique_id as unique_i5_0_ from id_entity identity0_ where identity0_.taken is null limit ?
Hibernate: update id_entity set creation_date=?, created=?, taken=?, unique_id=? where id=?
Hibernate: select identity0_.id as id1_0_, identity0_.creation_date as creation2_0_, identity0_.created as created3_0_, identity0_.taken as taken4_0_, identity0_.unique_id as unique_i5_0_ from id_entity identity0_ where identity0_.taken is null limit ?
Hibernate: update id_entity set creation_date=?, created=?, taken=?, unique_id=? where id=?
Hibernate: select identity0_.id as id1_0_, identity0_.creation_date as creation2_0_, identity0_.created as created3_0_, identity0_.taken as taken4_0_, identity0_.unique_id as unique_i5_0_ from id_entity identity0_ where identity0_.taken is null limit ?
Hibernate: update id_entity set creation_date=?, created=?, taken=?, unique_id=? where id=?
Hibernate: select identity0_.id as id1_0_, identity0_.creation_date as creation2_0_, identity0_.created as created3_0_, identity0_.taken as taken4_0_, identity0_.unique_id as unique_i5_0_ from id_entity identity0_ where identity0_.taken is null limit ?
Hibernate: update id_entity set creation_date=?, created=?, taken=?, unique_id=? where id=?
Hibernate: select identity0_.id as id1_0_, identity0_.creation_date as creation2_0_, identity0_.created as created3_0_, identity0_.taken as taken4_0_, identity0_.unique_id as unique_i5_0_ from id_entity identity0_ where identity0_.taken is null limit ?
Hibernate: update id_entity set creation_date=?, created=?, taken=?, unique_id=? where id=?
Hibernate: select identity0_.id as id1_0_, identity0_.creation_date as creation2_0_, identity0_.created as created3_0_, identity0_.taken as taken4_0_, identity0_.unique_id as unique_i5_0_ from id_entity identity0_ where identity0_.taken is null limit ?
Hibernate: update id_entity set creation_date=?, created=?, taken=?, unique_id=? where id=?
Hibernate: select identity0_.id as id1_0_, identity0_.creation_date as creation2_0_, identity0_.created as created3_0_, identity0_.taken as taken4_0_, identity0_.unique_id as unique_i5_0_ from id_entity identity0_ where identity0_.taken is null limit ?
Hibernate: update id_entity set creation_date=?, created=?, taken=?, unique_id=? where id=?
Hibernate: select identity0_.id as id1_0_, identity0_.creation_date as creation2_0_, identity0_.created as created3_0_, identity0_.taken as taken4_0_, identity0_.unique_id as unique_i5_0_ from id_entity identity0_ where identity0_.taken is null limit ?
Hibernate: update id_entity set creation_date=?, created=?, taken=?, unique_id=? where id=?
Hibernate: select identity0_.id as id1_0_, identity0_.creation_date as creation2_0_, identity0_.created as created3_0_, identity0_.taken as taken4_0_, identity0_.unique_id as unique_i5_0_ from id_entity identity0_ where identity0_.taken is null limit ?
Hibernate: update id_entity set creation_date=?, created=?, taken=?, unique_id=? where id=?
Hibernate: select identity0_.id as id1_0_, identity0_.creation_date as creation2_0_, identity0_.created as created3_0_, identity0_.taken as taken4_0_, identity0_.unique_id as unique_i5_0_ from id_entity identity0_ where identity0_.taken is null limit ?
Hibernate: update id_entity set creation_date=?, created=?, taken=?, unique_id=? where id=?
Hibernate: select identity0_.id as id1_0_, identity0_.creation_date as creation2_0_, identity0_.created as created3_0_, identity0_.taken as taken4_0_, identity0_.unique_id as unique_i5_0_ from id_entity identity0_ where identity0_.taken is null limit ?
Hibernate: update id_entity set creation_date=?, created=?, taken=?, unique_id=? where id=?
Hibernate: select identity0_.id as id1_0_, identity0_.creation_date as creation2_0_, identity0_.created as created3_0_, identity0_.taken as taken4_0_, identity0_.unique_id as unique_i5_0_ from id_entity identity0_ where identity0_.taken is null limit ?
Hibernate: update id_entity set creation_date=?, created=?, taken=?, unique_id=? where id=?
Hibernate: select identity0_.id as id1_0_, identity0_.creation_date as creation2_0_, identity0_.created as created3_0_, identity0_.taken as taken4_0_, identity0_.unique_id as unique_i5_0_ from id_entity identity0_ where identity0_.taken is null limit ?
Hibernate: update id_entity set creation_date=?, created=?, taken=?, unique_id=? where id=?
Hibernate: select identity0_.id as id1_0_, identity0_.creation_date as creation2_0_, identity0_.created as created3_0_, identity0_.taken as taken4_0_, identity0_.unique_id as unique_i5_0_ from id_entity identity0_ where identity0_.taken is null limit ?
Hibernate: update id_entity set creation_date=?, created=?, taken=?, unique_id=? where id=?
Hibernate: select identity0_.id as id1_0_, identity0_.creation_date as creation2_0_, identity0_.created as created3_0_, identity0_.taken as taken4_0_, identity0_.unique_id as unique_i5_0_ from id_entity identity0_ where identity0_.taken is null limit ?
Hibernate: update id_entity set creation_date=?, created=?, taken=?, unique_id=? where id=?
Hibernate: select identity0_.id as id1_0_, identity0_.creation_date as creation2_0_, identity0_.created as created3_0_, identity0_.taken as taken4_0_, identity0_.unique_id as unique_i5_0_ from id_entity identity0_ where identity0_.taken is null limit ?
Hibernate: update id_entity set creation_date=?, created=?, taken=?, unique_id=? where id=?
Hibernate: select identity0_.id as id1_0_, identity0_.creation_date as creation2_0_, identity0_.created as created3_0_, identity0_.taken as taken4_0_, identity0_.unique_id as unique_i5_0_ from id_entity identity0_ where identity0_.taken is null limit ?
Hibernate: update id_entity set creation_date=?, created=?, taken=?, unique_id=? where id=?
Hibernate: select identity0_.id as id1_0_, identity0_.creation_date as creation2_0_, identity0_.created as created3_0_, identity0_.taken as taken4_0_, identity0_.unique_id as unique_i5_0_ from id_entity identity0_ where identity0_.taken is null limit ?
Hibernate: update id_entity set creation_date=?, created=?, taken=?, unique_id=? where id=?
Hibernate: select identity0_.id as id1_0_, identity0_.creation_date as creation2_0_, identity0_.created as created3_0_, identity0_.taken as taken4_0_, identity0_.unique_id as unique_i5_0_ from id_entity identity0_ where identity0_.taken is null limit ?
Hibernate: update id_entity set creation_date=?, created=?, taken=?, unique_id=? where id=?
Hibernate: select identity0_.id as id1_0_, identity0_.creation_date as creation2_0_, identity0_.created as created3_0_, identity0_.taken as taken4_0_, identity0_.unique_id as unique_i5_0_ from id_entity identity0_ where identity0_.taken is null limit ?
Hibernate: update id_entity set creation_date=?, created=?, taken=?, unique_id=? where id=?
Hibernate: select identity0_.id as id1_0_, identity0_.creation_date as creation2_0_, identity0_.created as created3_0_, identity0_.taken as taken4_0_, identity0_.unique_id as unique_i5_0_ from id_entity identity0_ where identity0_.taken is null limit ?
Hibernate: update id_entity set creation_date=?, created=?, taken=?, unique_id=? where id=?
Hibernate: select identity0_.id as id1_0_, identity0_.creation_date as creation2_0_, identity0_.created as created3_0_, identity0_.taken as taken4_0_, identity0_.unique_id as unique_i5_0_ from id_entity identity0_ where identity0_.taken is null limit ?
Hibernate: update id_entity set creation_date=?, created=?, taken=?, unique_id=? where id=?
Hibernate: select identity0_.id as id1_0_, identity0_.creation_date as creation2_0_, identity0_.created as created3_0_, identity0_.taken as taken4_0_, identity0_.unique_id as unique_i5_0_ from id_entity identity0_ where identity0_.taken is null limit ?
Hibernate: update id_entity set creation_date=?, created=?, taken=?, unique_id=? where id=?
Hibernate: select identity0_.id as id1_0_, identity0_.creation_date as creation2_0_, identity0_.created as created3_0_, identity0_.taken as taken4_0_, identity0_.unique_id as unique_i5_0_ from id_entity identity0_ where identity0_.taken is null limit ?
Hibernate: update id_entity set creation_date=?, created=?, taken=?, unique_id=? where id=?
Hibernate: select identity0_.id as id1_0_, identity0_.creation_date as creation2_0_, identity0_.created as created3_0_, identity0_.taken as taken4_0_, identity0_.unique_id as unique_i5_0_ from id_entity identity0_ where identity0_.taken is null limit ?
Hibernate: update id_entity set creation_date=?, created=?, taken=?, unique_id=? where id=?
Hibernate: select identity0_.id as id1_0_, identity0_.creation_date as creation2_0_, identity0_.created as created3_0_, identity0_.taken as taken4_0_, identity0_.unique_id as unique_i5_0_ from id_entity identity0_ where identity0_.taken is null limit ?
Hibernate: update id_entity set creation_date=?, created=?, taken=?, unique_id=? where id=?
Hibernate: select identity0_.id as id1_0_, identity0_.creation_date as creation2_0_, identity0_.created as created3_0_, identity0_.taken as taken4_0_, identity0_.unique_id as unique_i5_0_ from id_entity identity0_ where identity0_.taken is null limit ?
Hibernate: update id_entity set creation_date=?, created=?, taken=?, unique_id=? where id=?
Hibernate: select identity0_.id as id1_0_, identity0_.creation_date as creation2_0_, identity0_.created as created3_0_, identity0_.taken as taken4_0_, identity0_.unique_id as unique_i5_0_ from id_entity identity0_ where identity0_.taken is null limit ?
Hibernate: update id_entity set creation_date=?, created=?, taken=?, unique_id=? where id=?
Hibernate: select identity0_.id as id1_0_, identity0_.creation_date as creation2_0_, identity0_.created as created3_0_, identity0_.taken as taken4_0_, identity0_.unique_id as unique_i5_0_ from id_entity identity0_ where identity0_.taken is null limit ?
Hibernate: update id_entity set creation_date=?, created=?, taken=?, unique_id=? where id=?
Hibernate: select identity0_.id as id1_0_, identity0_.creation_date as creation2_0_, identity0_.created as created3_0_, identity0_.taken as taken4_0_, identity0_.unique_id as unique_i5_0_ from id_entity identity0_ where identity0_.taken is null limit ?
Hibernate: update id_entity set creation_date=?, created=?, taken=?, unique_id=? where id=?
Hibernate: select identity0_.id as id1_0_, identity0_.creation_date as creation2_0_, identity0_.created as created3_0_, identity0_.taken as taken4_0_, identity0_.unique_id as unique_i5_0_ from id_entity identity0_ where identity0_.taken is null limit ?
Hibernate: update id_entity set creation_date=?, created=?, taken=?, unique_id=? where id=?
Hibernate: select identity0_.id as id1_0_, identity0_.creation_date as creation2_0_, identity0_.created as created3_0_, identity0_.taken as taken4_0_, identity0_.unique_id as unique_i5_0_ from id_entity identity0_ where identity0_.taken is null limit ?
Hibernate: update id_entity set creation_date=?, created=?, taken=?, unique_id=? where id=?
Hibernate: select identity0_.id as id1_0_, identity0_.creation_date as creation2_0_, identity0_.created as created3_0_, identity0_.taken as taken4_0_, identity0_.unique_id as unique_i5_0_ from id_entity identity0_ where identity0_.taken is null limit ?
Hibernate: update id_entity set creation_date=?, created=?, taken=?, unique_id=? where id=?
Hibernate: select identity0_.id as id1_0_, identity0_.creation_date as creation2_0_, identity0_.created as created3_0_, identity0_.taken as taken4_0_, identity0_.unique_id as unique_i5_0_ from id_entity identity0_ where identity0_.taken is null limit ?
Hibernate: update id_entity set creation_date=?, created=?, taken=?, unique_id=? where id=?
Hibernate: select identity0_.id as id1_0_, identity0_.creation_date as creation2_0_, identity0_.created as created3_0_, identity0_.taken as taken4_0_, identity0_.unique_id as unique_i5_0_ from id_entity identity0_ where identity0_.taken is null limit ?
Hibernate: update id_entity set creation_date=?, created=?, taken=?, unique_id=? where id=?
Hibernate: select identity0_.id as id1_0_, identity0_.creation_date as creation2_0_, identity0_.created as created3_0_, identity0_.taken as taken4_0_, identity0_.unique_id as unique_i5_0_ from id_entity identity0_ where identity0_.taken is null limit ?
Hibernate: update id_entity set creation_date=?, created=?, taken=?, unique_id=? where id=?
Hibernate: select identity0_.id as id1_0_, identity0_.creation_date as creation2_0_, identity0_.created as created3_0_, identity0_.taken as taken4_0_, identity0_.unique_id as unique_i5_0_ from id_entity identity0_ where identity0_.taken is null limit ?
Hibernate: update id_entity set creation_date=?, created=?, taken=?, unique_id=? where id=?
Hibernate: select identity0_.id as id1_0_, identity0_.creation_date as creation2_0_, identity0_.created as created3_0_, identity0_.taken as taken4_0_, identity0_.unique_id as unique_i5_0_ from id_entity identity0_ where identity0_.taken is null limit ?
Hibernate: update id_entity set creation_date=?, created=?, taken=?, unique_id=? where id=?
Hibernate: select identity0_.id as id1_0_, identity0_.creation_date as creation2_0_, identity0_.created as created3_0_, identity0_.taken as taken4_0_, identity0_.unique_id as unique_i5_0_ from id_entity identity0_ where identity0_.taken is null limit ?
Hibernate: update id_entity set creation_date=?, created=?, taken=?, unique_id=? where id=?
Hibernate: select identity0_.id as id1_0_, identity0_.creation_date as creation2_0_, identity0_.created as created3_0_, identity0_.taken as taken4_0_, identity0_.unique_id as unique_i5_0_ from id_entity identity0_ where identity0_.taken is null limit ?
Hibernate: update id_entity set creation_date=?, created=?, taken=?, unique_id=? where id=?
Hibernate: select identity0_.id as id1_0_, identity0_.creation_date as creation2_0_, identity0_.created as created3_0_, identity0_.taken as taken4_0_, identity0_.unique_id as unique_i5_0_ from id_entity identity0_ where identity0_.taken is null limit ?
Hibernate: update id_entity set creation_date=?, created=?, taken=?, unique_id=? where id=?
Hibernate: select identity0_.id as id1_0_, identity0_.creation_date as creation2_0_, identity0_.created as created3_0_, identity0_.taken as taken4_0_, identity0_.unique_id as unique_i5_0_ from id_entity identity0_ where identity0_.taken is null limit ?
Hibernate: update id_entity set creation_date=?, created=?, taken=?, unique_id=? where id=?
Hibernate: select identity0_.id as id1_0_, identity0_.creation_date as creation2_0_, identity0_.created as created3_0_, identity0_.taken as taken4_0_, identity0_.unique_id as unique_i5_0_ from id_entity identity0_ where identity0_.taken is null limit ?
Hibernate: update id_entity set creation_date=?, created=?, taken=?, unique_id=? where id=?
Hibernate: select identity0_.id as id1_0_, identity0_.creation_date as creation2_0_, identity0_.created as created3_0_, identity0_.taken as taken4_0_, identity0_.unique_id as unique_i5_0_ from id_entity identity0_ where identity0_.taken is null limit ?
Hibernate: update id_entity set creation_date=?, created=?, taken=?, unique_id=? where id=?
Hibernate: select identity0_.id as id1_0_, identity0_.creation_date as creation2_0_, identity0_.created as created3_0_, identity0_.taken as taken4_0_, identity0_.unique_id as unique_i5_0_ from id_entity identity0_ where identity0_.taken is null limit ?
Hibernate: update id_entity set creation_date=?, created=?, taken=?, unique_id=? where id=?
Hibernate: select identity0_.id as id1_0_, identity0_.creation_date as creation2_0_, identity0_.created as created3_0_, identity0_.taken as taken4_0_, identity0_.unique_id as unique_i5_0_ from id_entity identity0_ where identity0_.taken is null limit ?
Hibernate: update id_entity set creation_date=?, created=?, taken=?, unique_id=? where id=?
Hibernate: select identity0_.id as id1_0_, identity0_.creation_date as creation2_0_, identity0_.created as created3_0_, identity0_.taken as taken4_0_, identity0_.unique_id as unique_i5_0_ from id_entity identity0_ where identity0_.taken is null limit ?
Hibernate: update id_entity set creation_date=?, created=?, taken=?, unique_id=? where id=?
Hibernate: select identity0_.id as id1_0_, identity0_.creation_date as creation2_0_, identity0_.created as created3_0_, identity0_.taken as taken4_0_, identity0_.unique_id as unique_i5_0_ from id_entity identity0_ where identity0_.taken is null limit ?
Hibernate: update id_entity set creation_date=?, created=?, taken=?, unique_id=? where id=?
Hibernate: select identity0_.id as id1_0_, identity0_.creation_date as creation2_0_, identity0_.created as created3_0_, identity0_.taken as taken4_0_, identity0_.unique_id as unique_i5_0_ from id_entity identity0_ where identity0_.taken is null limit ?
Hibernate: update id_entity set creation_date=?, created=?, taken=?, unique_id=? where id=?
Hibernate: select identity0_.id as id1_0_, identity0_.creation_date as creation2_0_, identity0_.created as created3_0_, identity0_.taken as taken4_0_, identity0_.unique_id as unique_i5_0_ from id_entity identity0_ where identity0_.taken is null limit ?
Hibernate: update id_entity set creation_date=?, created=?, taken=?, unique_id=? where id=?
Hibernate: select identity0_.id as id1_0_, identity0_.creation_date as creation2_0_, identity0_.created as created3_0_, identity0_.taken as taken4_0_, identity0_.unique_id as unique_i5_0_ from id_entity identity0_ where identity0_.taken is null limit ?
Hibernate: update id_entity set creation_date=?, created=?, taken=?, unique_id=? where id=?
Hibernate: select identity0_.id as id1_0_, identity0_.creation_date as creation2_0_, identity0_.created as created3_0_, identity0_.taken as taken4_0_, identity0_.unique_id as unique_i5_0_ from id_entity identity0_ where identity0_.taken is null limit ?
Hibernate: update id_entity set creation_date=?, created=?, taken=?, unique_id=? where id=?
Hibernate: select identity0_.id as id1_0_, identity0_.creation_date as creation2_0_, identity0_.created as created3_0_, identity0_.taken as taken4_0_, identity0_.unique_id as unique_i5_0_ from id_entity identity0_ where identity0_.taken is null limit ?
Hibernate: update id_entity set creation_date=?, created=?, taken=?, unique_id=? where id=?
Hibernate: select identity0_.id as id1_0_, identity0_.creation_date as creation2_0_, identity0_.created as created3_0_, identity0_.taken as taken4_0_, identity0_.unique_id as unique_i5_0_ from id_entity identity0_ where identity0_.taken is null limit ?
Hibernate: update id_entity set creation_date=?, created=?, taken=?, unique_id=? where id=?
Hibernate: select identity0_.id as id1_0_, identity0_.creation_date as creation2_0_, identity0_.created as created3_0_, identity0_.taken as taken4_0_, identity0_.unique_id as unique_i5_0_ from id_entity identity0_ where identity0_.taken is null limit ?
Hibernate: update id_entity set creation_date=?, created=?, taken=?, unique_id=? where id=?
Hibernate: select identity0_.id as id1_0_, identity0_.creation_date as creation2_0_, identity0_.created as created3_0_, identity0_.taken as taken4_0_, identity0_.unique_id as unique_i5_0_ from id_entity identity0_ where identity0_.taken is null limit ?
Hibernate: update id_entity set creation_date=?, created=?, taken=?, unique_id=? where id=?
Hibernate: select identity0_.id as id1_0_, identity0_.creation_date as creation2_0_, identity0_.created as created3_0_, identity0_.taken as taken4_0_, identity0_.unique_id as unique_i5_0_ from id_entity identity0_ where identity0_.taken is null limit ?
Hibernate: update id_entity set creation_date=?, created=?, taken=?, unique_id=? where id=?
Hibernate: select identity0_.id as id1_0_, identity0_.creation_date as creation2_0_, identity0_.created as created3_0_, identity0_.taken as taken4_0_, identity0_.unique_id as unique_i5_0_ from id_entity identity0_ where identity0_.taken is null limit ?
Hibernate: update id_entity set creation_date=?, created=?, taken=?, unique_id=? where id=?
Hibernate: select identity0_.id as id1_0_, identity0_.creation_date as creation2_0_, identity0_.created as created3_0_, identity0_.taken as taken4_0_, identity0_.unique_id as unique_i5_0_ from id_entity identity0_ where identity0_.taken is null limit ?
Hibernate: update id_entity set creation_date=?, created=?, taken=?, unique_id=? where id=?
Hibernate: select identity0_.id as id1_0_, identity0_.creation_date as creation2_0_, identity0_.created as created3_0_, identity0_.taken as taken4_0_, identity0_.unique_id as unique_i5_0_ from id_entity identity0_ where identity0_.taken is null limit ?
Hibernate: update id_entity set creation_date=?, created=?, taken=?, unique_id=? where id=?
Hibernate: select identity0_.id as id1_0_, identity0_.creation_date as creation2_0_, identity0_.created as created3_0_, identity0_.taken as taken4_0_, identity0_.unique_id as unique_i5_0_ from id_entity identity0_ where identity0_.taken is null limit ?
Hibernate: select count(*) as col_0_0_ from id_entity identity0_
Hibernate: call next value for hibernate_sequence
Hibernate: call next value for hibernate_sequence
Hibernate: call next value for hibernate_sequence
Hibernate: call next value for hibernate_sequence
Hibernate: call next value for hibernate_sequence
Hibernate: call next value for hibernate_sequence
Hibernate: call next value for hibernate_sequence
Hibernate: call next value for hibernate_sequence
Hibernate: call next value for hibernate_sequence
Hibernate: call next value for hibernate_sequence
Hibernate: call next value for hibernate_sequence
Hibernate: call next value for hibernate_sequence
Hibernate: call next value for hibernate_sequence
Hibernate: call next value for hibernate_sequence
Hibernate: call next value for hibernate_sequence
Hibernate: call next value for hibernate_sequence
Hibernate: call next value for hibernate_sequence
Hibernate: call next value for hibernate_sequence
Hibernate: call next value for hibernate_sequence
Hibernate: call next value for hibernate_sequence
Hibernate: call next value for hibernate_sequence
Hibernate: call next value for hibernate_sequence
Hibernate: call next value for hibernate_sequence
Hibernate: call next value for hibernate_sequence
Hibernate: call next value for hibernate_sequence
Hibernate: call next value for hibernate_sequence
Hibernate: call next value for hibernate_sequence
Hibernate: call next value for hibernate_sequence
Hibernate: call next value for hibernate_sequence
Hibernate: call next value for hibernate_sequence
Hibernate: call next value for hibernate_sequence
Hibernate: call next value for hibernate_sequence
Hibernate: call next value for hibernate_sequence
Hibernate: call next value for hibernate_sequence
Hibernate: call next value for hibernate_sequence
Hibernate: call next value for hibernate_sequence
Hibernate: call next value for hibernate_sequence
Hibernate: call next value for hibernate_sequence
Hibernate: call next value for hibernate_sequence
Hibernate: call next value for hibernate_sequence
Hibernate: call next value for hibernate_sequence
Hibernate: call next value for hibernate_sequence
Hibernate: call next value for hibernate_sequence
Hibernate: call next value for hibernate_sequence
Hibernate: call next value for hibernate_sequence
Hibernate: call next value for hibernate_sequence
Hibernate: call next value for hibernate_sequence
Hibernate: call next value for hibernate_sequence
Hibernate: call next value for hibernate_sequence
Hibernate: call next value for hibernate_sequence
Hibernate: call next value for hibernate_sequence
Hibernate: call next value for hibernate_sequence
Hibernate: call next value for hibernate_sequence
Hibernate: call next value for hibernate_sequence
Hibernate: call next value for hibernate_sequence
Hibernate: call next value for hibernate_sequence
Hibernate: call next value for hibernate_sequence
Hibernate: call next value for hibernate_sequence
Hibernate: call next value for hibernate_sequence
Hibernate: call next value for hibernate_sequence
Hibernate: call next value for hibernate_sequence
Hibernate: call next value for hibernate_sequence
Hibernate: call next value for hibernate_sequence
Hibernate: call next value for hibernate_sequence
Hibernate: call next value for hibernate_sequence
Hibernate: call next value for hibernate_sequence
Hibernate: call next value for hibernate_sequence
Hibernate: call next value for hibernate_sequence
Hibernate: call next value for hibernate_sequence
Hibernate: call next value for hibernate_sequence
Hibernate: call next value for hibernate_sequence
Hibernate: call next value for hibernate_sequence
Hibernate: call next value for hibernate_sequence
Hibernate: call next value for hibernate_sequence
Hibernate: call next value for hibernate_sequence
Hibernate: call next value for hibernate_sequence
Hibernate: call next value for hibernate_sequence
Hibernate: call next value for hibernate_sequence
Hibernate: call next value for hibernate_sequence
Hibernate: call next value for hibernate_sequence
Hibernate: call next value for hibernate_sequence
Hibernate: call next value for hibernate_sequence
Hibernate: call next value for hibernate_sequence
Hibernate: call next value for hibernate_sequence
Hibernate: call next value for hibernate_sequence
Hibernate: call next value for hibernate_sequence
Hibernate: call next value for hibernate_sequence
Hibernate: call next value for hibernate_sequence
Hibernate: call next value for hibernate_sequence
Hibernate: call next value for hibernate_sequence
Hibernate: call next value for hibernate_sequence
Hibernate: call next value for hibernate_sequence
Hibernate: call next value for hibernate_sequence
Hibernate: call next value for hibernate_sequence
Hibernate: call next value for hibernate_sequence
Hibernate: call next value for hibernate_sequence
Hibernate: call next value for hibernate_sequence
Hibernate: call next value for hibernate_sequence
Hibernate: call next value for hibernate_sequence
Hibernate: call next value for hibernate_sequence
Hibernate: insert into id_entity (creation_date, created, taken, unique_id, id) values (?, ?, ?, ?, ?)
Hibernate: insert into id_entity (creation_date, created, taken, unique_id, id) values (?, ?, ?, ?, ?)
Hibernate: insert into id_entity (creation_date, created, taken, unique_id, id) values (?, ?, ?, ?, ?)
Hibernate: insert into id_entity (creation_date, created, taken, unique_id, id) values (?, ?, ?, ?, ?)
Hibernate: insert into id_entity (creation_date, created, taken, unique_id, id) values (?, ?, ?, ?, ?)
Hibernate: insert into id_entity (creation_date, created, taken, unique_id, id) values (?, ?, ?, ?, ?)
Hibernate: insert into id_entity (creation_date, created, taken, unique_id, id) values (?, ?, ?, ?, ?)
Hibernate: insert into id_entity (creation_date, created, taken, unique_id, id) values (?, ?, ?, ?, ?)
Hibernate: insert into id_entity (creation_date, created, taken, unique_id, id) values (?, ?, ?, ?, ?)
Hibernate: insert into id_entity (creation_date, created, taken, unique_id, id) values (?, ?, ?, ?, ?)
Hibernate: insert into id_entity (creation_date, created, taken, unique_id, id) values (?, ?, ?, ?, ?)
Hibernate: insert into id_entity (creation_date, created, taken, unique_id, id) values (?, ?, ?, ?, ?)
Hibernate: insert into id_entity (creation_date, created, taken, unique_id, id) values (?, ?, ?, ?, ?)
Hibernate: insert into id_entity (creation_date, created, taken, unique_id, id) values (?, ?, ?, ?, ?)
Hibernate: insert into id_entity (creation_date, created, taken, unique_id, id) values (?, ?, ?, ?, ?)
Hibernate: insert into id_entity (creation_date, created, taken, unique_id, id) values (?, ?, ?, ?, ?)
Hibernate: insert into id_entity (creation_date, created, taken, unique_id, id) values (?, ?, ?, ?, ?)
Hibernate: insert into id_entity (creation_date, created, taken, unique_id, id) values (?, ?, ?, ?, ?)
Hibernate: insert into id_entity (creation_date, created, taken, unique_id, id) values (?, ?, ?, ?, ?)
Hibernate: insert into id_entity (creation_date, created, taken, unique_id, id) values (?, ?, ?, ?, ?)
Hibernate: insert into id_entity (creation_date, created, taken, unique_id, id) values (?, ?, ?, ?, ?)
Hibernate: insert into id_entity (creation_date, created, taken, unique_id, id) values (?, ?, ?, ?, ?)
Hibernate: insert into id_entity (creation_date, created, taken, unique_id, id) values (?, ?, ?, ?, ?)
Hibernate: insert into id_entity (creation_date, created, taken, unique_id, id) values (?, ?, ?, ?, ?)
Hibernate: insert into id_entity (creation_date, created, taken, unique_id, id) values (?, ?, ?, ?, ?)
Hibernate: insert into id_entity (creation_date, created, taken, unique_id, id) values (?, ?, ?, ?, ?)
Hibernate: insert into id_entity (creation_date, created, taken, unique_id, id) values (?, ?, ?, ?, ?)
Hibernate: insert into id_entity (creation_date, created, taken, unique_id, id) values (?, ?, ?, ?, ?)
Hibernate: insert into id_entity (creation_date, created, taken, unique_id, id) values (?, ?, ?, ?, ?)
Hibernate: insert into id_entity (creation_date, created, taken, unique_id, id) values (?, ?, ?, ?, ?)
Hibernate: insert into id_entity (creation_date, created, taken, unique_id, id) values (?, ?, ?, ?, ?)
Hibernate: insert into id_entity (creation_date, created, taken, unique_id, id) values (?, ?, ?, ?, ?)
Hibernate: insert into id_entity (creation_date, created, taken, unique_id, id) values (?, ?, ?, ?, ?)
Hibernate: insert into id_entity (creation_date, created, taken, unique_id, id) values (?, ?, ?, ?, ?)
Hibernate: insert into id_entity (creation_date, created, taken, unique_id, id) values (?, ?, ?, ?, ?)
Hibernate: insert into id_entity (creation_date, created, taken, unique_id, id) values (?, ?, ?, ?, ?)
Hibernate: insert into id_entity (creation_date, created, taken, unique_id, id) values (?, ?, ?, ?, ?)
Hibernate: insert into id_entity (creation_date, created, taken, unique_id, id) values (?, ?, ?, ?, ?)
Hibernate: insert into id_entity (creation_date, created, taken, unique_id, id) values (?, ?, ?, ?, ?)
Hibernate: insert into id_entity (creation_date, created, taken, unique_id, id) values (?, ?, ?, ?, ?)
Hibernate: insert into id_entity (creation_date, created, taken, unique_id, id) values (?, ?, ?, ?, ?)
Hibernate: insert into id_entity (creation_date, created, taken, unique_id, id) values (?, ?, ?, ?, ?)
Hibernate: insert into id_entity (creation_date, created, taken, unique_id, id) values (?, ?, ?, ?, ?)
Hibernate: insert into id_entity (creation_date, created, taken, unique_id, id) values (?, ?, ?, ?, ?)
Hibernate: insert into id_entity (creation_date, created, taken, unique_id, id) values (?, ?, ?, ?, ?)
Hibernate: insert into id_entity (creation_date, created, taken, unique_id, id) values (?, ?, ?, ?, ?)
Hibernate: insert into id_entity (creation_date, created, taken, unique_id, id) values (?, ?, ?, ?, ?)
Hibernate: insert into id_entity (creation_date, created, taken, unique_id, id) values (?, ?, ?, ?, ?)
Hibernate: insert into id_entity (creation_date, created, taken, unique_id, id) values (?, ?, ?, ?, ?)
Hibernate: insert into id_entity (creation_date, created, taken, unique_id, id) values (?, ?, ?, ?, ?)
Hibernate: insert into id_entity (creation_date, created, taken, unique_id, id) values (?, ?, ?, ?, ?)
Hibernate: insert into id_entity (creation_date, created, taken, unique_id, id) values (?, ?, ?, ?, ?)
Hibernate: insert into id_entity (creation_date, created, taken, unique_id, id) values (?, ?, ?, ?, ?)
Hibernate: insert into id_entity (creation_date, created, taken, unique_id, id) values (?, ?, ?, ?, ?)
Hibernate: insert into id_entity (creation_date, created, taken, unique_id, id) values (?, ?, ?, ?, ?)
Hibernate: insert into id_entity (creation_date, created, taken, unique_id, id) values (?, ?, ?, ?, ?)
Hibernate: insert into id_entity (creation_date, created, taken, unique_id, id) values (?, ?, ?, ?, ?)
Hibernate: insert into id_entity (creation_date, created, taken, unique_id, id) values (?, ?, ?, ?, ?)
Hibernate: insert into id_entity (creation_date, created, taken, unique_id, id) values (?, ?, ?, ?, ?)
Hibernate: insert into id_entity (creation_date, created, taken, unique_id, id) values (?, ?, ?, ?, ?)
Hibernate: insert into id_entity (creation_date, created, taken, unique_id, id) values (?, ?, ?, ?, ?)
Hibernate: insert into id_entity (creation_date, created, taken, unique_id, id) values (?, ?, ?, ?, ?)
Hibernate: insert into id_entity (creation_date, created, taken, unique_id, id) values (?, ?, ?, ?, ?)
Hibernate: insert into id_entity (creation_date, created, taken, unique_id, id) values (?, ?, ?, ?, ?)
Hibernate: insert into id_entity (creation_date, created, taken, unique_id, id) values (?, ?, ?, ?, ?)
Hibernate: insert into id_entity (creation_date, created, taken, unique_id, id) values (?, ?, ?, ?, ?)
Hibernate: insert into id_entity (creation_date, created, taken, unique_id, id) values (?, ?, ?, ?, ?)
Hibernate: insert into id_entity (creation_date, created, taken, unique_id, id) values (?, ?, ?, ?, ?)
Hibernate: insert into id_entity (creation_date, created, taken, unique_id, id) values (?, ?, ?, ?, ?)
Hibernate: insert into id_entity (creation_date, created, taken, unique_id, id) values (?, ?, ?, ?, ?)
Hibernate: insert into id_entity (creation_date, created, taken, unique_id, id) values (?, ?, ?, ?, ?)
Hibernate: insert into id_entity (creation_date, created, taken, unique_id, id) values (?, ?, ?, ?, ?)
Hibernate: insert into id_entity (creation_date, created, taken, unique_id, id) values (?, ?, ?, ?, ?)
Hibernate: insert into id_entity (creation_date, created, taken, unique_id, id) values (?, ?, ?, ?, ?)
Hibernate: insert into id_entity (creation_date, created, taken, unique_id, id) values (?, ?, ?, ?, ?)
Hibernate: insert into id_entity (creation_date, created, taken, unique_id, id) values (?, ?, ?, ?, ?)
Hibernate: insert into id_entity (creation_date, created, taken, unique_id, id) values (?, ?, ?, ?, ?)
Hibernate: insert into id_entity (creation_date, created, taken, unique_id, id) values (?, ?, ?, ?, ?)
Hibernate: insert into id_entity (creation_date, created, taken, unique_id, id) values (?, ?, ?, ?, ?)
Hibernate: insert into id_entity (creation_date, created, taken, unique_id, id) values (?, ?, ?, ?, ?)
Hibernate: insert into id_entity (creation_date, created, taken, unique_id, id) values (?, ?, ?, ?, ?)
Hibernate: insert into id_entity (creation_date, created, taken, unique_id, id) values (?, ?, ?, ?, ?)
Hibernate: insert into id_entity (creation_date, created, taken, unique_id, id) values (?, ?, ?, ?, ?)
Hibernate: insert into id_entity (creation_date, created, taken, unique_id, id) values (?, ?, ?, ?, ?)
Hibernate: insert into id_entity (creation_date, created, taken, unique_id, id) values (?, ?, ?, ?, ?)
Hibernate: insert into id_entity (creation_date, created, taken, unique_id, id) values (?, ?, ?, ?, ?)
Hibernate: insert into id_entity (creation_date, created, taken, unique_id, id) values (?, ?, ?, ?, ?)
Hibernate: insert into id_entity (creation_date, created, taken, unique_id, id) values (?, ?, ?, ?, ?)
Hibernate: insert into id_entity (creation_date, created, taken, unique_id, id) values (?, ?, ?, ?, ?)
Hibernate: insert into id_entity (creation_date, created, taken, unique_id, id) values (?, ?, ?, ?, ?)
Hibernate: insert into id_entity (creation_date, created, taken, unique_id, id) values (?, ?, ?, ?, ?)
Hibernate: insert into id_entity (creation_date, created, taken, unique_id, id) values (?, ?, ?, ?, ?)
Hibernate: insert into id_entity (creation_date, created, taken, unique_id, id) values (?, ?, ?, ?, ?)
Hibernate: insert into id_entity (creation_date, created, taken, unique_id, id) values (?, ?, ?, ?, ?)
Hibernate: insert into id_entity (creation_date, created, taken, unique_id, id) values (?, ?, ?, ?, ?)
Hibernate: insert into id_entity (creation_date, created, taken, unique_id, id) values (?, ?, ?, ?, ?)
Hibernate: insert into id_entity (creation_date, created, taken, unique_id, id) values (?, ?, ?, ?, ?)
Hibernate: insert into id_entity (creation_date, created, taken, unique_id, id) values (?, ?, ?, ?, ?)
Hibernate: insert into id_entity (creation_date, created, taken, unique_id, id) values (?, ?, ?, ?, ?)
Hibernate: insert into id_entity (creation_date, created, taken, unique_id, id) values (?, ?, ?, ?, ?)
Hibernate: update id_entity set creation_date=?, created=?, taken=?, unique_id=? where id=?
Hibernate: select identity0_.id as id1_0_, identity0_.creation_date as creation2_0_, identity0_.created as created3_0_, identity0_.taken as taken4_0_, identity0_.unique_id as unique_i5_0_ from id_entity identity0_ where identity0_.taken is null limit ?
Hibernate: update id_entity set creation_date=?, created=?, taken=?, unique_id=? where id=?
Hibernate: select identity0_.id as id1_0_, identity0_.creation_date as creation2_0_, identity0_.created as created3_0_, identity0_.taken as taken4_0_, identity0_.unique_id as unique_i5_0_ from id_entity identity0_ where identity0_.taken is null limit ?
Hibernate: update id_entity set creation_date=?, created=?, taken=?, unique_id=? where id=?
Hibernate: select identity0_.id as id1_0_, identity0_.creation_date as creation2_0_, identity0_.created as created3_0_, identity0_.taken as taken4_0_, identity0_.unique_id as unique_i5_0_ from id_entity identity0_ where identity0_.taken is null limit ?
Hibernate: update id_entity set creation_date=?, created=?, taken=?, unique_id=? where id=?
Hibernate: select identity0_.id as id1_0_, identity0_.creation_date as creation2_0_, identity0_.created as created3_0_, identity0_.taken as taken4_0_, identity0_.unique_id as unique_i5_0_ from id_entity identity0_ where identity0_.taken is null limit ?
Hibernate: update id_entity set creation_date=?, created=?, taken=?, unique_id=? where id=?
Hibernate: select identity0_.id as id1_0_, identity0_.creation_date as creation2_0_, identity0_.created as created3_0_, identity0_.taken as taken4_0_, identity0_.unique_id as unique_i5_0_ from id_entity identity0_ where identity0_.taken is null limit ?
Hibernate: update id_entity set creation_date=?, created=?, taken=?, unique_id=? where id=?
Hibernate: select identity0_.id as id1_0_, identity0_.creation_date as creation2_0_, identity0_.created as created3_0_, identity0_.taken as taken4_0_, identity0_.unique_id as unique_i5_0_ from id_entity identity0_ where identity0_.taken is null limit ?
Hibernate: update id_entity set creation_date=?, created=?, taken=?, unique_id=? where id=?
Hibernate: select identity0_.id as id1_0_, identity0_.creation_date as creation2_0_, identity0_.created as created3_0_, identity0_.taken as taken4_0_, identity0_.unique_id as unique_i5_0_ from id_entity identity0_ where identity0_.taken is null limit ?
Hibernate: update id_entity set creation_date=?, created=?, taken=?, unique_id=? where id=?
Hibernate: select identity0_.id as id1_0_, identity0_.creation_date as creation2_0_, identity0_.created as created3_0_, identity0_.taken as taken4_0_, identity0_.unique_id as unique_i5_0_ from id_entity identity0_ where identity0_.taken is null limit ?
Hibernate: update id_entity set creation_date=?, created=?, taken=?, unique_id=? where id=?
Hibernate: select identity0_.id as id1_0_, identity0_.creation_date as creation2_0_, identity0_.created as created3_0_, identity0_.taken as taken4_0_, identity0_.unique_id as unique_i5_0_ from id_entity identity0_ where identity0_.taken is null limit ?
Hibernate: update id_entity set creation_date=?, created=?, taken=?, unique_id=? where id=?
Hibernate: select identity0_.id as id1_0_, identity0_.creation_date as creation2_0_, identity0_.created as created3_0_, identity0_.taken as taken4_0_, identity0_.unique_id as unique_i5_0_ from id_entity identity0_ where identity0_.taken is null limit ?
Hibernate: update id_entity set creation_date=?, created=?, taken=?, unique_id=? where id=?
Hibernate: select identity0_.id as id1_0_, identity0_.creation_date as creation2_0_, identity0_.created as created3_0_, identity0_.taken as taken4_0_, identity0_.unique_id as unique_i5_0_ from id_entity identity0_ where identity0_.taken is null limit ?
Hibernate: update id_entity set creation_date=?, created=?, taken=?, unique_id=? where id=?
Hibernate: select identity0_.id as id1_0_, identity0_.creation_date as creation2_0_, identity0_.created as created3_0_, identity0_.taken as taken4_0_, identity0_.unique_id as unique_i5_0_ from id_entity identity0_ where identity0_.taken is null limit ?
Hibernate: update id_entity set creation_date=?, created=?, taken=?, unique_id=? where id=?
Hibernate: select identity0_.id as id1_0_, identity0_.creation_date as creation2_0_, identity0_.created as created3_0_, identity0_.taken as taken4_0_, identity0_.unique_id as unique_i5_0_ from id_entity identity0_ where identity0_.taken is null limit ?
Hibernate: update id_entity set creation_date=?, created=?, taken=?, unique_id=? where id=?
Hibernate: select identity0_.id as id1_0_, identity0_.creation_date as creation2_0_, identity0_.created as created3_0_, identity0_.taken as taken4_0_, identity0_.unique_id as unique_i5_0_ from id_entity identity0_ where identity0_.taken is null limit ?
Hibernate: update id_entity set creation_date=?, created=?, taken=?, unique_id=? where id=?
Hibernate: select identity0_.id as id1_0_, identity0_.creation_date as creation2_0_, identity0_.created as created3_0_, identity0_.taken as taken4_0_, identity0_.unique_id as unique_i5_0_ from id_entity identity0_ where identity0_.taken is null limit ?
Hibernate: update id_entity set creation_date=?, created=?, taken=?, unique_id=? where id=?
Hibernate: select identity0_.id as id1_0_, identity0_.creation_date as creation2_0_, identity0_.created as created3_0_, identity0_.taken as taken4_0_, identity0_.unique_id as unique_i5_0_ from id_entity identity0_ where identity0_.taken is null limit ?
Hibernate: update id_entity set creation_date=?, created=?, taken=?, unique_id=? where id=?
Hibernate: select identity0_.id as id1_0_, identity0_.creation_date as creation2_0_, identity0_.created as created3_0_, identity0_.taken as taken4_0_, identity0_.unique_id as unique_i5_0_ from id_entity identity0_ where identity0_.taken is null limit ?
Hibernate: update id_entity set creation_date=?, created=?, taken=?, unique_id=? where id=?
Hibernate: select identity0_.id as id1_0_, identity0_.creation_date as creation2_0_, identity0_.created as created3_0_, identity0_.taken as taken4_0_, identity0_.unique_id as unique_i5_0_ from id_entity identity0_ where identity0_.taken is null limit ?
Hibernate: update id_entity set creation_date=?, created=?, taken=?, unique_id=? where id=?
Hibernate: select identity0_.id as id1_0_, identity0_.creation_date as creation2_0_, identity0_.created as created3_0_, identity0_.taken as taken4_0_, identity0_.unique_id as unique_i5_0_ from id_entity identity0_ where identity0_.taken is null limit ?
Hibernate: update id_entity set creation_date=?, created=?, taken=?, unique_id=? where id=?
Hibernate: select identity0_.id as id1_0_, identity0_.creation_date as creation2_0_, identity0_.created as created3_0_, identity0_.taken as taken4_0_, identity0_.unique_id as unique_i5_0_ from id_entity identity0_ where identity0_.taken is null limit ?
Hibernate: update id_entity set creation_date=?, created=?, taken=?, unique_id=? where id=?
Hibernate: select identity0_.id as id1_0_, identity0_.creation_date as creation2_0_, identity0_.created as created3_0_, identity0_.taken as taken4_0_, identity0_.unique_id as unique_i5_0_ from id_entity identity0_ where identity0_.taken is null limit ?
Hibernate: update id_entity set creation_date=?, created=?, taken=?, unique_id=? where id=?
Hibernate: select identity0_.id as id1_0_, identity0_.creation_date as creation2_0_, identity0_.created as created3_0_, identity0_.taken as taken4_0_, identity0_.unique_id as unique_i5_0_ from id_entity identity0_ where identity0_.taken is null limit ?
Hibernate: update id_entity set creation_date=?, created=?, taken=?, unique_id=? where id=?
Hibernate: select identity0_.id as id1_0_, identity0_.creation_date as creation2_0_, identity0_.created as created3_0_, identity0_.taken as taken4_0_, identity0_.unique_id as unique_i5_0_ from id_entity identity0_ where identity0_.taken is null limit ?
Hibernate: update id_entity set creation_date=?, created=?, taken=?, unique_id=? where id=?
Hibernate: select identity0_.id as id1_0_, identity0_.creation_date as creation2_0_, identity0_.created as created3_0_, identity0_.taken as taken4_0_, identity0_.unique_id as unique_i5_0_ from id_entity identity0_ where identity0_.taken is null limit ?
Hibernate: update id_entity set creation_date=?, created=?, taken=?, unique_id=? where id=?
Hibernate: select identity0_.id as id1_0_, identity0_.creation_date as creation2_0_, identity0_.created as created3_0_, identity0_.taken as taken4_0_, identity0_.unique_id as unique_i5_0_ from id_entity identity0_ where identity0_.taken is null limit ?
Hibernate: update id_entity set creation_date=?, created=?, taken=?, unique_id=? where id=?
Hibernate: select identity0_.id as id1_0_, identity0_.creation_date as creation2_0_, identity0_.created as created3_0_, identity0_.taken as taken4_0_, identity0_.unique_id as unique_i5_0_ from id_entity identity0_ where identity0_.taken is null limit ?
Hibernate: update id_entity set creation_date=?, created=?, taken=?, unique_id=? where id=?
Hibernate: select identity0_.id as id1_0_, identity0_.creation_date as creation2_0_, identity0_.created as created3_0_, identity0_.taken as taken4_0_, identity0_.unique_id as unique_i5_0_ from id_entity identity0_ where identity0_.taken is null limit ?
Hibernate: update id_entity set creation_date=?, created=?, taken=?, unique_id=? where id=?
Hibernate: select identity0_.id as id1_0_, identity0_.creation_date as creation2_0_, identity0_.created as created3_0_, identity0_.taken as taken4_0_, identity0_.unique_id as unique_i5_0_ from id_entity identity0_ where identity0_.taken is null limit ?
Hibernate: update id_entity set creation_date=?, created=?, taken=?, unique_id=? where id=?
Hibernate: select identity0_.id as id1_0_, identity0_.creation_date as creation2_0_, identity0_.created as created3_0_, identity0_.taken as taken4_0_, identity0_.unique_id as unique_i5_0_ from id_entity identity0_ where identity0_.taken is null limit ?
Hibernate: update id_entity set creation_date=?, created=?, taken=?, unique_id=? where id=?
Hibernate: select identity0_.id as id1_0_, identity0_.creation_date as creation2_0_, identity0_.created as created3_0_, identity0_.taken as taken4_0_, identity0_.unique_id as unique_i5_0_ from id_entity identity0_ where identity0_.taken is null limit ?
Hibernate: update id_entity set creation_date=?, created=?, taken=?, unique_id=? where id=?
Hibernate: select identity0_.id as id1_0_, identity0_.creation_date as creation2_0_, identity0_.created as created3_0_, identity0_.taken as taken4_0_, identity0_.unique_id as unique_i5_0_ from id_entity identity0_ where identity0_.taken is null limit ?
Hibernate: update id_entity set creation_date=?, created=?, taken=?, unique_id=? where id=?
Hibernate: select identity0_.id as id1_0_, identity0_.creation_date as creation2_0_, identity0_.created as created3_0_, identity0_.taken as taken4_0_, identity0_.unique_id as unique_i5_0_ from id_entity identity0_ where identity0_.taken is null limit ?
Hibernate: update id_entity set creation_date=?, created=?, taken=?, unique_id=? where id=?
Hibernate: select identity0_.id as id1_0_, identity0_.creation_date as creation2_0_, identity0_.created as created3_0_, identity0_.taken as taken4_0_, identity0_.unique_id as unique_i5_0_ from id_entity identity0_ where identity0_.taken is null limit ?
Hibernate: update id_entity set creation_date=?, created=?, taken=?, unique_id=? where id=?
Hibernate: select identity0_.id as id1_0_, identity0_.creation_date as creation2_0_, identity0_.created as created3_0_, identity0_.taken as taken4_0_, identity0_.unique_id as unique_i5_0_ from id_entity identity0_ where identity0_.taken is null limit ?
Hibernate: update id_entity set creation_date=?, created=?, taken=?, unique_id=? where id=?
Hibernate: select identity0_.id as id1_0_, identity0_.creation_date as creation2_0_, identity0_.created as created3_0_, identity0_.taken as taken4_0_, identity0_.unique_id as unique_i5_0_ from id_entity identity0_ where identity0_.taken is null limit ?
Hibernate: update id_entity set creation_date=?, created=?, taken=?, unique_id=? where id=?
Hibernate: select identity0_.id as id1_0_, identity0_.creation_date as creation2_0_, identity0_.created as created3_0_, identity0_.taken as taken4_0_, identity0_.unique_id as unique_i5_0_ from id_entity identity0_ where identity0_.taken is null limit ?
Hibernate: update id_entity set creation_date=?, created=?, taken=?, unique_id=? where id=?
Hibernate: select identity0_.id as id1_0_, identity0_.creation_date as creation2_0_, identity0_.created as created3_0_, identity0_.taken as taken4_0_, identity0_.unique_id as unique_i5_0_ from id_entity identity0_ where identity0_.taken is null limit ?
Hibernate: update id_entity set creation_date=?, created=?, taken=?, unique_id=? where id=?
Hibernate: select identity0_.id as id1_0_, identity0_.creation_date as creation2_0_, identity0_.created as created3_0_, identity0_.taken as taken4_0_, identity0_.unique_id as unique_i5_0_ from id_entity identity0_ where identity0_.taken is null limit ?
Hibernate: update id_entity set creation_date=?, created=?, taken=?, unique_id=? where id=?
Hibernate: select identity0_.id as id1_0_, identity0_.creation_date as creation2_0_, identity0_.created as created3_0_, identity0_.taken as taken4_0_, identity0_.unique_id as unique_i5_0_ from id_entity identity0_ where identity0_.taken is null limit ?
Hibernate: update id_entity set creation_date=?, created=?, taken=?, unique_id=? where id=?
Hibernate: select identity0_.id as id1_0_, identity0_.creation_date as creation2_0_, identity0_.created as created3_0_, identity0_.taken as taken4_0_, identity0_.unique_id as unique_i5_0_ from id_entity identity0_ where identity0_.taken is null limit ?
Hibernate: update id_entity set creation_date=?, created=?, taken=?, unique_id=? where id=?
Hibernate: select identity0_.id as id1_0_, identity0_.creation_date as creation2_0_, identity0_.created as created3_0_, identity0_.taken as taken4_0_, identity0_.unique_id as unique_i5_0_ from id_entity identity0_ where identity0_.taken is null limit ?
Hibernate: update id_entity set creation_date=?, created=?, taken=?, unique_id=? where id=?
Hibernate: select identity0_.id as id1_0_, identity0_.creation_date as creation2_0_, identity0_.created as created3_0_, identity0_.taken as taken4_0_, identity0_.unique_id as unique_i5_0_ from id_entity identity0_ where identity0_.taken is null limit ?
Hibernate: update id_entity set creation_date=?, created=?, taken=?, unique_id=? where id=?
Hibernate: select identity0_.id as id1_0_, identity0_.creation_date as creation2_0_, identity0_.created as created3_0_, identity0_.taken as taken4_0_, identity0_.unique_id as unique_i5_0_ from id_entity identity0_ where identity0_.taken is null limit ?
Hibernate: update id_entity set creation_date=?, created=?, taken=?, unique_id=? where id=?
Hibernate: select identity0_.id as id1_0_, identity0_.creation_date as creation2_0_, identity0_.created as created3_0_, identity0_.taken as taken4_0_, identity0_.unique_id as unique_i5_0_ from id_entity identity0_ where identity0_.taken is null limit ?
Hibernate: update id_entity set creation_date=?, created=?, taken=?, unique_id=? where id=?
Hibernate: select identity0_.id as id1_0_, identity0_.creation_date as creation2_0_, identity0_.created as created3_0_, identity0_.taken as taken4_0_, identity0_.unique_id as unique_i5_0_ from id_entity identity0_ where identity0_.taken is null limit ?
Hibernate: update id_entity set creation_date=?, created=?, taken=?, unique_id=? where id=?
Hibernate: select identity0_.id as id1_0_, identity0_.creation_date as creation2_0_, identity0_.created as created3_0_, identity0_.taken as taken4_0_, identity0_.unique_id as unique_i5_0_ from id_entity identity0_ where identity0_.taken is null limit ?
Hibernate: update id_entity set creation_date=?, created=?, taken=?, unique_id=? where id=?
Hibernate: select identity0_.id as id1_0_, identity0_.creation_date as creation2_0_, identity0_.created as created3_0_, identity0_.taken as taken4_0_, identity0_.unique_id as unique_i5_0_ from id_entity identity0_ where identity0_.taken is null limit ?
Hibernate: update id_entity set creation_date=?, created=?, taken=?, unique_id=? where id=?
Hibernate: select identity0_.id as id1_0_, identity0_.creation_date as creation2_0_, identity0_.created as created3_0_, identity0_.taken as taken4_0_, identity0_.unique_id as unique_i5_0_ from id_entity identity0_ where identity0_.taken is null limit ?
Hibernate: update id_entity set creation_date=?, created=?, taken=?, unique_id=? where id=?
Hibernate: select identity0_.id as id1_0_, identity0_.creation_date as creation2_0_, identity0_.created as created3_0_, identity0_.taken as taken4_0_, identity0_.unique_id as unique_i5_0_ from id_entity identity0_ where identity0_.taken is null limit ?
Hibernate: update id_entity set creation_date=?, created=?, taken=?, unique_id=? where id=?
Hibernate: select identity0_.id as id1_0_, identity0_.creation_date as creation2_0_, identity0_.created as created3_0_, identity0_.taken as taken4_0_, identity0_.unique_id as unique_i5_0_ from id_entity identity0_ where identity0_.taken is null limit ?
Hibernate: update id_entity set creation_date=?, created=?, taken=?, unique_id=? where id=?
Hibernate: select identity0_.id as id1_0_, identity0_.creation_date as creation2_0_, identity0_.created as created3_0_, identity0_.taken as taken4_0_, identity0_.unique_id as unique_i5_0_ from id_entity identity0_ where identity0_.taken is null limit ?
Hibernate: update id_entity set creation_date=?, created=?, taken=?, unique_id=? where id=?
Hibernate: select identity0_.id as id1_0_, identity0_.creation_date as creation2_0_, identity0_.created as created3_0_, identity0_.taken as taken4_0_, identity0_.unique_id as unique_i5_0_ from id_entity identity0_ where identity0_.taken is null limit ?
Hibernate: update id_entity set creation_date=?, created=?, taken=?, unique_id=? where id=?
Hibernate: select identity0_.id as id1_0_, identity0_.creation_date as creation2_0_, identity0_.created as created3_0_, identity0_.taken as taken4_0_, identity0_.unique_id as unique_i5_0_ from id_entity identity0_ where identity0_.taken is null limit ?
Hibernate: update id_entity set creation_date=?, created=?, taken=?, unique_id=? where id=?
Hibernate: select identity0_.id as id1_0_, identity0_.creation_date as creation2_0_, identity0_.created as created3_0_, identity0_.taken as taken4_0_, identity0_.unique_id as unique_i5_0_ from id_entity identity0_ where identity0_.taken is null limit ?
Hibernate: update id_entity set creation_date=?, created=?, taken=?, unique_id=? where id=?
Hibernate: select identity0_.id as id1_0_, identity0_.creation_date as creation2_0_, identity0_.created as created3_0_, identity0_.taken as taken4_0_, identity0_.unique_id as unique_i5_0_ from id_entity identity0_ where identity0_.taken is null limit ?
Hibernate: update id_entity set creation_date=?, created=?, taken=?, unique_id=? where id=?
Hibernate: select identity0_.id as id1_0_, identity0_.creation_date as creation2_0_, identity0_.created as created3_0_, identity0_.taken as taken4_0_, identity0_.unique_id as unique_i5_0_ from id_entity identity0_ where identity0_.taken is null limit ?
Hibernate: update id_entity set creation_date=?, created=?, taken=?, unique_id=? where id=?
Hibernate: select identity0_.id as id1_0_, identity0_.creation_date as creation2_0_, identity0_.created as created3_0_, identity0_.taken as taken4_0_, identity0_.unique_id as unique_i5_0_ from id_entity identity0_ where identity0_.taken is null limit ?
Hibernate: update id_entity set creation_date=?, created=?, taken=?, unique_id=? where id=?
Hibernate: select identity0_.id as id1_0_, identity0_.creation_date as creation2_0_, identity0_.created as created3_0_, identity0_.taken as taken4_0_, identity0_.unique_id as unique_i5_0_ from id_entity identity0_ where identity0_.taken is null limit ?
Hibernate: update id_entity set creation_date=?, created=?, taken=?, unique_id=? where id=?
Hibernate: select identity0_.id as id1_0_, identity0_.creation_date as creation2_0_, identity0_.created as created3_0_, identity0_.taken as taken4_0_, identity0_.unique_id as unique_i5_0_ from id_entity identity0_ where identity0_.taken is null limit ?
Hibernate: update id_entity set creation_date=?, created=?, taken=?, unique_id=? where id=?
Hibernate: select identity0_.id as id1_0_, identity0_.creation_date as creation2_0_, identity0_.created as created3_0_, identity0_.taken as taken4_0_, identity0_.unique_id as unique_i5_0_ from id_entity identity0_ where identity0_.taken is null limit ?
Hibernate: update id_entity set creation_date=?, created=?, taken=?, unique_id=? where id=?
Hibernate: select identity0_.id as id1_0_, identity0_.creation_date as creation2_0_, identity0_.created as created3_0_, identity0_.taken as taken4_0_, identity0_.unique_id as unique_i5_0_ from id_entity identity0_ where identity0_.taken is null limit ?
Hibernate: update id_entity set creation_date=?, created=?, taken=?, unique_id=? where id=?
Hibernate: select identity0_.id as id1_0_, identity0_.creation_date as creation2_0_, identity0_.created as created3_0_, identity0_.taken as taken4_0_, identity0_.unique_id as unique_i5_0_ from id_entity identity0_ where identity0_.taken is null limit ?
Hibernate: update id_entity set creation_date=?, created=?, taken=?, unique_id=? where id=?
Hibernate: select identity0_.id as id1_0_, identity0_.creation_date as creation2_0_, identity0_.created as created3_0_, identity0_.taken as taken4_0_, identity0_.unique_id as unique_i5_0_ from id_entity identity0_ where identity0_.taken is null limit ?
Hibernate: update id_entity set creation_date=?, created=?, taken=?, unique_id=? where id=?
Hibernate: select identity0_.id as id1_0_, identity0_.creation_date as creation2_0_, identity0_.created as created3_0_, identity0_.taken as taken4_0_, identity0_.unique_id as unique_i5_0_ from id_entity identity0_ where identity0_.taken is null limit ?
Hibernate: update id_entity set creation_date=?, created=?, taken=?, unique_id=? where id=?
Hibernate: select identity0_.id as id1_0_, identity0_.creation_date as creation2_0_, identity0_.created as created3_0_, identity0_.taken as taken4_0_, identity0_.unique_id as unique_i5_0_ from id_entity identity0_ where identity0_.taken is null limit ?
Hibernate: update id_entity set creation_date=?, created=?, taken=?, unique_id=? where id=?
Hibernate: select identity0_.id as id1_0_, identity0_.creation_date as creation2_0_, identity0_.created as created3_0_, identity0_.taken as taken4_0_, identity0_.unique_id as unique_i5_0_ from id_entity identity0_ where identity0_.taken is null limit ?
Hibernate: update id_entity set creation_date=?, created=?, taken=?, unique_id=? where id=?
Hibernate: select identity0_.id as id1_0_, identity0_.creation_date as creation2_0_, identity0_.created as created3_0_, identity0_.taken as taken4_0_, identity0_.unique_id as unique_i5_0_ from id_entity identity0_ where identity0_.taken is null limit ?
Hibernate: update id_entity set creation_date=?, created=?, taken=?, unique_id=? where id=?
Hibernate: select identity0_.id as id1_0_, identity0_.creation_date as creation2_0_, identity0_.created as created3_0_, identity0_.taken as taken4_0_, identity0_.unique_id as unique_i5_0_ from id_entity identity0_ where identity0_.taken is null limit ?
Hibernate: update id_entity set creation_date=?, created=?, taken=?, unique_id=? where id=?
Hibernate: select identity0_.id as id1_0_, identity0_.creation_date as creation2_0_, identity0_.created as created3_0_, identity0_.taken as taken4_0_, identity0_.unique_id as unique_i5_0_ from id_entity identity0_ where identity0_.taken is null limit ?
Hibernate: update id_entity set creation_date=?, created=?, taken=?, unique_id=? where id=?
Hibernate: select identity0_.id as id1_0_, identity0_.creation_date as creation2_0_, identity0_.created as created3_0_, identity0_.taken as taken4_0_, identity0_.unique_id as unique_i5_0_ from id_entity identity0_ where identity0_.taken is null limit ?
Hibernate: update id_entity set creation_date=?, created=?, taken=?, unique_id=? where id=?
Hibernate: select identity0_.id as id1_0_, identity0_.creation_date as creation2_0_, identity0_.created as created3_0_, identity0_.taken as taken4_0_, identity0_.unique_id as unique_i5_0_ from id_entity identity0_ where identity0_.taken is null limit ?
Hibernate: update id_entity set creation_date=?, created=?, taken=?, unique_id=? where id=?
Hibernate: select identity0_.id as id1_0_, identity0_.creation_date as creation2_0_, identity0_.created as created3_0_, identity0_.taken as taken4_0_, identity0_.unique_id as unique_i5_0_ from id_entity identity0_ where identity0_.taken is null limit ?
Hibernate: update id_entity set creation_date=?, created=?, taken=?, unique_id=? where id=?
Hibernate: select identity0_.id as id1_0_, identity0_.creation_date as creation2_0_, identity0_.created as created3_0_, identity0_.taken as taken4_0_, identity0_.unique_id as unique_i5_0_ from id_entity identity0_ where identity0_.taken is null limit ?
Hibernate: update id_entity set creation_date=?, created=?, taken=?, unique_id=? where id=?
Hibernate: select identity0_.id as id1_0_, identity0_.creation_date as creation2_0_, identity0_.created as created3_0_, identity0_.taken as taken4_0_, identity0_.unique_id as unique_i5_0_ from id_entity identity0_ where identity0_.taken is null limit ?
Hibernate: update id_entity set creation_date=?, created=?, taken=?, unique_id=? where id=?
Hibernate: select identity0_.id as id1_0_, identity0_.creation_date as creation2_0_, identity0_.created as created3_0_, identity0_.taken as taken4_0_, identity0_.unique_id as unique_i5_0_ from id_entity identity0_ where identity0_.taken is null limit ?
Hibernate: update id_entity set creation_date=?, created=?, taken=?, unique_id=? where id=?
Hibernate: select identity0_.id as id1_0_, identity0_.creation_date as creation2_0_, identity0_.created as created3_0_, identity0_.taken as taken4_0_, identity0_.unique_id as unique_i5_0_ from id_entity identity0_ where identity0_.taken is null limit ?
Hibernate: update id_entity set creation_date=?, created=?, taken=?, unique_id=? where id=?
Hibernate: select identity0_.id as id1_0_, identity0_.creation_date as creation2_0_, identity0_.created as created3_0_, identity0_.taken as taken4_0_, identity0_.unique_id as unique_i5_0_ from id_entity identity0_ where identity0_.taken is null limit ?
Hibernate: update id_entity set creation_date=?, created=?, taken=?, unique_id=? where id=?
Hibernate: select identity0_.id as id1_0_, identity0_.creation_date as creation2_0_, identity0_.created as created3_0_, identity0_.taken as taken4_0_, identity0_.unique_id as unique_i5_0_ from id_entity identity0_ where identity0_.taken is null limit ?
Hibernate: update id_entity set creation_date=?, created=?, taken=?, unique_id=? where id=?
Hibernate: select identity0_.id as id1_0_, identity0_.creation_date as creation2_0_, identity0_.created as created3_0_, identity0_.taken as taken4_0_, identity0_.unique_id as unique_i5_0_ from id_entity identity0_ where identity0_.taken is null limit ?
Hibernate: update id_entity set creation_date=?, created=?, taken=?, unique_id=? where id=?
Hibernate: select identity0_.id as id1_0_, identity0_.creation_date as creation2_0_, identity0_.created as created3_0_, identity0_.taken as taken4_0_, identity0_.unique_id as unique_i5_0_ from id_entity identity0_ where identity0_.taken is null limit ?
Hibernate: update id_entity set creation_date=?, created=?, taken=?, unique_id=? where id=?
Hibernate: select identity0_.id as id1_0_, identity0_.creation_date as creation2_0_, identity0_.created as created3_0_, identity0_.taken as taken4_0_, identity0_.unique_id as unique_i5_0_ from id_entity identity0_ where identity0_.taken is null limit ?
Hibernate: update id_entity set creation_date=?, created=?, taken=?, unique_id=? where id=?
Hibernate: select identity0_.id as id1_0_, identity0_.creation_date as creation2_0_, identity0_.created as created3_0_, identity0_.taken as taken4_0_, identity0_.unique_id as unique_i5_0_ from id_entity identity0_ where identity0_.taken is null limit ?
Hibernate: update id_entity set creation_date=?, created=?, taken=?, unique_id=? where id=?
Hibernate: select identity0_.id as id1_0_, identity0_.creation_date as creation2_0_, identity0_.created as created3_0_, identity0_.taken as taken4_0_, identity0_.unique_id as unique_i5_0_ from id_entity identity0_ where identity0_.taken is null limit ?
Hibernate: update id_entity set creation_date=?, created=?, taken=?, unique_id=? where id=?
Hibernate: select identity0_.id as id1_0_, identity0_.creation_date as creation2_0_, identity0_.created as created3_0_, identity0_.taken as taken4_0_, identity0_.unique_id as unique_i5_0_ from id_entity identity0_ where identity0_.taken is null limit ?
Hibernate: update id_entity set creation_date=?, created=?, taken=?, unique_id=? where id=?
Hibernate: select identity0_.id as id1_0_, identity0_.creation_date as creation2_0_, identity0_.created as created3_0_, identity0_.taken as taken4_0_, identity0_.unique_id as unique_i5_0_ from id_entity identity0_ where identity0_.taken is null limit ?
Hibernate: update id_entity set creation_date=?, created=?, taken=?, unique_id=? where id=?
Hibernate: select identity0_.id as id1_0_, identity0_.creation_date as creation2_0_, identity0_.created as created3_0_, identity0_.taken as taken4_0_, identity0_.unique_id as unique_i5_0_ from id_entity identity0_ where identity0_.taken is null limit ?
Hibernate: update id_entity set creation_date=?, created=?, taken=?, unique_id=? where id=?
Hibernate: select identity0_.id as id1_0_, identity0_.creation_date as creation2_0_, identity0_.created as created3_0_, identity0_.taken as taken4_0_, identity0_.unique_id as unique_i5_0_ from id_entity identity0_ where identity0_.taken is null limit ?
Hibernate: update id_entity set creation_date=?, created=?, taken=?, unique_id=? where id=?
Hibernate: select identity0_.id as id1_0_, identity0_.creation_date as creation2_0_, identity0_.created as created3_0_, identity0_.taken as taken4_0_, identity0_.unique_id as unique_i5_0_ from id_entity identity0_ where identity0_.taken is null limit ?
Hibernate: update id_entity set creation_date=?, created=?, taken=?, unique_id=? where id=?
Hibernate: select identity0_.id as id1_0_, identity0_.creation_date as creation2_0_, identity0_.created as created3_0_, identity0_.taken as taken4_0_, identity0_.unique_id as unique_i5_0_ from id_entity identity0_ where identity0_.taken is null limit ?
Hibernate: update id_entity set creation_date=?, created=?, taken=?, unique_id=? where id=?
Hibernate: select identity0_.id as id1_0_, identity0_.creation_date as creation2_0_, identity0_.created as created3_0_, identity0_.taken as taken4_0_, identity0_.unique_id as unique_i5_0_ from id_entity identity0_ where identity0_.taken is null limit ?
Hibernate: update id_entity set creation_date=?, created=?, taken=?, unique_id=? where id=?
Hibernate: select identity0_.id as id1_0_, identity0_.creation_date as creation2_0_, identity0_.created as created3_0_, identity0_.taken as taken4_0_, identity0_.unique_id as unique_i5_0_ from id_entity identity0_ where identity0_.taken is null limit ?
Hibernate: update id_entity set creation_date=?, created=?, taken=?, unique_id=? where id=?
Hibernate: select identity0_.id as id1_0_, identity0_.creation_date as creation2_0_, identity0_.created as created3_0_, identity0_.taken as taken4_0_, identity0_.unique_id as unique_i5_0_ from id_entity identity0_ where identity0_.taken is null limit ?
Hibernate: update id_entity set creation_date=?, created=?, taken=?, unique_id=? where id=?
Hibernate: select identity0_.id as id1_0_, identity0_.creation_date as creation2_0_, identity0_.created as created3_0_, identity0_.taken as taken4_0_, identity0_.unique_id as unique_i5_0_ from id_entity identity0_ where identity0_.taken is null limit ?
Hibernate: update id_entity set creation_date=?, created=?, taken=?, unique_id=? where id=?
Hibernate: select identity0_.id as id1_0_, identity0_.creation_date as creation2_0_, identity0_.created as created3_0_, identity0_.taken as taken4_0_, identity0_.unique_id as unique_i5_0_ from id_entity identity0_ where identity0_.taken is null limit ?
Hibernate: update id_entity set creation_date=?, created=?, taken=?, unique_id=? where id=?
Hibernate: select identity0_.id as id1_0_, identity0_.creation_date as creation2_0_, identity0_.created as created3_0_, identity0_.taken as taken4_0_, identity0_.unique_id as unique_i5_0_ from id_entity identity0_ where identity0_.taken is null limit ?
Hibernate: update id_entity set creation_date=?, created=?, taken=?, unique_id=? where id=?
Hibernate: select identity0_.id as id1_0_, identity0_.creation_date as creation2_0_, identity0_.created as created3_0_, identity0_.taken as taken4_0_, identity0_.unique_id as unique_i5_0_ from id_entity identity0_ where identity0_.taken is null limit ?
Hibernate: update id_entity set creation_date=?, created=?, taken=?, unique_id=? where id=?
Hibernate: select identity0_.id as id1_0_, identity0_.creation_date as creation2_0_, identity0_.created as created3_0_, identity0_.taken as taken4_0_, identity0_.unique_id as unique_i5_0_ from id_entity identity0_ where identity0_.taken is null limit ?
Hibernate: update id_entity set creation_date=?, created=?, taken=?, unique_id=? where id=?
Hibernate: select identity0_.id as id1_0_, identity0_.creation_date as creation2_0_, identity0_.created as created3_0_, identity0_.taken as taken4_0_, identity0_.unique_id as unique_i5_0_ from id_entity identity0_ where identity0_.taken is null limit ?
Hibernate: update id_entity set creation_date=?, created=?, taken=?, unique_id=? where id=?
Hibernate: select identity0_.id as id1_0_, identity0_.creation_date as creation2_0_, identity0_.created as created3_0_, identity0_.taken as taken4_0_, identity0_.unique_id as unique_i5_0_ from id_entity identity0_ where identity0_.taken is null limit ?
Hibernate: update id_entity set creation_date=?, created=?, taken=?, unique_id=? where id=?
Hibernate: select identity0_.id as id1_0_, identity0_.creation_date as creation2_0_, identity0_.created as created3_0_, identity0_.taken as taken4_0_, identity0_.unique_id as unique_i5_0_ from id_entity identity0_ where identity0_.taken is null limit ?
Hibernate: select count(*) as col_0_0_ from id_entity identity0_
Hibernate: call next value for hibernate_sequence
Hibernate: call next value for hibernate_sequence
Hibernate: call next value for hibernate_sequence
Hibernate: call next value for hibernate_sequence
Hibernate: call next value for hibernate_sequence
Hibernate: call next value for hibernate_sequence
Hibernate: call next value for hibernate_sequence
Hibernate: call next value for hibernate_sequence
Hibernate: call next value for hibernate_sequence
Hibernate: call next value for hibernate_sequence
Hibernate: call next value for hibernate_sequence
Hibernate: call next value for hibernate_sequence
Hibernate: call next value for hibernate_sequence
Hibernate: call next value for hibernate_sequence
Hibernate: call next value for hibernate_sequence
Hibernate: call next value for hibernate_sequence
Hibernate: call next value for hibernate_sequence
Hibernate: call next value for hibernate_sequence
Hibernate: call next value for hibernate_sequence
Hibernate: call next value for hibernate_sequence
Hibernate: call next value for hibernate_sequence
Hibernate: call next value for hibernate_sequence
Hibernate: call next value for hibernate_sequence
Hibernate: call next value for hibernate_sequence
Hibernate: call next value for hibernate_sequence
Hibernate: call next value for hibernate_sequence
Hibernate: call next value for hibernate_sequence
Hibernate: call next value for hibernate_sequence
Hibernate: call next value for hibernate_sequence
Hibernate: call next value for hibernate_sequence
Hibernate: call next value for hibernate_sequence
Hibernate: call next value for hibernate_sequence
Hibernate: call next value for hibernate_sequence
Hibernate: call next value for hibernate_sequence
Hibernate: call next value for hibernate_sequence
Hibernate: call next value for hibernate_sequence
Hibernate: call next value for hibernate_sequence
Hibernate: call next value for hibernate_sequence
Hibernate: call next value for hibernate_sequence
Hibernate: call next value for hibernate_sequence
Hibernate: call next value for hibernate_sequence
Hibernate: call next value for hibernate_sequence
Hibernate: call next value for hibernate_sequence
Hibernate: call next value for hibernate_sequence
Hibernate: call next value for hibernate_sequence
Hibernate: call next value for hibernate_sequence
Hibernate: call next value for hibernate_sequence
Hibernate: call next value for hibernate_sequence
Hibernate: call next value for hibernate_sequence
Hibernate: call next value for hibernate_sequence
Hibernate: call next value for hibernate_sequence
Hibernate: call next value for hibernate_sequence
Hibernate: call next value for hibernate_sequence
Hibernate: call next value for hibernate_sequence
Hibernate: call next value for hibernate_sequence
Hibernate: call next value for hibernate_sequence
Hibernate: call next value for hibernate_sequence
Hibernate: call next value for hibernate_sequence
Hibernate: call next value for hibernate_sequence
Hibernate: call next value for hibernate_sequence
Hibernate: call next value for hibernate_sequence
Hibernate: call next value for hibernate_sequence
Hibernate: call next value for hibernate_sequence
Hibernate: call next value for hibernate_sequence
Hibernate: call next value for hibernate_sequence
Hibernate: call next value for hibernate_sequence
Hibernate: call next value for hibernate_sequence
Hibernate: call next value for hibernate_sequence
Hibernate: call next value for hibernate_sequence
Hibernate: call next value for hibernate_sequence
Hibernate: call next value for hibernate_sequence
Hibernate: call next value for hibernate_sequence
Hibernate: call next value for hibernate_sequence
Hibernate: call next value for hibernate_sequence
Hibernate: call next value for hibernate_sequence
Hibernate: call next value for hibernate_sequence
Hibernate: call next value for hibernate_sequence
Hibernate: call next value for hibernate_sequence
Hibernate: call next value for hibernate_sequence
Hibernate: call next value for hibernate_sequence
Hibernate: call next value for hibernate_sequence
Hibernate: call next value for hibernate_sequence
Hibernate: call next value for hibernate_sequence
Hibernate: call next value for hibernate_sequence
Hibernate: call next value for hibernate_sequence
Hibernate: call next value for hibernate_sequence
Hibernate: call next value for hibernate_sequence
Hibernate: call next value for hibernate_sequence
Hibernate: call next value for hibernate_sequence
Hibernate: call next value for hibernate_sequence
Hibernate: call next value for hibernate_sequence
Hibernate: call next value for hibernate_sequence
Hibernate: call next value for hibernate_sequence
Hibernate: call next value for hibernate_sequence
Hibernate: call next value for hibernate_sequence
Hibernate: call next value for hibernate_sequence
Hibernate: call next value for hibernate_sequence
Hibernate: call next value for hibernate_sequence
Hibernate: call next value for hibernate_sequence
Hibernate: call next value for hibernate_sequence
Hibernate: insert into id_entity (creation_date, created, taken, unique_id, id) values (?, ?, ?, ?, ?)
Hibernate: insert into id_entity (creation_date, created, taken, unique_id, id) values (?, ?, ?, ?, ?)
Hibernate: insert into id_entity (creation_date, created, taken, unique_id, id) values (?, ?, ?, ?, ?)
Hibernate: insert into id_entity (creation_date, created, taken, unique_id, id) values (?, ?, ?, ?, ?)
Hibernate: insert into id_entity (creation_date, created, taken, unique_id, id) values (?, ?, ?, ?, ?)
Hibernate: insert into id_entity (creation_date, created, taken, unique_id, id) values (?, ?, ?, ?, ?)
Hibernate: insert into id_entity (creation_date, created, taken, unique_id, id) values (?, ?, ?, ?, ?)
Hibernate: insert into id_entity (creation_date, created, taken, unique_id, id) values (?, ?, ?, ?, ?)
Hibernate: insert into id_entity (creation_date, created, taken, unique_id, id) values (?, ?, ?, ?, ?)
Hibernate: insert into id_entity (creation_date, created, taken, unique_id, id) values (?, ?, ?, ?, ?)
Hibernate: insert into id_entity (creation_date, created, taken, unique_id, id) values (?, ?, ?, ?, ?)
Hibernate: insert into id_entity (creation_date, created, taken, unique_id, id) values (?, ?, ?, ?, ?)
Hibernate: insert into id_entity (creation_date, created, taken, unique_id, id) values (?, ?, ?, ?, ?)
Hibernate: insert into id_entity (creation_date, created, taken, unique_id, id) values (?, ?, ?, ?, ?)
Hibernate: insert into id_entity (creation_date, created, taken, unique_id, id) values (?, ?, ?, ?, ?)
Hibernate: insert into id_entity (creation_date, created, taken, unique_id, id) values (?, ?, ?, ?, ?)
Hibernate: insert into id_entity (creation_date, created, taken, unique_id, id) values (?, ?, ?, ?, ?)
Hibernate: insert into id_entity (creation_date, created, taken, unique_id, id) values (?, ?, ?, ?, ?)
Hibernate: insert into id_entity (creation_date, created, taken, unique_id, id) values (?, ?, ?, ?, ?)
Hibernate: insert into id_entity (creation_date, created, taken, unique_id, id) values (?, ?, ?, ?, ?)
Hibernate: insert into id_entity (creation_date, created, taken, unique_id, id) values (?, ?, ?, ?, ?)
Hibernate: insert into id_entity (creation_date, created, taken, unique_id, id) values (?, ?, ?, ?, ?)
Hibernate: insert into id_entity (creation_date, created, taken, unique_id, id) values (?, ?, ?, ?, ?)
Hibernate: insert into id_entity (creation_date, created, taken, unique_id, id) values (?, ?, ?, ?, ?)
Hibernate: insert into id_entity (creation_date, created, taken, unique_id, id) values (?, ?, ?, ?, ?)
Hibernate: insert into id_entity (creation_date, created, taken, unique_id, id) values (?, ?, ?, ?, ?)
Hibernate: insert into id_entity (creation_date, created, taken, unique_id, id) values (?, ?, ?, ?, ?)
Hibernate: insert into id_entity (creation_date, created, taken, unique_id, id) values (?, ?, ?, ?, ?)
Hibernate: insert into id_entity (creation_date, created, taken, unique_id, id) values (?, ?, ?, ?, ?)
Hibernate: insert into id_entity (creation_date, created, taken, unique_id, id) values (?, ?, ?, ?, ?)
Hibernate: insert into id_entity (creation_date, created, taken, unique_id, id) values (?, ?, ?, ?, ?)
Hibernate: insert into id_entity (creation_date, created, taken, unique_id, id) values (?, ?, ?, ?, ?)
Hibernate: insert into id_entity (creation_date, created, taken, unique_id, id) values (?, ?, ?, ?, ?)
Hibernate: insert into id_entity (creation_date, created, taken, unique_id, id) values (?, ?, ?, ?, ?)
Hibernate: insert into id_entity (creation_date, created, taken, unique_id, id) values (?, ?, ?, ?, ?)
Hibernate: insert into id_entity (creation_date, created, taken, unique_id, id) values (?, ?, ?, ?, ?)
Hibernate: insert into id_entity (creation_date, created, taken, unique_id, id) values (?, ?, ?, ?, ?)
Hibernate: insert into id_entity (creation_date, created, taken, unique_id, id) values (?, ?, ?, ?, ?)
Hibernate: insert into id_entity (creation_date, created, taken, unique_id, id) values (?, ?, ?, ?, ?)
Hibernate: insert into id_entity (creation_date, created, taken, unique_id, id) values (?, ?, ?, ?, ?)
Hibernate: insert into id_entity (creation_date, created, taken, unique_id, id) values (?, ?, ?, ?, ?)
Hibernate: insert into id_entity (creation_date, created, taken, unique_id, id) values (?, ?, ?, ?, ?)
Hibernate: insert into id_entity (creation_date, created, taken, unique_id, id) values (?, ?, ?, ?, ?)
Hibernate: insert into id_entity (creation_date, created, taken, unique_id, id) values (?, ?, ?, ?, ?)
Hibernate: insert into id_entity (creation_date, created, taken, unique_id, id) values (?, ?, ?, ?, ?)
Hibernate: insert into id_entity (creation_date, created, taken, unique_id, id) values (?, ?, ?, ?, ?)
Hibernate: insert into id_entity (creation_date, created, taken, unique_id, id) values (?, ?, ?, ?, ?)
Hibernate: insert into id_entity (creation_date, created, taken, unique_id, id) values (?, ?, ?, ?, ?)
Hibernate: insert into id_entity (creation_date, created, taken, unique_id, id) values (?, ?, ?, ?, ?)
Hibernate: insert into id_entity (creation_date, created, taken, unique_id, id) values (?, ?, ?, ?, ?)
Hibernate: insert into id_entity (creation_date, created, taken, unique_id, id) values (?, ?, ?, ?, ?)
Hibernate: insert into id_entity (creation_date, created, taken, unique_id, id) values (?, ?, ?, ?, ?)
Hibernate: insert into id_entity (creation_date, created, taken, unique_id, id) values (?, ?, ?, ?, ?)
Hibernate: insert into id_entity (creation_date, created, taken, unique_id, id) values (?, ?, ?, ?, ?)
Hibernate: insert into id_entity (creation_date, created, taken, unique_id, id) values (?, ?, ?, ?, ?)
Hibernate: insert into id_entity (creation_date, created, taken, unique_id, id) values (?, ?, ?, ?, ?)
Hibernate: insert into id_entity (creation_date, created, taken, unique_id, id) values (?, ?, ?, ?, ?)
Hibernate: insert into id_entity (creation_date, created, taken, unique_id, id) values (?, ?, ?, ?, ?)
Hibernate: insert into id_entity (creation_date, created, taken, unique_id, id) values (?, ?, ?, ?, ?)
Hibernate: insert into id_entity (creation_date, created, taken, unique_id, id) values (?, ?, ?, ?, ?)
Hibernate: insert into id_entity (creation_date, created, taken, unique_id, id) values (?, ?, ?, ?, ?)
Hibernate: insert into id_entity (creation_date, created, taken, unique_id, id) values (?, ?, ?, ?, ?)
Hibernate: insert into id_entity (creation_date, created, taken, unique_id, id) values (?, ?, ?, ?, ?)
Hibernate: insert into id_entity (creation_date, created, taken, unique_id, id) values (?, ?, ?, ?, ?)
Hibernate: insert into id_entity (creation_date, created, taken, unique_id, id) values (?, ?, ?, ?, ?)
Hibernate: insert into id_entity (creation_date, created, taken, unique_id, id) values (?, ?, ?, ?, ?)
Hibernate: insert into id_entity (creation_date, created, taken, unique_id, id) values (?, ?, ?, ?, ?)
Hibernate: insert into id_entity (creation_date, created, taken, unique_id, id) values (?, ?, ?, ?, ?)
Hibernate: insert into id_entity (creation_date, created, taken, unique_id, id) values (?, ?, ?, ?, ?)
Hibernate: insert into id_entity (creation_date, created, taken, unique_id, id) values (?, ?, ?, ?, ?)
Hibernate: insert into id_entity (creation_date, created, taken, unique_id, id) values (?, ?, ?, ?, ?)
Hibernate: insert into id_entity (creation_date, created, taken, unique_id, id) values (?, ?, ?, ?, ?)
Hibernate: insert into id_entity (creation_date, created, taken, unique_id, id) values (?, ?, ?, ?, ?)
Hibernate: insert into id_entity (creation_date, created, taken, unique_id, id) values (?, ?, ?, ?, ?)
Hibernate: insert into id_entity (creation_date, created, taken, unique_id, id) values (?, ?, ?, ?, ?)
Hibernate: insert into id_entity (creation_date, created, taken, unique_id, id) values (?, ?, ?, ?, ?)
Hibernate: insert into id_entity (creation_date, created, taken, unique_id, id) values (?, ?, ?, ?, ?)
Hibernate: insert into id_entity (creation_date, created, taken, unique_id, id) values (?, ?, ?, ?, ?)
Hibernate: insert into id_entity (creation_date, created, taken, unique_id, id) values (?, ?, ?, ?, ?)
Hibernate: insert into id_entity (creation_date, created, taken, unique_id, id) values (?, ?, ?, ?, ?)
Hibernate: insert into id_entity (creation_date, created, taken, unique_id, id) values (?, ?, ?, ?, ?)
Hibernate: insert into id_entity (creation_date, created, taken, unique_id, id) values (?, ?, ?, ?, ?)
Hibernate: insert into id_entity (creation_date, created, taken, unique_id, id) values (?, ?, ?, ?, ?)
Hibernate: insert into id_entity (creation_date, created, taken, unique_id, id) values (?, ?, ?, ?, ?)
Hibernate: insert into id_entity (creation_date, created, taken, unique_id, id) values (?, ?, ?, ?, ?)
Hibernate: insert into id_entity (creation_date, created, taken, unique_id, id) values (?, ?, ?, ?, ?)
Hibernate: insert into id_entity (creation_date, created, taken, unique_id, id) values (?, ?, ?, ?, ?)
Hibernate: insert into id_entity (creation_date, created, taken, unique_id, id) values (?, ?, ?, ?, ?)
Hibernate: insert into id_entity (creation_date, created, taken, unique_id, id) values (?, ?, ?, ?, ?)
Hibernate: insert into id_entity (creation_date, created, taken, unique_id, id) values (?, ?, ?, ?, ?)
Hibernate: insert into id_entity (creation_date, created, taken, unique_id, id) values (?, ?, ?, ?, ?)
Hibernate: insert into id_entity (creation_date, created, taken, unique_id, id) values (?, ?, ?, ?, ?)
Hibernate: insert into id_entity (creation_date, created, taken, unique_id, id) values (?, ?, ?, ?, ?)
Hibernate: insert into id_entity (creation_date, created, taken, unique_id, id) values (?, ?, ?, ?, ?)
Hibernate: insert into id_entity (creation_date, created, taken, unique_id, id) values (?, ?, ?, ?, ?)
Hibernate: insert into id_entity (creation_date, created, taken, unique_id, id) values (?, ?, ?, ?, ?)
Hibernate: insert into id_entity (creation_date, created, taken, unique_id, id) values (?, ?, ?, ?, ?)
Hibernate: insert into id_entity (creation_date, created, taken, unique_id, id) values (?, ?, ?, ?, ?)
Hibernate: insert into id_entity (creation_date, created, taken, unique_id, id) values (?, ?, ?, ?, ?)
Hibernate: insert into id_entity (creation_date, created, taken, unique_id, id) values (?, ?, ?, ?, ?)
Hibernate: update id_entity set creation_date=?, created=?, taken=?, unique_id=? where id=?
]]></system-out>
  <system-err><![CDATA[]]></system-err>
</testsuite>
