<?xml version="1.0" encoding="UTF-8"?>
<testsuite name="com.neeraj.tinyurl.controller.TinnyURLControllerTest" tests="1" skipped="0" failures="0" errors="0" timestamp="2019-11-09T20:36:37" hostname="LAPTOP-TMHEIUI3" time="1.108">
  <properties/>
  <testcase name="test_to_create_a_sortURL_and_check_if_it_returns_same_longURL()" classname="com.neeraj.tinyurl.controller.TinnyURLControllerTest" time="1.108"/>
  <system-out><![CDATA[15:36:25.962 [Test worker] DEBUG org.springframework.test.context.BootstrapUtils - Instantiating CacheAwareContextLoaderDelegate from class [org.springframework.test.context.cache.DefaultCacheAwareContextLoaderDelegate]
15:36:25.996 [Test worker] DEBUG org.springframework.test.context.BootstrapUtils - Instantiating BootstrapContext using constructor [public org.springframework.test.context.support.DefaultBootstrapContext(java.lang.Class,org.springframework.test.context.CacheAwareContextLoaderDelegate)]
15:36:26.054 [Test worker] DEBUG org.springframework.test.context.BootstrapUtils - Instantiating TestContextBootstrapper for test class [com.neeraj.tinyurl.controller.TinnyURLControllerTest] from class [org.springframework.boot.test.context.SpringBootTestContextBootstrapper]
15:36:26.087 [Test worker] INFO org.springframework.boot.test.context.SpringBootTestContextBootstrapper - Neither @ContextConfiguration nor @ContextHierarchy found for test class [com.neeraj.tinyurl.controller.TinnyURLControllerTest], using SpringBootContextLoader
15:36:26.095 [Test worker] DEBUG org.springframework.test.context.support.AbstractContextLoader - Did not detect default resource location for test class [com.neeraj.tinyurl.controller.TinnyURLControllerTest]: class path resource [com/neeraj/tinyurl/controller/TinnyURLControllerTest-context.xml] does not exist
15:36:26.096 [Test worker] DEBUG org.springframework.test.context.support.AbstractContextLoader - Did not detect default resource location for test class [com.neeraj.tinyurl.controller.TinnyURLControllerTest]: class path resource [com/neeraj/tinyurl/controller/TinnyURLControllerTestContext.groovy] does not exist
15:36:26.098 [Test worker] INFO org.springframework.test.context.support.AbstractContextLoader - Could not detect default resource locations for test class [com.neeraj.tinyurl.controller.TinnyURLControllerTest]: no resource found for suffixes {-context.xml, Context.groovy}.
15:36:26.099 [Test worker] INFO org.springframework.test.context.support.AnnotationConfigContextLoaderUtils - Could not detect default configuration classes for test class [com.neeraj.tinyurl.controller.TinnyURLControllerTest]: TinnyURLControllerTest does not declare any static, non-private, non-final, nested classes annotated with @Configuration.
15:36:26.178 [Test worker] DEBUG org.springframework.test.context.support.ActiveProfilesUtils - Could not find an 'annotation declaring class' for annotation type [org.springframework.test.context.ActiveProfiles] and class [com.neeraj.tinyurl.controller.TinnyURLControllerTest]
15:36:26.322 [Test worker] DEBUG org.springframework.context.annotation.ClassPathScanningCandidateComponentProvider - Identified candidate component class: file [D:\JavaProject\FAANG\SystemDesign\Neeraj\tiny-url\application\build\classes\java\main\com\neeraj\tinyurl\TinyurlApplication.class]
15:36:26.330 [Test worker] INFO org.springframework.boot.test.context.SpringBootTestContextBootstrapper - Found @SpringBootConfiguration com.neeraj.tinyurl.TinyurlApplication for test class com.neeraj.tinyurl.controller.TinnyURLControllerTest
15:36:26.491 [Test worker] DEBUG org.springframework.boot.test.context.SpringBootTestContextBootstrapper - @TestExecutionListeners is not present for class [com.neeraj.tinyurl.controller.TinnyURLControllerTest]: using defaults.
15:36:26.492 [Test worker] INFO org.springframework.boot.test.context.SpringBootTestContextBootstrapper - Loaded default TestExecutionListener class names from location [META-INF/spring.factories]: [org.springframework.boot.test.autoconfigure.restdocs.RestDocsTestExecutionListener, org.springframework.boot.test.autoconfigure.web.client.MockRestServiceServerResetTestExecutionListener, org.springframework.boot.test.autoconfigure.web.servlet.MockMvcPrintOnlyOnFailureTestExecutionListener, org.springframework.boot.test.autoconfigure.web.servlet.WebDriverTestExecutionListener, org.springframework.boot.test.mock.mockito.MockitoTestExecutionListener, org.springframework.boot.test.mock.mockito.ResetMocksTestExecutionListener, org.springframework.test.context.web.ServletTestExecutionListener, org.springframework.test.context.support.DirtiesContextBeforeModesTestExecutionListener, org.springframework.test.context.support.DependencyInjectionTestExecutionListener, org.springframework.test.context.support.DirtiesContextTestExecutionListener, org.springframework.test.context.transaction.TransactionalTestExecutionListener, org.springframework.test.context.jdbc.SqlScriptsTestExecutionListener, org.springframework.test.context.event.EventPublishingTestExecutionListener]
15:36:26.523 [Test worker] INFO org.springframework.boot.test.context.SpringBootTestContextBootstrapper - Using TestExecutionListeners: [org.springframework.test.context.web.ServletTestExecutionListener@76e4f0be, org.springframework.test.context.support.DirtiesContextBeforeModesTestExecutionListener@b0602ca, org.springframework.boot.test.mock.mockito.MockitoTestExecutionListener@3928818, org.springframework.boot.test.autoconfigure.SpringBootDependencyInjectionTestExecutionListener@f23b1d6, org.springframework.test.context.support.DirtiesContextTestExecutionListener@5e93d18c, org.springframework.test.context.transaction.TransactionalTestExecutionListener@65b888c6, org.springframework.test.context.jdbc.SqlScriptsTestExecutionListener@72fd0e21, org.springframework.test.context.event.EventPublishingTestExecutionListener@6042aca9, org.springframework.boot.test.autoconfigure.restdocs.RestDocsTestExecutionListener@201d0e9c, org.springframework.boot.test.autoconfigure.web.client.MockRestServiceServerResetTestExecutionListener@1c24ce1, org.springframework.boot.test.autoconfigure.web.servlet.MockMvcPrintOnlyOnFailureTestExecutionListener@1bd4c6fe, org.springframework.boot.test.autoconfigure.web.servlet.WebDriverTestExecutionListener@6e8616c9, org.springframework.boot.test.mock.mockito.ResetMocksTestExecutionListener@26278c6b]
15:36:26.529 [Test worker] DEBUG org.springframework.test.context.support.AbstractDirtiesContextTestExecutionListener - Before test class: context [DefaultTestContext@4a1bb194 testClass = TinnyURLControllerTest, testInstance = [null], testMethod = [null], testException = [null], mergedContextConfiguration = [WebMergedContextConfiguration@671e4847 testClass = TinnyURLControllerTest, locations = '{}', classes = '{class com.neeraj.tinyurl.TinyurlApplication}', contextInitializerClasses = '[]', activeProfiles = '{}', propertySourceLocations = '{}', propertySourceProperties = '{org.springframework.boot.test.context.SpringBootTestContextBootstrapper=true}', contextCustomizers = set[org.springframework.boot.test.autoconfigure.properties.PropertyMappingContextCustomizer@4b3fa0b3, org.springframework.boot.test.autoconfigure.web.servlet.WebDriverContextCustomizerFactory$Customizer@79912798, [ImportsContextCustomizer@6a8491e3 key = [org.springframework.boot.test.autoconfigure.web.servlet.MockMvcAutoConfiguration, org.springframework.boot.test.autoconfigure.web.servlet.MockMvcWebClientAutoConfiguration, org.springframework.boot.test.autoconfigure.web.servlet.MockMvcWebDriverAutoConfiguration, org.springframework.boot.autoconfigure.security.servlet.SecurityAutoConfiguration, org.springframework.boot.autoconfigure.security.servlet.UserDetailsServiceAutoConfiguration, org.springframework.boot.test.autoconfigure.web.servlet.MockMvcSecurityConfiguration]], org.springframework.boot.test.context.filter.ExcludeFilterContextCustomizer@71f5d3c6, org.springframework.boot.test.json.DuplicateJsonObjectContextCustomizerFactory$DuplicateJsonObjectContextCustomizer@1edfd6b6, org.springframework.boot.test.mock.mockito.MockitoContextCustomizer@0, org.springframework.boot.test.web.client.TestRestTemplateContextCustomizer@13ebbea6], resourceBasePath = 'src/main/webapp', contextLoader = 'org.springframework.boot.test.context.SpringBootContextLoader', parent = [null]], attributes = map['org.springframework.test.context.web.ServletTestExecutionListener.activateListener' -> true]], class annotated with @DirtiesContext [false] with mode [null].
15:36:26.768 [Test worker] DEBUG org.springframework.test.context.support.TestPropertySourceUtils - Adding inlined properties to environment: {spring.jmx.enabled=false, org.springframework.boot.test.context.SpringBootTestContextBootstrapper=true, server.port=-1}

  .   ____          _            __ _ _
 /\\ / ___'_ __ _ _(_)_ __  __ _ \ \ \ \
( ( )\___ | '_ | '_| | '_ \/ _` | \ \ \ \
 \\/  ___)| |_)| | | | | || (_| |  ) ) ) )
  '  |____| .__|_| |_|_| |_\__, | / / / /
 =========|_|==============|___/=/_/_/_/
 :: Spring Boot ::        (v2.2.0.RELEASE)

2019-11-09 15:36:27.426  INFO 21456 --- [    Test worker] c.n.t.controller.TinnyURLControllerTest  : Starting TinnyURLControllerTest on LAPTOP-TMHEIUI3 with PID 21456 (started by bnira in D:\JavaProject\FAANG\SystemDesign\Neeraj\tiny-url\application)
2019-11-09 15:36:27.429  INFO 21456 --- [    Test worker] c.n.t.controller.TinnyURLControllerTest  : No active profile set, falling back to default profiles: default
2019-11-09 15:36:29.234  INFO 21456 --- [    Test worker] .s.d.r.c.RepositoryConfigurationDelegate : Bootstrapping Spring Data repositories in DEFAULT mode.
2019-11-09 15:36:29.346  INFO 21456 --- [    Test worker] .s.d.r.c.RepositoryConfigurationDelegate : Finished Spring Data repository scanning in 96ms. Found 2 repository interfaces.
2019-11-09 15:36:29.998  INFO 21456 --- [    Test worker] trationDelegate$BeanPostProcessorChecker : Bean 'org.springframework.transaction.annotation.ProxyTransactionManagementConfiguration' of type [org.springframework.transaction.annotation.ProxyTransactionManagementConfiguration] is not eligible for getting processed by all BeanPostProcessors (for example: not eligible for auto-proxying)
2019-11-09 15:36:30.073  INFO 21456 --- [    Test worker] trationDelegate$BeanPostProcessorChecker : Bean 'org.springframework.security.config.annotation.configuration.ObjectPostProcessorConfiguration' of type [org.springframework.security.config.annotation.configuration.ObjectPostProcessorConfiguration] is not eligible for getting processed by all BeanPostProcessors (for example: not eligible for auto-proxying)
2019-11-09 15:36:30.107  INFO 21456 --- [    Test worker] trationDelegate$BeanPostProcessorChecker : Bean 'objectPostProcessor' of type [org.springframework.security.config.annotation.configuration.AutowireBeanFactoryObjectPostProcessor] is not eligible for getting processed by all BeanPostProcessors (for example: not eligible for auto-proxying)
2019-11-09 15:36:30.113  INFO 21456 --- [    Test worker] trationDelegate$BeanPostProcessorChecker : Bean 'org.springframework.security.access.expression.method.DefaultMethodSecurityExpressionHandler@5435b899' of type [org.springframework.security.access.expression.method.DefaultMethodSecurityExpressionHandler] is not eligible for getting processed by all BeanPostProcessors (for example: not eligible for auto-proxying)
2019-11-09 15:36:30.127  INFO 21456 --- [    Test worker] trationDelegate$BeanPostProcessorChecker : Bean 'org.springframework.security.config.annotation.method.configuration.GlobalMethodSecurityConfiguration' of type [org.springframework.security.config.annotation.method.configuration.GlobalMethodSecurityConfiguration] is not eligible for getting processed by all BeanPostProcessors (for example: not eligible for auto-proxying)
2019-11-09 15:36:30.145  INFO 21456 --- [    Test worker] trationDelegate$BeanPostProcessorChecker : Bean 'methodSecurityMetadataSource' of type [org.springframework.security.access.method.DelegatingMethodSecurityMetadataSource] is not eligible for getting processed by all BeanPostProcessors (for example: not eligible for auto-proxying)
2019-11-09 15:36:30.446  INFO 21456 --- [    Test worker] com.zaxxer.hikari.HikariDataSource       : HikariPool-1 - Starting...
2019-11-09 15:36:30.768  INFO 21456 --- [    Test worker] com.zaxxer.hikari.HikariDataSource       : HikariPool-1 - Start completed.
2019-11-09 15:36:30.904  INFO 21456 --- [    Test worker] o.hibernate.jpa.internal.util.LogHelper  : HHH000204: Processing PersistenceUnitInfo [name: default]
2019-11-09 15:36:31.043  INFO 21456 --- [    Test worker] org.hibernate.Version                    : HHH000412: Hibernate Core {5.4.6.Final}
2019-11-09 15:36:31.340  INFO 21456 --- [    Test worker] o.hibernate.annotations.common.Version   : HCANN000001: Hibernate Commons Annotations {5.1.0.Final}
2019-11-09 15:36:31.552  INFO 21456 --- [    Test worker] org.hibernate.dialect.Dialect            : HHH000400: Using dialect: org.hibernate.dialect.H2Dialect
Hibernate: drop table tinyurlentity if exists
Hibernate: drop table user_details_accessed_entity if exists
Hibernate: drop table user_details_entity if exists
Hibernate: drop sequence if exists hibernate_sequence
Hibernate: create sequence hibernate_sequence start with 1 increment by 1
Hibernate: create table tinyurlentity (id bigint not null, created_at timestamp, expiring_on timestamp, longurl varchar(2000), no_of_times_accessed bigint, shorturl varchar(255), userid varchar(255), primary key (id))
Hibernate: create table user_details_accessed_entity (id bigint not null, accessed_date date, no_of_times_accessed integer, user_name varchar(255), primary key (id))
Hibernate: create table user_details_entity (id bigint not null, access_token varchar(255), no_of_requests_per_day integer, usage_plan integer, user_name varchar(255) not null, primary key (id))
Hibernate: alter table user_details_entity add constraint UK_cosjwgsjg3wt1frkr7gamcyea unique (user_name)
2019-11-09 15:36:32.845  INFO 21456 --- [    Test worker] o.h.e.t.j.p.i.JtaPlatformInitiator       : HHH000490: Using JtaPlatform implementation: [org.hibernate.engine.transaction.jta.platform.internal.NoJtaPlatform]
2019-11-09 15:36:32.857  INFO 21456 --- [    Test worker] j.LocalContainerEntityManagerFactoryBean : Initialized JPA EntityManagerFactory for persistence unit 'default'
2019-11-09 15:36:33.640  WARN 21456 --- [    Test worker] JpaBaseConfiguration$JpaWebConfiguration : spring.jpa.open-in-view is enabled by default. Therefore, database queries may be performed during view rendering. Explicitly configure spring.jpa.open-in-view to disable this warning
2019-11-09 15:36:34.871  INFO 21456 --- [    Test worker] o.s.s.web.DefaultSecurityFilterChain     : Creating filter chain: Ant [pattern='swagger-ui.*/*'], []
2019-11-09 15:36:34.871  INFO 21456 --- [    Test worker] o.s.s.web.DefaultSecurityFilterChain     : Creating filter chain: Ant [pattern='h2-console/*'], []
2019-11-09 15:36:35.021  INFO 21456 --- [    Test worker] o.s.s.web.DefaultSecurityFilterChain     : Creating filter chain: any request, [org.springframework.security.web.context.request.async.WebAsyncManagerIntegrationFilter@7237e9f3, org.springframework.security.web.context.SecurityContextPersistenceFilter@55530b17, org.springframework.security.web.header.HeaderWriterFilter@1252fab8, org.springframework.security.web.savedrequest.RequestCacheAwareFilter@7f080e96, org.springframework.security.web.servletapi.SecurityContextHolderAwareRequestFilter@51af7d92, com.neeraj.tinyurl.config.AuthenticationFilter@2a3e637d, org.springframework.security.web.authentication.AnonymousAuthenticationFilter@49584533, org.springframework.security.web.session.SessionManagementFilter@298b5cb1, org.springframework.security.web.access.ExceptionTranslationFilter@2a1d98d9, org.springframework.security.web.access.intercept.FilterSecurityInterceptor@45ea74fd]
2019-11-09 15:36:35.150  INFO 21456 --- [    Test worker] pertySourcedRequestMappingHandlerMapping : Mapped URL path [/v2/api-docs] onto method [springfox.documentation.swagger2.web.Swagger2Controller#getDocumentation(String, HttpServletRequest)]
2019-11-09 15:36:35.838  INFO 21456 --- [    Test worker] o.s.s.concurrent.ThreadPoolTaskExecutor  : Initializing ExecutorService 'applicationTaskExecutor'
2019-11-09 15:36:36.242  INFO 21456 --- [    Test worker] o.s.b.a.h2.H2ConsoleAutoConfiguration    : H2 console available at '/h2-console'. Database available at 'jdbc:h2:mem:testdb'
2019-11-09 15:36:36.413  INFO 21456 --- [    Test worker] o.s.b.t.m.w.SpringBootMockServletContext : Initializing Spring TestDispatcherServlet ''
2019-11-09 15:36:36.413  INFO 21456 --- [    Test worker] o.s.t.web.servlet.TestDispatcherServlet  : Initializing Servlet ''
2019-11-09 15:36:36.433  INFO 21456 --- [    Test worker] o.s.t.web.servlet.TestDispatcherServlet  : Completed initialization in 20 ms
2019-11-09 15:36:36.456  INFO 21456 --- [    Test worker] d.s.w.p.DocumentationPluginsBootstrapper : Context refreshed
2019-11-09 15:36:36.496  INFO 21456 --- [    Test worker] d.s.w.p.DocumentationPluginsBootstrapper : Found 1 custom documentation plugin(s)
2019-11-09 15:36:36.541  INFO 21456 --- [    Test worker] s.d.s.w.s.ApiListingReferenceScanner     : Scanning for api listing references
2019-11-09 15:36:36.998  INFO 21456 --- [    Test worker] c.n.t.controller.TinnyURLControllerTest  : Started TinnyURLControllerTest in 10.215 seconds (JVM running for 14.899)
shortURL = SignUpRequestDto(userID=1234, usagePlan=BASIC)
Hibernate: select count(userdetail0_.id) as col_0_0_ from user_details_entity userdetail0_ where userdetail0_.user_name=?
Hibernate: call next value for hibernate_sequence
Hibernate: insert into user_details_entity (access_token, no_of_requests_per_day, usage_plan, user_name, id) values (?, ?, ?, ?, ?)
longURL = https://www.google.com/search?safe=active&rlz=1C1SQJL_enUS807US807&sxsrf=ACYBGNRx5ybGi72w6lRU9s_0PUs8iPn-UQ%3A1571455118815&ei=joCqXbmyMe_l_Qbd87uwCA&q=recursive+mockmvc+example&oq=recursive+mockmvc+&gs_l=psy-ab.3.0.33i160.114926.123218..124835...0.1..0.154.1989.1j16......0....1..gws-wiz.......0i71j35i39j0i67j0j0i131j0i20i263j0i70i249j0i22i30j0i13i30j0i13i5i30j0i8i13i30j0i13.nuNl5STQCIk, userID = 1234
Hibernate: select userdetail0_.id as id1_2_, userdetail0_.access_token as access_t2_2_, userdetail0_.no_of_requests_per_day as no_of_re3_2_, userdetail0_.usage_plan as usage_pl4_2_, userdetail0_.user_name as user_nam5_2_ from user_details_entity userdetail0_ where userdetail0_.access_token=?
Hibernate: select lastaccess0_.user_name as user_nam4_1_0_, lastaccess0_.id as id1_1_0_, lastaccess0_.id as id1_1_1_, lastaccess0_.accessed_date as accessed2_1_1_, lastaccess0_.no_of_times_accessed as no_of_ti3_1_1_ from user_details_accessed_entity lastaccess0_ where lastaccess0_.user_name=?
Hibernate: select userdetail0_.id as id1_2_1_, userdetail0_.access_token as access_t2_2_1_, userdetail0_.no_of_requests_per_day as no_of_re3_2_1_, userdetail0_.usage_plan as usage_pl4_2_1_, userdetail0_.user_name as user_nam5_2_1_, lastaccess1_.user_name as user_nam4_1_3_, lastaccess1_.id as id1_1_3_, lastaccess1_.id as id1_1_0_, lastaccess1_.accessed_date as accessed2_1_0_, lastaccess1_.no_of_times_accessed as no_of_ti3_1_0_ from user_details_entity userdetail0_ left outer join user_details_accessed_entity lastaccess1_ on userdetail0_.user_name=lastaccess1_.user_name where userdetail0_.id=?
Hibernate: call next value for hibernate_sequence
Hibernate: insert into user_details_accessed_entity (accessed_date, no_of_times_accessed, id) values (?, ?, ?)
Hibernate: update user_details_accessed_entity set user_name=? where id=?
Hibernate: select userdetail0_.id as id1_2_, userdetail0_.access_token as access_t2_2_, userdetail0_.no_of_requests_per_day as no_of_re3_2_, userdetail0_.usage_plan as usage_pl4_2_, userdetail0_.user_name as user_nam5_2_ from user_details_entity userdetail0_ where userdetail0_.access_token=?
Hibernate: select lastaccess0_.user_name as user_nam4_1_0_, lastaccess0_.id as id1_1_0_, lastaccess0_.id as id1_1_1_, lastaccess0_.accessed_date as accessed2_1_1_, lastaccess0_.no_of_times_accessed as no_of_ti3_1_1_ from user_details_accessed_entity lastaccess0_ where lastaccess0_.user_name=?
Hibernate: select userdetail0_.id as id1_2_1_, userdetail0_.access_token as access_t2_2_1_, userdetail0_.no_of_requests_per_day as no_of_re3_2_1_, userdetail0_.usage_plan as usage_pl4_2_1_, userdetail0_.user_name as user_nam5_2_1_, lastaccess1_.user_name as user_nam4_1_3_, lastaccess1_.id as id1_1_3_, lastaccess1_.id as id1_1_0_, lastaccess1_.accessed_date as accessed2_1_0_, lastaccess1_.no_of_times_accessed as no_of_ti3_1_0_ from user_details_entity userdetail0_ left outer join user_details_accessed_entity lastaccess1_ on userdetail0_.user_name=lastaccess1_.user_name where userdetail0_.id=?
Hibernate: call next value for hibernate_sequence
Hibernate: insert into user_details_accessed_entity (accessed_date, no_of_times_accessed, id) values (?, ?, ?)
Hibernate: update user_details_accessed_entity set user_name=? where id=?
Hibernate: select tinyurlent0_.id as id1_0_, tinyurlent0_.created_at as created_2_0_, tinyurlent0_.expiring_on as expiring3_0_, tinyurlent0_.longurl as longurl4_0_, tinyurlent0_.no_of_times_accessed as no_of_ti5_0_, tinyurlent0_.shorturl as shorturl6_0_, tinyurlent0_.userid as userid7_0_ from tinyurlentity tinyurlent0_ where tinyurlent0_.shorturl=?
Hibernate: call next value for hibernate_sequence
Hibernate: insert into tinyurlentity (created_at, expiring_on, longurl, no_of_times_accessed, shorturl, userid, id) values (?, ?, ?, ?, ?, ?, ?)
2019-11-09 15:36:38.016  INFO 21456 --- [    Test worker] c.n.t.controller.TinnyURLController      : created a short URL.
2019-11-09 15:36:38.026  INFO 21456 --- [    Test worker] c.n.t.controller.TinnyURLController      : Request : MinifyRequestDto(userId=1234, longURL=https://www.google.com/search?safe=active&rlz=1C1SQJL_enUS807US807&sxsrf=ACYBGNRx5ybGi72w6lRU9s_0PUs8iPn-UQ%3A1571455118815&ei=joCqXbmyMe_l_Qbd87uwCA&q=recursive+mockmvc+example&oq=recursive+mockmvc+&gs_l=psy-ab.3.0.33i160.114926.123218..124835...0.1..0.154.1989.1j16......0....1..gws-wiz.......0i71j35i39j0i67j0j0i131j0i20i263j0i70i249j0i22i30j0i13i30j0i13i5i30j0i8i13i30j0i13.nuNl5STQCIk, shortURL=null)
2019-11-09 15:36:38.043  INFO 21456 --- [    Test worker] c.n.t.controller.TinnyURLController      : Response : MinifyResponseDto(userId=1234, longURL=https://www.google.com/search?safe=active&rlz=1C1SQJL_enUS807US807&sxsrf=ACYBGNRx5ybGi72w6lRU9s_0PUs8iPn-UQ%3A1571455118815&ei=joCqXbmyMe_l_Qbd87uwCA&q=recursive+mockmvc+example&oq=recursive+mockmvc+&gs_l=psy-ab.3.0.33i160.114926.123218..124835...0.1..0.154.1989.1j16......0....1..gws-wiz.......0i71j35i39j0i67j0j0i131j0i20i263j0i70i249j0i22i30j0i13i30j0i13i5i30j0i8i13i30j0i13.nuNl5STQCIk, shortURL=http://localhost:8080/expand/slyQNxbbFj, expiringOn=2019-11-10T15:36:37.994390100)
shortURL = http://localhost:8080/expand/slyQNxbbFj
Hibernate: select tinyurlent0_.id as id1_0_, tinyurlent0_.created_at as created_2_0_, tinyurlent0_.expiring_on as expiring3_0_, tinyurlent0_.longurl as longurl4_0_, tinyurlent0_.no_of_times_accessed as no_of_ti5_0_, tinyurlent0_.shorturl as shorturl6_0_, tinyurlent0_.userid as userid7_0_ from tinyurlentity tinyurlent0_ where tinyurlent0_.shorturl=?
Hibernate: update tinyurlentity set created_at=?, expiring_on=?, longurl=?, no_of_times_accessed=?, shorturl=?, userid=? where id=?
2019-11-09 15:36:38.091  INFO 21456 --- [    Test worker] c.n.tinyurl.service.TinnyURLService      : Found Short URL.
2019-11-09 15:36:38.111  INFO 21456 --- [    Test worker] c.n.tinyurl.service.TinnyURLService      : TinyURLEntity : TinyURLEntity(id=4, userID=1234, longURL=https://www.google.com/search?safe=active&rlz=1C1SQJL_enUS807US807&sxsrf=ACYBGNRx5ybGi72w6lRU9s_0PUs8iPn-UQ%3A1571455118815&ei=joCqXbmyMe_l_Qbd87uwCA&q=recursive+mockmvc+example&oq=recursive+mockmvc+&gs_l=psy-ab.3.0.33i160.114926.123218..124835...0.1..0.154.1989.1j16......0....1..gws-wiz.......0i71j35i39j0i67j0j0i131j0i20i263j0i70i249j0i22i30j0i13i30j0i13i5i30j0i8i13i30j0i13.nuNl5STQCIk, shortURL=http://localhost:8080/expand/slyQNxbbFj, createdAt=2019-11-09T15:36:37.994390, expiringOn=2019-11-10T15:36:37.994390, noOfTimesAccessed=1)
]]></system-out>
  <system-err><![CDATA[]]></system-err>
</testsuite>
